-0.999 -1.42592e-05 -9.18636e-06
-0.998 -6.33174e-05 -3.50994e-05
-0.997 -0.000136965 -6.80154e-05
-0.996 -0.00020473 -9.23477e-05
-0.995 -0.00024033 -9.51435e-05
-0.994 -0.000254198 -7.37832e-05
-0.993 -0.000310706 -3.57845e-05
-0.992 -0.00050864 1.10048e-05
-0.991 -0.000925084 7.02219e-05
-0.99 -0.00155149 0.000160021
-0.989 -0.00226177 0.00030361
-0.988 -0.00283654 0.000511753
-0.987 -0.00304131 0.000762783
-0.986 -0.00273604 0.00098592
-0.985 -0.00197968 0.00106006
-0.984 -0.0010802 0.000841952
-0.983 -0.000541299 0.000221577
-0.982 -0.000894639 -0.000823349
-0.981 -0.00247299 -0.00221002
-0.98 -0.005228 -0.00378189
-0.979 -0.00868648 -0.00536628
-0.978 -0.0120796 -0.00682848
-0.977 -0.014606 -0.00810784
-0.976 -0.0157366 -0.00922517
-0.975 -0.0154478 -0.0102444
-0.974 -0.0142835 -0.0111881
-0.973 -0.0131915 -0.0119487
-0.972 -0.0131605 -0.0122604
-0.971 -0.0147765 -0.0117735
-0.97 -0.0178684 -0.0101996
-0.969 -0.0214144 -0.00745817
-0.968 -0.0238099 -0.00376448
-0.967 -0.0234438 0.000369001
-0.966 -0.0193673 0.00424108
-0.965 -0.0117727 0.00717437
-0.964 -0.00207943 0.00875589
-0.963 0.00740864 0.00897866
-0.962 0.014164 0.00819549
-0.961 0.0162321 0.00690696
-0.96 0.0129504 0.00550133
-0.959 0.00532061 0.00406316
-0.958 -0.00421487 0.00230666
-0.957 -0.0126266 -0.00033395
-0.956 -0.0174693 -0.00442961
-0.955 -0.0178543 -0.0101632
-0.954 -0.0148037 -0.0170265
-0.953 -0.0108922 -0.0238351
-0.952 -0.00936595 -0.029114
-0.951 -0.0130163 -0.0316627
-0.95 -0.0230863 -0.0310163
-0.949 -0.038565 -0.0276365
-0.948 -0.0562527 -0.0228171
-0.947 -0.0717499 -0.0183221
-0.946 -0.0810741 -0.0157771
-0.945 -0.0822236 -0.0159893
-0.944 -0.0759944 -0.0185469
-0.943 -0.0657326 -0.0219975
-0.942 -0.0561795 -0.0245672
-0.941 -0.0518406 -0.0250275
-0.94 -0.055378 -0.0232543
-0.939 -0.0665116 -0.0202806
-0.938 -0.0818211 -0.0179036
-0.937 -0.0956481 -0.017972
-0.936 -0.101946 -0.0215187
-0.935 -0.096482 -0.0280531
-0.934 -0.0784827 -0.0354326
-0.933 -0.0509971 -0.0405376
-0.932 -0.0198098 -0.040517
-0.931 0.00856031 -0.034012
-0.93 0.0289063 -0.0217982
-0.929 0.0387393 -0.00663139
-0.928 0.0387807 0.00760354
-0.927 0.0324985 0.0171821
-0.926 0.0247025 0.0198626
-0.925 0.0194777 0.0156982
-0.924 0.018236 0.00690769
-0.923 0.018911 -0.00319786
-0.922 0.0168346 -0.0117381
-0.921 0.00680979 -0.0175387
-0.92 -0.0147735 -0.0216399
-0.919 -0.0486553 -0.0268691
-0.918 -0.0923715 -0.0365969
-0.917 -0.140619 -0.0530622
-0.916 -0.186239 -0.0759409
-0.915 -0.221834 -0.101903
-0.914 -0.241713 -0.125515
-0.913 -0.243336 -0.141132
-0.912 -0.227555 -0.144941
-0.911 -0.197706 -0.136303
-0.91 -0.158391 -0.117985
-0.909 -0.114614 -0.0952434
-0.908 -0.0713128 -0.0740227
-0.907 -0.0328707 -0.0587926
-0.906 -0.00239171 -0.0508754
-0.905 0.0189476 -0.0481069
-0.904 0.0320047 -0.0460954
-0.903 0.0390652 -0.0404892
-0.902 0.0427978 -0.0291401
-0.901 0.0451792 -0.0131922
-0.9 0.0466366 0.00326082
-0.899 0.0455359 0.0147151
-0.898 0.0382212 0.0164363
-0.897 0.0199381 0.00655416
-0.896 -0.0131926 -0.0127602
-0.895 -0.0615797 -0.0356891
-0.894 -0.120104 -0.0547722
-0.893 -0.177991 -0.0637641
-0.892 -0.22127 -0.0600946
-0.891 -0.237149 -0.0458343
-0.89 -0.218592 -0.0268129
-0.889 -0.167391 -0.0103733
-0.888 -0.0946668 -0.00269934
-0.887 -0.018571 -0.00670269
-0.886 0.0404583 -0.0212051
-0.885 0.0659472 -0.0416843
-0.884 0.0513089 -0.0623001
-0.883 0.00289118 -0.0784396
-0.882 -0.0618199 -0.0887338
-0.881 -0.120694 -0.0956078
-0.88 -0.155587 -0.104063
-0.879 -0.159446 -0.119223
-0.878 -0.139071 -0.143765
-0.877 -0.112791 -0.176407
-0.876 -0.103978 -0.21207
-0.875 -0.132176 -0.243491
-0.874 -0.204352 -0.263573
-0.873 -0.309545 -0.267686
-0.872 -0.419956 -0.255219
-0.871 -0.499336 -0.229824
-0.87 -0.51604 -0.198129
-0.869 -0.455383 -0.167292
-0.868 -0.32607 -0.142422
-0.867 -0.158321 -0.125105
-0.866 0.0053033 -0.113663
-0.865 0.123312 -0.104703
-0.864 0.168911 -0.0950072
-0.863 0.139583 -0.0829913
-0.862 0.05877 -0.0693962
-0.861 -0.0321535 -0.057079
-0.86 -0.089543 -0.0499033
-0.859 -0.0846744 -0.0509524
-0.858 -0.0151885 -0.0608273
-0.857 0.093874 -0.0770763
-0.856 0.199476 -0.0951852
-0.855 0.256451 -0.110531
-0.854 0.234109 -0.120231
-0.853 0.12817 -0.124092
-0.852 -0.0360685 -0.12444
-0.851 -0.211174 -0.125145
-0.85 -0.343883 -0.130267
-0.849 -0.394593 -0.142702
-0.848 -0.352488 -0.163306
-0.847 -0.240081 -0.190993
-0.846 -0.105283 -0.223764
-0.845 -0.00434347 -0.259982
-0.844 0.0176699 -0.299094
-0.843 -0.0579022 -0.341362
-0.842 -0.217095 -0.386702
-0.841 -0.417769 -0.433311
-0.84 -0.60311 -0.476828
-0.839 -0.72004 -0.5105
-0.838 -0.736768 -0.526551
-0.837 -0.653166 -0.518446
-0.836 -0.499672 -0.483115
-0.835 -0.32512 -0.422062
-0.834 -0.178659 -0.340956
-0.833 -0.0930054 -0.247952
-0.832 -0.0748585 -0.15141
-0.831 -0.104555 -0.0578293
-0.83 -0.143756 0.0293246
-0.829 -0.148815 0.109329
-0.828 -0.0867288 0.182265
-0.827 0.0511257 0.246192
-0.826 0.243079 0.295189
-0.825 0.442352 0.319714
-0.824 0.591848 0.309244
-0.823 0.642466 0.255865
-0.822 0.567765 0.157329
-0.821 0.371051 0.0187318
-0.82 0.0846732 -0.147471
-0.819 -0.23768 -0.323414
-0.818 -0.534684 -0.489897
-0.817 -0.754406 -0.631517
-0.816 -0.869496 -0.740463
-0.815 -0.884444 -0.816947
-0.814 -0.831343 -0.866331
-0.813 -0.756259 -0.894912
-0.812 -0.70267 -0.906527
-0.811 -0.697766 -0.90095
-0.81 -0.744436 -0.874017
-0.809 -0.820063 -0.819406
-0.808 -0.882733 -0.732127
-0.807 -0.884568 -0.612744
-0.806 -0.789463 -0.470093
-0.805 -0.589005 -0.320508
-0.804 -0.30923 -0.183578
-0.803 -0.00497768 -0.0765831
-0.802 0.255467 -0.0101558
-0.801 0.409819 0.0136123
-0.8 0.419795 0.000689208
-0.799 0.283251 -0.0373666
-0.798 0.0373075 -0.0874511
-0.797 -0.249615 -0.139437
-0.796 -0.49684 -0.189327
-0.795 -0.636805 -0.239481
-0.794 -0.637628 -0.295836
-0.793 -0.514055 -0.363645
-0.792 -0.322663 -0.443914
-0.791 -0.142926 -0.531915
-0.79 -0.0505783 -0.618188
-0.789 -0.0920037 -0.691568
-0.788 -0.267346 -0.743049
-0.787 -0.527846 -0.768822
-0.786 -0.789787 -0.771242
-0.785 -0.96213 -0.757451
-0.784 -0.979074 -0.736296
-0.783 -0.826045 -0.714813
-0.782 -0.5488 -0.695642
-0.781 -0.240754 -0.676471
-0.78 -0.0123076 -0.65196
-0.779 0.0465557 -0.61752
-0.778 -0.102736 -0.572862
-0.777 -0.432731 -0.523105
-0.776 -0.856303 -0.476894
-0.775 -1.2523 -0.442816
-0.774 -1.50352 -0.426005
-0.773 -1.53636 -0.426368
-0.772 -1.34846 -0.43896
-0.771 -1.01223 -0.456269
-0.77 -0.650749 -0.471802
-0.769 -0.394895 -0.483808
-0.768 -0.338409 -0.49705
-0.767 -0.506474 -0.520892
-0.766 -0.846641 -0.56399
-0.765 -1.24314 -0.628039
-0.764 -1.55115 -0.703818
-0.763 -1.64396 -0.77203
-0.762 -1.4592 -0.808991
-0.761 -1.02537 -0.794772
-0.76 -0.455428 -0.720639
-0.759 0.091204 -0.59324
-0.758 0.462274 -0.433878
-0.757 0.561857 -0.272597
-0.756 0.380224 -0.138555
-0.755 -0.00214263 -0.0498319
-0.754 -0.438081 -0.00701317
-0.753 -0.761893 0.00555256
-0.752 -0.849305 0.0105118
-0.751 -0.666666 0.0245306
-0.75 -0.28783 0.0478392
-0.749 0.129088 0.0609962
-0.748 0.395449 0.0300748
-0.747 0.355956 -0.081778
-0.746 -0.0580023 -0.299998
-0.745 -0.800656 -0.625595
-0.744 -1.71915 -1.02845
-0.743 -2.59721 -1.45145
-0.742 -3.2236 -1.82612
-0.741 -3.46183 -2.09411
-0.74 -3.29508 -2.22533
-0.739 -2.82972 -2.22512
-0.738 -2.25669 -2.12818
-0.737 -1.78495 -1.98321
-0.736 -1.56931 -1.83388
-0.735 -1.65655 -1.70208
-0.734 -1.96861 -1.57905
-0.733 -2.3298 -1.4292
-0.732 -2.52948 -1.20724
-0.731 -2.39855 -0.882474
-0.73 -1.87363 -0.459292
-0.729 -1.02687 0.0161969
-0.728 -0.0502862 0.466208
-0.727 0.802465 0.803722
-0.726 1.29822 0.959263
-0.725 1.302 0.903424
-0.724 0.821808 0.657386
-0.723 0.00528045 0.286548
-0.722 -0.909073 -0.121918
-0.721 -1.66849 -0.489635
-0.72 -2.0864 -0.773221
-0.719 -2.10223 -0.975462
-0.718 -1.8004 -1.13777
-0.717 -1.37922 -1.31761
-0.716 -1.07833 -1.55949
-0.715 -1.09091 -1.87069
-0.714 -1.49406 -2.21183
-0.713 -2.22146 -2.5072
-0.712 -3.08522 -2.67115
-0.711 -3.83673 -2.63997
-0.71 -4.24711 -2.39633
-0.709 -4.18305 -1.97719
-0.708 -3.6537 -1.46318
-0.707 -2.81061 -0.95267
-0.706 -1.89822 -0.529313
-0.705 -1.17233 -0.235105
-0.704 -0.816131 -0.0605173
-0.703 -0.88355 0.0439403
-0.702 -1.28706 0.140604
-0.701 -1.83082 0.274739
-0.7 -2.27629 0.454321
-0.699 -2.42026 0.646016
-0.698 -2.16218 0.787238
-0.697 -1.53942 0.809874
-0.696 -0.718254 0.667916
-0.695 0.0586567 0.358288
-0.694 0.550908 -0.0749697
-0.693 0.597093 -0.55591
-0.692 0.163285 -1.00425
-0.691 -0.649491 -1.36223
-0.69 -1.63701 -1.60935
-0.689 -2.55191 -1.76089
-0.688 -3.17652 -1.85355
-0.687 -3.3892 -1.92498
-0.686 -3.20289 -1.99483
-0.685 -2.7596 -2.0546
-0.684 -2.28049 -2.07134
-0.683 -1.99123 -2.00451
-0.682 -2.0495 -1.82837
-0.681 -2.49537 -1.54865
-0.68 -3.23524 -1.20503
-0.679 -4.06385 -0.858556
-0.678 -4.72301 -0.570808
-0.677 -4.98455 -0.384173
-0.676 -4.731 -0.310903
-0.675 -4.00249 -0.334608
-0.674 -2.99174 -0.423333
-0.673 -1.99068 -0.548607
-0.672 -1.30634 -0.701778
-0.671 -1.1684 -0.899312
-0.67 -1.65249 -1.17303
-0.669 -2.64477 -1.54866
-0.668 -3.86657 -2.02283
-0.667 -4.95776 -2.55004
-0.666 -5.59184 -3.04714
-0.665 -5.58162 -3.41503
-0.664 -4.94065 -3.57003
-0.663 -3.88229 -3.47247
-0.662 -2.75451 -3.14116
-0.661 -1.92593 -2.64734
-0.66 -1.6563 -2.08909
-0.659 -1.99807 -1.55519
-0.658 -2.76962 -1.09331
-0.657 -3.61384 -0.696305
-0.656 -4.12111 -0.313656
-0.655 -3.97422 0.116299
-0.654 -3.06908 0.626897
-0.653 -1.57127 1.19379
-0.652 0.116752 1.72873
-0.651 1.47691 2.10092
-0.65 2.04864 2.17997
-0.649 1.59071 1.88549
-0.648 0.169958 1.22334
-0.647 -1.85407 0.29257
-0.646 -3.94034 -0.741438
-0.645 -5.5378 -1.6979
-0.644 -6.26583 -2.43647
-0.643 -6.04455 -2.89781
-0.642 -5.12357 -3.11453
-0.641 -3.98985 -3.18846
-0.64 -3.18562 -3.24146
-0.639 -3.10744 -3.35844
-0.638 -3.8622 -3.54678
-0.637 -5.22664 -3.73019
-0.636 -6.71903 -3.77941
-0.635 -7.76049 -3.56619
-0.634 -7.87857 -3.01858
-0.633 -6.88529 -2.15779
-0.632 -4.9599 -1.10362
-0.631 -2.59813 -0.0446072
-0.63 -0.445928 0.819584
-0.629 0.916989 1.34343
-0.628 1.16519 1.48168
-0.627 0.328284 1.29701
-0.626 -1.22292 0.928289
-0.625 -2.9012 0.535462
-0.624 -4.10295 0.243044
-0.623 -4.41785 0.0998521
-0.622 -3.77093 0.0663485
-0.621 -2.44298 0.0343965
-0.62 -0.964981 -0.125558
-0.619 0.069418 -0.50762
-0.618 0.205432 -1.12881
-0.617 -0.722084 -1.92052
-0.616 -2.53382 -2.75319
-0.615 -4.76415 -3.47998
-0.614 -6.8151 -3.98214
-0.613 -8.15482 -4.2031
-0.612 -8.49119 -4.16267
-0.611 -7.86042 -3.9457
-0.61 -6.60326 -3.66741
-0.609 -5.24144 -3.42878
-0.608 -4.29875 -3.282
-0.607 -4.12599 -3.219
-0.606 -4.7856 -3.18295
-0.605 -6.03134 -3.09288
-0.604 -7.38852 -2.87246
-0.603 -8.30782 -2.47632
-0.602 -8.34374 -1.90763
-0.601 -7.30186 -1.22007
-0.6 -5.30878 -0.502756
-0.599 -2.78217 0.144416
-0.598 -0.309535 0.633766
-0.597 1.52601 0.904916
-0.596 2.31781 0.932738
-0.595 1.95261 0.730321
-0.594 0.638598 0.345558
-0.593 -1.16275 -0.150692
-0.592 -2.88105 -0.682206
-0.591 -4.01613 -1.18399
-0.59 -4.29793 -1.61326
-0.589 -3.77414 -1.95496
-0.588 -2.79235 -2.22221
-0.587 -1.87897 -2.44908
-0.586 -1.55454 -2.67298
-0.585 -2.14637 -2.91115
-0.584 -3.66011 -3.143
-0.583 -5.75396 -3.30847
-0.582 -7.82802 -3.32381
-0.581 -9.20692 -3.10875
-0.58 -9.36346 -2.61781
-0.579 -8.11028 -1.86811
-0.578 -5.6884 -0.953272
-0.577 -2.71395 -0.0325337
-0.576 0.00507719 0.707169
-0.575 1.7226 1.10458
-0.574 1.99287 1.07186
-0.573 0.8128 0.61922
-0.572 -1.37791 -0.149875
-0.571 -3.84079 -1.07022
-0.57 -5.78537 -1.96524
-0.569 -6.63913 -2.70185
-0.568 -6.24518 -3.22963
-0.567 -4.91342 -3.58624
-0.566 -3.30189 -3.86528
-0.565 -2.16953 -4.16154
-0.564 -2.09206 -4.51815
-0.563 -3.24395 -4.89633
-0.562 -5.32024 -5.17714
-0.561 -7.62441 -5.19579
-0.56 -9.29651 -4.80007
-0.559 -9.60818 -3.91441
-0.558 -8.22419 -2.58354
-0.557 -5.33756 -0.975155
-0.556 -1.62534 0.661383
-0.555 1.96317 2.06303
-0.554 4.50972 3.02208
-0.553 5.41528 3.43486
-0.552 4.57838 3.31803
-0.551 2.409 2.7884
-0.55 -0.321839 2.01256
-0.549 -2.74414 1.14455
-0.548 -4.17655 0.276735
-0.547 -4.34589 -0.576353
-0.546 -3.46305 -1.45829
-0.545 -2.12908 -2.42909
-0.544 -1.1076 -3.52133
-0.543 -1.04684 -4.70909
-0.542 -2.24827 -5.89912
-0.541 -4.5583 -6.94775
-0.54 -7.41274 -7.69886
-0.539 -10.0133 -8.02929
-0.538 -11.5798 -7.88399
-0.537 -11.6011 -7.28773
-0.536 -10.0043 -6.33287
-0.535 -7.1856 -5.15319
-0.534 -3.89412 -3.89535
-0.533 -1.00365 -2.69391
-0.532 0.750906 -1.65298
-0.531 0.990102 -0.835918
-0.53 -0.202625 -0.263564
-0.529 -2.31035 0.0803634
-0.528 -4.54032 0.239945
-0.527 -6.06559 0.277197
-0.526 -6.28013 0.260637
-0.525 -4.9914 0.248749
-0.524 -2.48886 0.269903
-0.523 0.538233 0.307437
-0.522 3.21206 0.299934
-0.521 4.74233 0.161118
-0.52 4.68188 -0.18595
-0.519 3.08018 -0.773282
-0.518 0.48177 -1.5638
-0.517 -2.23594 -2.44761
-0.516 -4.14232 -3.26475
-0.515 -4.56904 -3.85376
-0.514 -3.35828 -4.11196
-0.513 -0.951315 -4.04287
-0.512 1.72632 -3.76683
-0.511 3.55792 -3.48487
-0.51 3.61708 -3.40646
-0.509 1.50901 -3.66775
-0.508 -2.44932 -4.26954
-0.507 -7.28063 -5.05764
-0.506 -11.6268 -5.75883
-0.505 -14.176 -6.06774
-0.504 -14.1 -5.75728
-0.503 -11.3497 -4.77057
-0.502 -6.69886 -3.25569
-0.501 -1.50529 -1.52632
-0.5 2.73908 0.0377517
-0.499 4.9158 1.11466
-0.498 4.66432 1.54718
-0.497 2.50277 1.39494
-0.496 -0.362504 0.908303
-0.495 -2.47587 0.427468
-0.494 -2.66914 0.243126
-0.493 -0.509965 0.474952
-0.492 3.50061 1.01815
-0.491 8.06507 1.57921
-0.49 11.5269 1.78574
-0.489 12.4589 1.33047
-0.488 10.1885 0.100434
-0.487 5.06834 -1.75623
-0.486 -1.6077 -3.85776
-0.485 -8.01068 -5.70801
-0.484 -12.3701 -6.86438
-0.483 -13.5568 -7.0889
-0.482 -11.4563 -6.4245
-0.481 -6.99627 -5.17199
-0.48 -1.81345 -3.78142
-0.479 2.32117 -2.69698
-0.478 4.1099 -2.20694
-0.477 3.15385 -2.3517
-0.476 0.0573256 -2.92669
-0.475 -3.81366 -3.57979
-0.474 -6.83293 -3.96207
-0.473 -7.70439 -3.86844
-0.472 -5.93216 -3.31421
-0.471 -2.00097 -2.52425
-0.47 2.79388 -1.84502
-0.469 6.79733 -1.6124
-0.468 8.55994 -2.02122
-0.467 7.32508 -3.04545
-0.466 3.2848 -4.44122
-0.465 -2.47255 -5.83041
-0.464 -8.30803 -6.82826
-0.463 -12.5572 -7.1644
-0.462 -14.0528 -6.75642
-0.461 -12.4671 -5.71867
-0.46 -8.37347 -4.31057
-0.459 -3.02671 -2.84435
-0.458 2.04752 -1.58492
-0.457 5.52393 -0.679991
-0.456 6.67153 -0.143927
-0.455 5.55434 0.108706
-0.454 2.97456 0.205612
-0.453 0.179798 0.262573
-0.452 -1.56121 0.34764
-0.451 -1.3731 0.466729
-0.45 0.945797 0.570427
-0.449 4.85262 0.580255
-0.448 9.21346 0.423482
-0.447 12.6397 0.0580364
-0.446 13.9155 -0.522423
-0.445 12.39 -1.29467
-0.444 8.20789 -2.20721
-0.443 2.30425 -3.17251
-0.442 -3.84355 -4.0632
-0.441 -8.63943 -4.72827
-0.44 -10.8488 -5.02909
-0.439 -9.98914 -4.8802
-0.438 -6.50186 -4.28111
-0.437 -1.6377 -3.33441
-0.436 2.91968 -2.24405
-0.435 5.58144 -1.28078
-0.434 5.37322 -0.707873
-0.433 2.28426 -0.686544
-0.432 -2.68086 -1.20449
-0.431 -7.79385 -2.06678
-0.43 -11.1663 -2.95638
-0.429 -11.4006 -3.53883
-0.428 -8.0953 -3.57498
-0.427 -2.02133 -3.00954
-0.426 5.09197 -2.00699
-0.425 11.0966 -0.910857
-0.424 14.1302 -0.125212
-0.423 13.2668 0.0430068
-0.422 8.88236 -0.486664
-0.421 2.57554 -1.52586
-0.42 -3.36126 -2.67916
-0.419 -6.74132 -3.48442
-0.418 -6.25988 -3.58323
-0.417 -1.96957 -2.86733
-0.416 4.70188 -1.54768
-0.415 11.3987 -0.107938
-0.414 15.6171 0.855378
-0.413 15.5727 0.849418
-0.412 10.8522 -0.329147
-0.411 2.59952 -2.51114
-0.41 -6.84797 -5.20074
-0.409 -14.7473 -7.7311
-0.408 -18.8752 -9.48077
-0.407 -18.2689 -10.0832
-0.406 -13.5362 -9.55327
-0.405 -6.63051 -8.27304
-0.404 -0.159222 -6.83609
-0.403 3.53409 -5.81581
-0.402 3.18538 -5.55427
-0.401 -0.963721 -6.0463
-0.4 -7.26812 -6.94766
-0.399 -13.2602 -7.69925
-0.398 -16.5062 -7.73196
-0.397 -15.4523 -6.6891
-0.396 -9.97452 -4.58099
-0.395 -1.42773 -1.80029
-0.394 7.8217 1.01143
-0.393 15.1946 3.18324
-0.392 18.7274 4.22846
-0.391 17.6594 3.98459
-0.39 12.6264 2.65083
-0.389 5.4273 0.718365
-0.388 -1.56594 -1.19275
-0.387 -6.18735 -2.54516
-0.386 -7.18433 -3.06514
-0.385 -4.58954 -2.81572
-0.384 0.369195 -2.13801
-0.383 5.74038 -1.50293
-0.382 9.49225 -1.34227
-0.381 10.126 -1.90994
-0.38 7.12231 -3.20027
-0.379 1.12085 -4.9424
-0.378 -6.243 -6.6821
-0.377 -12.8391 -7.93317
-0.376 -16.7254 -8.34145
-0.375 -16.7584 -7.79387
-0.374 -12.9182 -6.43836
-0.373 -6.29041 -4.62632
-0.372 1.24411 -2.80938
-0.371 7.52109 -1.41664
-0.37 10.7124 -0.735548
-0.369 9.90195 -0.829505
-0.368 5.41648 -1.52538
-0.367 -1.24321 -2.47933
-0.366 -7.86891 -3.29425
-0.365 -12.2454 -3.6449
-0.364 -12.8549 -3.37572
-0.363 -9.38261 -2.55223
-0.362 -2.87986 -1.45292
-0.361 4.4965 -0.494006
-0.36 10.1356 -0.100791
-0.359 11.8354 -0.566626
-0.358 8.5861 -1.94898
-0.357 0.99027 -4.03567
-0.356 -8.83853 -6.38957
-0.355 -17.8908 -8.46176
-0.354 -23.2204 -9.74866
-0.353 -22.9518 -9.95179
-0.352 -16.9821 -9.08288
-0.351 -7.09207 -7.46684
-0.35 3.60158 -5.63525
-0.349 11.6705 -4.1505
-0.348 14.5234 -3.42274
-0.347 11.3034 -3.57631
-0.346 3.23683 -4.40496
-0.345 -6.72041 -5.43642
-0.344 -14.8852 -6.09922
-0.343 -18.183 -5.94367
-0.342 -15.3101 -4.83212
-0.341 -7.25293 -3.01595
-0.34 3.03735 -1.06607
-0.339 11.6664 0.312881
-0.338 15.1366 0.515588
-0.337 11.5708 -0.758619
-0.336 1.43365 -3.38878
-0.335 -12.5202 -6.84464
-0.334 -26.1273 -10.3385
-0.333 -35.2601 -13.0759
-0.332 -37.286 -14.5148
-0.331 -31.9602 -14.5296
-0.33 -21.4304 -13.4203
-0.329 -9.41218 -11.7739
-0.328 0.116695 -10.2423
-0.327 4.25899 -9.31521
-0.326 2.16041 -9.15752
-0.325 -4.72379 -9.5579
-0.324 -13.1828 -10.0099
-0.323 -19.453 -9.90538
-0.322 -20.6139 -8.77112
-0.321 -15.6333 -6.45692
-0.32 -5.68426 -3.20295
-0.319 6.32318 0.432047
-0.318 16.7669 3.7425
-0.317 22.5161 6.08109
-0.316 21.9268 7.03596
-0.315 15.328 6.5365
-0.314 4.85094 4.85996
-0.313 -6.32988 2.53464
-0.312 -15.0669 0.168119
-0.311 -19.2384 -1.74162
-0.31 -18.3425 -2.94525
-0.309 -13.5185 -3.48721
-0.308 -7.04258 -3.65585
-0.307 -1.51885 -3.86978
-0.306 0.948566 -4.53775
-0.305 -0.648009 -5.92451
-0.304 -5.99382 -8.05362
-0.303 -13.6126 -10.676
-0.302 -21.3364 -13.3209
-0.301 -26.95 -15.4197
-0.3 -28.8361 -16.4669
-0.299 -26.429 -16.1649
-0.298 -20.3435 -14.5129
-0.297 -12.1636 -11.8194
-0.296 -3.99454 -8.63072
-0.295 2.07792 -5.59085
-0.294 4.51279 -3.26363
-0.293 2.74732 -1.96605
-0.292 -2.55995 -1.66799
-0.291 -9.61115 -2.00108
-0.29 -15.9454 -2.38695
-0.289 -19.2041 -2.25072
-0.288 -17.9225 -1.24972
-0.287 -12.0691 0.564814
-0.286 -3.16148 2.71676
-0.285 6.0702 4.42412
-0.284 12.4196 4.83694
-0.283 13.2036 3.32583
-0.282 7.25908 -0.268617
-0.281 -4.45084 -5.51798
-0.28 -18.9552 -11.4821
-0.279 -32.1709 -16.9745
-0.278 -40.272 -20.9324
-0.277 -41.0194 -22.7548
-0.276 -34.5744 -22.4819
-0.275 -23.5234 -20.7509
-0.274 -12.0807 -18.5478
-0.273 -4.66461 -16.84
-0.272 -4.27692 -16.2097
-0.271 -11.2777 -16.6219
-0.27 -23.0929 -17.4225
-0.269 -35.0558 -17.5881
-0.268 -42.1034 -16.1445
-0.267 -40.681 -12.5889
-0.266 -30.1338 -7.14914
-0.265 -13.0799 -0.774665
-0.264 5.38253 5.13603
-0.263 19.3847 9.17568
-0.262 24.3418 10.3863
-0.261 18.6184 8.5765
-0.26 4.17045 4.38543
-0.259 -14.1082 -0.936488
-0.258 -30.1159 -5.95349
-0.257 -38.7153 -9.52261
-0.256 -37.5436 -11.1463
-0.255 -27.7922 -11.0733
-0.254 -13.6748 -10.1205
-0.253 -0.79735 -9.29405
-0.252 5.94082 -9.36324
-0.251 4.12905 -10.5489
-0.25 -5.32013 -12.4376
-0.249 -18.5491 -14.1414
-0.248 -30.1891 -14.6383
-0.247 -35.3437 -13.17
-0.246 -31.4133 -9.55495
-0.245 -19.071 -4.30049
-0.244 -2.00236 1.53522
-0.243 14.4715 6.68035
-0.242 25.3008 10.05
-0.241 27.3895 11.0531
-0.24 20.4839 9.70597
-0.239 7.06954 6.54725
-0.238 -8.59954 2.41238
-0.237 -22.0002 -1.84764
-0.236 -29.8791 -5.61929
-0.235 -31.2731 -8.67136
-0.234 -27.6104 -11.138
-0.233 -21.8909 -13.3524
-0.232 -17.3793 -15.6229
-0.231 -16.4117 -18.0674
-0.23 -19.7344 -20.5686
-0.229 -26.4607 -22.8342
-0.228 -34.5122 -24.5008
-0.227 -41.3628 -25.2389
-0.226 -44.8754 -24.8398
-0.225 -43.9583 -23.27
-0.224 -38.7938 -20.6717
-0.223 -30.5879 -17.3085
-0.222 -21.0505 -13.4966
-0.221 -11.9139 -9.568
-0.22 -4.65629 -5.8751
-0.219 -0.367697 -2.79418
-0.218 0.372305 -0.680927
-0.217 -2.36151 0.223314
-0.216 -7.76088 -0.1106
-0.215 -14.3602 -1.4511
-0.214 -20.2944 -3.33563
-0.213 -23.7143 -5.18091
-0.212 -23.3086 -6.45557
-0.211 -18.8247 -6.87088
-0.21 -11.3922 -6.51643
-0.209 -3.42027 -5.86677
-0.208 2.03971 -5.62926
-0.207 2.33339 -6.4747
-0.206 -3.71436 -8.74884
-0.205 -15.1189 -12.2787
-0.204 -28.803 -16.3604
-0.203 -40.4943 -19.9557
-0.202 -46.1977 -22.0458
-0.201 -43.7142 -22.011
-0.2 -33.6118 -19.8835
-0.199 -19.231 -16.3623
-0.198 -5.65375 -12.5805
-0.197 2.0609 -9.70225
-0.196 0.790918 -8.48807
-0.195 -9.28835 -8.98187
-0.194 -24.497 -10.449
-0.193 -38.8136 -11.6225
-0.192 -46.0588 -11.1898
-0.191 -42.2648 -8.33052
-0.19 -27.285 -3.08369
-0.189 -5.01369 3.60212
-0.188 17.8564 10.1456
-0.187 34.0948 14.8308
-0.186 38.461 16.3626
-0.185 29.635 14.3036
-0.184 10.8065 9.23073
-0.183 -11.4133 2.52999
-0.182 -29.4353 -4.11592
-0.181 -37.549 -9.34093
-0.18 -34.0329 -12.5569
-0.179 -21.7021 -14.0876
-0.178 -6.75493 -14.953
-0.177 3.57445 -16.4084
-0.176 3.71023 -19.4073
-0.175 -8.1396 -24.1645
-0.174 -29.1813 -29.983
-0.173 -52.9201 -35.4321
-0.172 -71.4829 -38.8321
-0.171 -78.5105 -38.8573
-0.17 -71.4638 -35.0149
-0.169 -52.4477 -27.8232
-0.168 -27.3252 -18.6487
-0.167 -3.58073 -9.28674
-0.166 12.2317 -1.43325
-0.165 16.5888 3.78379
-0.164 9.98685 6.06537
-0.163 -3.4818 5.91015
-0.162 -17.7983 4.31869
-0.161 -27.3093 2.36359
-0.16 -28.7522 0.794921
-0.159 -22.2463 -0.183434
-0.158 -10.957 -0.910232
-0.157 0.296757 -2.06069
-0.156 6.86739 -4.32344
-0.155 5.8616 -8.08154
-0.154 -2.99189 -13.2142
-0.153 -17.3723 -19.0805
-0.152 -33.201 -24.6706
-0.151 -45.9686 -28.8601
-0.15 -52.1097 -30.6967
-0.149 -49.9803 -29.649
-0.148 -40.1619 -25.7502
-0.147 -25.0845 -19.5908
-0.146 -8.20335 -12.1627
-0.145 6.92888 -4.61926
-0.144 17.4335 1.96385
-0.143 21.6295 6.78095
-0.142 19.3187 9.43139
-0.141 11.8209 9.98391
-0.14 1.68764 8.9298
-0.139 -7.94555 7.00335
-0.138 -14.2452 4.91768
-0.137 -15.5306 3.12192
-0.136 -11.8123 1.67257
-0.135 -4.88388 0.244232
-0.134 2.05478 -1.74509
-0.133 5.23043 -4.92001
-0.132 1.51518 -9.67259
-0.131 -10.2571 -15.9001
-0.13 -28.4221 -22.881
-0.129 -48.6127 -29.3911
-0.128 -65.027 -34.0508
-0.127 -72.4005 -35.7727
-0.126 -67.9161 -34.1389
-0.125 -52.3644 -29.5791
-0.124 -30.1715 -23.2995
-0.123 -8.21825 -16.9643
-0.122 6.32977 -12.1961
-0.121 8.5852 -10.0426
-0.12 -2.05827 -10.6092
-0.119 -21.4228 -13.0246
-0.118 -41.9201 -15.7752
-0.117 -55.3283 -17.2835
-0.116 -55.8702 -16.5091
-0.115 -42.4047 -13.3479
-0.114 -18.9404 -8.68121
-0.113 6.70804 -4.0535
-0.112 25.683 -1.09184
-0.111 31.333 -0.883422
-0.11 21.7647 -3.5438
-0.109 0.681793 -8.13939
-0.108 -23.9033 -13.0029
-0.107 -42.6608 -16.3388
-0.106 -48.4927 -16.8983
-0.105 -39.2224 -14.457
-0.104 -18.3555 -9.89337
-0.103 6.34054 -4.83638
-0.102 25.7922 -1.04688
-0.101 32.9235 0.208773
-0.1 25.1196 -1.42762
-0.099 5.06033 -5.31694
-0.098 -20.312 -10.0687
-0.097 -42.3498 -14.0429
-0.096 -53.8825 -15.9375
-0.095 -51.7759 -15.2313
-0.094 -37.804 -12.294
-0.093 -17.5482 -8.139
-0.092 2.01587 -3.97134
-0.091 15.095 -0.754174
-0.09 18.8584 1.05539
-0.089 13.9951 1.55732
-0.088 4.07031 1.27059
-0.087 -6.02983 0.86502
-0.086 -12.0287 0.85968
-0.085 -11.8197 1.41136
-0.084 -5.99509 2.28501
-0.083 2.80938 2.99989
-0.082 11.2625 3.04903
-0.081 16.6145 2.07143
-0.08 17.3708 -0.0842727
-0.079 13.2839 -3.39474
-0.078 4.92097 -7.74221
-0.077 -6.82545 -12.9729
-0.076 -20.9867 -18.8824
-0.075 -36.4291 -25.1321
-0.074 -51.5779 -31.1659
-0.073 -64.268 -36.2166
-0.072 -71.9791 -39.4402
-0.071 -72.4997 -40.1466
-0.07 -64.8615 -38.0543
-0.069 -50.2406 -33.4922
-0.068 -32.3472 -27.4558
-0.067 -16.7633 -21.4134
-0.066 -9.04211 -16.8381
-0.065 -12.2167 -14.6222
-0.064 -25.0206 -14.6721
-0.063 -41.9129 -15.9202
-0.062 -54.9824 -16.7549
-0.061 -56.8803 -15.6716
-0.06 -43.7085 -11.9022
-0.059 -17.0155 -5.83815
-0.058 15.8476 0.915996
-0.057 43.6583 5.9906
-0.056 55.4326 7.1562
-0.055 45.2106 3.34026
-0.054 15.1405 -4.75411
-0.053 -24.8081 -14.7575
-0.052 -60.3694 -23.4178
-0.051 -78.1523 -27.7187
-0.05 -70.5463 -25.9396
-0.049 -38.8227 -18.3274
-0.048 6.70403 -7.12432
-0.047 49.9938 4.16884
-0.046 75.3013 12.105
-0.045 73.5233 14.6439
-0.044 45.9991 11.9381
-0.043 4.09548 6.22885
-0.042 -35.11 0.942014
-0.041 -55.265 -0.652104
-0.04 -46.9949 3.25111
-0.039 -11.7601 12.1782
-0.038 38.3167 23.4308
-0.037 84.9361 33.071
-0.036 110.718 37.4516
-0.035 105.851 34.6139
-0.034 71.6335 24.9955
-0.033 19.8472 11.259
-0.032 -31.5369 -2.63632
-0.031 -64.9062 -12.8236
-0.03 -69.6827 -16.941
-0.029 -46.5294 -15.0215
-0.028 -6.98208 -9.40649
-0.027 31.5646 -3.67473
-0.026 53.0314 -1.13033
-0.025 48.5985 -3.5683
-0.024 19.3521 -10.7361
-0.023 -24.5825 -20.5221
-0.022 -67.7579 -29.7332
-0.021 -95.0373 -35.27
-0.02 -97.5088 -35.358
-0.019 -76.1408 -30.2955
-0.018 -41.0215 -22.2692
-0.017 -6.43792 -14.3146
-0.016 15.3258 -9.03225
-0.015 18.3116 -7.70239
-0.014 4.10279 -10.0319
-0.013 -19.5563 -14.4269
-0.012 -41.8833 -18.6327
-0.011 -53.2227 -20.6056
-0.01 -49.0379 -19.3583
-0.009 -31.7629 -15.3533
-0.008 -9.15584 -10.1584
-0.007 9.92524 -5.57132
-0.006 19.6318 -2.78104
-0.005 19.0116 -1.98797
-0.004 11.4609 -2.51044
-0.003 2.65685 -3.19475
-0.002 -2.11996 -2.95918
-0.001 -0.474639 -1.31934
0 5.88598 1.3398
0.001 12.2225 3.98162
0.002 13.7986 5.57282
0.003 8.92143 5.73633
0.004 0.00574955 4.96938
0.005 -7.64757 4.36915
0.006 -8.34705 5.1035
0.007 1.30882 7.86272
0.008 20.3632 12.4461
0.009 42.9542 17.6534
0.01 60.2043 21.6673
0.011 64.3348 22.899
0.012 52.9013 20.8748
0.013 30.4473 16.588
0.014 6.65274 12.1042
0.015 -7.66771 9.70763
0.016 -4.74113 11.018
0.017 17.032 16.34
0.018 51.6925 24.3832
0.019 86.9354 32.5132
0.02 108.437 37.6478
0.021 106.067 37.5605
0.022 78.8307 31.9417
0.023 35.6361 22.5893
0.024 -8.35899 12.6517
0.025 -37.6742 5.37838
0.026 -42.1519 2.92452
0.027 -20.6853 5.55697
0.028 17.9067 11.456
0.029 57.5235 17.2574
0.03 80.7337 19.31
0.031 75.9649 15.2213
0.032 42.5332 4.95277
0.033 -8.97906 -9.09204
0.034 -60.933 -22.9762
0.035 -95.3187 -32.6704
0.036 -100.314 -35.4671
0.037 -74.597 -30.9295
0.038 -27.9749 -21.0702
0.039 22.1458 -9.62765
0.04 57.4226 -0.629416
0.041 65.6926 3.17992
0.042 45.4755 1.34562
0.043 6.15301 -4.25402
0.044 -35.8942 -10.2502
0.045 -63.5502 -13.1287
0.046 -65.4145 -10.6003
0.047 -40.1315 -2.52547
0.048 3.18346 8.9825
0.049 48.7458 20.3712
0.05 80.4661 28.0506
0.051 87.9944 29.7476
0.052 70.0563 25.2542
0.053 34.2928 16.3806
0.054 -5.85316 6.24541
0.055 -36.0634 -1.82224
0.056 -46.3358 -5.43249
0.057 -34.5231 -3.93145
0.058 -6.62288 1.50265
0.059 26.3199 8.51923
0.06 53.0233 14.6642
0.061 66.1052 18.321
0.062 64.0292 19.1593
0.063 50.7443 18.053
0.064 33.6687 16.6142
0.065 20.7713 16.5219
0.066 17.6126 18.8441
0.067 25.4281 23.6055
0.068 41.115 29.8045
0.069 59.0386 35.8668
0.07 73.5572 40.2784
0.071 80.9444 42.0748
0.072 80.0609 41.0205
0.073 71.9542 37.5158
0.074 58.9334 32.3484
0.075 43.5977 26.3994
0.076 28.1383 20.3949
0.077 14.0907 14.785
0.078 2.50046 9.77989
0.079 -5.76351 5.48778
0.08 -9.88147 2.04008
0.081 -9.3076 -0.386571
0.082 -4.25219 -1.65576
0.083 3.87489 -1.79837
0.084 12.4285 -1.09495
0.085 18.1629 -0.0448506
0.086 18.4716 0.799837
0.087 12.7203 1.07943
0.088 2.91572 0.823464
0.089 -6.78522 0.476299
0.09 -11.5935 0.719263
0.091 -7.98524 2.16408
0.092 4.75717 5.04487
0.093 23.8925 9.02597
0.094 43.7502 13.207
0.095 57.4688 16.3643
0.096 59.531 17.3921
0.097 48.1531 15.7892
0.098 26.3876 11.9586
0.099 1.28115 7.14612
0.1 -18.638 3.02245
0.101 -26.4962 1.08224
0.102 -19.6061 2.09613
0.103 -0.503937 5.80967
0.104 23.8538 10.9928
0.105 44.5098 15.8431
0.106 53.7688 18.6298
0.107 48.1253 18.3509
0.108 29.6802 15.1298
0.109 5.40269 10.1755
0.11 -15.5137 5.32153
0.111 -25.1474 2.33394
0.112 -19.8066 2.26381
0.113 -1.31656 5.08404
0.114 23.789 9.73596
0.115 46.7781 14.5564
0.116 59.9292 17.9181
0.117 59.2659 18.8414
0.118 45.8913 17.3531
0.119 25.49 14.4684
0.12 6.1742 11.8032
0.121 -4.54877 10.9575
0.122 -2.52067 12.8987
0.123 11.6977 17.5895
0.124 33.3075 23.9999
0.125 55.2397 30.474
0.126 70.6837 35.2779
0.127 75.2347 37.1241
0.128 68.0678 35.5189
0.129 51.9215 30.8599
0.13 31.9648 24.2635
0.131 13.9179 17.1698
0.132 2.10483 10.8627
0.133 -1.80419 6.09739
0.134 1.07264 2.97743
0.135 7.67725 1.08398
0.136 14.3029 -0.252533
0.137 17.7927 -1.66397
0.138 16.3649 -3.51042
0.139 9.99282 -5.73615
0.14 0.323339 -7.85694
0.141 -9.84887 -9.10832
0.142 -17.4181 -8.71516
0.143 -19.8425 -6.16979
0.144 -15.7863 -1.40735
0.145 -5.41346 5.15703
0.146 9.63285 12.6969
0.147 26.5002 20.1138
0.148 41.6435 26.2404
0.149 51.597 30.0915
0.15 53.9043 31.1018
0.151 47.946 29.2629
0.152 35.3246 25.1116
0.153 19.5707 19.5828
0.154 5.17493 13.7745
0.155 -3.78367 8.67558
0.156 -4.96889 4.91568
0.157 1.37252 2.61408
0.158 12.3757 1.39849
0.159 23.4201 0.604597
0.16 29.708 -0.413528
0.161 28.086 -1.97692
0.162 18.4391 -3.88753
0.163 4.02748 -5.42144
0.164 -9.50442 -5.53724
0.165 -16.1516 -3.25639
0.166 -11.8349 1.91271
0.167 3.93531 9.6803
0.168 27.6367 18.9435
0.169 52.72 28.0409
0.17 71.7066 35.2084
0.171 78.7428 39.0922
0.172 71.738 39.161
0.173 53.2399 35.8736
0.174 29.5964 30.5136
0.175 8.64453 24.7235
0.176 -3.16797 19.9131
0.177 -3.08516 16.7836
0.178 7.08362 15.1515
0.179 21.7659 14.1136
0.18 33.7523 12.465
0.181 36.8953 9.21887
0.182 28.4539 4.05441
0.183 10.2231 -2.46693
0.184 -12.047 -9.02623
0.185 -30.7801 -13.9931
0.186 -39.4208 -16.022
0.187 -34.8535 -14.549
0.188 -18.4708 -9.9912
0.189 4.43013 -3.59718
0.19 26.5943 2.9708
0.191 41.3534 8.17126
0.192 44.8876 11.0657
0.193 37.4377 11.5924
0.194 23.0423 10.5257
0.195 7.89706 9.12661
0.196 -2.01933 8.62161
0.197 -3.11167 9.72983
0.198 4.69356 12.4226
0.199 18.1865 15.9816
0.2 32.2701 19.2999
0.201 41.9011 21.297
0.202 43.8518 21.3025
0.203 37.7055 19.2816
0.204 25.7979 15.8241
0.205 12.2012 11.9058
0.206 1.17793 8.52131
0.207 -4.29356 6.34085
0.208 -3.39353 5.52097
0.209 2.52518 5.72184
0.21 10.6843 6.29912
0.211 18.0108 6.58029
0.212 22.1804 6.1173
0.213 22.2187 4.82835
0.214 18.5471 2.99191
0.215 12.6029 1.11744
0.216 6.26939 -0.238775
0.217 1.32772 -0.639927
0.218 -0.94128 0.129261
0.219 0.053985 2.04126
0.22 4.23233 4.87724
0.221 10.9858 8.31846
0.222 19.3338 12.0283
0.223 28.0064 15.6869
0.224 35.5135 18.9821
0.225 40.3475 21.6003
0.226 41.392 23.2611
0.227 38.3955 23.7919
0.228 32.2371 23.1925
0.229 24.7819 21.647
0.23 18.3365 19.4735
0.231 14.8957 17.0351
0.232 15.4177 14.6328
0.233 19.3469 12.3992
0.234 24.5882 10.2339
0.235 28.0824 7.83736
0.236 26.9166 4.86958
0.237 19.5867 1.17816
0.238 6.84246 -3.02412
0.239 -8.3233 -7.1351
0.24 -21.5883 -10.3098
0.241 -28.7655 -11.7161
0.242 -27.2854 -10.8116
0.243 -17.1982 -7.56128
0.244 -1.3479 -2.5263
0.245 15.4261 3.23637
0.246 27.8887 8.46937
0.247 32.2839 12.1164
0.248 27.7491 13.6656
0.249 16.6606 13.2864
0.25 3.74315 11.7114
0.251 -5.70106 9.92501
0.252 -7.7622 8.78091
0.253 -1.37922 8.67893
0.254 11.2236 9.40801
0.255 25.2896 10.2226
0.256 35.245 10.145
0.257 36.7861 8.389
0.258 28.5602 4.73219
0.259 12.7735 -0.318471
0.26 -5.53158 -5.63664
0.261 -20.2611 -9.82163
0.262 -26.44 -11.6559
0.263 -21.9649 -10.5148
0.264 -8.3102 -6.58305
0.265 10.0414 -0.794726
0.266 27.2159 5.48123
0.267 38.0137 10.8921
0.268 39.6822 14.5236
0.269 32.7755 16.1513
0.27 20.8161 16.243
0.271 8.90389 15.7157
0.272 1.79478 15.5337
0.273 2.17238 16.3045
0.274 9.75571 18.034
0.275 21.54 20.1359
0.276 33.0078 21.6737
0.277 39.7946 21.7195
0.278 39.188 19.6965
0.279 30.9846 15.599
0.28 17.4769 10.0283
0.281 2.61467 4.02463
0.282 -9.36902 -1.25785
0.283 -15.3806 -4.91481
0.284 -14.4171 -6.54906
0.285 -7.71562 -6.32879
0.286 1.87543 -4.85357
0.287 10.9681 -2.90995
0.288 16.722 -1.21073
0.289 17.6305 -0.187419
0.29 13.8513 0.115104
0.291 7.04088 0.0109552
0.292 -0.254462 0.0195533
0.293 -5.4636 0.645919
0.294 -6.81047 2.18539
0.295 -3.79597 4.62323
0.296 2.77956 7.64644
0.297 11.1616 10.7405
0.298 19.1675 13.3306
0.299 24.7489 14.9298
0.3 26.5072 15.261
0.301 24.0735 14.3203
0.302 18.2321 12.3669
0.303 10.7091 9.84604
0.304 3.66829 7.26947
0.305 -0.921928 5.08386
0.306 -1.8548 3.55942
0.307 0.956509 2.72853
0.308 6.40823 2.39303
0.309 12.4618 2.19773
0.31 16.7077 1.74735
0.311 17.1192 0.736355
0.312 12.7706 -0.936159
0.313 4.25933 -3.09708
0.314 -6.35817 -5.31132
0.315 -16.1409 -6.99436
0.316 -22.1799 -7.59807
0.317 -22.5579 -6.79919
0.318 -17.0252 -4.61621
0.319 -7.14689 -1.41754
0.32 4.14709 2.17205
0.321 13.4837 5.43819
0.322 18.1641 7.78237
0.323 17.1148 8.91377
0.324 11.3183 8.95177
0.325 3.51422 8.37756
0.326 -2.77199 7.84029
0.327 -4.52763 7.89876
0.328 -0.382026 8.80729
0.329 8.85874 10.4214
0.33 20.4454 12.2414
0.331 30.5851 13.5726
0.332 35.7158 13.7614
0.333 33.7577 12.444
0.334 24.9128 9.71454
0.335 11.6783 6.13019
0.336 -1.98686 2.53756
0.337 -12.0477 -0.210868
0.338 -15.7871 -1.53406
0.339 -12.6818 -1.2935
0.34 -4.48694 0.186547
0.341 5.43647 2.24281
0.342 13.2999 4.10118
0.343 16.1973 5.14207
0.344 13.1171 5.11242
0.345 5.28385 4.20093
0.346 -4.3221 2.94413
0.347 -12.0873 2.00463
0.348 -15.08 1.91506
0.349 -12.0596 2.88418
0.35 -3.85314 4.72542
0.351 6.97013 6.92064
0.352 16.9834 8.79385
0.353 23.0509 9.73835
0.354 23.3634 9.42019
0.355 18.0055 7.88515
0.356 8.85982 5.5329
0.357 -1.09156 2.97479
0.358 -8.79264 0.833823
0.359 -12.0978 -0.443382
0.36 -10.4042 -0.706304
0.361 -4.75435 -0.120962
0.362 2.59886 0.910997
0.363 8.99853 1.90456
0.364 12.2722 2.4592
0.365 11.4019 2.3833
0.366 6.78244 1.7393
0.367 0.0301455 0.807608
0.368 -6.56855 -0.0100935
0.369 -10.7988 -0.319444
0.37 -11.2266 0.138628
0.371 -7.64472 1.39903
0.372 -1.10089 3.25603
0.373 6.47781 5.32571
0.374 12.9001 7.15927
0.375 16.3491 8.36344
0.376 15.8807 8.69649
0.377 11.6826 8.12689
0.378 5.02543 6.84492
0.379 -2.11522 5.2133
0.38 -7.68175 3.65652
0.381 -10.1881 2.52252
0.382 -9.16479 1.97351
0.383 -5.26043 1.94826
0.384 -0.0125961 2.19823
0.385 4.61694 2.37358
0.386 6.83194 2.13538
0.387 5.58404 1.27629
0.388 0.969063 -0.180729
0.389 -5.73842 -1.95232
0.39 -12.4688 -3.56605
0.391 -17.0295 -4.51423
0.392 -17.8166 -4.42522
0.393 -14.3304 -3.18497
0.394 -7.35438 -0.976811
0.395 1.24976 1.76086
0.396 9.094 4.44945
0.397 14.0222 6.53916
0.398 14.8321 7.68641
0.399 11.6911 7.86742
0.4 6.07659 7.37037
0.401 0.261158 6.66826
0.402 -3.46722 6.23321
0.403 -3.58972 6.36687
0.404 0.110125 7.09686
0.405 6.4471 8.16239
0.406 13.2189 9.0977
0.407 17.9565 9.39971
0.408 18.7822 8.72646
0.409 15.07 7.04313
0.41 7.6778 4.64933
0.411 -1.32363 2.08098
0.412 -9.33414 -0.0643607
0.413 -14.0949 -1.31321
0.414 -14.4475 -1.46031
0.415 -10.7074 -0.631366
0.416 -4.51962 0.76212
0.417 1.73757 2.17046
0.418 5.77774 3.10228
0.419 6.17346 3.28803
0.42 2.81946 2.74772
0.421 -3.05144 1.75275
0.422 -9.30898 0.713645
0.423 -13.6789 0.0353125
0.424 -14.5388 -0.0220117
0.425 -11.4632 0.566253
0.426 -5.33285 1.58517
0.427 2.00173 2.67066
0.428 8.35825 3.4534
0.429 11.9393 3.6901
0.43 11.9019 3.3338
0.431 8.60342 2.53509
0.432 3.44032 1.58946
0.433 -1.66268 0.845731
0.434 -4.92461 0.59307
0.435 -5.29695 0.962407
0.436 -2.77519 1.88511
0.437 1.64622 3.12623
0.438 6.33439 4.36888
0.439 9.56477 5.30653
0.44 10.0798 5.71452
0.441 7.48333 5.49641
0.442 2.34664 4.70558
0.443 -3.99611 3.53064
0.444 -9.88043 2.23793
0.445 -13.8232 1.08992
0.446 -14.9545 0.275532
0.447 -13.246 -0.124654
0.448 -9.4758 -0.140569
0.449 -4.94985 0.105023
0.45 -1.07361 0.431455
0.451 1.08347 0.656596
0.452 1.09845 0.664873
0.453 -0.702514 0.456612
0.454 -3.36994 0.151958
0.455 -5.64704 -0.0501348
0.456 -6.3843 0.0631722
0.457 -4.92583 0.64908
0.458 -1.34175 1.7467
0.459 3.57274 3.23682
0.46 8.52861 4.84707
0.461 12.1277 6.2172
0.462 13.287 7.00915
0.463 11.5839 7.01791
0.464 7.4143 6.24039
0.465 1.90053 4.88296
0.466 -3.43672 3.30923
0.467 -7.14457 1.9387
0.468 -8.28775 1.1186
0.469 -6.73241 1.00943
0.47 -3.17541 1.53193
0.471 1.08733 2.40361
0.472 4.58663 3.25089
0.473 6.17173 3.74896
0.474 5.40396 3.73773
0.475 2.70937 3.27925
0.476 -0.770642 2.63861
0.477 -3.58201 2.18773
0.478 -4.47428 2.25852
0.479 -2.85354 3.00001
0.48 0.979412 4.30091
0.481 5.89046 5.81277
0.482 10.2667 7.06262
0.483 12.5552 7.60923
0.484 11.7998 7.18972
0.485 7.98281 5.81229
0.486 2.05059 3.76268
0.487 -4.38566 1.5151
0.488 -9.56988 -0.425013
0.489 -12.1678 -1.68668
0.49 -11.6938 -2.14273
0.491 -8.65233 -1.92557
0.492 -4.33978 -1.35408
0.493 -0.371412 -0.805103
0.494 1.89392 -0.57238
0.495 1.82347 -0.757329
0.496 -0.289494 -1.23277
0.497 -3.35712 -1.69807
0.498 -5.90501 -1.80428
0.499 -6.61172 -1.29526
0.5 -4.79377 -0.107553
0.501 -0.66749 1.60314
0.502 4.70755 3.50851
0.503 9.78535 5.20771
0.504 13.0609 6.35265
0.505 13.5778 6.75951
0.506 11.2399 6.46286
0.507 6.82576 5.68877
0.508 1.7122 4.76156
0.509 -2.59108 3.9877
0.51 -4.93591 3.56224
0.511 -4.89255 3.52265
0.512 -2.85232 3.75366
0.513 0.151302 4.03786
0.514 2.83121 4.13961
0.515 4.10229 3.89422
0.516 3.44586 3.26522
0.517 1.06377 2.34694
0.518 -2.22004 1.31889
0.519 -5.26562 0.379407
0.52 -7.01748 -0.313891
0.521 -6.86037 -0.682962
0.522 -4.81323 -0.743107
0.523 -1.50469 -0.588367
0.524 2.05135 -0.350579
0.525 4.79848 -0.147636
0.526 5.98384 -0.0436315
0.527 5.39404 -0.0347483
0.528 3.4051 -0.058936
0.529 0.836634 -0.0185113
0.53 -1.33122 0.192696
0.531 -2.2774 0.660554
0.532 -1.59224 1.42441
0.533 0.610006 2.46176
0.534 3.74269 3.68891
0.535 6.93998 4.97444
0.536 9.33087 6.15993
0.537 10.3066 7.08537
0.538 9.69384 7.61928
0.539 7.78178 7.68875
0.54 5.20357 7.29842
0.541 2.72118 6.52859
0.542 0.985383 5.51238
0.543 0.343058 4.40105
0.544 0.744494 3.32669
0.545 1.77659 2.36998
0.546 2.8131 1.54289
0.547 3.23375 0.79608
0.548 2.63946 0.0533041
0.549 0.993918 -0.739271
0.55 -1.35228 -1.5714
0.551 -3.76253 -2.35396
0.552 -5.50855 -2.93598
0.553 -5.99748 -3.14681
0.554 -4.9618 -2.85164
0.555 -2.55255 -2.00499
0.556 0.694449 -0.683546
0.557 4.00971 0.917995
0.558 6.6144 2.53222
0.559 7.9526 3.89172
0.56 7.85668 4.80199
0.561 6.5864 5.18881
0.562 4.72717 5.10726
0.563 2.98508 4.71184
0.564 1.95034 4.19774
0.565 1.90744 3.73202
0.566 2.7492 3.39836
0.567 4.01929 3.17594
0.568 5.07484 2.96054
0.569 5.32282 2.61905
0.57 4.44764 2.05451
0.571 2.54132 1.257
0.572 0.0865564 0.322721
0.573 -2.19798 -0.56634
0.574 -3.59217 -1.19656
0.575 -3.60935 -1.39215
0.576 -2.15958 -1.07503
0.577 0.408535 -0.293798
0.578 3.40742 0.787823
0.579 6.02692 1.93811
0.58 7.59407 2.92353
0.581 7.78219 3.57324
0.582 6.69828 3.82202
0.583 4.82482 3.71722
0.584 2.84325 3.38816
0.585 1.40193 2.99136
0.586 0.903136 2.65335
0.587 1.37663 2.43136
0.588 2.48282 2.30256
0.589 3.6455 2.18201
0.59 4.26543 1.96145
0.591 3.93824 1.55643
0.592 2.60236 0.946052
0.593 0.568085 0.189854
0.594 -1.5802 -0.585059
0.595 -3.17451 -1.22106
0.596 -3.68203 -1.5764
0.597 -2.87923 -1.56495
0.598 -0.923484 -1.17857
0.599 1.69873 -0.488088
0.6 4.32583 0.376479
0.601 6.32642 1.26197
0.602 7.2913 2.03417
0.603 7.15107 2.61227
0.604 6.18081 2.98399
0.605 4.89179 3.1979
0.606 3.85014 3.3381
0.607 3.48639 3.491
0.608 3.95849 3.71394
0.609 5.10824 4.01376
0.61 6.51989 4.34117
0.611 7.66048 4.60398
0.612 8.05864 4.69621
0.613 7.46448 4.53404
0.614 5.93678 4.08569
0.615 3.82731 3.38484
0.616 1.66864 2.52364
0.617 0.00479492 1.6285
0.618 -0.7786 0.826072
0.619 -0.571428 0.209047
0.62 0.430975 -0.188372
0.621 1.79316 -0.396602
0.622 2.98136 -0.49471
0.623 3.53901 -0.576976
0.624 3.23983 -0.71461
0.625 2.16583 -0.927146
0.626 0.681813 -1.17315
0.627 -0.686024 -1.36238
0.628 -1.42471 -1.38531
0.629 -1.20346 -1.1514
0.63 0.016179 -0.62435
0.631 1.96164 0.158668
0.632 4.12924 1.09233
0.633 5.94177 2.032
0.634 6.93558 2.83477
0.635 6.91257 3.39766
0.636 6.00065 3.68144
0.637 4.60107 3.71415
0.638 3.24494 3.57382
0.639 2.41146 3.35534
0.64 2.36688 3.13303
0.641 3.07366 2.93388
0.642 4.20061 2.73221
0.643 5.23659 2.46669
0.644 5.67338 2.07063
0.645 5.19178 1.50386
0.646 3.78084 0.776164
0.647 1.7481 -0.0453528
0.648 -0.377895 -0.848932
0.649 -2.01617 -1.50823
0.65 -2.71918 -1.91886
0.651 -2.31844 -2.02687
0.652 -0.980978 -1.83936
0.653 0.847887 -1.4163
0.654 2.59857 -0.849349
0.655 3.77099 -0.234987
0.656 4.09667 0.350963
0.657 3.61539 0.869378
0.658 2.64645 1.3185
0.659 1.66842 1.71986
0.66 1.14698 2.09755
0.661 1.36727 2.46117
0.662 2.33034 2.79837
0.663 3.75355 3.07648
0.664 5.17393 3.25107
0.665 6.11289 3.27941
0.666 6.24182 3.13578
0.667 5.49329 2.82248
0.668 4.08411 2.37133
0.669 2.44321 1.83575
0.67 1.06763 1.27881
0.671 0.356119 0.762269
0.672 0.480572 0.338176
0.673 1.34013 0.041981
0.674 2.60821 -0.112024
0.675 3.84977 -0.130483
0.676 4.66698 -0.0357939
0.677 4.82687 0.140817
0.678 4.33011 0.36508
0.679 3.39759 0.604612
0.68 2.38053 0.834447
0.681 1.63063 1.04218
0.682 1.3805 1.22902
0.683 1.67362 1.40456
0.684 2.36012 1.57771
0.685 3.15371 1.74843
0.686 3.73089 1.90278
0.687 3.84119 2.01169
0.688 3.39125 2.03487
0.689 2.47179 1.93168
0.69 1.31977 1.67709
0.691 0.235754 1.27599
0.692 -0.510376 0.76769
0.693 -0.756349 0.21818
0.694 -0.488872 -0.295886
0.695 0.159852 -0.705735
0.696 0.959599 -0.967633
0.697 1.65924 -1.0747
0.698 2.06679 -1.05757
0.699 2.10393 -0.970278
0.7 1.81954 -0.865876
0.701 1.36423 -0.773644
0.702 0.93837 -0.688947
0.703 0.729086 -0.577974
0.704 0.853042 -0.392656
0.705 1.32122 -0.0904881
0.706 2.03637 0.344633
0.707 2.82344 0.886868
0.708 3.48208 1.46718
0.709 3.84493 1.99109
0.71 3.82538 2.36901
0.711 3.44199 2.54449
0.712 2.81173 2.50855
0.713 2.11346 2.2979
0.714 1.53341 1.98103
0.715 1.20983 1.63624
0.716 1.19266 1.32601
0.717 1.42852 1.07615
0.718 1.77579 0.870148
0.719 2.04856 0.663125
0.72 2.07863 0.408369
0.721 1.77503 0.0824872
0.722 1.15883 -0.301149
0.723 0.360555 -0.692979
0.724 -0.41758 -1.01975
0.725 -0.961392 -1.20613
0.726 -1.10954 -1.20026
0.727 -0.806014 -0.993693
0.728 -0.123158 -0.625869
0.729 0.756655 -0.17035
0.73 1.59869 0.289882
0.731 2.19318 0.686782
0.732 2.4235 0.983453
0.733 2.30096 1.17945
0.734 1.95618 1.30454
0.735 1.5916 1.40185
0.736 1.4103 1.50592
0.737 1.54292 1.62544
0.738 1.99716 1.73935
0.739 2.64945 1.80687
0.74 3.28407 1.78498
0.741 3.66704 1.64523
0.742 3.62852 1.38548
0.743 3.12398 1.03387
0.744 2.25244 0.643139
0.745 1.22583 0.275168
0.746 0.300464 -0.0189024
0.747 -0.305662 -0.213507
0.748 -0.481936 -0.311777
0.749 -0.258039 -0.337814
0.75 0.20973 -0.324258
0.751 0.69499 -0.300441
0.752 0.982518 -0.283466
0.753 0.945296 -0.273691
0.754 0.588286 -0.256833
0.755 0.042893 -0.213112
0.756 -0.483905 -0.129273
0.757 -0.784712 -0.00646063
0.758 -0.723877 0.140066
0.759 -0.284133 0.287431
0.76 0.425629 0.412993
0.761 1.20501 0.500346
0.762 1.8299 0.542825
0.763 2.12999 0.544377
0.764 2.04618 0.517087
0.765 1.64591 0.475561
0.766 1.09315 0.430797
0.767 0.587877 0.387202
0.768 0.298389 0.344093
0.769 0.307562 0.299619
0.77 0.588283 0.254017
0.771 1.01602 0.21064
0.772 1.4155 0.174943
0.773 1.62506 0.152318
0.774 1.55398 0.145671
0.775 1.21169 0.153742
0.776 0.699872 0.171264
0.777 0.173869 0.19144
0.778 -0.21095 0.209671
0.779 -0.349731 0.226423
0.78 -0.220128 0.247603
0.781 0.114225 0.282114
0.782 0.52919 0.337491
0.783 0.8844 0.415312
0.784 1.07016 0.508375
0.785 1.04102 0.601136
0.786 0.825661 0.673793
0.787 0.511463 0.708735
0.788 0.210712 0.696739
0.789 0.0210376 0.640215
0.79 -0.00586574 0.552214
0.791 0.122966 0.45169
0.792 0.349349 0.356858
0.793 0.586349 0.278963
0.794 0.747247 0.218634
0.795 0.772871 0.166352
0.796 0.649579 0.107377
0.797 0.412193 0.0295663
0.798 0.130885 -0.0693071
0.799 -0.112745 -0.178273
0.8 -0.250644 -0.275484
0.801 -0.245616 -0.335001
0.802 -0.098055 -0.335206
0.803 0.156391 -0.266002
0.804 0.456742 -0.132793
0.805 0.733173 0.0440377
0.806 0.926707 0.234595
0.807 1.00584 0.408555
0.808 0.973813 0.544383
0.809 0.86416 0.634659
0.81 0.727894 0.685445
0.811 0.617658 0.710704
0.812 0.572547 0.724797
0.813 0.605934 0.736032
0.814 0.699652 0.742999
0.815 0.807893 0.734604
0.816 0.871356 0.694222
0.817 0.837714 0.607087
0.818 0.680978 0.467979
0.819 0.412393 0.285547
0.82 0.0792329 0.0811897
0.821 -0.247752 -0.116761
0.822 -0.494612 -0.280825
0.823 -0.606499 -0.391312
0.824 -0.565209 -0.440693
0.825 -0.396074 -0.434473
0.826 -0.161025 -0.388104
0.827 0.0612106 -0.320782
0.828 0.201619 -0.248569
0.829 0.224488 -0.179782
0.83 0.139102 -0.114268
0.831 -0.00485235 -0.0461838
0.832 -0.136183 0.031465
0.833 -0.188086 0.122418
0.834 -0.122023 0.224206
0.835 0.0578878 0.327604
0.836 0.304666 0.418942
0.837 0.543493 0.484474
0.838 0.697872 0.514841
0.839 0.717702 0.507787
0.84 0.598134 0.468445
0.841 0.381351 0.40758
0.842 0.140922 0.33858
0.843 -0.0443801 0.273925
0.844 -0.117416 0.222017
0.845 -0.0615367 0.185567
0.846 0.0942071 0.162255
0.847 0.285357 0.147054
0.848 0.435013 0.134674
0.849 0.481698 0.121119
0.85 0.401537 0.104426
0.851 0.21591 0.0849468
0.852 -0.0179106 0.0651376
0.853 -0.228439 0.0485339
0.854 -0.355177 0.0381058
0.855 -0.36846 0.0349761
0.856 -0.277771 0.0383007
0.857 -0.1263 0.046021
0.858 0.0260779 0.0555878
0.859 0.12522 0.0643144
0.86 0.142174 0.0697965
0.861 0.0824165 0.0707508
0.862 -0.0181081 0.0678617
0.863 -0.107916 0.063849
0.864 -0.139746 0.0625162
0.865 -0.0877083 0.0673858
0.866 0.0441442 0.080663
0.867 0.224252 0.102691
0.868 0.40529 0.131677
0.869 0.540336 0.16373
0.87 0.597643 0.193553
0.871 0.569456 0.215883
0.872 0.472597 0.227113
0.873 0.341027 0.226325
0.874 0.213158 0.215296
0.875 0.118765 0.197674
0.876 0.070494 0.177744
0.877 0.0627318 0.159169
0.878 0.0770656 0.143975
0.879 0.0909665 0.132139
0.88 0.0861175 0.122008
0.881 0.0542306 0.111351
0.882 -0.000680731 0.0985429
0.883 -0.0641471 0.0833848
0.884 -0.116839 0.0673298
0.885 -0.141885 0.0530612
0.886 -0.130792 0.0435431
0.887 -0.085571 0.0408391
0.888 -0.0169328 0.0451824
0.889 0.059628 0.0547731
0.89 0.127871 0.0664026
0.891 0.174228 0.0765084
0.892 0.190554 0.0821584
0.893 0.175776 0.0817426
0.894 0.135688 0.0753179
0.895 0.0807479 0.0645046
0.896 0.0228659 0.0518659
0.897 -0.0274119 0.0399579
0.898 -0.0626061 0.030506
0.899 -0.0791731 0.0241529
0.9 -0.0779636 0.0207956
0.901 -0.0640039 0.0200997
0.902 -0.0450475 0.0218292
0.903 -0.0289607 0.025966
0.904 -0.0208715 0.032695
0.905 -0.0213024 0.0422312
0.906 -0.0260449 0.0544841
0.907 -0.0277196 0.0687276
0.908 -0.018403 0.0835561
0.909 0.00742768 0.0972552
0.91 0.0504222 0.10837
0.911 0.105215 0.116084
0.912 0.161251 0.120252
0.913 0.205608 0.121209
0.914 0.227045 0.11946
0.915 0.219853 0.115313
0.916 0.185962 0.108615
0.917 0.134447 0.0988229
0.918 0.0786032 0.0854654
0.919 0.0317216 0.0687631
0.92 0.00301876 0.0499795
0.921 -0.00494026 0.0312594
0.922 0.00341857 0.0150958
0.923 0.0186412 0.0036951
0.924 0.0298977 -0.00163304
0.925 0.0290837 -0.000959022
0.926 0.0138437 0.0041615
0.927 -0.011652 0.0111908
0.928 -0.0384513 0.017609
0.929 -0.0563343 0.0218974
0.93 -0.0576653 0.023959
0.931 -0.0401342 0.0248506
0.932 -0.00751419 0.0261396
0.933 0.0316721 0.0292269
0.934 0.0670238 0.0347595
0.935 0.0896763 0.0422279
0.936 0.0951396 0.0499798
0.937 0.084624 0.0558194
0.938 0.0643572 0.0579898
0.939 0.0431167 0.0559856
0.94 0.0289605 0.0507273
0.941 0.0264814 0.0441014
0.942 0.0355778 0.0382365
0.943 0.051981 0.0348338
0.944 0.0690722 0.0346576
0.945 0.080223 0.0372578
0.946 0.0809668 0.0410948
0.947 0.0704237 0.0441483
0.948 0.0514847 0.0447718
0.949 0.0295999 0.042329
0.95 0.0106416 0.0372962
0.951 -0.00120497 0.0308964
0.952 -0.00464516 0.024565
0.953 -0.00126196 0.0194644
0.954 0.00541889 0.0161256
0.955 0.0112804 0.0142905
0.956 0.0129948 0.0130714
0.957 0.00911769 0.0114207
0.958 0.000536936 0.00867514
0.959 -0.00996226 0.00486139
0.96 -0.0188623 0.000628899
0.961 -0.0232655 -0.00306591
0.962 -0.0218349 -0.00532083
0.963 -0.0150353 -0.00558036
0.964 -0.00477882 -0.00382116
0.965 0.00626927 -0.00057243
0.966 0.0155147 0.00328184
0.967 0.021193 0.00685279
0.968 0.0228262 0.0095593
0.969 0.021197 0.0112414
0.97 0.0178716 0.0120698
0.971 0.0145177 0.0123665
0.972 0.0123272 0.012442
0.973 0.0117271 0.0124777
0.974 0.0123931 0.0124644
0.975 0.0134945 0.0122285
0.976 0.0140753 0.011554
0.977 0.0134389 0.0103329
0.978 0.0113954 0.00864285
0.979 0.00828451 0.00671146
0.98 0.00479763 0.00481355
0.981 0.00170067 0.00317811
0.982 -0.000424828 0.00193842
0.983 -0.00134191 0.0011181
0.984 -0.00118527 0.000644939
0.985 -0.000359213 0.000394889
0.986 0.000644601 0.00025326
0.987 0.00142683 0.000158236
0.988 0.00178499 0.000101447
0.989 0.00172097 9.60903e-05
0.99 0.00137732 0.000144816
0.991 0.000945335 0.000228554
0.992 0.000581562 0.000313904
0.993 0.00035835 0.000367091
0.994 0.000261329 0.000367042
0.995 0.000227374 0.000313632
0.996 0.000195515 0.000226556
0.997 0.000139841 0.000134206
0.998 7.1488e-05 5.98654e-05
0.999 1.83371e-05 1.46696e-05
0.12 1.30713 0.100068
0.24 1.31034 0.101631
0.36 1.31568 0.104228
0.48 1.32313 0.107843
0.6 1.33266 0.112457
0.72 1.34422 0.118045
0.84 1.35777 0.124577
0.96 1.37326 0.132017
1.08 1.39061 0.140326
1.2 1.40977 0.149459
1.32 1.43065 0.159367
1.44 1.45318 0.169999
1.56 1.47725 0.181298
1.68 1.50277 0.193206
1.8 1.52965 0.205662
1.92 1.55777 0.218602
2.04 1.58702 0.231961
2.16 1.61728 0.245673
2.28 1.64845 0.259669
2.4 1.68039 0.273884
2.52 1.71299 0.28825
2.64 1.74611 0.302699
2.76 1.77964 0.317166
2.88 1.81344 0.331588
3 1.84739 0.345901
3.12 1.88135 0.360046
3.24 1.91522 0.373965
3.36 1.94885 0.387606
3.48 1.98213 0.400916
3.6 2.01495 0.41385
3.72 2.04717 0.426364
3.84 2.07871 0.43842
3.96 2.10943 0.449984
4.08 2.13925 0.461026
4.2 2.16807 0.471522
4.32 2.19578 0.481451
4.44 2.22231 0.4908
4.56 2.24757 0.499558
4.68 2.27149 0.50772
4.8 2.294 0.515286
4.92 2.31504 0.522261
5.04 2.33455 0.528653
5.16 2.35248 0.534476
5.28 2.3688 0.539749
5.4 2.38347 0.544492
5.52 2.39647 0.548731
5.64 2.40777 0.552495
5.76 2.41736 0.555816
5.88 2.42525 0.558728
6 2.43143 0.561267
6.12 2.43591 0.563473
6.24 2.43871 0.565386
6.36 2.43984 0.567046
6.48 2.43936 0.568495
6.6 2.43727 0.569777
6.72 2.43363 0.570932
6.84 2.42849 0.572001
6.96 2.42189 0.573026
7.08 2.4139 0.574044
7.2 2.40456 0.575093
7.32 2.39396 0.576208
7.44 2.38216 0.57742
7.56 2.36923 0.57876
7.68 2.35524 0.580253
7.8 2.34029 0.581922
7.92 2.32443 0.583786
8.04 2.30777 0.585861
8.16 2.29039 0.588158
8.28 2.27236 0.590684
8.4 2.25377 0.593441
8.52 2.23471 0.596428
8.64 2.21527 0.59964
8.76 2.19552 0.603065
8.88 2.17556 0.606691
9 2.15546 0.610497
9.12 2.1353 0.614462
9.24 2.11517 0.618559
9.36 2.09513 0.622757
9.48 2.07525 0.627025
9.6 2.05562 0.631324
9.72 2.03628 0.635615
9.84 2.01731 0.639857
9.96 1.99875 0.644006
10.08 1.98067 0.648015
10.2 1.96311 0.651837
10.32 1.94611 0.655424
10.44 1.92971 0.658727
10.56 1.91395 0.661697
10.68 1.89886 0.664286
10.8 1.88445 0.666444
10.92 1.87074 0.668126
11.04 1.85775 0.669285
11.16 1.84548 0.669877
11.28 1.83393 0.669862
11.4 1.8231 0.669201
11.52 1.81298 0.667857
11.64 1.80356 0.665798
11.76 1.7948 0.662996
11.88 1.7867 0.659425
12 1.77921 0.655065
12.12 1.77231 0.649898
12.24 1.76595 0.643914
12.36 1.7601 0.637103
12.48 1.7547 0.629464
12.6 1.7497 0.620999
12.72 1.74504 0.611714
12.84 1.74068 0.601621
12.96 1.73655 0.590737
13.08 1.73259 0.579082
13.2 1.72872 0.566681
13.32 1.7249 0.553566
13.44 1.72104 0.539769
13.56 1.71708 0.525328
13.68 1.71295 0.510286
13.8 1.70858 0.494687
13.92 1.7039 0.478579
14.04 1.69884 0.462013
14.16 1.69334 0.445042
14.28 1.68732 0.427721
14.4 1.68073 0.410106
14.52 1.6735 0.392257
14.64 1.66556 0.37423
14.76 1.65688 0.356086
14.88 1.64738 0.337884
15 1.63702 0.319682
15.12 1.62575 0.301538
15.24 1.61353 0.283509
15.36 1.60033 0.26565
15.48 1.5861 0.248014
15.6 1.57083 0.230651
15.72 1.55448 0.213611
15.84 1.53704 0.196938
15.96 1.51849 0.180675
16.08 1.49883 0.164861
16.2 1.47806 0.14953
16.32 1.45617 0.134714
16.44 1.43318 0.120441
16.56 1.4091 0.106734
16.68 1.38395 0.0936114
16.8 1.35775 0.0810891
16.92 1.33053 0.0691778
17.04 1.30234 0.0578841
17.16 1.27321 0.0472106
17.28 1.24318 0.0371559
17.4 1.2123 0.0277145
17.52 1.18063 0.0188774
17.64 1.14823 0.0106318
17.76 1.11515 0.00296177
17.88 1.08146 -0.00415192
18 1.04724 -0.0107313
18.12 1.01254 -0.0168011
18.24 0.977436 -0.0223881
18.36 0.942013 -0.0275215
18.48 0.906342 -0.0322319
18.6 0.870501 -0.0365514
18.72 0.834568 -0.040513
18.84 0.798621 -0.0441505
18.96 0.762738 -0.0474982
19.08 0.727 -0.0505903
19.2 0.691482 -0.0534606
19.32 0.656261 -0.0561427
19.44 0.621412 -0.058669
19.56 0.587007 -0.0610707
19.68 0.553119 -0.0633779
19.8 0.519814 -0.0656187
19.92 0.487158 -0.0678194
20.04 0.455213 -0.070004
20.16 0.424038 -0.0721945
20.28 0.393689 -0.0744101
20.4 0.364216 -0.0766676
20.52 0.335666 -0.0789811
20.64 0.308083 -0.0813617
20.76 0.281505 -0.0838179
20.88 0.255967 -0.0863553
21 0.231497 -0.0889764
21.12 0.208121 -0.0916813
21.24 0.185859 -0.0944669
21.36 0.164726 -0.0973278
21.48 0.144734 -0.100256
21.6 0.12589 -0.10324
21.72 0.108193 -0.106269
21.84 0.0916436 -0.109326
21.96 0.0762333 -0.112395
22.08 0.0619515 -0.115458
22.2 0.0487833 -0.118494
22.32 0.0367101 -0.121483
22.44 0.0257096 -0.124401
22.56 0.0157562 -0.127227
22.68 0.00682103 -0.129936
22.8 -0.00112743 -0.132505
22.92 -0.00812344 -0.13491
23.04 -0.0142036 -0.137128
23.16 -0.0194066 -0.139136
23.28 -0.0237731 -0.140911
23.4 -0.0273449 -0.142432
23.52 -0.0301655 -0.14368
23.64 -0.0322791 -0.144635
23.76 -0.0337308 -0.145282
23.88 -0.0345662 -0.145603
24 -0.0348308 -0.145586
24.12 -0.0345704 -0.14522
24.24 -0.0338303 -0.144496
24.36 -0.0326553 -0.143406
24.48 -0.0310897 -0.141946
24.6 -0.0291765 -0.140115
24.72 -0.0269578 -0.137911
24.84 -0.0244746 -0.135339
24.96 -0.021766 -0.132402
25.08 -0.0188699 -0.129109
25.2 -0.0158224 -0.125469
25.32 -0.0126578 -0.121494
25.44 -0.00940835 -0.117199
25.56 -0.00610456 -0.112599
25.68 -0.00277483 -0.107714
25.8 0.000554495 -0.102562
25.92 0.00385912 -0.0971662
26.04 0.00711683 -0.0915486
26.16 0.0103075 -0.0857337
26.28 0.013413 -0.0797471
26.4 0.0164172 -0.073615
26.52 0.0193061 -0.0673644
26.64 0.0220674 -0.0610229
26.76 0.0246906 -0.0546184
26.88 0.0271672 -0.0481787
27 0.0294901 -0.0417318
27.12 0.0316539 -0.0353051
27.24 0.0336546 -0.0289259
27.36 0.0354898 -0.0226206
27.48 0.0371581 -0.0164149
27.6 0.0386594 -0.0103333
27.72 0.0399946 -0.00439938
27.84 0.0411654 0.00136455
27.96 0.0421747 0.00693768
28.08 0.0430259 0.0123007
28.2 0.043723 0.0174358
28.32 0.0442706 0.022327
28.44 0.0446737 0.0269601
28.56 0.0449377 0.0313226
28.68 0.0450683 0.035404
28.8 0.0450713 0.0391953
28.92 0.0449527 0.04269
29.04 0.0447184 0.0458829
29.16 0.0443746 0.048771
29.28 0.0439271 0.051353
29.4 0.0433819 0.0536293
29.52 0.0427447 0.0556022
29.64 0.0420211 0.0572754
29.76 0.0412165 0.0586544
29.88 0.0403361 0.0597459
30 0.039385 0.0605582
30.12 0.0383678 0.0611006
30.24 0.0372893 0.0613839
30.36 0.0361537 0.0614196
30.48 0.0349653 0.0612203
30.6 0.033728 0.0607992
30.72 0.0324457 0.0601704
30.84 0.031122 0.0593483
30.96 0.0297604 0.058348
31.08 0.0283645 0.0571845
31.2 0.0269376 0.0558733
31.32 0.0254829 0.0544299
31.44 0.0240036 0.0528696
31.56 0.0225031 0.0512077
31.68 0.0209845 0.0494591
31.8 0.0194512 0.0476386
31.92 0.0179063 0.0457603
32.04 0.0163532 0.0438379
32.16 0.0147954 0.0418847
32.28 0.0132363 0.039913
32.4 0.0116796 0.0379348
32.52 0.0101289 0.0359612
32.64 0.0085879 0.0340024
32.76 0.00706053 0.0320681
32.88 0.0055507 0.030167
33 0.00406243 0.028307
33.12 0.00259977 0.0264953
33.24 0.00116686 0.0247381
33.36 -0.000232152 0.0230409
33.48 -0.0015931 0.0214085
33.6 -0.00291184 0.0198447
33.72 -0.00418422 0.0183529
33.84 -0.00540618 0.0169353
33.96 -0.00657374 0.015594
34.08 -0.007683 0.0143301
34.2 -0.00873024 0.0131441
34.32 -0.00971186 0.0120362
34.44 -0.0106245 0.0110058
34.56 -0.0114649 0.0100522
34.68 -0.0122303 0.00917403
34.8 -0.0129179 0.0083696
34.92 -0.0135253 0.00763696
35.04 -0.0140506 0.00697389
35.16 -0.014492 0.00637794
35.28 -0.0148481 0.00584648
35.4 -0.015118 0.00537674
35.52 -0.0153009 0.00496586
35.64 -0.0153967 0.00461089
35.76 -0.0154054 0.00430887
35.88 -0.0153277 0.00405682
36 -0.0151645 0.00385178
36.12 -0.014917 0.00369083
36.24 -0.014587 0.00357113
36.36 -0.0141766 0.0034899
36.48 -0.0136882 0.00344446
36.6 -0.0131246 0.00343222
36.72 -0.0124888 0.00345073
36.84 -0.0117844 0.00349762
36.96 -0.011015 0.00357065
37.08 -0.0101847 0.00366769
37.2 -0.00929753 0.00378675
37.32 -0.00835801 0.00392593
37.44 -0.00737071 0.00408344
37.56 -0.00634037 0.00425758
37.68 -0.00527185 0.00444676
37.8 -0.0041701 0.00464947
37.92 -0.0030401 0.00486427
38.04 -0.00188689 0.00508979
38.16 -0.000715477 0.00532473
38.28 0.000469161 0.00556781
38.4 0.00166211 0.00581782
38.52 0.00285856 0.00607357
38.64 0.00405382 0.00633389
38.76 0.00524332 0.00659766
38.88 0.0064227 0.00686374
39 0.00758775 0.00713101
39.12 0.00873451 0.00739836
39.24 0.0098592 0.0076647
39.36 0.0109583 0.00792891
39.48 0.0120286 0.00818991
39.6 0.0130671 0.0084466
39.72 0.014071 0.0086979
39.84 0.0150378 0.00894274
39.96 0.0159655 0.00918004
40.08 0.0168521 0.00940879
40.2 0.017696 0.00962795
40.32 0.0184958 0.00983655
40.44 0.0192505 0.0100336
40.56 0.0199592 0.0102183
40.68 0.0206214 0.0103897
40.8 0.0212368 0.0105471
40.92 0.0218052 0.0106896
41.04 0.0223269 0.0108167
41.16 0.022802 0.0109277
41.28 0.0232311 0.0110222
41.4 0.023615 0.0110998
41.52 0.0239543 0.01116
41.64 0.0242502 0.0112028
41.76 0.0245037 0.0112278
41.88 0.024716 0.0112352
42 0.0248883 0.0112249
42.12 0.0250222 0.0111971
42.24 0.025119 0.0111522
42.36 0.0251801 0.0110903
42.48 0.0252071 0.011012
42.6 0.0252016 0.0109178
42.72 0.025165 0.0108082
42.84 0.0250989 0.0106841
42.96 0.0250048 0.010546
43.08 0.0248843 0.0103949
43.2 0.0247387 0.0102316
43.32 0.0245695 0.010057
43.44 0.0243782 0.00987205
43.56 0.024166 0.00967771
43.68 0.0239343 0.00947498
43.8 0.0236842 0.00926485
43.92 0.0234171 0.00904833
44.04 0.0231341 0.0088264
44.16 0.0228362 0.00860002
44.28 0.0225245 0.00837014
44.4 0.0222 0.00813767
44.52 0.0218636 0.00790348
44.64 0.0215162 0.00766839
44.76 0.0211587 0.00743316
44.88 0.0207919 0.00719851
45 0.0204166 0.00696508
45.12 0.0200335 0.00673347
45.24 0.0196433 0.00650418
45.36 0.0192468 0.00627768
45.48 0.0188445 0.00605433
45.6 0.0184372 0.00583447
45.72 0.0180255 0.00561833
45.84 0.01761 0.0054061
45.96 0.0171912 0.00519791
46.08 0.0167698 0.00499382
46.2 0.0163464 0.00479384
46.32 0.0159215 0.00459794
46.44 0.0154958 0.00440605
46.56 0.0150696 0.00421805
46.68 0.0146437 0.00403379
46.8 0.0142185 0.00385312
46.92 0.0137945 0.00367583
47.04 0.0133723 0.00350174
47.16 0.0129523 0.00333063
47.28 0.0125351 0.00316232
47.4 0.012121 0.0029966
47.52 0.0117106 0.00283328
47.64 0.0113042 0.00267222
47.76 0.0109022 0.00251326
47.88 0.010505 0.00235629
48 0.010113 0.00220122
48.12 0.00972628 0.00204802
48.24 0.00934528 0.00189666
48.36 0.00897017 0.00174716
48.48 0.00860114 0.0015996
48.6 0.00823835 0.00145406
48.72 0.00788191 0.00131071
48.84 0.00753188 0.0011697
48.96 0.00718829 0.00103127
49.08 0.00685115 0.000895649
49.2 0.00652041 0.000763129
49.32 0.00619598 0.000634014
49.44 0.00587775 0.000508637
49.56 0.00556557 0.000387348
49.68 0.00525926 0.000270512
49.8 0.00495863 0.000158506
49.92 0.00466343 5.17103e-05
50.04 0.00437343 -4.94961e-05
50.16 0.00408836 -0.000144739
50.28 0.00380794 -0.000233655
50.4 0.0035319 -0.000315898
50.52 0.00325995 -0.000391143
50.64 0.00299181 -0.000459091
50.76 0.0027272 -0.000519475
50.88 0.00246586 -0.00057206
51 0.00220754 -0.000616655
51.12 0.001952 -0.000653106
51.24 0.00169905 -0.000681308
51.36 0.0014485 -0.000701203
51.48 0.00120021 -0.000712782
51.6 0.000954056 -0.000716086
51.72 0.000709963 -0.000711211
51.84 0.000467891 -0.000698301
51.96 0.000227839 -0.000677555
52.08 -1.015e-05 -0.000649221
52.2 -0.000245993 -0.000613597
52.32 -0.000479564 -0.000571028
52.44 -0.000710697 -0.000521904
52.56 -0.000939181 -0.000466659
52.68 -0.00116477 -0.000405763
52.8 -0.00138718 -0.000339725
52.92 -0.00160609 -0.000269083
53.04 -0.00182115 -0.000194403
53.16 -0.00203198 -0.000116275
53.28 -0.00223817 -3.53066e-05
53.4 -0.0024393 4.78794e-05
53.52 -0.00263493 0.000132652
53.64 -0.0028246 0.000218374
53.76 -0.00300787 0.00030441
53.88 -0.00318427 0.000390126
54 -0.00335334 0.000474901
54.12 -0.00351465 0.000558121
54.24 -0.00366776 0.000639195
54.36 -0.00381227 0.000717547
54.48 -0.00394779 0.000792629
54.6 -0.00407396 0.000863917
54.72 -0.00419047 0.000930919
54.84 -0.00429704 0.000993173
54.96 -0.00439343 0.00105025
55.08 -0.00447945 0.00110177
55.2 -0.00455496 0.00114737
55.32 -0.00461987 0.00118674
55.44 -0.00467413 0.0012196
55.56 -0.00471778 0.00124573
55.68 -0.00475088 0.00126492
55.8 -0.00477357 0.00127703
55.92 -0.00478604 0.00128193
56.04 -0.00478853 0.00127956
56.16 -0.00478135 0.00126988
56.28 -0.00476485 0.00125288
56.4 -0.00473942 0.00122862
56.52 -0.00470553 0.00119715
56.64 -0.00466365 0.0011586
56.76 -0.00461434 0.0011131
56.88 -0.00455817 0.00106082
57 -0.00449572 0.00100196
57.12 -0.00442764 0.000936763
57.24 -0.00435459 0.000865479
57.36 -0.00427721 0.000788393
57.48 -0.00419621 0.000705816
57.6 -0.00411226 0.000618079
57.72 -0.00402605 0.000525538
57.84 -0.00393826 0.000428567
57.96 -0.00384957 0.000327562
58.08 -0.00376064 0.000222937
58.2 -0.00367209 0.000115124
58.32 -0.00358454 4.56968e-06
58.44 -0.00349858 -0.000108261
58.56 -0.00341474 -0.00022289
58.68 -0.00333355 -0.000338827
58.8 -0.00325548 -0.000455567
58.92 -0.00318095 -0.000572595
59.04 -0.00311034 -0.000689387
59.16 -0.00304399 -0.000805409
59.28 -0.00298218 -0.00092012
59.4 -0.00292516 -0.00103297
59.52 -0.00287311 -0.00114342
59.64 -0.00282616 -0.00125091
59.76 -0.0027844 -0.00135489
59.88 -0.00274786 -0.0014548
60 -0.00271655 -0.00155011
60.12 -0.0026904 -0.00164026
60.24 -0.00266931 -0.00172474
60.36 -0.00265316 -0.00180302
60.48 -0.00264175 -0.0018746
60.6 -0.00263489 -0.00193899
60.72 -0.00263233 -0.00199572
60.84 -0.0026338 -0.00204436
60.96 -0.00263901 -0.0020845
61.08 -0.00264765 -0.00211574
61.2 -0.00265939 -0.00213773
61.32 -0.0026739 -0.00215017
61.44 -0.00269081 -0.00215278
61.56 -0.00270978 -0.00214533
61.68 -0.00273046 -0.00212763
61.8 -0.00275249 -0.00209955
61.92 -0.00277551 -0.002061
62.04 -0.0027992 -0.00201194
62.16 -0.00282322 -0.0019524
62.28 -0.00284726 -0.00188245
62.4 -0.00287101 -0.00180222
62.52 -0.00289418 -0.00171191
62.64 -0.00291651 -0.00161176
62.76 -0.00293775 -0.00150208
62.88 -0.00295767 -0.00138323
63 -0.00297606 -0.00125564
63.12 -0.00299273 -0.00111977
63.24 -0.0030075 -0.000976154
63.36 -0.00302021 -0.000825363
63.48 -0.00303075 -0.000668021
63.6 -0.00303897 -0.000504791
63.72 -0.00304478 -0.000336377
63.84 -0.00304809 -0.000163516
63.96 -0.00304882 1.30238e-05
64.08 -0.00304689 0.00019245
64.2 -0.00304224 0.000373951
64.32 -0.00303483 0.000556702
64.44 -0.00302459 0.00073987
64.56 -0.00301147 0.000922621
64.68 -0.00299544 0.00110412
64.8 -0.00297644 0.00128356
64.92 -0.00295441 0.00146013
65.04 -0.00292932 0.00163305
65.16 -0.00290109 0.00180157
65.28 -0.00286966 0.00196498
65.4 -0.00283498 0.0021226
65.52 -0.00279695 0.0022738
65.64 -0.00275552 0.002418
65.76 -0.00271058 0.00255468
65.88 -0.00266206 0.00268336
66 -0.00260986 0.00280364
66.12 -0.00255389 0.00291518
66.24 -0.00249407 0.00301771
66.36 -0.00243029 0.00311101
66.48 -0.00236248 0.00319496
66.6 -0.00229055 0.00326949
66.72 -0.00221444 0.00333459
66.84 -0.00213409 0.00339035
66.96 -0.00204946 0.0034369
67.08 -0.00196052 0.00347443
67.2 -0.00186725 0.00350323
67.32 -0.0017697 0.00352361
67.44 -0.00166788 0.00353594
67.56 -0.00156188 0.00354067
67.68 -0.00145181 0.00353826
67.8 -0.00133778 0.00352923
67.92 -0.00121998 0.00351413
68.04 -0.00109861 0.00349353
68.16 -0.000973914 0.00346803
68.28 -0.000846174 0.00343826
68.4 -0.00071571 0.00340484
68.52 -0.000582883 0.00336839
68.64 -0.000448089 0.00332954
68.76 -0.000311763 0.00328892
68.88 -0.000174373 0.00324711
69 -3.64234e-05 0.00320471
69.12 0.000101553 0.00316226
69.24 0.000238994 0.00312028
69.36 0.000375316 0.00307927
69.48 0.000509912 0.00303965
69.6 0.000642162 0.00300182
69.72 0.000771434 0.00296614
69.84 0.000897089 0.00293289
69.96 0.00101849 0.00290232
70.08 0.001135 0.00287461
70.2 0.001246 0.00284988
70.32 0.00135089 0.00282821
70.44 0.00144908 0.00280961
70.56 0.00154003 0.00279403
70.68 0.0016232 0.00278138
70.8 0.00169812 0.00277149
70.92 0.00176436 0.00276416
71.04 0.00182154 0.00275914
71.16 0.00186933 0.00275612
71.28 0.00190745 0.00275476
71.4 0.0019357 0.00275469
71.52 0.00195395 0.00275548
71.64 0.00196212 0.00275671
71.76 0.0019602 0.00275789
71.88 0.00194827 0.00275855
72 0.00192645 0.0027582
72.12 0.00189497 0.00275632
72.24 0.00185409 0.0027524
72.36 0.00180415 0.00274595
72.48 0.00174557 0.00273646
72.6 0.00167879 0.00272344
72.72 0.00160435 0.00270644
72.84 0.0015228 0.00268499
72.96 0.00143474 0.00265869
73.08 0.00134083 0.00262713
73.2 0.00124173 0.00258997
73.32 0.00113813 0.00254688
73.44 0.00103073 0.00249758
73.56 0.000920227 0.00244185
73.68 0.00080732 0.00237947
73.8 0.000692687 0.00231032
73.92 0.000576981 0.0022343
74.04 0.000460823 0.00215136
74.16 0.000344788 0.00206151
74.28 0.000229399 0.00196479
74.4 0.000115121 0.00186133
74.52 2.34795e-06 0.00175127
74.64 -0.0001086 0.00163483
74.76 -0.000217486 0.00151226
74.88 -0.000324158 0.00138388
75 -0.000428559 0.00125003
75.12 -0.000530727 0.00111111
75.24 -0.000630797 0.000967585
75.36 -0.000729007 0.000819927
75.48 -0.000825694 0.000668672
75.6 -0.000921293 0.00051439
75.72 -0.00101634 0.000357689
75.84 -0.00111146 0.000199213
75.96 -0.00120738 3.96397e-05
76.08 -0.00130489 -0.000120321
76.2 -0.00140489 -0.000279929
76.32 -0.0015083 -0.000438417
76.44 -0.00161615 -0.000594992
76.56 -0.00172949 -0.000748836
76.68 -0.00184943 -0.00089911
76.8 -0.00197708 -0.00104496
76.92 -0.00211358 -0.0011855
77.04 -0.00226008 -0.00131984
77.16 -0.0024177 -0.00144708
77.28 -0.00258756 -0.0015663
77.4 -0.00277071 -0.00167658
77.52 -0.00296817 -0.00177699
77.64 -0.00318089 -0.0018666
77.76 -0.00340973 -0.00194447
77.88 -0.00365549 -0.00200968
78 -0.00391882 -0.00206131
78.12 -0.00420029 -0.00209846
78.24 -0.00450035 -0.00212021
78.36 -0.00481929 -0.00212572
78.48 -0.00515728 -0.00211411
78.6 -0.00551435 -0.00208459
78.72 -0.00589036 -0.00203635
78.84 -0.00628503 -0.00196867
78.96 -0.00669792 -0.00188084
79.08 -0.00712845 -0.00177223
79.2 -0.00757588 -0.00164225
79.32 -0.0080393 -0.00149039
79.44 -0.00851771 -0.00131622
79.56 -0.00900993 -0.00111937
79.68 -0.00951467 -0.00089958
79.8 -0.0100305 -0.000656682
79.92 -0.010556 -0.000390613
80.04 -0.0110895 -0.000101422
80.16 -0.0116294 0.00021072
80.28 -0.0121739 0.000545515
80.4 -0.0127213 0.000902529
80.52 -0.0132698 0.00128119
80.64 -0.0138177 0.00168076
80.76 -0.0143631 0.00210037
80.88 -0.0149043 0.00253899
81 -0.0154396 0.0029954
81.12 -0.0159675 0.00346823
81.24 -0.0164864 0.00395595
81.36 -0.0169949 0.00445683
81.48 -0.0174917 0.00496898
81.6 -0.0179756 0.00549034
81.72 -0.0184457 0.00601866
81.84 -0.0189012 0.00655154
81.96 -0.0193412 0.00708639
82.08 -0.0197654 0.00762049
82.2 -0.0201735 0.00815093
82.32 -0.0205653 0.00867466
82.44 -0.0209409 0.00918851
82.56 -0.0213005 0.00968916
82.68 -0.0216446 0.0101732
82.8 -0.0219738 0.0106371
82.92 -0.0222889 0.0110771
83.04 -0.0225907 0.0114898
83.16 -0.0228804 0.0118712
83.28 -0.0231592 0.0122175
83.4 -0.0234282 0.0125251
83.52 -0.0236889 0.0127901
83.64 -0.0239427 0.0130086
83.76 -0.0241911 0.013177
83.88 -0.0244354 0.0132917
84 -0.0246771 0.0133489
84.12 -0.0249175 0.0133454
84.24 -0.0251581 0.0132776
84.36 -0.0253999 0.0131426
84.48 -0.0256439 0.0129372
84.6 -0.0258912 0.0126589
84.72 -0.0261423 0.0123049
84.84 -0.0263977 0.011873
84.96 -0.0266577 0.0113613
85.08 -0.0269222 0.0107681
85.2 -0.0271909 0.0100919
85.32 -0.0274631 0.00933165
85.44 -0.027738 0.00848675
85.56 -0.0280143 0.00755682
85.68 -0.0282903 0.00654193
85.8 -0.0285641 0.00544254
85.92 -0.0288336 0.00425949
86.04 -0.0290961 0.00299407
86.16 -0.0293486 0.00164797
86.28 -0.0295881 0.00022332
86.4 -0.029811 -0.00127733
86.52 -0.0300135 -0.002851
86.64 -0.0301918 -0.00449429
86.76 -0.0303415 -0.00620336
86.88 -0.0304584 -0.00797397
87 -0.030538 -0.00980147
87.12 -0.0305757 -0.0116808
87.24 -0.0305669 -0.0136066
87.36 -0.0305071 -0.015573
87.48 -0.0303918 -0.0175738
87.6 -0.0302165 -0.0196027
87.72 -0.0299771 -0.0216529
87.84 -0.0296695 -0.0237172
87.96 -0.02929 -0.0257884
88.08 -0.0288354 -0.027859
88.2 -0.0283026 -0.0299212
88.32 -0.0276892 -0.031967
88.44 -0.0269932 -0.0339885
88.56 -0.0262131 -0.0359775
88.68 -0.0253481 -0.0379258
88.8 -0.0243982 -0.0398251
88.92 -0.0233638 -0.041667
89.04 -0.0222461 -0.0434435
89.16 -0.0210472 -0.0451463
89.28 -0.0197699 -0.0467672
89.4 -0.0184178 -0.0482985
89.52 -0.0169952 -0.0497322
89.64 -0.0155075 -0.0510609
89.76 -0.0139606 -0.0522772
89.88 -0.0123613 -0.0533741
90 -0.0107172 -0.0543448
90.12 -0.00903679 -0.0551828
90.24 -0.00732906 -0.0558823
90.36 -0.00560378 -0.0564374
90.48 -0.00387135 -0.0568429
90.6 -0.00214274 -0.0570942
90.72 -0.000429423 -0.0571868
90.84 0.00125667 -0.0571169
90.96 0.00290327 -0.0568813
91.08 0.00449779 -0.0564772
91.2 0.00602747 -0.0559023
91.32 0.00747945 -0.055155
91.44 0.00884084 -0.0542343
91.56 0.0100989 -0.0531395
91.68 0.0112409 -0.0518709
91.8 0.0122547 -0.050429
91.92 0.0131283 -0.0488153
92.04 0.0138503 -0.0470316
92.16 0.0144099 -0.0450803
92.28 0.014797 -0.0429647
92.4 0.0150024 -0.0406883
92.52 0.0150176 -0.0382554
92.64 0.0148351 -0.0356708
92.76 0.0144487 -0.0329399
92.88 0.013853 -0.0300686
93 0.0130442 -0.0270633
93.12 0.0120195 -0.023931
93.24 0.0107774 -0.020679
93.36 0.0093179 -0.0173152
93.48 0.00764242 -0.0138478
93.6 0.00575372 -0.0102855
93.72 0.00365604 -0.00663726
93.84 0.00135505 -0.00291249
93.96 -0.00114213 0.0008792
94.08 -0.00382697 0.00472792
94.2 -0.00668956 0.00862355
94.32 -0.00971865 0.0125558
94.44 -0.0129017 0.0165142
94.56 -0.016225 0.0204881
94.68 -0.0196735 0.0244671
94.8 -0.0232314 0.0284404
94.92 -0.0268816 0.0323974
95.04 -0.0306064 0.0363275
95.16 -0.0343871 0.0402203
95.28 -0.0382046 0.0440654
95.4 -0.0420392 0.0478527
95.52 -0.0458707 0.0515723
95.64 -0.0496787 0.0552144
95.76 -0.0534428 0.0587697
95.88 -0.0571424 0.0622291
96 -0.0607573 0.0655841
96.12 -0.0642674 0.0688262
96.24 -0.0676531 0.0719478
96.36 -0.0708955 0.0749414
96.48 -0.0739762 0.0778001
96.6 -0.0768777 0.0805176
96.72 -0.0795835 0.083088
96.84 -0.0820782 0.0855062
96.96 -0.0843475 0.0877674
97.08 -0.0863784 0.0898675
97.2 -0.0881593 0.0918031
97.32 -0.0896799 0.0935712
97.44 -0.0909316 0.0951696
97.56 -0.0919073 0.0965967
97.68 -0.0926015 0.0978513
97.8 -0.0930104 0.0989331
97.92 -0.0931318 0.0998422
98.04 -0.0929654 0.100579
98.16 -0.0925122 0.101146
98.28 -0.0917751 0.101544
98.4 -0.0907587 0.101775
98.52 -0.089469 0.101843
98.64 -0.0879138 0.101752
98.76 -0.086102 0.101504
98.88 -0.0840442 0.101104
99 -0.0817521 0.100556
99.12 -0.079239 0.0998669
99.24 -0.0765188 0.0990405
99.36 -0.0736067 0.0980828
99.48 -0.0705187 0.0969995
99.6 -0.0672717 0.0957968
99.72 -0.0638831 0.0944807
99.84 -0.0603708 0.0930575
99.96 -0.0567531 0.0915336
100.08 -0.0530485 0.0899153
100.2 -0.0492758 0.0882091
100.32 -0.0454534 0.0864211
100.44 -0.0416 0.0845577
100.56 -0.0377336 0.0826249
100.68 -0.033872 0.0806286
100.8 -0.0300325 0.0785746
100.92 -0.0262316 0.0764685
101.04 -0.0224852 0.0743153
101.16 -0.0188084 0.0721203
101.28 -0.0152152 0.069888
101.4 -0.0117189 0.067623
101.52 -0.00833133 0.0653292
101.64 -0.00506356 0.0630104
101.76 -0.00192533 0.06067
101.88 0.00107477 0.0583112
102 0.00392941 0.0559366
102.12 0.00663246 0.0535487
102.24 0.00917904 0.0511495
102.36 0.0115655 0.0487408
102.48 0.0137894 0.0463241
102.6 0.0158494 0.0439005
102.72 0.0177454 0.0414711
102.84 0.0194784 0.0390366
102.96 0.0210503 0.0365974
103.08 0.0224641 0.0341539
103.2 0.0237235 0.0317064
103.32 0.0248334 0.0292549
103.44 0.0257991 0.0267995
103.56 0.0266266 0.0243401
103.68 0.0273225 0.0218769
103.8 0.0278939 0.0194099
103.92 0.0283482 0.0169392
104.04 0.0286933 0.0144651
104.16 0.0289371 0.011988
104.28 0.0290875 0.00950845
104.4 0.0291526 0.0070274
104.52 0.0291406 0.00454588
104.64 0.029059 0.00206527
104.76 0.0289158 -0.000412771
104.88 0.028718 -0.00288623
105 0.0284729 -0.00535275
105.12 0.0281869 -0.00780962
105.24 0.0278662 -0.0102537
105.36 0.0275165 -0.0126816
105.48 0.027143 -0.0150894
105.6 0.0267502 -0.0174729
105.72 0.0263422 -0.0198275
105.84 0.0259225 -0.022148
105.96 0.025494 -0.0244293
106.08 0.0250592 -0.0266657
106.2 0.0246199 -0.0288511
106.32 0.0241774 -0.0309793
106.44 0.0237328 -0.0330439
106.56 0.0232863 -0.035038
106.68 0.0228382 -0.0369548
106.8 0.0223882 -0.0387873
106.92 0.0219356 -0.0405285
107.04 0.0214798 -0.0421712
107.16 0.0210198 -0.0437083
107.28 0.0205546 -0.0451328
107.4 0.020083 -0.0464378
107.52 0.019604 -0.0476167
107.64 0.0191166 -0.0486631
107.76 0.0186199 -0.0495707
107.88 0.0181133 -0.0503339
108 0.0175964 -0.0509472
108.12 0.017069 -0.0514057
108.24 0.0165314 -0.0517052
108.36 0.0159842 -0.0518418
108.48 0.0154285 -0.0518123
108.6 0.0148658 -0.0516143
108.72 0.0142979 -0.0512458
108.84 0.0137274 -0.0507058
108.96 0.0131572 -0.0499941
109.08 0.0125907 -0.049111
109.2 0.0120318 -0.0480578
109.32 0.0114849 -0.0468368
109.44 0.0109547 -0.0454508
109.56 0.0104465 -0.0439036
109.68 0.00996588 -0.0421999
109.8 0.00951867 -0.0403451
109.92 0.00911105 -0.0383455
110.04 0.00874941 -0.0362082
110.16 0.00844027 -0.033941
110.28 0.00819024 -0.0315525
110.4 0.00800594 -0.0290519
110.52 0.00789394 -0.0264493
110.64 0.00786065 -0.0237552
110.76 0.00791228 -0.0209806
110.88 0.00805476 -0.0181372
111 0.00829364 -0.015237
111.12 0.00863402 -0.0122924
111.24 0.00908051 -0.00931613
111.36 0.00963711 -0.00632117
111.48 0.0103072 -0.00332062
111.6 0.0110934 -0.000327686
111.72 0.0119976 0.00264441
111.84 0.0130208 0.00558252
111.96 0.0141634 0.00847363
112.08 0.0154245 0.0113049
112.2 0.0168027 0.0140639
112.32 0.0182953 0.0167384
112.44 0.019899 0.0193167
112.56 0.0216093 0.0217875
112.68 0.0234209 0.0241403
112.8 0.0253275 0.026365
112.92 0.027322 0.0284521
113.04 0.0293965 0.0303932
113.16 0.0315421 0.0321802
113.28 0.0337494 0.0338063
113.4 0.0360082 0.0352653
113.52 0.0383076 0.0365519
113.64 0.0406363 0.0376616
113.76 0.0429827 0.0385913
113.88 0.0453345 0.0393382
114 0.0476793 0.039901
114.12 0.0500047 0.0402792
114.24 0.0522979 0.040473
114.36 0.0545466 0.040484
114.48 0.0567381 0.0403143
114.6 0.0588605 0.0399673
114.72 0.0609018 0.0394469
114.84 0.0628507 0.0387581
114.96 0.0646965 0.0379067
115.08 0.0664291 0.0368992
115.2 0.0680389 0.0357429
115.32 0.0695175 0.0344457
115.44 0.0708573 0.0330161
115.56 0.0720514 0.0314634
115.68 0.0730943 0.0297971
115.8 0.0739813 0.0280274
115.92 0.0747091 0.0261647
116.04 0.0752753 0.02422
116.16 0.0756789 0.0222042
116.28 0.07592 0.0201288
116.4 0.0759998 0.0180051
116.52 0.0759208 0.0158447
116.64 0.0756867 0.0136591
116.76 0.0753022 0.0114598
116.88 0.0747733 0.00925814
117 0.0741069 0.00706538
117.12 0.0733108 0.00489249
117.24 0.0723939 0.0027502
117.36 0.0713659 0.000648922
117.48 0.070237 -0.00140131
117.6 0.0690184 -0.00339088
117.72 0.0677217 -0.0053106
117.84 0.0663589 -0.00715179
117.96 0.0649423 -0.00890629
118.08 0.0634846 -0.0105665
118.2 0.0619985 -0.0121253
118.32 0.0604966 -0.0135764
118.44 0.0589916 -0.0149138
118.56 0.0574958 -0.0161324
118.68 0.0560212 -0.0172277
118.8 0.0545792 -0.0181956
118.92 0.053181 -0.019033
119.04 0.0518366 -0.0197373
119.16 0.0505558 -0.0203064
119.28 0.0493471 -0.0207391
119.4 0.0482182 -0.0210347
119.52 0.0471761 -0.0211931
119.64 0.0462263 -0.0212149
119.76 0.0453734 -0.0211012
119.88 0.0446208 -0.0208537
120 0.0439709 -0.0204748
