-0.999 -4.93702e-06 -1.03616e-06
-0.998 -1.98665e-05 -4.64274e-06
-0.997 -3.93138e-05 -8.12501e-06
-0.996 -5.27074e-05 -5.8109e-06
-0.995 -5.14054e-05 5.88779e-06
-0.994 -3.71041e-05 2.31674e-05
-0.993 -2.60388e-05 3.35283e-05
-0.992 -4.39592e-05 2.04755e-05
-0.991 -0.000112014 -2.71454e-05
-0.99 -0.000230826 -0.000105446
-0.989 -0.000372709 -0.000191281
-0.988 -0.000487705 -0.000248292
-0.987 -0.000522238 -0.000243194
-0.986 -0.000444572 -0.000165428
-0.985 -0.000268283 -3.92398e-05
-0.984 -6.16672e-05 8.00693e-05
-0.983 6.80177e-05 0.000125856
-0.982 1.5163e-05 4.82059e-05
-0.981 -0.00027525 -0.000160792
-0.98 -0.000773901 -0.000455658
-0.979 -0.0013646 -0.000747712
-0.978 -0.00187565 -0.000936704
-0.977 -0.00213794 -0.000953133
-0.976 -0.00205453 -0.0007926
-0.975 -0.00165602 -0.000524583
-0.974 -0.00110939 -0.000268936
-0.973 -0.000664793 -0.000148341
-0.972 -0.000559376 -0.000235747
-0.971 -0.000920894 -0.000518867
-0.97 -0.00170655 -0.000898886
-0.969 -0.00269394 -0.00122733
-0.968 -0.00353169 -0.00136733
-0.967 -0.00385119 -0.00125346
-0.966 -0.00341652 -0.000924981
-0.965 -0.00224844 -0.000518891
-0.964 -0.000647912 -0.00022339
-0.963 0.000903554 -0.000206033
-0.962 0.00191458 -0.000542659
-0.961 0.00204913 -0.00117981
-0.96 0.00124061 -0.00195351
-0.959 -0.000262595 -0.00265796
-0.958 -0.00194388 -0.00312724
-0.957 -0.00318117 -0.0032891
-0.956 -0.00349526 -0.00317329
-0.955 -0.00277178 -0.0028831
-0.954 -0.00132992 -0.00254646
-0.953 0.000198272 -0.00225999
-0.952 0.00110137 -0.00204487
-0.951 0.000828744 -0.00184192
-0.95 -0.000820632 -0.00156095
-0.949 -0.00358836 -0.00115927
-0.948 -0.00677663 -0.000694934
-0.947 -0.0094505 -0.00031599
-0.946 -0.0107861 -0.000197248
-0.945 -0.0104087 -0.000467673
-0.944 -0.00854823 -0.00116242
-0.943 -0.00594883 -0.00220976
-0.942 -0.00360785 -0.00345621
-0.941 -0.00245296 -0.0047322
-0.94 -0.00303308 -0.0059383
-0.939 -0.0052924 -0.00709956
-0.938 -0.00853579 -0.00833822
-0.937 -0.0116591 -0.00976825
-0.936 -0.0135705 -0.0113729
-0.935 -0.0136041 -0.0129354
-0.934 -0.0117475 -0.0140584
-0.933 -0.00862505 -0.0142689
-0.932 -0.00528704 -0.0131857
-0.931 -0.00286706 -0.0107002
-0.93 -0.00217188 -0.00708597
-0.929 -0.00333531 -0.00295935
-0.928 -0.00573461 0.000912163
-0.927 -0.00825604 0.00386909
-0.926 -0.00976041 0.00556678
-0.925 -0.00949574 0.00605532
-0.924 -0.00731419 0.005718
-0.923 -0.00370312 0.00508542
-0.922 0.000326993 0.00456934
-0.921 0.00351964 0.00421403
-0.92 0.00482322 0.00360418
-0.919 0.00383939 0.00201779
-0.918 0.000962535 -0.0012327
-0.917 -0.0028967 -0.00644667
-0.916 -0.00675868 -0.0133345
-0.915 -0.00987222 -0.0210306
-0.914 -0.0117924 -0.0282971
-0.913 -0.0123962 -0.0338647
-0.912 -0.0119337 -0.0368336
-0.911 -0.0109867 -0.0369924
-0.91 -0.010177 -0.0348859
-0.909 -0.00977974 -0.0315552
-0.908 -0.00962056 -0.0280712
-0.907 -0.00936426 -0.0251044
-0.906 -0.0088568 -0.0227217
-0.905 -0.00814639 -0.0204512
-0.904 -0.00722321 -0.0175533
-0.903 -0.00585187 -0.0134056
-0.902 -0.00372079 -0.00788415
-0.901 -0.000699228 -0.00158087
-0.9 0.00312166 0.00429648
-0.899 0.00754843 0.00835155
-0.898 0.0122383 0.00956174
-0.897 0.0164527 0.00769338
-0.896 0.0190122 0.0033858
-0.895 0.0187631 -0.00210525
-0.894 0.01531 -0.00738618
-0.893 0.00940517 -0.0114482
-0.892 0.00268539 -0.0140368
-0.891 -0.00294167 -0.0156994
-0.89 -0.00582909 -0.0174526
-0.889 -0.00500941 -0.0202016
-0.888 -0.000649526 -0.0241976
-0.887 0.00565224 -0.0288137
-0.886 0.0111904 -0.0327461
-0.885 0.0132187 -0.0345539
-0.884 0.0102108 -0.0333194
-0.883 0.00253465 -0.0291514
-0.882 -0.0077287 -0.0232842
-0.881 -0.0174792 -0.0176705
-0.88 -0.0234886 -0.0142004
-0.879 -0.0234861 -0.0138894
-0.878 -0.017276 -0.0164209
-0.877 -0.00724899 -0.0202658
-0.876 0.00230894 -0.023329
-0.875 0.00693808 -0.0238638
-0.874 0.00381619 -0.0213015
-0.873 -0.00723601 -0.0166453
-0.872 -0.0236985 -0.0121927
-0.871 -0.0409371 -0.0106185
-0.87 -0.053396 -0.013776
-0.869 -0.0564879 -0.0217627
-0.868 -0.0486261 -0.0327151
-0.867 -0.0322045 -0.0434577
-0.866 -0.0127316 -0.0507292
-0.865 0.00343288 -0.0524882
-0.864 0.0114352 -0.0487935
-0.863 0.00940085 -0.0419017
-0.862 -0.00104409 -0.0354724
-0.861 -0.015041 -0.0331018
-0.86 -0.0258279 -0.0367435
-0.859 -0.0272605 -0.045719
-0.858 -0.0165979 -0.0568316
-0.857 0.00407749 -0.0655873
-0.856 0.0287131 -0.0679969
-0.855 0.0497685 -0.0622057
-0.854 0.0608609 -0.0493273
-0.853 0.0586498 -0.0331742
-0.852 0.0438877 -0.0189383
-0.851 0.0215415 -0.0112404
-0.85 -0.000524893 -0.0122728
-0.849 -0.0143796 -0.0208415
-0.848 -0.0152202 -0.0328095
-0.847 -0.00321576 -0.0428054
-0.846 0.0168599 -0.0464638
-0.845 0.0376047 -0.0422558
-0.844 0.0514279 -0.0321924
-0.843 0.0528148 -0.021136
-0.842 0.0401606 -0.0149457
-0.841 0.0166081 -0.0181052
-0.84 -0.0108316 -0.0317425
-0.839 -0.0338271 -0.052897
-0.838 -0.0457703 -0.0754348
-0.837 -0.0438673 -0.0922932
-0.836 -0.0296885 -0.0981337
-0.835 -0.00850958 -0.0913293
-0.834 0.0122164 -0.0745212
-0.833 0.0251899 -0.0535322
-0.832 0.0259222 -0.0350366
-0.831 0.0145507 -0.0238805
-0.83 -0.00419078 -0.0211504
-0.829 -0.0227627 -0.0238262
-0.828 -0.0333407 -0.0261892
-0.827 -0.0301364 -0.0223892
-0.826 -0.0112713 -0.00909858
-0.825 0.0200267 0.0128029
-0.824 0.0557503 0.0381884
-0.823 0.0855554 0.0593789
-0.822 0.100471 0.0689976
-0.821 0.0959973 0.0628475
-0.82 0.0732612 0.0415673
-0.819 0.0383272 0.0103416
-0.818 0.000442627 -0.0231613
-0.817 -0.0304332 -0.0517034
-0.816 -0.0468544 -0.0710694
-0.815 -0.0469892 -0.0814009
-0.814 -0.0356907 -0.0867939
-0.813 -0.0224627 -0.0932368
-0.812 -0.0173972 -0.105637
-0.811 -0.0272814 -0.125247
-0.81 -0.053339 -0.148738
-0.809 -0.090717 -0.169374
-0.808 -0.129421 -0.179685
-0.807 -0.156936 -0.174448
-0.806 -0.162568 -0.152813
-0.805 -0.141962 -0.118847
-0.804 -0.099221 -0.0803021
-0.803 -0.0454145 -0.0459212
-0.802 0.00551609 -0.0222462
-0.801 0.041364 -0.0113347
-0.8 0.055254 -0.0104462
-0.799 0.0476057 -0.0137684
-0.798 0.0260617 -0.0152901
-0.797 0.00284591 -0.0115345
-0.796 -0.0100971 -0.00308524
-0.795 -0.00609773 0.00560116
-0.794 0.0136334 0.00803063
-0.793 0.0407975 -0.0014605
-0.792 0.0634161 -0.0249603
-0.791 0.0703245 -0.0596382
-0.79 0.0552932 -0.0984522
-0.789 0.0195934 -0.132558
-0.788 -0.0280035 -0.154371
-0.787 -0.0742475 -0.16008
-0.786 -0.106401 -0.150699
-0.785 -0.116809 -0.131346
-0.784 -0.10511 -0.108997
-0.783 -0.0777401 -0.0896025
-0.782 -0.0453579 -0.0757917
-0.781 -0.0190266 -0.0661758
-0.78 -0.00623164 -0.0564618
-0.779 -0.00820642 -0.0417627
-0.778 -0.0199788 -0.0191207
-0.777 -0.0333569 0.0107421
-0.776 -0.0411166 0.0431408
-0.775 -0.0399297 0.0707912
-0.774 -0.0309733 0.0863823
-0.773 -0.0188548 0.0853337
-0.772 -0.00974605 0.0675103
-0.771 -0.00908879 0.0371642
-0.77 -0.0192653 0.00127645
-0.769 -0.0383221 -0.0328925
-0.768 -0.0609868 -0.0601094
-0.767 -0.081772 -0.0785781
-0.766 -0.0979779 -0.0900035
-0.765 -0.110333 -0.0982457
-0.764 -0.121193 -0.107042
-0.763 -0.132137 -0.11785
-0.762 -0.142616 -0.12893
-0.761 -0.149872 -0.136077
-0.76 -0.149613 -0.134528
-0.759 -0.137383 -0.121062
-0.758 -0.11096 -0.0955226
-0.757 -0.0729892 -0.0612702
-0.756 -0.0317403 -0.0244109
-0.755 0.00151806 0.00809266
-0.754 0.017525 0.0307865
-0.753 0.0134867 0.0414781
-0.752 -0.00546935 0.0414898
-0.751 -0.028279 0.0343862
-0.75 -0.0421987 0.0239719
-0.749 -0.0378787 0.0125548
-0.748 -0.0138907 0.000108847
-0.747 0.0210493 -0.0154816
-0.746 0.0499927 -0.0371992
-0.745 0.0540305 -0.0670613
-0.744 0.0204717 -0.104458
-0.743 -0.0509515 -0.145579
-0.742 -0.14671 -0.184377
-0.741 -0.243453 -0.214633
-0.74 -0.315864 -0.23212
-0.739 -0.345841 -0.235908
-0.738 -0.329808 -0.228401
-0.737 -0.280927 -0.214222
-0.736 -0.224409 -0.198346
-0.735 -0.187401 -0.184101
-0.734 -0.187918 -0.171839
-0.733 -0.227513 -0.158969
-0.732 -0.290227 -0.141457
-0.731 -0.347891 -0.116085
-0.73 -0.370296 -0.0823212
-0.729 -0.337265 -0.0428971
-0.728 -0.248117 -0.00305106
-0.727 -0.12375 0.0310639
-0.726 0.000641261 0.0542132
-0.725 0.0890865 0.0636932
-0.724 0.118078 0.0602569
-0.723 0.0842666 0.0478541
-0.722 0.00491594 0.0320147
-0.721 -0.0882439 0.0175428
-0.72 -0.160167 0.00678223
-0.719 -0.185745 -0.000746134
-0.718 -0.160298 -0.00759394
-0.717 -0.101917 -0.0172589
-0.716 -0.0436253 -0.0330593
-0.715 -0.0191637 -0.0569425
-0.714 -0.0495167 -0.0883378
-0.713 -0.135385 -0.123736
-0.712 -0.257058 -0.157642
-0.711 -0.380855 -0.184486
-0.71 -0.470288 -0.200234
-0.709 -0.498866 -0.202999
-0.708 -0.460059 -0.19307
-0.707 -0.369729 -0.172921
-0.706 -0.25937 -0.147005
-0.705 -0.163502 -0.120684
-0.704 -0.10714 -0.0983296
-0.703 -0.0980273 -0.0817025
-0.702 -0.125591 -0.0697823
-0.701 -0.166226 -0.0598433
-0.7 -0.192764 -0.048699
-0.699 -0.184864 -0.0336701
-0.698 -0.136723 -0.0136894
-0.697 -0.059091 0.00942835
-0.696 0.0251481 0.0304868
-0.695 0.0897018 0.0421703
-0.694 0.114252 0.0377835
-0.693 0.0911233 0.0138647
-0.692 0.027002 -0.0286589
-0.691 -0.0604743 -0.0846262
-0.69 -0.149327 -0.145415
-0.689 -0.220277 -0.200487
-0.688 -0.261925 -0.24017
-0.687 -0.272782 -0.258971
-0.686 -0.260096 -0.25756
-0.685 -0.23636 -0.242058
-0.684 -0.214791 -0.221106
-0.683 -0.205356 -0.20261
-0.682 -0.212648 -0.191458
-0.681 -0.235756 -0.188137
-0.68 -0.269279 -0.188176
-0.679 -0.304748 -0.183374
-0.678 -0.332365 -0.165394
-0.677 -0.343245 -0.130349
-0.676 -0.332009 -0.0817114
-0.675 -0.298956 -0.0298331
-0.674 -0.251086 0.0113837
-0.673 -0.201663 0.0286721
-0.672 -0.167888 0.0131614
-0.671 -0.166217 -0.036536
-0.67 -0.206111 -0.112684
-0.669 -0.284882 -0.199836
-0.668 -0.386578 -0.27973
-0.667 -0.486016 -0.337635
-0.666 -0.556527 -0.366961
-0.665 -0.578564 -0.370201
-0.664 -0.546773 -0.356554
-0.663 -0.473506 -0.337875
-0.662 -0.386359 -0.324153
-0.661 -0.318638 -0.319395
-0.66 -0.295655 -0.319529
-0.659 -0.323252 -0.313946
-0.658 -0.384299 -0.290355
-0.657 -0.444699 -0.24055
-0.656 -0.465968 -0.164385
-0.655 -0.419623 -0.0705714
-0.654 -0.29912 0.0255265
-0.653 -0.125407 0.106124
-0.652 0.0575926 0.156223
-0.651 0.197911 0.168231
-0.65 0.25535 0.143873
-0.649 0.21721 0.0924584
-0.648 0.103037 0.0267934
-0.647 -0.0429195 -0.0411074
-0.646 -0.167936 -0.103071
-0.645 -0.230043 -0.156135
-0.644 -0.21417 -0.20224
-0.643 -0.138969 -0.246264
-0.642 -0.0500095 -0.292808
-0.641 -0.00104206 -0.343239
-0.64 -0.0315039 -0.394799
-0.639 -0.15019 -0.441937
-0.638 -0.331142 -0.478319
-0.637 -0.522304 -0.498277
-0.636 -0.663632 -0.497738
-0.635 -0.709053 -0.475021
-0.634 -0.644556 -0.431507
-0.633 -0.494205 -0.371567
-0.632 -0.31017 -0.301433
-0.631 -0.151187 -0.227873
-0.63 -0.0598505 -0.157634
-0.629 -0.0482634 -0.097236
-0.628 -0.0960315 -0.052077
-0.627 -0.159723 -0.0249661
-0.626 -0.190639 -0.0150782
-0.625 -0.155535 -0.018112
-0.624 -0.0519858 -0.0276685
-0.623 0.0896811 -0.0372535
-0.622 0.219561 -0.0423671
-0.621 0.289535 -0.042507
-0.62 0.272192 -0.0423823
-0.619 0.169863 -0.0509785
-0.618 0.0121351 -0.0782078
-0.617 -0.156107 -0.130711
-0.616 -0.292365 -0.208646
-0.615 -0.373694 -0.30436
-0.614 -0.405156 -0.403293
-0.613 -0.414505 -0.487261
-0.612 -0.436106 -0.539922
-0.611 -0.493166 -0.55303
-0.61 -0.586797 -0.530451
-0.609 -0.69537 -0.487118
-0.608 -0.783203 -0.443152
-0.607 -0.815637 -0.416261
-0.606 -0.775582 -0.415487
-0.605 -0.673641 -0.437816
-0.604 -0.544553 -0.468357
-0.603 -0.43045 -0.484756
-0.602 -0.360602 -0.465649
-0.601 -0.33891 -0.400652
-0.6 -0.343862 -0.296873
-0.599 -0.338731 -0.177825
-0.598 -0.287594 -0.075057
-0.597 -0.173063 -0.0169486
-0.596 -0.00967526 -0.0192225
-0.595 0.155784 -0.0796984
-0.594 0.261947 -0.178325
-0.593 0.261632 -0.283025
-0.592 0.145729 -0.360653
-0.591 -0.050711 -0.389587
-0.59 -0.261452 -0.368171
-0.589 -0.41337 -0.314491
-0.588 -0.452957 -0.257868
-0.587 -0.367961 -0.226668
-0.586 -0.196741 -0.237462
-0.585 -0.0174687 -0.288824
-0.584 0.083449 -0.361395
-0.583 0.0508802 -0.424474
-0.582 -0.111835 -0.447501
-0.581 -0.341714 -0.41243
-0.58 -0.540325 -0.32166
-0.579 -0.611786 -0.197853
-0.578 -0.500537 -0.075975
-0.577 -0.216944 0.00869931
-0.576 0.159202 0.0322298
-0.575 0.503026 -0.0103276
-0.574 0.691174 -0.103803
-0.573 0.651737 -0.21901
-0.572 0.394697 -0.323919
-0.571 0.0096592 -0.39537
-0.57 -0.367244 -0.426404
-0.569 -0.603783 -0.426539
-0.568 -0.621524 -0.415892
-0.567 -0.427924 -0.416153
-0.566 -0.116902 -0.441468
-0.565 0.166267 -0.492001
-0.564 0.283785 -0.55288
-0.563 0.162688 -0.599758
-0.562 -0.173991 -0.608894
-0.561 -0.61389 -0.566994
-0.56 -0.995665 -0.476134
-0.559 -1.16792 -0.352152
-0.558 -1.04687 -0.218548
-0.557 -0.652304 -0.0991387
-0.556 -0.105204 -0.0115023
-0.555 0.416026 0.0375298
-0.554 0.744117 0.052569
-0.553 0.786119 0.0454717
-0.552 0.555152 0.0279115
-0.551 0.16114 0.00491517
-0.55 -0.232342 -0.0266857
-0.549 -0.468601 -0.0743032
-0.548 -0.456357 -0.143421
-0.547 -0.206354 -0.233241
-0.546 0.170552 -0.335732
-0.545 0.507092 -0.437498
-0.544 0.647574 -0.523713
-0.543 0.509527 -0.583364
-0.542 0.113385 -0.61397
-0.541 -0.427799 -0.623045
-0.54 -0.950173 -0.624431
-0.539 -1.29607 -0.630557
-0.538 -1.36864 -0.644985
-0.537 -1.16651 -0.659776
-0.536 -0.783594 -0.658963
-0.535 -0.370961 -0.626126
-0.534 -0.0765528 -0.552783
-0.533 0.009909 -0.444352
-0.532 -0.115383 -0.320989
-0.531 -0.3765 -0.212212
-0.53 -0.650452 -0.146533
-0.529 -0.812914 -0.13974
-0.528 -0.782758 -0.186963
-0.527 -0.55112 -0.262595
-0.526 -0.182965 -0.328643
-0.525 0.210817 -0.348626
-0.524 0.517672 -0.302068
-0.523 0.663306 -0.193872
-0.522 0.632301 -0.054193
-0.521 0.466185 0.0717692
-0.52 0.243806 0.140361
-0.519 0.0517275 0.12619
-0.518 -0.0462343 0.0325124
-0.517 -0.0296673 -0.108802
-0.516 0.0764223 -0.248046
-0.515 0.218061 -0.335898
-0.514 0.336313 -0.34299
-0.513 0.386207 -0.273069
-0.512 0.345756 -0.163479
-0.511 0.217209 -0.0718569
-0.51 0.0230655 -0.0540062
-0.509 -0.202282 -0.14153
-0.508 -0.423054 -0.327847
-0.507 -0.609563 -0.56792
-0.506 -0.739007 -0.792074
-0.505 -0.792791 -0.929529
-0.504 -0.757898 -0.933716
-0.503 -0.63464 -0.799973
-0.502 -0.444166 -0.568324
-0.501 -0.227497 -0.309715
-0.5 -0.0348818 -0.100619
-0.499 0.0892493 0.00464965
-0.498 0.120424 -0.00653485
-0.497 0.0648665 -0.101354
-0.496 -0.0364273 -0.215191
-0.495 -0.116375 -0.277413
-0.494 -0.106146 -0.23941
-0.493 0.0328378 -0.0943083
-0.492 0.285729 0.118889
-0.491 0.583015 0.328163
-0.49 0.821957 0.454072
-0.489 0.901276 0.43945
-0.488 0.757617 0.272199
-0.487 0.39363 -0.00845003
-0.486 -0.112992 -0.325338
-0.485 -0.62827 -0.590801
-0.484 -1.00655 -0.736908
-0.483 -1.14403 -0.737334
-0.482 -1.01748 -0.614037
-0.481 -0.692052 -0.427719
-0.48 -0.297392 -0.25553
-0.479 0.0172357 -0.162941
-0.478 0.134763 -0.179551
-0.477 0.013752 -0.288892
-0.476 -0.293288 -0.436891
-0.475 -0.657916 -0.55497
-0.474 -0.92555 -0.58738
-0.473 -0.976092 -0.51179
-0.472 -0.76978 -0.346639
-0.471 -0.361731 -0.144402
-0.47 0.116666 0.026351
-0.469 0.501308 0.104909
-0.468 0.651294 0.0606054
-0.467 0.500048 -0.0956742
-0.466 0.0814998 -0.315901
-0.465 -0.481392 -0.533134
-0.464 -1.02105 -0.685354
-0.463 -1.38293 -0.735248
-0.462 -1.474 -0.679641
-0.461 -1.28769 -0.547177
-0.46 -0.901134 -0.386178
-0.459 -0.446799 -0.246671
-0.458 -0.066167 -0.162664
-0.457 0.139088 -0.141457
-0.456 0.13888 -0.164043
-0.455 -0.0222758 -0.195764
-0.454 -0.248003 -0.201988
-0.453 -0.4258 -0.161977
-0.452 -0.463042 -0.0758681
-0.451 -0.315205 0.0366727
-0.45 -0.00042701 0.144535
-0.449 0.405411 0.216592
-0.448 0.793565 0.232135
-0.447 1.05717 0.186653
-0.446 1.12118 0.0915399
-0.445 0.959276 -0.0313878
-0.444 0.598584 -0.157826
-0.443 0.115031 -0.26798
-0.442 -0.381721 -0.350237
-0.441 -0.775495 -0.401115
-0.44 -0.977218 -0.422529
-0.439 -0.951367 -0.418329
-0.438 -0.725152 -0.392195
-0.437 -0.381041 -0.347834
-0.436 -0.0376599 -0.290749
-0.435 0.179295 -0.229873
-0.434 0.174941 -0.177197
-0.433 -0.0772356 -0.14462
-0.432 -0.51603 -0.13931
-0.431 -1.00596 -0.160061
-0.43 -1.38084 -0.196413
-0.429 -1.49913 -0.231084
-0.428 -1.29202 -0.245463
-0.427 -0.792398 -0.226937
-0.426 -0.135715 -0.175678
-0.425 0.474436 -0.107531
-0.424 0.833005 -0.0498981
-0.423 0.811053 -0.0308327
-0.422 0.410659 -0.0662429
-0.421 -0.228953 -0.151577
-0.42 -0.876133 -0.261359
-0.419 -1.28389 -0.356123
-0.418 -1.27507 -0.394456
-0.417 -0.811253 -0.347472
-0.416 -0.0199856 -0.212008
-0.415 0.83777 -0.0169939
-0.414 1.45567 0.182363
-0.413 1.59338 0.322557
-0.412 1.16571 0.354522
-0.411 0.27548 0.261024
-0.41 -0.818171 0.0625228
-0.409 -1.78331 -0.189095
-0.408 -2.32701 -0.426433
-0.407 -2.3016 -0.588436
-0.406 -1.76378 -0.642393
-0.405 -0.95678 -0.59754
-0.404 -0.218736 -0.502543
-0.403 0.144341 -0.426215
-0.402 -0.0301904 -0.429763
-0.401 -0.703672 -0.542305
-0.4 -1.6458 -0.748081
-0.399 -2.50881 -0.988667
-0.398 -2.94819 -1.1798
-0.397 -2.7514 -1.23908
-0.396 -1.92245 -1.11636
-0.395 -0.683245 -0.814854
-0.394 0.607696 -0.39343
-0.393 1.58106 0.051346
-0.392 1.97771 0.415941
-0.391 1.72864 0.62234
-0.39 0.97456 0.642507
-0.389 0.0175524 0.507328
-0.388 -0.786333 0.295622
-0.387 -1.15799 0.10505
-0.386 -0.99564 0.0151185
-0.385 -0.402397 0.0573249
-0.384 0.363754 0.204232
-0.383 0.988255 0.380027
-0.382 1.20813 0.487332
-0.381 0.899598 0.442012
-0.38 0.122136 0.206286
-0.379 -0.898411 -0.191633
-0.378 -1.84799 -0.661555
-0.377 -2.43605 -1.08021
-0.376 -2.49447 -1.33378
-0.375 -2.02569 -1.35632
-0.374 -1.19062 -1.14998
-0.373 -0.250274 -0.783172
-0.372 0.517502 -0.368877
-0.371 0.904159 -0.0285951
-0.37 0.834346 0.149094
-0.369 0.384089 0.140212
-0.368 -0.254305 -0.00744609
-0.367 -0.844589 -0.195944
-0.366 -1.186 -0.317508
-0.365 -1.17337 -0.295656
-0.364 -0.824483 -0.11251
-0.363 -0.270751 0.184003
-0.362 0.286891 0.494035
-0.361 0.644958 0.698734
-0.36 0.663923 0.70345
-0.359 0.310302 0.4748
-0.358 -0.336919 0.0553635
-0.357 -1.11188 -0.450084
-0.356 -1.80897 -0.910038
-0.355 -2.24054 -1.20896
-0.354 -2.29222 -1.28283
-0.353 -1.95873 -1.13768
-0.352 -1.34502 -0.845334
-0.351 -0.631914 -0.516417
-0.35 -0.0208492 -0.259703
-0.349 0.323535 -0.143859
-0.348 0.319162 -0.175945
-0.347 -0.0084639 -0.303146
-0.346 -0.530469 -0.435719
-0.345 -1.05284 -0.482511
-0.344 -1.38076 -0.386699
-0.343 -1.38604 -0.14892
-0.342 -1.05116 0.171429
-0.341 -0.475757 0.477387
-0.34 0.153232 0.668464
-0.339 0.617359 0.673789
-0.338 0.734356 0.474132
-0.337 0.419635 0.107563
-0.336 -0.279167 -0.342918
-0.335 -1.19106 -0.776869
-0.334 -2.07454 -1.10965
-0.333 -2.69527 -1.29792
-0.332 -2.90006 -1.34708
-0.331 -2.66356 -1.30019
-0.33 -2.09421 -1.21669
-0.329 -1.39842 -1.15023
-0.328 -0.813946 -1.13113
-0.327 -0.53254 -1.1573
-0.326 -0.636376 -1.19707
-0.325 -1.07049 -1.20405
-0.324 -1.66123 -1.13765
-0.323 -2.17345 -0.978787
-0.322 -2.38727 -0.734297
-0.321 -2.17012 -0.43192
-0.32 -1.52093 -0.111087
-0.319 -0.572992 0.186957
-0.318 0.443891 0.428238
-0.317 1.27035 0.59213
-0.316 1.69463 0.671914
-0.315 1.61701 0.670469
-0.314 1.0816 0.595987
-0.313 0.265155 0.461917
-0.312 -0.575905 0.289077
-0.311 -1.18567 0.104397
-0.31 -1.38975 -0.0650508
-0.309 -1.15159 -0.199041
-0.308 -0.587467 -0.289211
-0.307 0.0657057 -0.342476
-0.306 0.523144 -0.382933
-0.305 0.544792 -0.448436
-0.304 0.0197328 -0.577061
-0.303 -0.985155 -0.786353
-0.302 -2.23257 -1.05785
-0.301 -3.38079 -1.33807
-0.3 -4.08899 -1.55506
-0.299 -4.1288 -1.64102
-0.298 -3.46526 -1.55359
-0.297 -2.27773 -1.29266
-0.296 -0.910554 -0.908645
-0.295 0.232458 -0.494377
-0.294 0.818593 -0.155819
-0.293 0.701368 0.0291516
-0.292 -0.0211057 0.0426429
-0.291 -1.03099 -0.0673666
-0.29 -1.89655 -0.207318
-0.289 -2.22571 -0.273122
-0.288 -1.81273 -0.188069
-0.287 -0.723178 0.0654414
-0.286 0.714062 0.430092
-0.285 2.00628 0.784359
-0.284 2.6592 0.982647
-0.283 2.35229 0.911171
-0.282 1.06614 0.534231
-0.281 -0.890283 -0.0893307
-0.28 -2.97138 -0.823754
-0.279 -4.57816 -1.49929
-0.278 -5.26576 -1.96621
-0.277 -4.89824 -2.14389
-0.276 -3.69619 -2.04826
-0.275 -2.16186 -1.78499
-0.274 -0.904365 -1.50771
-0.273 -0.420381 -1.35755
-0.272 -0.906908 -1.40857
-0.271 -2.17882 -1.63964
-0.27 -3.72936 -1.94164
-0.269 -4.91577 -2.15717
-0.268 -5.19992 -2.14006
-0.267 -4.35236 -1.81366
-0.266 -2.54467 -1.20525
-0.265 -0.298776 -0.442054
-0.264 1.6895 0.289288
-0.263 2.79243 0.803577
-0.262 2.67272 0.976504
-0.261 1.40406 0.784247
-0.26 -0.557109 0.310693
-0.259 -2.53954 -0.28213
-0.258 -3.90109 -0.81192
-0.257 -4.2553 -1.14015
-0.256 -3.59714 -1.21631
-0.255 -2.28632 -1.08643
-0.254 -0.89976 -0.866693
-0.253 -0.0107932 -0.695382
-0.252 0.0232827 -0.68025
-0.251 -0.811493 -0.857273
-0.25 -2.18769 -1.17464
-0.249 -3.56459 -1.51007
-0.248 -4.39256 -1.71659
-0.247 -4.31511 -1.678
-0.246 -3.29312 -1.35118
-0.245 -1.60882 -0.780727
-0.244 0.245704 -0.0839658
-0.243 1.74746 0.585915
-0.242 2.51878 1.08566
-0.241 2.43804 1.32268
-0.24 1.65341 1.27776
-0.239 0.504728 1.00279
-0.238 -0.611735 0.596084
-0.237 -1.38428 0.167044
-0.236 -1.68233 -0.197533
-0.235 -1.57634 -0.455857
-0.234 -1.27944 -0.616658
-0.233 -1.04291 -0.727279
-0.232 -1.05586 -0.850133
-0.231 -1.38935 -1.03749
-0.23 -1.99526 -1.31379
-0.229 -2.74445 -1.66884
-0.228 -3.48042 -2.05965
-0.227 -4.0677 -2.4183
-0.226 -4.42179 -2.66729
-0.225 -4.51326 -2.74134
-0.224 -4.34913 -2.60813
-0.223 -3.94858 -2.27855
-0.222 -3.33606 -1.80374
-0.221 -2.55984 -1.26336
-0.22 -1.71896 -0.750647
-0.219 -0.969042 -0.354507
-0.218 -0.489122 -0.13692
-0.217 -0.417738 -0.111153
-0.216 -0.786571 -0.234216
-0.215 -1.48277 -0.421685
-0.214 -2.26087 -0.578611
-0.213 -2.80992 -0.631915
-0.212 -2.86251 -0.553096
-0.211 -2.31089 -0.368026
-0.21 -1.28095 -0.153598
-0.209 -0.121984 -0.0184609
-0.208 0.699339 -0.066862
-0.207 0.770384 -0.356098
-0.206 -0.0943449 -0.867801
-0.205 -1.75074 -1.50806
-0.204 -3.74369 -2.13574
-0.203 -5.45112 -2.60621
-0.202 -6.30576 -2.81542
-0.201 -6.01157 -2.73217
-0.2 -4.67035 -2.41007
-0.199 -2.76648 -1.97243
-0.198 -1.00755 -1.57042
-0.197 -0.069696 -1.32776
-0.196 -0.334584 -1.29422
-0.195 -1.72035 -1.42625
-0.194 -3.68494 -1.60186
-0.193 -5.41535 -1.66443
-0.192 -6.13411 -1.48087
-0.191 -5.39976 -0.994108
-0.19 -3.28312 -0.250965
-0.189 -0.357628 0.606077
-0.188 2.4885 1.38136
-0.187 4.35558 1.88754
-0.186 4.65353 2.00454
-0.185 3.32711 1.71735
-0.184 0.889536 1.12046
-0.183 -1.76517 0.385615
-0.182 -3.70327 -0.298017
-0.181 -4.30378 -0.789229
-0.18 -3.47932 -1.03977
-0.179 -1.69083 -1.10214
-0.178 0.233573 -1.10007
-0.177 1.40421 -1.17622
-0.176 1.19891 -1.43649
-0.175 -0.494795 -1.90742
-0.174 -3.21892 -2.51912
-0.173 -6.10371 -3.12188
-0.172 -8.19121 -3.5346
-0.171 -8.78956 -3.60815
-0.17 -7.71399 -3.27851
-0.169 -5.33115 -2.58881
-0.168 -2.40959 -1.67478
-0.167 0.155837 -0.723531
-0.166 1.64725 0.0776775
-0.165 1.75537 0.588836
-0.164 0.662532 0.751088
-0.163 -1.05313 0.598261
-0.162 -2.65471 0.240044
-0.161 -3.52747 -0.179643
-0.16 -3.39342 -0.534032
-0.159 -2.38497 -0.754076
-0.158 -0.963702 -0.843308
-0.157 0.270522 -0.86608
-0.156 0.800035 -0.919179
-0.155 0.36064 -1.09705
-0.154 -0.986608 -1.45679
-0.153 -2.89439 -1.98995
-0.152 -4.85297 -2.61217
-0.151 -6.35147 -3.17984
-0.15 -7.02675 -3.53247
-0.149 -6.7562 -3.54487
-0.148 -5.66639 -3.16776
-0.147 -4.06287 -2.44346
-0.146 -2.32146 -1.49673
-0.145 -0.789609 -0.506537
-0.144 0.276121 0.336553
-0.143 0.741206 0.880562
-0.142 0.609813 1.05626
-0.141 0.0276327 0.897408
-0.14 -0.748223 0.525372
-0.139 -1.42028 0.102888
-0.138 -1.73981 -0.223447
-0.137 -1.57955 -0.370417
-0.136 -0.972028 -0.342249
-0.135 -0.11389 -0.227085
-0.134 0.663295 -0.166487
-0.133 0.967905 -0.304297
-0.132 0.47559 -0.729083
-0.131 -0.923793 -1.43061
-0.13 -3.03238 -2.28965
-0.129 -5.36649 -3.10892
-0.128 -7.29886 -3.67559
-0.127 -8.26552 -3.8328
-0.126 -7.95983 -3.5349
-0.125 -6.45093 -2.86658
-0.124 -4.1909 -2.01898
-0.123 -1.89731 -1.23075
-0.122 -0.326522 -0.713095
-0.121 -0.00106079 -0.581972
-0.12 -0.995764 -0.819374
-0.119 -2.88294 -1.27937
-0.118 -4.87539 -1.74094
-0.117 -6.11795 -1.9909
-0.116 -6.01122 -1.90473
-0.115 -4.44109 -1.49091
-0.114 -1.83066 -0.881698
-0.113 1.00034 -0.279335
-0.112 3.11899 0.117165
-0.111 3.81035 0.180133
-0.11 2.84401 -0.102061
-0.109 0.576369 -0.617799
-0.108 -2.16454 -1.17008
-0.107 -4.38416 -1.5511
-0.106 -5.30053 -1.62416
-0.105 -4.63765 -1.37412
-0.104 -2.71045 -0.90478
-0.103 -0.280923 -0.39203
-0.102 1.73448 -0.019888
-0.101 2.58601 0.0770486
-0.1 1.93935 -0.147639
-0.099 -0.0144402 -0.639396
-0.098 -2.62511 -1.26143
-0.097 -5.01954 -1.84287
-0.096 -6.42946 -2.23862
-0.095 -6.47042 -2.37316
-0.094 -5.2464 -2.25096
-0.093 -3.25203 -1.9372
-0.092 -1.15124 -1.52565
-0.091 0.454468 -1.10841
-0.09 1.19432 -0.754676
-0.089 1.00885 -0.500192
-0.088 0.137388 -0.347119
-0.087 -0.988228 -0.272908
-0.086 -1.91444 -0.243428
-0.085 -2.3296 -0.224529
-0.084 -2.14459 -0.190044
-0.083 -1.46949 -0.127168
-0.082 -0.529907 -0.0397046
-0.081 0.41432 0.0500897
-0.08 1.11622 0.0996971
-0.079 1.36316 0.0462669
-0.078 0.996276 -0.185112
-0.077 -0.0585727 -0.658074
-0.076 -1.75057 -1.3894
-0.075 -3.87059 -2.31885
-0.074 -6.05227 -3.30634
-0.073 -7.83105 -4.16359
-0.072 -8.75881 -4.7065
-0.071 -8.54346 -4.8088
-0.07 -7.17309 -4.44421
-0.069 -4.98323 -3.70872
-0.068 -2.62306 -2.81009
-0.067 -0.886684 -2.01153
-0.066 -0.426505 -1.53653
-0.065 -1.45364 -1.47466
-0.064 -3.58503 -1.73964
-0.063 -5.9413 -2.10328
-0.062 -7.46189 -2.28672
-0.061 -7.30009 -2.06878
-0.06 -5.15511 -1.37584
-0.059 -1.44422 -0.328813
-0.058 2.74996 0.773245
-0.057 5.99342 1.54528
-0.056 7.02601 1.6642
-0.055 5.30593 1.01164
-0.054 1.30511 -0.258942
-0.053 -3.61283 -1.7642
-0.052 -7.68344 -3.02161
-0.051 -9.38782 -3.61629
-0.05 -8.0121 -3.3469
-0.049 -3.93756 -2.30361
-0.048 1.44336 -0.845043
-0.047 6.19655 0.530291
-0.046 8.57 1.3747
-0.045 7.69356 1.46423
-0.044 3.94902 0.881506
-0.043 -1.15418 -0.0201927
-0.042 -5.54484 -0.753947
-0.041 -7.37755 -0.889167
-0.04 -5.75174 -0.22894
-0.039 -1.08898 1.09553
-0.038 4.99768 2.66275
-0.037 10.3127 3.92293
-0.036 12.9182 4.41055
-0.035 11.855 3.91378
-0.034 7.47769 2.5436
-0.033 1.31677 0.693622
-0.032 -4.47047 -1.09203
-0.031 -7.89366 -2.30954
-0.03 -7.90149 -2.68552
-0.029 -4.80592 -2.28355
-0.028 -0.130269 -1.464
-0.027 4.06144 -0.713613
-0.026 6.01017 -0.43928
-0.025 4.89376 -0.823347
-0.024 1.05273 -1.7778
-0.023 -4.1767 -2.98618
-0.022 -8.93921 -4.0147
-0.021 -11.5414 -4.47375
-0.02 -11.1319 -4.1828
-0.019 -8.06343 -3.25672
-0.018 -3.70072 -2.05123
-0.017 0.23427 -0.995018
-0.016 2.39612 -0.411777
-0.015 2.26696 -0.418654
-0.014 0.224443 -0.915762
-0.013 -2.68033 -1.63984
-0.012 -5.12862 -2.26089
-0.011 -6.04281 -2.50814
-0.01 -5.04469 -2.28732
-0.009 -2.61839 -1.72144
-0.008 0.165994 -1.07514
-0.007 2.21395 -0.608645
-0.006 2.90158 -0.457884
-0.005 2.26208 -0.59725
-0.004 0.868288 -0.873926
-0.003 -0.460071 -1.07919
-0.002 -1.01262 -1.03528
-0.001 -0.512799 -0.679914
0 0.730407 -0.110464
0.001 1.97998 0.457069
0.002 2.4954 0.807233
0.003 1.95964 0.843833
0.004 0.639739 0.630483
0.005 -0.760848 0.346099
0.006 -1.42371 0.200146
0.007 -0.770968 0.345782
0.008 1.24038 0.808554
0.009 3.99744 1.45222
0.01 6.41397 2.01626
0.011 7.42232 2.23612
0.012 6.53412 1.98928
0.013 4.1183 1.37051
0.014 1.24169 0.650885
0.015 -0.785326 0.16018
0.016 -0.914999 0.160785
0.017 1.23239 0.75078
0.018 5.14521 1.81011
0.019 9.4862 3.01162
0.02 12.5408 3.92397
0.021 12.9482 4.19127
0.022 10.3542 3.70128
0.023 5.60358 2.63905
0.024 0.381626 1.39913
0.025 -3.46242 0.419504
0.026 -4.59421 0.0189539
0.027 -2.67084 0.284792
0.028 1.49143 1.03057
0.029 6.14211 1.84356
0.03 9.2265 2.23302
0.031 9.22749 1.8394
0.032 5.83232 0.604774
0.033 0.0837963 -1.18978
0.034 -6.04026 -3.03389
0.035 -10.3943 -4.38052
0.036 -11.4556 -4.83844
0.037 -8.87215 -4.3052
0.038 -3.59974 -3.00561
0.039 2.43351 -1.41734
0.04 7.04619 -0.0946545
0.041 8.63784 0.54731
0.042 6.79152 0.391662
0.043 2.40251 -0.349201
0.044 -2.69543 -1.23421
0.045 -6.44331 -1.77451
0.046 -7.34035 -1.62461
0.047 -5.00715 -0.717836
0.048 -0.308093 0.70309
0.049 5.01899 2.17769
0.05 9.05829 3.20817
0.051 10.4311 3.4509
0.052 8.75815 2.83785
0.053 4.74217 1.58948
0.054 -0.11681 0.128759
0.055 -4.07433 -1.06794
0.056 -5.78206 -1.63637
0.057 -4.77416 -1.4496
0.058 -1.58603 -0.650173
0.059 2.54008 0.427962
0.06 6.19227 1.40856
0.061 8.30364 2.01811
0.062 8.45933 2.1671
0.063 6.94995 1.95358
0.064 4.60564 1.60712
0.065 2.47091 1.39642
0.066 1.41507 1.52464
0.067 1.82174 2.04738
0.068 3.49322 2.85135
0.069 5.79987 3.70737
0.07 7.96953 4.36808
0.071 9.36288 4.65686
0.072 9.63705 4.51125
0.073 8.7831 3.97961
0.074 7.0673 3.18977
0.075 4.91552 2.30531
0.076 2.78021 1.47832
0.077 1.03047 0.810172
0.078 -0.106497 0.335421
0.079 -0.552772 0.0358759
0.08 -0.358701 -0.12804
0.081 0.325841 -0.191256
0.082 1.27878 -0.17669
0.083 2.23062 -0.102734
0.084 2.89626 0.00720688
0.085 3.03255 0.123184
0.086 2.52722 0.217041
0.087 1.48557 0.276028
0.088 0.250429 0.314344
0.089 -0.689431 0.3744
0.09 -0.877373 0.512445
0.091 -0.0707382 0.771826
0.092 1.65106 1.15551
0.093 3.88107 1.61017
0.094 5.9781 2.02988
0.095 7.24872 2.2823
0.096 7.18981 2.25418
0.097 5.71366 1.90285
0.098 3.2394 1.29085
0.099 0.573398 0.58038
0.1 -1.38688 -0.0179186
0.101 -1.99099 -0.321188
0.102 -1.07176 -0.241316
0.103 0.997455 0.182906
0.104 3.4271 0.796289
0.105 5.27601 1.37569
0.106 5.78504 1.70471
0.107 4.67225 1.65443
0.108 2.26576 1.23973
0.109 -0.60206 0.621007
0.11 -2.90824 0.0434317
0.111 -3.82811 -0.260184
0.112 -3.03701 -0.1587
0.113 -0.813318 0.331557
0.114 2.08053 1.05642
0.115 4.68199 1.78018
0.116 6.17243 2.26874
0.117 6.16142 2.37466
0.118 4.81332 2.09469
0.119 2.77226 1.57477
0.12 0.912833 1.05585
0.121 0.0095989 0.781701
0.122 0.452295 0.907065
0.123 2.11707 1.44224
0.124 4.43848 2.25176
0.125 6.63973 3.1031
0.126 8.01513 3.74476
0.127 8.1537 3.98709
0.128 7.03998 3.76002
0.129 5.02411 3.13016
0.13 2.68696 2.27247
0.131 0.642736 1.40777
0.132 -0.660283 0.728302
0.133 -1.0686 0.33781
0.134 -0.729925 0.227235
0.135 0.0152324 0.293285
0.136 0.787559 0.388836
0.137 1.29065 0.382244
0.138 1.36925 0.20362
0.139 1.01987 -0.133872
0.14 0.376092 -0.539239
0.141 -0.329252 -0.871755
0.142 -0.829536 -0.985829
0.143 -0.903077 -0.781284
0.144 -0.43155 -0.240647
0.145 0.581679 0.563094
0.146 2.01876 1.49003
0.147 3.65661 2.37402
0.148 5.18211 3.06293
0.149 6.2401 3.44928
0.15 6.52685 3.49023
0.151 5.90196 3.21633
0.152 4.46491 2.72326
0.153 2.55366 2.1431
0.154 0.661061 1.60363
0.155 -0.705492 1.19294
0.156 -1.1833 0.942077
0.157 -0.686136 0.826265
0.158 0.542979 0.779236
0.159 1.99317 0.716047
0.16 3.05599 0.563031
0.161 3.2517 0.290251
0.162 2.42719 -0.0661483
0.163 0.843774 -0.405809
0.164 -0.890162 -0.59368
0.165 -2.03011 -0.506605
0.166 -1.97886 -0.0796337
0.167 -0.532472 0.66401
0.168 2.01274 1.60919
0.169 4.9372 2.57338
0.17 7.33206 3.35419
0.171 8.41012 3.7879
0.172 7.79003 3.80069
0.173 5.6526 3.43325
0.174 2.69922 2.82721
0.175 -0.0922629 2.1756
0.176 -1.83023 1.6539
0.177 -2.04253 1.35864
0.178 -0.841861 1.27811
0.179 1.13452 1.3049
0.18 2.97301 1.28291
0.181 3.82221 1.0705
0.182 3.20838 0.598352
0.183 1.22298 -0.0968292
0.184 -1.49294 -0.875385
0.185 -3.97873 -1.53738
0.186 -5.31873 -1.89231
0.187 -4.9926 -1.82877
0.188 -3.0657 -1.35454
0.189 -0.151805 -0.591964
0.19 2.82024 0.265599
0.191 4.9383 1.01723
0.192 5.62096 1.51591
0.193 4.81116 1.71028
0.194 2.98179 1.65483
0.195 0.946484 1.48388
0.196 -0.455347 1.35688
0.197 -0.674538 1.39556
0.198 0.356467 1.6389
0.199 2.22487 2.0327
0.2 4.2166 2.45428
0.201 5.59318 2.75952
0.202 5.8598 2.83358
0.203 4.9301 2.62842
0.204 3.13484 2.1767
0.205 1.08009 1.57933
0.206 -0.584587 0.971658
0.207 -1.39794 0.480223
0.208 -1.23375 0.184992
0.209 -0.314591 0.0996873
0.21 0.903108 0.176167
0.211 1.91975 0.329627
0.212 2.3793 0.47278
0.213 2.17947 0.544699
0.214 1.47262 0.525587
0.215 0.575028 0.436822
0.216 -0.165178 0.33035
0.217 -0.488396 0.271871
0.218 -0.295679 0.321059
0.219 0.342896 0.513086
0.22 1.23956 0.847858
0.221 2.17528 1.29115
0.222 2.98003 1.7848
0.223 3.56942 2.2589
0.224 3.92934 2.64231
0.225 4.07369 2.87261
0.226 4.01172 2.90842
0.227 3.74439 2.74223
0.228 3.28348 2.40704
0.229 2.67417 1.97053
0.23 2.00547 1.51721
0.231 1.40038 1.12507
0.232 0.981974 0.843633
0.233 0.820922 0.67915
0.234 0.886777 0.591904
0.235 1.03464 0.50867
0.236 1.04789 0.349962
0.237 0.728535 0.0653288
0.238 -0.00273449 -0.33696
0.239 -1.04426 -0.780744
0.24 -2.12024 -1.14049
0.241 -2.86076 -1.28275
0.242 -2.93205 -1.11579
0.243 -2.17185 -0.628464
0.244 -0.676489 0.0968071
0.245 1.20073 0.902044
0.246 2.94989 1.59846
0.247 4.07465 2.02542
0.248 4.27139 2.10437
0.249 3.5474 1.86691
0.25 2.22878 1.44348
0.251 0.848501 1.01415
0.252 -0.0490747 0.740201
0.253 -0.114617 0.704052
0.254 0.668504 0.880846
0.255 1.96965 1.1507
0.256 3.22817 1.34584
0.257 3.86244 1.31643
0.258 3.49532 0.992764
0.259 2.11151 0.42042
0.26 0.0852542 -0.247308
0.261 -1.93823 -0.799832
0.262 -3.2688 -1.04423
0.263 -3.42177 -0.875181
0.264 -2.29776 -0.313261
0.265 -0.224202 0.501282
0.266 2.15706 1.35544
0.267 4.11448 2.0345
0.268 5.08187 2.39291
0.269 4.85273 2.39977
0.27 3.64504 2.14233
0.271 2.01295 1.78631
0.272 0.636316 1.50927
0.273 0.0661952 1.43271
0.274 0.522058 1.578
0.275 1.81616 1.86088
0.276 3.42984 2.12614
0.277 4.7086 2.20938
0.278 5.10121 2.00225
0.279 4.35745 1.49515
0.28 2.61797 0.781722
0.281 0.366704 0.0259264
0.282 -1.7374 -0.593471
0.283 -3.0895 -0.941054
0.284 -3.34471 -0.967
0.285 -2.52594 -0.719617
0.286 -0.998558 -0.322946
0.287 0.671504 0.0728532
0.288 1.91942 0.347655
0.289 2.37114 0.449942
0.29 1.96012 0.40449
0.291 0.935543 0.292155
0.292 -0.238865 0.214121
0.293 -1.05849 0.253556
0.294 -1.1598 0.445425
0.295 -0.444706 0.763804
0.296 0.894266 1.13265
0.297 2.45038 1.45687
0.298 3.74679 1.65908
0.299 4.39563 1.70401
0.3 4.22068 1.60228
0.301 3.30681 1.39812
0.302 1.9618 1.15041
0.303 0.605883 0.913867
0.304 -0.371305 0.724253
0.305 -0.736427 0.591073
0.306 -0.478172 0.500806
0.307 0.206354 0.429445
0.308 0.992877 0.356433
0.309 1.54523 0.271418
0.31 1.62576 0.17242
0.311 1.16793 0.0608325
0.312 0.291406 -0.0612872
0.313 -0.742561 -0.190125
0.314 -1.62 -0.316863
0.315 -2.07779 -0.424679
0.316 -1.98568 -0.487933
0.317 -1.37879 -0.475453
0.318 -0.435211 -0.359522
0.319 0.586717 -0.128936
0.32 1.42847 0.200101
0.321 1.90591 0.582154
0.322 1.95877 0.952319
0.323 1.6614 1.24482
0.324 1.19095 1.41442
0.325 0.763024 1.45288
0.326 0.558913 1.39346
0.327 0.67021 1.29948
0.328 1.07564 1.23962
0.329 1.65209 1.25913
0.33 2.21413 1.35899
0.331 2.57106 1.49212
0.332 2.58512 1.57838
0.333 2.21367 1.53351
0.334 1.52162 1.30303
0.335 0.661148 0.88868
0.336 -0.17291 0.356027
0.337 -0.797292 -0.182006
0.338 -1.0896 -0.60033
0.339 -1.01954 -0.802855
0.34 -0.652773 -0.754688
0.341 -0.127231 -0.493955
0.342 0.389228 -0.119017
0.343 0.746565 0.245342
0.344 0.853861 0.49192
0.345 0.704575 0.568852
0.346 0.378319 0.495662
0.347 0.0160556 0.351882
0.348 -0.225488 0.244196
0.349 -0.224599 0.264583
0.35 0.0667486 0.453484
0.351 0.606 0.780683
0.352 1.26675 1.15189
0.353 1.86854 1.44083
0.354 2.22655 1.53574
0.355 2.20995 1.38118
0.356 1.78877 0.998018
0.357 1.04985 0.476365
0.358 0.174895 -0.0529389
0.359 -0.610691 -0.458744
0.36 -1.10243 -0.650681
0.361 -1.17879 -0.607844
0.362 -0.843955 -0.383367
0.363 -0.233689 -0.0812294
0.364 0.424589 0.185215
0.365 0.88783 0.334235
0.366 0.981987 0.340358
0.367 0.664135 0.237794
0.368 0.0416107 0.105251
0.369 -0.657682 0.0367495
0.37 -1.15755 0.105705
0.371 -1.2298 0.334565
0.372 -0.782118 0.683444
0.373 0.0985519 1.06377
0.374 1.16725 1.36997
0.375 2.09922 1.51416
0.376 2.59618 1.45174
0.377 2.48616 1.19337
0.378 1.78657 0.801823
0.379 0.707658 0.373291
0.38 -0.412939 0.00664141
0.381 -1.22791 -0.228523
0.382 -1.50543 -0.311363
0.383 -1.20997 -0.269526
0.384 -0.509658 -0.16281
0.385 0.28615 -0.060111
0.386 0.834269 -0.0167596
0.387 0.878407 -0.0563573
0.388 0.347414 -0.161904
0.389 -0.606954 -0.281306
0.39 -1.65716 -0.347395
0.391 -2.41963 -0.304266
0.392 -2.59654 -0.127774
0.393 -2.0802 0.166994
0.394 -0.986542 0.530423
0.395 0.384123 0.891331
0.396 1.64262 1.17567
0.397 2.43809 1.32786
0.398 2.57961 1.3281
0.399 2.10469 1.19757
0.4 1.26 0.988708
0.401 0.400617 0.765719
0.402 -0.144909 0.584611
0.403 -0.187448 0.478737
0.404 0.265977 0.45136
0.405 1.02042 0.476279
0.406 1.76156 0.507938
0.407 2.16815 0.499347
0.408 2.03259 0.421051
0.409 1.34052 0.272572
0.41 0.273401 0.0819541
0.411 -0.863048 -0.10426
0.412 -1.74798 -0.235545
0.413 -2.14893 -0.272775
0.414 -1.99083 -0.201358
0.415 -1.3751 -0.0376495
0.416 -0.541388 0.175186
0.417 0.219664 0.38127
0.418 0.67098 0.53014
0.419 0.707286 0.591282
0.42 0.377453 0.560763
0.421 -0.148654 0.460045
0.422 -0.646954 0.328431
0.423 -0.91521 0.210456
0.424 -0.839071 0.141356
0.425 -0.429187 0.136078
0.426 0.186657 0.186485
0.427 0.815335 0.267261
0.428 1.27002 0.346689
0.429 1.42972 0.397299
0.43 1.26818 0.403596
0.431 0.852336 0.366119
0.432 0.31792 0.301015
0.433 -0.172279 0.234509
0.434 -0.480005 0.193802
0.435 -0.53551 0.198051
0.436 -0.354314 0.252881
0.437 -0.0218592 0.349579
0.438 0.340384 0.467749
0.439 0.610206 0.579748
0.44 0.694264 0.6565
0.441 0.552135 0.674512
0.442 0.21058 0.62261
0.443 -0.24187 0.505978
0.444 -0.683085 0.345845
0.445 -0.996297 0.174818
0.446 -1.10235 0.0291986
0.447 -0.977323 -0.0599824
0.448 -0.657571 -0.0754901
0.449 -0.233387 -0.01979
0.45 0.173097 0.0844
0.451 0.445858 0.20052
0.452 0.515921 0.290218
0.453 0.38554 0.326804
0.454 0.12519 0.304992
0.455 -0.15138 0.243405
0.456 -0.322608 0.179013
0.457 -0.297295 0.154851
0.458 -0.048493 0.204083
0.459 0.369221 0.335353
0.46 0.831939 0.525559
0.461 1.18836 0.724536
0.462 1.31402 0.871141
0.463 1.15406 0.914648
0.464 0.740963 0.83309
0.465 0.185873 0.642283
0.466 -0.352692 0.392961
0.467 -0.717783 0.156416
0.468 -0.807785 0.00188089
0.469 -0.613443 -0.0275282
0.47 -0.219407 0.0691312
0.471 0.230781 0.250129
0.472 0.588351 0.446824
0.473 0.749024 0.588839
0.474 0.684668 0.628646
0.475 0.450821 0.557621
0.476 0.166744 0.409241
0.477 -0.0295014 0.248038
0.478 -0.035936 0.146301
0.479 0.172545 0.155606
0.48 0.535891 0.284544
0.481 0.933714 0.493026
0.482 1.2286 0.706007
0.483 1.31114 0.840434
0.484 1.13512 0.834553
0.485 0.733757 0.669843
0.486 0.209191 0.379247
0.487 -0.303739 0.0385938
0.488 -0.684862 -0.257806
0.489 -0.865767 -0.430015
0.49 -0.843028 -0.440874
0.491 -0.668585 -0.307712
0.492 -0.426289 -0.0930099
0.493 -0.202581 0.120661
0.494 -0.0577887 0.260889
0.495 -0.00722469 0.290667
0.496 -0.0212466 0.220996
0.497 -0.0443491 0.106141
0.498 -0.0214628 0.0218137
0.499 0.0826844 0.0339944
0.5 0.276094 0.171668
0.501 0.539756 0.415076
0.502 0.832006 0.703109
0.503 1.09817 0.95513
0.504 1.28576 1.09856
0.505 1.35919 1.09347
0.506 1.3064 0.946506
0.507 1.13632 0.708124
0.508 0.874476 0.453324
0.509 0.561255 0.25359
0.51 0.24958 0.152539
0.511 -0.00469244 0.154468
0.512 -0.158577 0.22771
0.513 -0.195794 0.319133
0.514 -0.131743 0.374492
0.515 -0.00921059 0.358829
0.516 0.11227 0.26988
0.517 0.172252 0.138035
0.518 0.129905 0.0122397
0.519 -0.0165069 -0.06094
0.52 -0.222537 -0.0548439
0.521 -0.410224 0.0294835
0.522 -0.496197 0.165591
0.523 -0.422944 0.311318
0.524 -0.181657 0.423053
0.525 0.180243 0.471018
0.526 0.569903 0.449933
0.527 0.877427 0.379492
0.528 1.01503 0.294245
0.529 0.952265 0.228793
0.53 0.73066 0.205838
0.531 0.449932 0.231043
0.532 0.232369 0.294266
0.533 0.179353 0.375055
0.534 0.334013 0.450691
0.535 0.661709 0.504826
0.536 1.05695 0.533078
0.537 1.37823 0.542319
0.538 1.50055 0.544232
0.539 1.36448 0.547623
0.54 0.999571 0.554032
0.541 0.513002 0.558029
0.542 0.0509436 0.550696
0.543 -0.251438 0.523988
0.544 -0.315932 0.474544
0.545 -0.149402 0.405785
0.546 0.157292 0.326884
0.547 0.463126 0.248371
0.548 0.633055 0.176902
0.549 0.5928 0.112769
0.55 0.357306 0.0516788
0.551 0.0221542 -0.0106091
0.552 -0.274334 -0.0735741
0.553 -0.401625 -0.12932
0.554 -0.28405 -0.163048
0.555 0.0694133 -0.157079
0.556 0.56404 -0.0980642
0.557 1.05104 0.0152642
0.558 1.38255 0.168286
0.559 1.46698 0.333533
0.56 1.30002 0.47945
0.561 0.95985 0.58073
0.562 0.573445 0.626126
0.563 0.269843 0.621521
0.564 0.1359 0.587555
0.565 0.187569 0.551805
0.566 0.366643 0.53728
0.567 0.566187 0.551931
0.568 0.676141 0.584754
0.569 0.629364 0.610789
0.57 0.42723 0.602296
0.571 0.135731 0.540691
0.572 -0.142154 0.424773
0.573 -0.304848 0.273116
0.574 -0.288413 0.119907
0.575 -0.0894776 0.00452397
0.576 0.233542 -0.0423844
0.577 0.582822 -0.0106212
0.578 0.858629 0.0856341
0.579 0.995164 0.213397
0.58 0.97929 0.332906
0.581 0.847434 0.410949
0.582 0.666204 0.431213
0.583 0.505667 0.399017
0.584 0.413679 0.338701
0.585 0.399554 0.283686
0.586 0.433983 0.262628
0.587 0.466122 0.287769
0.588 0.449467 0.35055
0.589 0.36283 0.425585
0.59 0.217064 0.480457
0.591 0.048013 0.487514
0.592 -0.0978896 0.434263
0.593 -0.179707 0.329116
0.594 -0.175908 0.199591
0.595 -0.0916412 0.082645
0.596 0.0449875 0.0112072
0.597 0.197171 0.00307248
0.598 0.336389 0.0562944
0.599 0.451851 0.151456
0.6 0.548295 0.25888
0.601 0.636775 0.348487
0.602 0.725683 0.399887
0.603 0.81552 0.409265
0.604 0.897428 0.389521
0.605 0.955582 0.363171
0.606 0.974123 0.351973
0.607 0.946741 0.368591
0.608 0.882997 0.413059
0.609 0.805662 0.473655
0.61 0.739642 0.530839
0.611 0.699543 0.563444
0.612 0.683226 0.556117
0.613 0.673724 0.505258
0.614 0.647166 0.420055
0.615 0.58319 0.318042
0.616 0.474779 0.218294
0.617 0.334194 0.136061
0.618 0.191294 0.0801182
0.619 0.0829161 0.0519848
0.62 0.0372468 0.0463861
0.621 0.0609662 0.0534428
0.622 0.135763 0.0628006
0.623 0.225592 0.067933
0.624 0.2909 0.0680152
0.625 0.30396 0.0667846
0.626 0.259917 0.070246
0.627 0.179665 0.0849442
0.628 0.102881 0.116694
0.629 0.0729863 0.168907
0.63 0.119489 0.240707
0.631 0.245069 0.326165
0.632 0.423123 0.415521
0.633 0.606894 0.497577
0.634 0.746207 0.561857
0.635 0.805127 0.600247
0.636 0.774029 0.608602
0.637 0.672002 0.588097
0.638 0.539025 0.545192
0.639 0.420835 0.489659
0.64 0.351737 0.431441
0.641 0.341759 0.377831
0.642 0.373618 0.331815
0.643 0.411026 0.291627
0.644 0.414588 0.251589
0.645 0.358302 0.204638
0.646 0.24007 0.146094
0.647 0.0827875 0.0768799
0.648 -0.0734435 0.00441805
0.649 -0.184901 -0.0591129
0.65 -0.219394 -0.100125
0.651 -0.167699 -0.107402
0.652 -0.046304 -0.075662
0.653 0.109902 -0.0081643
0.654 0.261282 0.0830623
0.655 0.377116 0.18039
0.656 0.444022 0.266143
0.657 0.467114 0.327849
0.658 0.464948 0.361079
0.659 0.460593 0.369463
0.66 0.47174 0.362629
0.661 0.503713 0.35269
0.662 0.548585 0.349736
0.663 0.590261 0.357539
0.664 0.612045 0.371637
0.665 0.602957 0.381257
0.666 0.560856 0.374152
0.667 0.492345 0.341816
0.668 0.410155 0.282942
0.669 0.328962 0.204371
0.67 0.261183 0.119694
0.671 0.214831 0.0458716
0.672 0.194078 -0.00165223
0.673 0.200635 -0.0139601
0.674 0.233711 0.0084051
0.675 0.288645 0.0560142
0.676 0.356131 0.114125
0.677 0.423386 0.167514
0.678 0.476882 0.204872
0.679 0.505415 0.221624
0.68 0.503078 0.22059
0.681 0.472007 0.210348
0.682 0.423429 0.201616
0.683 0.374695 0.202978
0.684 0.342202 0.21771
0.685 0.333534 0.242808
0.686 0.343321 0.270141
0.687 0.355025 0.289191
0.688 0.347482 0.290639
0.689 0.303301 0.269751
0.69 0.216477 0.228335
0.691 0.0969213 0.174446
0.692 -0.0304293 0.119899
0.693 -0.132908 0.0767309
0.694 -0.181778 0.0539861
0.695 -0.163461 0.0554293
0.696 -0.0853035 0.0783773
0.697 0.0266677 0.114207
0.698 0.136979 0.150959
0.699 0.213445 0.177428
0.7 0.23896 0.187039
0.701 0.21786 0.17974
0.702 0.173971 0.161309
0.703 0.14091 0.14095
0.704 0.148517 0.128375
0.705 0.210708 0.130766
0.706 0.31917 0.150005
0.707 0.445159 0.181327
0.708 0.549149 0.214592
0.709 0.595499 0.238072
0.71 0.566751 0.243003
0.711 0.471084 0.226621
0.712 0.33919 0.192613
0.713 0.212289 0.149594
0.714 0.126896 0.108533
0.715 0.10222 0.0795184
0.716 0.134007 0.0683152
0.717 0.196413 0.0740151
0.718 0.251737 0.089215
0.719 0.265599 0.10298
0.72 0.22185 0.10521
0.721 0.130011 0.0903048
0.722 0.0212807 0.0588447
0.723 -0.0646366 0.017276
0.724 -0.0952374 -0.0239813
0.725 -0.0569888 -0.0537083
0.726 0.0403055 -0.0636131
0.727 0.167113 -0.0512006
0.728 0.284627 -0.020466
0.729 0.359157 0.0198822
0.73 0.375146 0.0597422
0.731 0.340767 0.09103
0.732 0.283161 0.110097
0.733 0.235812 0.118599
0.734 0.224292 0.122474
0.735 0.256509 0.129181
0.736 0.320594 0.144281
0.737 0.390358 0.169009
0.738 0.43595 0.199803
0.739 0.435784 0.229648
0.74 0.385094 0.250367
0.741 0.29757 0.25515
0.742 0.19943 0.240823
0.743 0.118706 0.209172
0.744 0.0744383 0.166418
0.745 0.070106 0.120758
0.746 0.0936591 0.0793172
0.747 0.123836 0.0462688
0.748 0.139863 0.0227202
0.749 0.130139 0.00761165
0.75 0.0962033 -0.0013203
0.751 0.0508283 -0.00660958
0.752 0.011796 -0.00986578
0.753 -0.0056443 -0.0107365
0.754 0.00519578 -0.00707756
0.755 0.0398741 0.00340726
0.756 0.0847281 0.0213079
0.757 0.122869 0.0449618
0.758 0.141779 0.0713773
0.759 0.138708 0.0974626
0.76 0.1211 0.120583
0.761 0.102174 0.13861
0.762 0.0944237 0.150113
0.763 0.104321 0.154648
0.764 0.130035 0.152526
0.765 0.162348 0.143948
0.766 0.188298 0.128429
0.767 0.196649 0.105291
0.768 0.183222 0.0749025
0.769 0.153403 0.0395362
0.77 0.120047 0.00318567
0.771 0.0975248 -0.0293991
0.772 0.0950789 -0.0538544
0.773 0.112876 -0.0672519
0.774 0.142296 -0.0689873
0.775 0.169761 -0.061123
0.776 0.1823 -0.0476703
0.777 0.172887 -0.0329398
0.778 0.143694 -0.0198347
0.779 0.105796 -0.00894525
0.78 0.0749203 0.00133045
0.781 0.06472 0.0138784
0.782 0.080653 0.0314389
0.783 0.117387 0.0549397
0.784 0.160846 0.0822304
0.785 0.193859 0.108118
0.786 0.202982 0.126037
0.787 0.183736 0.130546
0.788 0.142289 0.119337
0.789 0.0929825 0.093994
0.79 0.0526188 0.0596121
0.791 0.0338228 0.0235525
0.792 0.0401779 -0.00652891
0.793 0.0650018 -0.0251269
0.794 0.0941698 -0.0308666
0.795 0.111964 -0.0267875
0.796 0.10769 -0.0185781
0.797 0.0802863 -0.0117942
0.798 0.0388676 -0.0095767
0.799 -0.00100499 -0.0116813
0.8 -0.0235902 -0.0147562
0.801 -0.0189384 -0.0135582
0.802 0.0136918 -0.00292042
0.803 0.0657748 0.0199111
0.804 0.122534 0.0535126
0.805 0.168144 0.0921808
0.806 0.191461 0.127763
0.807 0.190025 0.15253
0.808 0.17042 0.161725
0.809 0.144773 0.154852
0.81 0.125237 0.135482
0.811 0.119232 0.109834
0.812 0.127211 0.0846108
0.813 0.143114 0.0647251
0.814 0.156861 0.0517276
0.815 0.158172 0.0436008
0.816 0.140659 0.0360165
0.817 0.104631 0.0244849
0.818 0.0571957 0.00647518
0.819 0.00946015 -0.0173467
0.82 -0.027703 -0.043228
0.821 -0.0472141 -0.0656778
0.822 -0.0474278 -0.0794478
0.823 -0.03187 -0.0813516
0.824 -0.00760206 -0.0712958
0.825 0.0172647 -0.0522651
0.826 0.0362674 -0.029352
0.827 0.0465797 -0.00812448
0.828 0.0494374 0.00717837
0.829 0.0488752 0.014954
0.83 0.0495793 0.0164675
0.831 0.0549573 0.0149271
0.832 0.0660675 0.013927
0.833 0.0814819 0.0160137
0.834 0.0979176 0.0218859
0.835 0.11138 0.0303186
0.836 0.118433 0.0386932
0.837 0.117148 0.0439889
0.838 0.107494 0.0439875
0.839 0.0912219 0.0382199
0.84 0.0714548 0.0281809
0.841 0.0520301 0.0167131
0.842 0.0365883 0.00691961
0.843 0.0276328 0.00113227
0.844 0.0259487 0.000277947
0.845 0.0305671 0.00373637
0.846 0.0390842 0.00967048
0.847 0.0481119 0.0157405
0.848 0.0539641 0.0199599
0.849 0.0537566 0.0213354
0.85 0.0466258 0.0200407
0.851 0.0343063 0.0171427
0.852 0.0205428 0.0140845
0.853 0.00961302 0.0121324
0.854 0.0047967 0.011941
0.855 0.00739678 0.0133721
0.856 0.0163381 0.0156526
0.857 0.0282693 0.0178048
0.858 0.0384156 0.0190994
0.859 0.0423224 0.0192881
0.86 0.0378979 0.0185672
0.861 0.0266021 0.0174087
0.862 0.0129827 0.0163816
0.863 0.00281086 0.0159767
0.864 0.000868375 0.0164339
0.865 0.00931413 0.0176594
0.866 0.026932 0.0193184
0.867 0.0493065 0.0210481
0.868 0.0700669 0.0226252
0.869 0.0830826 0.0239663
0.87 0.0848418 0.0250029
0.871 0.0758564 0.0255772
0.872 0.0603371 0.0254503
0.873 0.0443523 0.0243936
0.874 0.0334522 0.0222964
0.875 0.0307262 0.0192483
0.876 0.0358102 0.0155689
0.877 0.0450822 0.0117609
0.878 0.0530819 0.00839759
0.879 0.0547466 0.00597043
0.88 0.0475601 0.004728
0.881 0.0326327 0.00455929
0.882 0.0142359 0.00499962
0.883 -0.00190148 0.00540309
0.884 -0.0107374 0.00523064
0.885 -0.00973867 0.00429802
0.886 0.000174104 0.00282989
0.887 0.0149481 0.00131555
0.888 0.0289861 0.000301978
0.889 0.0373661 0.000228249
0.89 0.0376697 0.00128965
0.891 0.0306265 0.00330963
0.892 0.0194802 0.00570039
0.893 0.00857916 0.00763242
0.894 0.0017764 0.00839365
0.895 0.00104263 0.00772485
0.896 0.00570035 0.0059118
0.897 0.0127295 0.00362804
0.898 0.0181902 0.00169776
0.899 0.0190871 0.000895951
0.9 0.014653 0.00175822
0.901 0.00644128 0.0043735
0.902 -0.00256224 0.00826949
0.903 -0.00914098 0.0125457
0.904 -0.0109088 0.0162391
0.905 -0.0071122 0.0186986
0.906 0.001006 0.0197557
0.907 0.0106152 0.0196755
0.908 0.0185093 0.0190135
0.909 0.0225418 0.0184415
0.91 0.0224341 0.0185145
0.911 0.0195408 0.0194063
0.912 0.015925 0.0207704
0.913 0.0134199 0.0218631
0.914 0.0130259 0.021874
0.915 0.0146258 0.0202583
0.916 0.0170171 0.0169136
0.917 0.0183947 0.0122004
0.918 0.0172284 0.00686667
0.919 0.0131048 0.00187691
0.92 0.00698792 -0.00187388
0.921 0.000725564 -0.00387372
0.922 -0.00383049 -0.00415558
0.923 -0.00555076 -0.00320935
0.924 -0.00434488 -0.00172551
0.925 -0.00110425 -0.000334504
0.926 0.0026553 0.000566081
0.927 0.00539239 0.000901835
0.928 0.00620039 0.000935279
0.929 0.00521057 0.0011599
0.93 0.00348636 0.00206524
0.931 0.00245562 0.00388123
0.932 0.00321637 0.00645749
0.933 0.00606258 0.00933279
0.934 0.010369 0.0119146
0.935 0.0148159 0.013659
0.936 0.0178868 0.0142075
0.937 0.0184926 0.013485
0.938 0.0164552 0.0117396
0.939 0.0125912 0.00947104
0.94 0.00834561 0.00724806
0.941 0.00517954 0.00550435
0.942 0.0040212 0.00442375
0.943 0.00497193 0.00394554
0.944 0.00730561 0.00384333
0.945 0.00974301 0.00382444
0.946 0.0109536 0.00363164
0.947 0.0101208 0.00313849
0.948 0.00729775 0.00240329
0.949 0.00335297 0.00163994
0.95 -0.000445712 0.00111272
0.951 -0.00296178 0.00101815
0.952 -0.00358575 0.00141461
0.953 -0.00239594 0.00221302
0.954 -9.72036e-05 0.00321029
0.955 0.00223587 0.00414921
0.956 0.00356658 0.00479508
0.957 0.00331712 0.00501003
0.958 0.0015969 0.00479282
0.959 -0.000885943 0.00426259
0.96 -0.0031649 0.00359923
0.961 -0.00441255 0.0029764
0.962 -0.00422164 0.00251305
0.963 -0.0027028 0.00224995
0.964 -0.00041026 0.00215098
0.965 0.00186998 0.00212891
0.966 0.00341206 0.0020883
0.967 0.00381757 0.00196721
0.968 0.00313957 0.00175731
0.969 0.00181094 0.00149613
0.97 0.000430059 0.00124303
0.971 -0.000483217 0.00105466
0.972 -0.00066193 0.000966512
0.973 -0.000150344 0.000981764
0.974 0.000752896 0.0010709
0.975 0.00163523 0.0011839
0.976 0.00213917 0.0012701
0.977 0.00209261 0.00129518
0.978 0.00155056 0.0012477
0.979 0.000743006 0.00113599
0.98 -3.54455e-05 0.000981221
0.981 -0.000542374 0.00081024
0.982 -0.000667402 0.000648139
0.983 -0.000451455 0.00051155
0.984 -4.63759e-05 0.000405736
0.985 0.000361589 0.000326928
0.986 0.000627866 0.000267448
0.987 0.000693431 0.000219948
0.988 0.000585503 0.000179233
0.989 0.000385708 0.000142617
0.99 0.000185922 0.000109806
0.991 5.07023e-05 8.215e-05
0.992 -9.06026e-07 6.10733e-05
0.993 9.72537e-06 4.65846e-05
0.994 4.26672e-05 3.7007e-05
0.995 6.41827e-05 2.98916e-05
0.996 6.11373e-05 2.31733e-05
0.997 4.02648e-05 1.59018e-05
0.998 1.70597e-05 8.4786e-06
0.999 3.22943e-06 2.46704e-06
0.12 0.125048 0.0553439
0.24 0.124566 0.0550845
0.36 0.123767 0.0546526
0.48 0.122659 0.0540493
0.6 0.121254 0.0532759
0.72 0.119565 0.052334
0.84 0.117609 0.0512258
0.96 0.115405 0.0499535
1.08 0.112976 0.0485201
1.2 0.110346 0.0469287
1.32 0.107542 0.0451829
1.44 0.104592 0.0432867
1.56 0.101527 0.0412443
1.68 0.0983787 0.0390605
1.8 0.0951804 0.0367405
1.92 0.0919665 0.0342896
2.04 0.0887721 0.0317138
2.16 0.0856327 0.0290192
2.28 0.0825839 0.0262124
2.4 0.0796616 0.0233004
2.52 0.076901 0.0202905
2.64 0.0743369 0.0171902
2.76 0.0720031 0.0140075
2.88 0.0699322 0.0107506
3 0.0681555 0.0074281
3.12 0.0667026 0.00404865
3.24 0.0656014 0.000621295
3.36 0.0648774 -0.00284475
3.48 0.0645542 -0.00634008
3.6 0.0646526 -0.00985515
3.72 0.065191 -0.0133803
3.84 0.066185 -0.0169058
3.96 0.0676474 -0.0204219
4.08 0.0695879 -0.0239187
4.2 0.0720134 -0.0273865
4.32 0.0749274 -0.0308156
4.44 0.0783306 -0.0341964
4.56 0.0822204 -0.0375195
4.68 0.0865912 -0.0407758
4.8 0.0914344 -0.0439563
4.92 0.0967384 -0.0470523
5.04 0.102489 -0.0500556
5.16 0.108668 -0.0529581
5.28 0.115256 -0.0557524
5.4 0.12223 -0.0584315
5.52 0.129567 -0.0609888
5.64 0.137237 -0.0634183
5.76 0.145214 -0.0657146
5.88 0.153466 -0.0678729
6 0.16196 -0.069889
6.12 0.170662 -0.0717594
6.24 0.179539 -0.0734812
6.36 0.188554 -0.0750524
6.48 0.197671 -0.0764714
6.6 0.206853 -0.0777375
6.72 0.216064 -0.0788508
6.84 0.225265 -0.079812
6.96 0.23442 -0.0806224
7.08 0.243494 -0.0812842
7.2 0.252451 -0.0818002
7.32 0.261256 -0.0821739
7.44 0.269876 -0.0824094
7.56 0.278278 -0.0825114
7.68 0.286432 -0.0824852
7.8 0.294309 -0.0823367
7.92 0.301882 -0.0820721
8.04 0.309125 -0.0816983
8.16 0.316015 -0.0812224
8.28 0.32253 -0.0806519
8.4 0.328652 -0.0799946
8.52 0.334363 -0.0792586
8.64 0.339649 -0.0784521
8.76 0.344497 -0.0775833
8.88 0.348898 -0.0766608
9 0.352844 -0.0756928
9.12 0.356329 -0.0746877
9.24 0.35935 -0.0736536
9.36 0.361906 -0.0725984
9.48 0.363998 -0.0715301
9.6 0.365629 -0.0704559
9.72 0.366804 -0.0693829
9.84 0.367531 -0.0683179
9.96 0.367817 -0.067267
10.08 0.367673 -0.0662361
10.2 0.36711 -0.0652302
10.32 0.366142 -0.0642541
10.44 0.364784 -0.0633118
10.56 0.363049 -0.0624068
10.68 0.360955 -0.0615419
10.8 0.35852 -0.0607193
10.92 0.355759 -0.0599406
11.04 0.352694 -0.0592066
11.16 0.349341 -0.0585176
11.28 0.34572 -0.0578732
11.4 0.341851 -0.0572725
11.52 0.337753 -0.056714
11.64 0.333445 -0.0561955
11.76 0.328946 -0.0557144
11.88 0.324276 -0.0552676
12 0.319453 -0.0548514
12.12 0.314495 -0.0544621
12.24 0.30942 -0.0540952
12.36 0.304246 -0.0537462
12.48 0.298989 -0.0534102
12.6 0.293665 -0.0530823
12.72 0.28829 -0.0527573
12.84 0.282878 -0.0524301
12.96 0.277445 -0.0520954
13.08 0.272003 -0.0517482
13.2 0.266565 -0.0513834
13.32 0.261144 -0.0509963
13.44 0.255751 -0.0505824
13.56 0.250398 -0.0501372
13.68 0.245094 -0.049657
13.8 0.239849 -0.0491383
13.92 0.234674 -0.0485779
14.04 0.229575 -0.0479732
14.16 0.224563 -0.0473223
14.28 0.219645 -0.0466235
14.4 0.214828 -0.045876
14.52 0.21012 -0.0450794
14.64 0.205528 -0.044234
14.76 0.201058 -0.0433407
14.88 0.196716 -0.0424009
15 0.192508 -0.0414168
15.12 0.188441 -0.0403911
15.24 0.18452 -0.0393271
15.36 0.18075 -0.0382287
15.48 0.177138 -0.0371003
15.6 0.173686 -0.0359469
15.72 0.170402 -0.0347737
15.84 0.167289 -0.0335867
15.96 0.164352 -0.0323919
16.08 0.161594 -0.0311959
16.2 0.159021 -0.0300055
16.32 0.156636 -0.0288275
16.44 0.154441 -0.0276691
16.56 0.152441 -0.0265374
16.68 0.150637 -0.0254397
16.8 0.149032 -0.024383
16.92 0.147628 -0.0233744
17.04 0.146425 -0.0224207
17.16 0.145425 -0.0215285
17.28 0.144627 -0.020704
17.4 0.14403 -0.0199531
17.52 0.143635 -0.0192812
17.64 0.143437 -0.0186934
17.76 0.143434 -0.018194
17.88 0.143624 -0.0177869
18 0.144 -0.0174753
18.12 0.144558 -0.0172616
18.24 0.145292 -0.0171479
18.36 0.146194 -0.0171351
18.48 0.147256 -0.0172237
18.6 0.14847 -0.0174133
18.72 0.149825 -0.0177028
18.84 0.15131 -0.0180902
18.96 0.152915 -0.0185731
19.08 0.154626 -0.0191479
19.2 0.156431 -0.0198106
19.32 0.158315 -0.0205564
19.44 0.160263 -0.0213798
19.56 0.162262 -0.0222749
19.68 0.164293 -0.0232349
19.8 0.166343 -0.0242526
19.92 0.168392 -0.0253205
20.04 0.170425 -0.0264304
20.16 0.172424 -0.0275739
20.28 0.174372 -0.0287423
20.4 0.176251 -0.0299267
20.52 0.178044 -0.0311179
20.64 0.179732 -0.0323067
20.76 0.181301 -0.0334839
20.88 0.182732 -0.0346404
21 0.18401 -0.0357671
21.12 0.185118 -0.0368552
21.24 0.186043 -0.0378962
21.36 0.18677 -0.0388818
21.48 0.187285 -0.0398041
21.6 0.187577 -0.0406559
21.72 0.187634 -0.0414302
21.84 0.187446 -0.0421207
21.96 0.187005 -0.0427218
22.08 0.186302 -0.0432284
22.2 0.185331 -0.0436362
22.32 0.184088 -0.0439416
22.44 0.182569 -0.0441418
22.56 0.180771 -0.0442346
22.68 0.178694 -0.0442187
22.8 0.176339 -0.0440936
22.92 0.173709 -0.0438596
23.04 0.170806 -0.0435177
23.16 0.167636 -0.0430698
23.28 0.164206 -0.0425183
23.4 0.160523 -0.0418667
23.52 0.156598 -0.0411188
23.64 0.152439 -0.0402793
23.76 0.14806 -0.0393536
23.88 0.143473 -0.0383473
24 0.138691 -0.0372668
24.12 0.13373 -0.0361191
24.24 0.128605 -0.0349112
24.36 0.123333 -0.0336509
24.48 0.11793 -0.0323459
24.6 0.112415 -0.0310043
24.72 0.106805 -0.0296345
24.84 0.101119 -0.0282448
24.96 0.0953751 -0.0268435
25.08 0.0895921 -0.025439
25.2 0.0837887 -0.0240395
25.32 0.0779833 -0.0226533
25.44 0.0721943 -0.021288
25.56 0.0664396 -0.0199514
25.68 0.0607366 -0.0186507
25.8 0.0551024 -0.0173928
25.92 0.0495532 -0.0161842
26.04 0.0441046 -0.0150308
26.16 0.0387714 -0.0139381
26.28 0.0335675 -0.012911
26.4 0.0285059 -0.011954
26.52 0.0235986 -0.0110708
26.64 0.0188565 -0.0102645
26.76 0.0142895 -0.00953779
26.88 0.00990628 -0.00889243
27 0.00571454 -0.00832974
27.12 0.00172069 -0.00785038
27.24 -0.00206995 -0.00745435
27.36 -0.00565325 -0.00714107
27.48 -0.0090262 -0.00690937
27.6 -0.0121869 -0.00675749
27.72 -0.0151347 -0.00668316
27.84 -0.0178697 -0.00668357
27.96 -0.0203934 -0.00675546
28.08 -0.022708 -0.00689511
28.2 -0.0248167 -0.00709842
28.32 -0.0267237 -0.00736093
28.44 -0.0284339 -0.00767785
28.56 -0.029953 -0.00804416
28.68 -0.0312873 -0.00845459
28.8 -0.0324437 -0.00890372
28.92 -0.0334297 -0.00938601
29.04 -0.0342533 -0.00989583
29.16 -0.0349228 -0.0104275
29.28 -0.0354468 -0.0109755
29.4 -0.0358342 -0.0115342
29.52 -0.036094 -0.0120981
29.64 -0.0362354 -0.0126619
29.76 -0.0362675 -0.0132205
29.88 -0.0361994 -0.0137691
30 -0.03604 -0.0143029
30.12 -0.0357983 -0.0148176
30.24 -0.0354829 -0.0153092
30.36 -0.035102 -0.0157739
30.48 -0.0346637 -0.0162084
30.6 -0.0341757 -0.0166097
30.72 -0.0336453 -0.0169751
30.84 -0.0330793 -0.0173025
30.96 -0.0324842 -0.0175899
31.08 -0.0318659 -0.0178359
31.2 -0.0312299 -0.0180395
31.32 -0.0305812 -0.0182
31.44 -0.0299243 -0.018317
31.56 -0.0292633 -0.0183906
31.68 -0.0286016 -0.0184213
31.8 -0.0279424 -0.0184097
31.92 -0.0272882 -0.0183568
32.04 -0.0266412 -0.018264
32.16 -0.0260031 -0.0181328
32.28 -0.0253754 -0.0179651
32.4 -0.0247589 -0.0177628
32.52 -0.0241544 -0.0175282
32.64 -0.0235621 -0.0172635
32.76 -0.0229821 -0.0169713
32.88 -0.0224143 -0.0166541
33 -0.0218583 -0.0163145
33.12 -0.0213134 -0.0159552
33.24 -0.020779 -0.0155789
33.36 -0.0202542 -0.0151882
33.48 -0.0197382 -0.0147858
33.6 -0.0192301 -0.0143743
33.72 -0.0187288 -0.013956
33.84 -0.0182335 -0.0135335
33.96 -0.0177433 -0.0131089
34.08 -0.0172573 -0.0126844
34.2 -0.0167748 -0.0122619
34.32 -0.0162951 -0.0118434
34.44 -0.0158177 -0.0114303
34.56 -0.0153422 -0.0110243
34.68 -0.0148684 -0.0106265
34.8 -0.0143961 -0.0102382
34.92 -0.0139254 -0.00986015
35.04 -0.0134565 -0.00949322
35.16 -0.0129898 -0.00913793
35.28 -0.0125256 -0.00879468
35.4 -0.0120648 -0.00846372
35.52 -0.011608 -0.00814511
35.64 -0.0111562 -0.00783878
35.76 -0.0107104 -0.00754455
35.88 -0.0102717 -0.00726207
36 -0.00984138 -0.00699092
36.12 -0.00942062 -0.00673058
36.24 -0.00901079 -0.00648042
36.36 -0.00861325 -0.00623979
36.48 -0.00822938 -0.00600795
36.6 -0.00786055 -0.00578414
36.72 -0.00750813 -0.00556759
36.84 -0.00717342 -0.00535749
36.96 -0.0068577 -0.00515307
37.08 -0.00656214 -0.00495356
37.2 -0.00628784 -0.00475823
37.32 -0.00603581 -0.00456638
37.44 -0.00580691 -0.00437737
37.56 -0.00560191 -0.00419061
37.68 -0.00542141 -0.00400559
37.8 -0.00526586 -0.00382188
37.92 -0.00513559 -0.00363912
38.04 -0.00503074 -0.00345701
38.16 -0.00495128 -0.00327539
38.28 -0.00489704 -0.00309414
38.4 -0.00486767 -0.00291324
38.52 -0.00486266 -0.00273276
38.64 -0.00488133 -0.00255287
38.76 -0.00492286 -0.00237378
38.88 -0.00498628 -0.00219581
39 -0.00507048 -0.00201932
39.12 -0.0051742 -0.00184477
39.24 -0.0052961 -0.00167265
39.36 -0.00543471 -0.00150349
39.48 -0.00558846 -0.00133789
39.6 -0.00575573 -0.00117646
39.72 -0.0059348 -0.00101983
39.84 -0.00612392 -0.00086865
39.96 -0.00632131 -0.000723579
40.08 -0.00652517 -0.000585261
40.2 -0.00673367 -0.000454331
40.32 -0.00694502 -0.000331399
40.44 -0.00715744 -0.000217043
40.56 -0.00736921 -0.000111804
40.68 -0.00757863 -1.61746e-05
40.8 -0.00778409 6.94045e-05
40.92 -0.00798405 0.000144552
41.04 -0.00817707 0.000208951
41.16 -0.00836178 0.000262352
41.28 -0.00853695 0.000304579
41.4 -0.00870144 0.000335531
41.52 -0.00885423 0.000355181
41.64 -0.00899444 0.000363583
41.76 -0.00912131 0.000360865
41.88 -0.00923421 0.000347234
42 -0.00933264 0.000322972
42.12 -0.00941622 0.000288434
42.24 -0.00948472 0.000244042
42.36 -0.00953801 0.000190287
42.48 -0.0095761 0.000127718
42.6 -0.00959911 5.69446e-05
42.72 -0.00960727 -2.13774e-05
42.84 -0.00960091 -0.000106545
42.96 -0.00958046 -0.000197819
43.08 -0.00954644 -0.000294425
43.2 -0.00949942 -0.000395568
43.32 -0.00944008 -0.000500432
43.44 -0.00936914 -0.00060819
43.56 -0.00928736 -0.000718014
43.68 -0.00919554 -0.000829075
43.8 -0.00909453 -0.000940556
43.92 -0.00898518 -0.00105165
44.04 -0.00886835 -0.00116159
44.16 -0.00874491 -0.00126961
44.28 -0.00861572 -0.001375
44.4 -0.0084816 -0.00147707
44.52 -0.00834338 -0.00157519
44.64 -0.00820184 -0.00166876
44.76 -0.00805773 -0.00175724
44.88 -0.00791173 -0.00184014
45 -0.00776451 -0.00191701
45.12 -0.00761667 -0.00198749
45.24 -0.00746874 -0.00205124
45.36 -0.00732121 -0.00210801
45.48 -0.0071745 -0.00215757
45.6 -0.00702898 -0.00219978
45.72 -0.00688495 -0.00223455
45.84 -0.00674265 -0.00226183
45.96 -0.00660226 -0.00228162
46.08 -0.00646391 -0.002294
46.2 -0.00632767 -0.00229907
46.32 -0.00619358 -0.00229698
46.44 -0.00606159 -0.00228793
46.56 -0.00593165 -0.00227214
46.68 -0.00580366 -0.00224988
46.8 -0.00567748 -0.00222144
46.92 -0.00555294 -0.00218714
47.04 -0.00542986 -0.00214733
47.16 -0.00530805 -0.00210237
47.28 -0.00518729 -0.00205263
47.4 -0.00506736 -0.00199849
47.52 -0.00494805 -0.00194037
47.64 -0.00482914 -0.00187865
47.76 -0.00471043 -0.00181373
47.88 -0.00459174 -0.00174601
48 -0.00447288 -0.00167589
48.12 -0.00435371 -0.00160374
48.24 -0.00423411 -0.00152996
48.36 -0.00411397 -0.00145489
48.48 -0.00399324 -0.0013789
48.6 -0.00387188 -0.00130232
48.72 -0.00374989 -0.00122547
48.84 -0.00362731 -0.00114866
48.96 -0.0035042 -0.00107218
49.08 -0.00338066 -0.000996286
49.2 -0.00325684 -0.000921244
49.32 -0.0031329 -0.000847287
49.44 -0.00300905 -0.00077463
49.56 -0.00288551 -0.000703476
49.68 -0.00276254 -0.000634007
49.8 -0.00264041 -0.000566393
49.92 -0.00251944 -0.000500786
50.04 -0.00239994 -0.000437324
50.16 -0.00228223 -0.000376134
50.28 -0.00216667 -0.000317327
50.4 -0.00205359 -0.000261004
50.52 -0.00194336 -0.000207255
50.64 -0.00183631 -0.00015616
50.76 -0.00173279 -0.00010779
50.88 -0.00163313 -6.22053e-05
51 -0.00153766 -1.94611e-05
51.12 -0.00144668 2.03965e-05
51.24 -0.00136047 5.73281e-05
51.36 -0.0012793 9.1301e-05
51.48 -0.00120339 0.000122289
51.6 -0.00113296 0.000150271
51.72 -0.00106817 0.000175234
51.84 -0.00100918 0.000197171
51.96 -0.000956081 0.000216079
52.08 -0.000908956 0.000231965
52.2 -0.000867835 0.000244841
52.32 -0.000832716 0.000254726
52.44 -0.000803559 0.000261647
52.56 -0.000780286 0.00026564
52.68 -0.000762784 0.000266749
52.8 -0.000750902 0.000265025
52.92 -0.000744456 0.000260531
53.04 -0.000743228 0.000253338
53.16 -0.000746969 0.000243527
53.28 -0.0007554 0.000231191
53.4 -0.000768217 0.000216431
53.52 -0.00078509 0.000199361
53.64 -0.000805667 0.000180104
53.76 -0.000829577 0.000158793
53.88 -0.000856434 0.000135574
54 -0.000885839 0.0001106
54.12 -0.000917382 8.40355e-05
54.24 -0.000950648 5.60534e-05
54.36 -0.000985215 2.68349e-05
54.48 -0.00102066 -3.4308e-06
54.6 -0.00105658 -3.45483e-05
54.72 -0.00109254 -6.63163e-05
54.84 -0.00112815 -9.85291e-05
54.96 -0.00116301 -0.000130978
55.08 -0.00119674 -0.000163451
55.2 -0.00122898 -0.000195737
55.32 -0.00125938 -0.000227626
55.44 -0.00128761 -0.000258908
55.56 -0.00131337 -0.000289379
55.68 -0.00133637 -0.00031884
55.8 -0.00135636 -0.000347096
55.92 -0.00137309 -0.000373965
56.04 -0.00138638 -0.000399271
56.16 -0.00139602 -0.000422849
56.28 -0.00140188 -0.000444549
56.4 -0.00140383 -0.000464232
56.52 -0.00140177 -0.000481773
56.64 -0.00139562 -0.000497066
56.76 -0.00138536 -0.000510019
56.88 -0.00137095 -0.000520555
57 -0.00135241 -0.00052862
57.12 -0.00132978 -0.000534172
57.24 -0.0013031 -0.000537193
57.36 -0.00127247 -0.000537678
57.48 -0.00123797 -0.000535644
57.6 -0.00119974 -0.000531124
57.72 -0.00115791 -0.000524169
57.84 -0.00111264 -0.000514848
57.96 -0.0010641 -0.000503245
58.08 -0.00101248 -0.000489458
58.2 -0.000957979 -0.000473603
58.32 -0.000900809 -0.000455805
58.44 -0.000841189 -0.000436204
58.56 -0.000779347 -0.000414949
58.68 -0.000715518 -0.000392198
58.8 -0.000649943 -0.000368118
58.92 -0.000582865 -0.00034288
59.04 -0.000514529 -0.00031666
59.16 -0.000445183 -0.000289639
59.28 -0.000375073 -0.000261996
59.4 -0.000304445 -0.000233913
59.52 -0.000233541 -0.000205566
59.64 -0.000162601 -0.000177132
59.76 -9.18595e-05 -0.00014878
59.88 -2.15455e-05 -0.000120675
60 4.81177e-05 -9.29724e-05
60.12 0.000116914 -6.58216e-05
60.24 0.000184636 -3.93604e-05
60.36 0.000251083 -1.3717e-05
60.48 0.000316065 1.09921e-05
60.6 0.000379399 3.46621e-05
60.72 0.000440917 5.7201e-05
60.84 0.000500455 7.85292e-05
60.96 0.000557865 9.85805e-05
61.08 0.000613009 0.000117302
61.2 0.000665758 0.000134653
61.32 0.000715998 0.000150607
61.44 0.000763627 0.00016515
61.56 0.000808552 0.000178279
61.68 0.000850697 0.000190003
61.8 0.000889995 0.000200343
61.92 0.000926395 0.00020933
62.04 0.000959856 0.000217004
62.16 0.000990352 0.000223413
62.28 0.00101787 0.000228614
62.4 0.00104241 0.00023267
62.52 0.00106398 0.00023565
62.64 0.00108261 0.000237627
62.76 0.00109834 0.000238677
62.88 0.00111122 0.000238882
63 0.00112132 0.000238321
63.12 0.00112871 0.000237078
63.24 0.00113348 0.000235234
63.36 0.00113574 0.00023287
63.48 0.0011356 0.000230065
63.6 0.00113318 0.000226896
63.72 0.00112862 0.000223435
63.84 0.00112207 0.000219754
63.96 0.00111368 0.000215917
64.08 0.00110363 0.000211987
64.2 0.00109208 0.000208018
64.32 0.00107923 0.000204063
64.44 0.00106526 0.000200168
64.56 0.00105037 0.000196375
64.68 0.00103477 0.00019272
64.8 0.00101866 0.000189235
64.92 0.00100225 0.000185946
65.04 0.000985767 0.000182878
65.16 0.000969418 0.000180048
65.28 0.000953422 0.000177473
65.4 0.000937997 0.000175165
65.52 0.000923356 0.000173134
65.64 0.00090971 0.000171387
65.76 0.000897267 0.000169933
65.88 0.000886228 0.000168775
66 0.000876786 0.00016792
66.12 0.000869129 0.000167373
66.24 0.000863433 0.00016714
66.36 0.000859863 0.000167227
66.48 0.000858575 0.000167643
66.6 0.000859709 0.000168399
66.72 0.000863392 0.000169506
66.84 0.000869737 0.000170982
66.96 0.000878839 0.000172842
67.08 0.000890777 0.000175108
67.2 0.000905612 0.000177803
67.32 0.000923387 0.000180954
67.44 0.000944124 0.000184592
67.56 0.000967828 0.000188747
67.68 0.000994483 0.000193456
67.8 0.00102405 0.000198756
67.92 0.00105648 0.000204686
68.04 0.00109169 0.000211289
68.16 0.00112958 0.000218607
68.28 0.00117004 0.000226684
68.4 0.00121293 0.000235565
68.52 0.00125811 0.000245294
68.64 0.00130539 0.000255916
68.76 0.00135459 0.000267473
68.88 0.0014055 0.000280007
69 0.00145792 0.000293558
69.12 0.0015116 0.000308161
69.24 0.0015663 0.000323851
69.36 0.00162178 0.000340657
69.48 0.00167776 0.000358607
69.6 0.001734 0.00037772
69.72 0.00179021 0.000398014
69.84 0.00184612 0.0004195
69.96 0.00190146 0.000442185
70.08 0.00195597 0.000466069
70.2 0.00200937 0.000491146
70.32 0.00206142 0.000517406
70.44 0.00211185 0.000544831
70.56 0.00216045 0.000573398
70.68 0.00220697 0.00060308
70.8 0.00225122 0.000633842
70.92 0.00229301 0.000665644
71.04 0.00233216 0.000698444
71.16 0.00236855 0.000732192
71.28 0.00240204 0.000766835
71.4 0.00243254 0.000802316
71.52 0.00245998 0.000838577
71.64 0.00248433 0.000875555
71.76 0.00250558 0.000913186
71.88 0.00252375 0.000951403
72 0.00253891 0.000990141
72.12 0.00255114 0.00102933
72.24 0.00256057 0.00106891
72.36 0.00256736 0.00110881
72.48 0.00257169 0.00114897
72.6 0.0025738 0.00118933
72.72 0.00257393 0.00122983
72.84 0.00257239 0.00127041
72.96 0.00256949 0.00131103
73.08 0.00256558 0.00135164
73.2 0.00256103 0.00139219
73.32 0.00255625 0.00143265
73.44 0.00255166 0.00147299
73.56 0.00254771 0.00151318
73.68 0.00254486 0.00155321
73.8 0.00254359 0.00159306
73.92 0.00254438 0.00163272
74.04 0.00254775 0.00167219
74.16 0.0025542 0.00171148
74.28 0.00256422 0.00175059
74.4 0.00257833 0.00178955
74.52 0.00259702 0.00182837
74.64 0.00262078 0.00186709
74.76 0.00265009 0.00190572
74.88 0.0026854 0.00194432
75 0.00272716 0.00198291
75.12 0.00277577 0.00202154
75.24 0.00283161 0.00206026
75.36 0.00289505 0.00209912
75.48 0.0029664 0.00213816
75.6 0.00304593 0.00217744
75.72 0.00313389 0.00221701
75.84 0.00323047 0.00225693
75.96 0.00333582 0.00229724
76.08 0.00345004 0.00233801
76.2 0.00357317 0.00237927
76.32 0.00370522 0.00242109
76.44 0.00384614 0.0024635
76.56 0.00399583 0.00250656
76.68 0.00415411 0.0025503
76.8 0.00432079 0.00259477
76.92 0.00449561 0.00264001
77.04 0.00467825 0.00268604
77.16 0.00486835 0.0027329
77.28 0.0050655 0.00278061
77.4 0.00526925 0.00282921
77.52 0.00547911 0.0028787
77.64 0.00569454 0.0029291
77.76 0.00591497 0.00298044
77.88 0.0061398 0.00303272
78 0.0063684 0.00308596
78.12 0.00660013 0.00314015
78.24 0.0068343 0.00319532
78.36 0.00707025 0.00325145
78.48 0.00730727 0.00330857
78.6 0.00754466 0.00336666
78.72 0.00778174 0.00342575
78.84 0.00801782 0.00348583
78.96 0.00825222 0.00354692
79.08 0.00848428 0.00360902
79.2 0.00871337 0.00367215
79.32 0.00893887 0.00373633
79.44 0.0091602 0.00380157
79.56 0.00937684 0.00386791
79.68 0.00958826 0.00393537
79.8 0.00979401 0.00400398
79.92 0.00999368 0.00407378
80.04 0.0101869 0.00414482
80.16 0.0103734 0.00421715
80.28 0.0105528 0.00429083
80.4 0.0107251 0.0043659
80.52 0.0108899 0.00444245
80.64 0.0110474 0.00452052
80.76 0.0111973 0.00460021
80.88 0.0113397 0.00468158
81 0.0114747 0.00476472
81.12 0.0116025 0.0048497
81.24 0.0117231 0.0049366
81.36 0.0118368 0.0050255
81.48 0.0119438 0.00511648
81.6 0.0120444 0.00520961
81.72 0.0121389 0.00530496
81.84 0.0122277 0.00540259
81.96 0.0123111 0.00550255
82.08 0.0123894 0.00560487
82.2 0.012463 0.00570959
82.32 0.0125323 0.00581672
82.44 0.0125976 0.00592625
82.56 0.0126593 0.00603815
82.68 0.0127176 0.00615236
82.8 0.0127728 0.00626883
82.92 0.0128251 0.00638744
83.04 0.0128746 0.00650806
83.16 0.0129216 0.00663052
83.28 0.012966 0.00675463
83.4 0.0130078 0.00688016
83.52 0.0130469 0.00700682
83.64 0.013083 0.0071343
83.76 0.013116 0.00726224
83.88 0.0131454 0.00739025
84 0.0131708 0.00751787
84.12 0.0131916 0.00764461
84.24 0.013207 0.00776992
84.36 0.0132163 0.00789323
84.48 0.0132187 0.0080139
84.6 0.013213 0.00813123
84.72 0.0131982 0.0082445
84.84 0.0131731 0.00835294
84.96 0.0131363 0.00845572
85.08 0.0130865 0.00855198
85.2 0.0130222 0.00864082
85.32 0.0129418 0.0087213
85.44 0.0128436 0.00879245
85.56 0.012726 0.00885327
85.68 0.0125872 0.00890272
85.8 0.0124253 0.00893976
85.92 0.0122385 0.00896334
86.04 0.0120249 0.00897237
86.16 0.0117827 0.00896579
86.28 0.01151 0.00894252
86.4 0.011205 0.00890152
86.52 0.0108657 0.00884174
86.64 0.0104905 0.00876216
86.76 0.0100776 0.00866183
86.88 0.00962548 0.0085398
87 0.00913251 0.00839519
87.12 0.0085973 0.00822719
87.24 0.00801856 0.00803506
87.36 0.00739513 0.00781813
87.48 0.00672602 0.00757582
87.6 0.0060104 0.00730766
87.72 0.00524763 0.00701327
87.84 0.00443725 0.00669241
87.96 0.00357902 0.00634495
88.08 0.00267293 0.00597089
88.2 0.00171918 0.00557038
88.32 0.000718214 0.00514371
88.44 -0.000329279 0.00469134
88.56 -0.00142236 0.00421387
88.68 -0.00255984 0.00371208
88.8 -0.00374026 0.00318692
88.92 -0.00496191 0.00263951
89.04 -0.00622283 0.00207114
89.16 -0.00752077 0.00148329
89.28 -0.00885326 0.000877627
89.4 -0.0102176 0.000255972
89.52 -0.0116107 -0.00037966
89.64 -0.0130294 -0.00102708
89.76 -0.0144704 -0.00168394
89.88 -0.0159298 -0.00234772
90 -0.017404 -0.00301574
90.12 -0.0188887 -0.00368517
90.24 -0.0203799 -0.00435304
90.36 -0.0218731 -0.00501626
90.48 -0.0233638 -0.00567161
90.6 -0.0248475 -0.00631576
90.72 -0.0263193 -0.00694529
90.84 -0.0277746 -0.00755673
90.96 -0.0292084 -0.0081465
91.08 -0.0306159 -0.00871103
91.2 -0.0319922 -0.00924668
91.32 -0.0333324 -0.00974983
91.44 -0.0346317 -0.0102169
91.56 -0.0358854 -0.0106442
91.68 -0.0370887 -0.0110283
91.8 -0.0382372 -0.0113658
91.92 -0.0393264 -0.0116532
92.04 -0.0403519 -0.0118873
92.16 -0.0413098 -0.0120651
92.28 -0.0421962 -0.0121837
92.4 -0.0430074 -0.0122402
92.52 -0.0437399 -0.0122321
92.64 -0.0443906 -0.0121571
92.76 -0.0449567 -0.0120131
92.88 -0.0454355 -0.0117984
93 -0.0458248 -0.0115112
93.12 -0.0461226 -0.0111506
93.24 -0.0463273 -0.0107154
93.36 -0.0464375 -0.010205
93.48 -0.0464523 -0.00961928
93.6 -0.0463712 -0.0089582
93.72 -0.0461938 -0.00822221
93.84 -0.0459204 -0.00741209
93.96 -0.0455512 -0.00652898
94.08 -0.0450873 -0.0055744
94.2 -0.0445298 -0.00455023
94.32 -0.0438801 -0.00345872
94.44 -0.0431402 -0.00230248
94.56 -0.0423121 -0.00108446
94.68 -0.0413986 0.000192012
94.8 -0.0404022 0.0015233
94.92 -0.0393262 0.00290543
95.04 -0.0381739 0.00433412
95.16 -0.036949 0.00580482
95.28 -0.0356553 0.00731267
95.4 -0.0342969 0.00885259
95.52 -0.0328781 0.0104193
95.64 -0.0314035 0.0120072
95.76 -0.0298777 0.0136106
95.88 -0.0283054 0.0152238
96 -0.0266916 0.0168407
96.12 -0.0250413 0.0184553
96.24 -0.0233596 0.0200614
96.36 -0.0216517 0.021653
96.48 -0.0199226 0.023224
96.6 -0.0181775 0.0247682
96.72 -0.0164218 0.0262797
96.84 -0.0146603 0.0277525
96.96 -0.0128984 0.0291808
97.08 -0.0111409 0.0305592
97.2 -0.00939282 0.0318823
97.32 -0.00765893 0.0331448
97.44 -0.00594393 0.0343419
97.56 -0.00425237 0.035469
97.68 -0.00258865 0.0365219
97.8 -0.000956995 0.0374967
97.92 0.000638551 0.0383898
98.04 0.00219413 0.0391981
98.16 0.00370608 0.0399188
98.28 0.00517095 0.0405496
98.4 0.0065855 0.0410888
98.52 0.00794673 0.0415348
98.64 0.00925183 0.0418867
98.76 0.0104983 0.0421442
98.88 0.0116837 0.0423071
99 0.012806 0.0423761
99.12 0.0138633 0.042352
99.24 0.014854 0.0422363
99.36 0.0157767 0.0420309
99.48 0.0166303 0.0417382
99.6 0.0174136 0.041361
99.72 0.0181261 0.0409025
99.84 0.0187673 0.0403664
99.96 0.0193367 0.0397566
100.08 0.0198343 0.0390775
100.2 0.0202602 0.0383339
100.32 0.0206147 0.0375308
100.44 0.0208983 0.0366735
100.56 0.0211117 0.0357676
100.68 0.0212556 0.0348187
100.8 0.0213311 0.033833
100.92 0.0213394 0.0328164
101.04 0.0212817 0.0317751
101.16 0.0211596 0.0307156
101.28 0.0209746 0.029644
101.4 0.0207286 0.0285667
101.52 0.0204233 0.02749
101.64 0.0200609 0.02642
101.76 0.0196434 0.0253629
101.88 0.0191731 0.0243246
102 0.0186524 0.0233108
102.12 0.0180837 0.0223271
102.24 0.0174695 0.0213787
102.36 0.0168127 0.0204708
102.48 0.0161159 0.0196079
102.6 0.0153819 0.0187945
102.72 0.0146138 0.0180346
102.84 0.0138145 0.0173319
102.96 0.0129871 0.0166895
103.08 0.0121348 0.0161103
103.2 0.0112608 0.0155966
103.32 0.0103685 0.0151506
103.44 0.00946103 0.0147736
103.56 0.00854193 0.0144667
103.68 0.00761461 0.0142306
103.8 0.00668253 0.0140653
103.92 0.00574918 0.0139706
104.04 0.00481809 0.0139458
104.16 0.00389277 0.0139896
104.28 0.00297674 0.0141004
104.4 0.00207353 0.0142763
104.52 0.00118661 0.0145148
104.64 0.000319457 0.0148131
104.76 -0.000524526 0.0151682
104.88 -0.00134198 0.0155764
105 -0.00212963 0.0160342
105.12 -0.00288426 0.0165374
105.24 -0.00360279 0.0170818
105.36 -0.00428223 0.0176629
105.48 -0.00491972 0.0182759
105.6 -0.00551256 0.0189161
105.72 -0.00605818 0.0195785
105.84 -0.00655423 0.020258
105.96 -0.00699851 0.0209496
106.08 -0.00738904 0.0216482
106.2 -0.00772406 0.0223487
106.32 -0.00800205 0.023046
106.44 -0.00822173 0.0237351
106.56 -0.00838209 0.0244112
106.68 -0.00848237 0.0250696
106.8 -0.00852211 0.0257058
106.92 -0.00850115 0.0263153
107.04 -0.00841961 0.0268942
107.16 -0.00827792 0.0274383
107.28 -0.00807684 0.0279443
107.4 -0.00781743 0.0284087
107.52 -0.00750107 0.0288285
107.64 -0.00712946 0.0292011
107.76 -0.00670462 0.029524
107.88 -0.00622887 0.0297952
108 -0.00570483 0.0300131
108.12 -0.00513545 0.0301764
108.24 -0.00452392 0.030284
108.36 -0.00387375 0.0303355
108.48 -0.00318866 0.0303305
108.6 -0.00247266 0.0302691
108.72 -0.00172996 0.0301519
108.84 -0.000964969 0.0299796
108.96 -0.000182286 0.0297534
109.08 0.000613335 0.0294747
109.2 0.00141701 0.0291452
109.32 0.00222375 0.0287669
109.44 0.0030285 0.0283421
109.56 0.00382615 0.0278733
109.68 0.00461158 0.0273632
109.8 0.00537969 0.0268149
109.92 0.00612542 0.0262312
110.04 0.00684381 0.0256156
110.16 0.00753 0.0249714
110.28 0.00817927 0.0243019
110.4 0.0087871 0.0236109
110.52 0.00934918 0.0229018
110.64 0.00986141 0.0221782
110.76 0.01032 0.0214437
110.88 0.0107214 0.0207019
111 0.0110625 0.0199562
111.12 0.0113404 0.0192102
111.24 0.0115526 0.0184671
111.36 0.0116972 0.0177301
111.48 0.0117723 0.0170023
111.6 0.0117768 0.0162865
111.72 0.0117099 0.0155856
111.84 0.0115713 0.014902
111.96 0.0113609 0.0142381
112.08 0.0110795 0.013596
112.2 0.0107279 0.0129776
112.32 0.0103077 0.0123845
112.44 0.00982084 0.0118182
112.56 0.00926963 0.0112799
112.68 0.00865687 0.0107705
112.8 0.00798578 0.0102906
112.92 0.00725995 0.00984081
113.04 0.00648335 0.00942129
113.16 0.00566031 0.00903203
113.28 0.00479547 0.0086728
113.4 0.00389375 0.00834314
113.52 0.00296037 0.00804241
113.64 0.00200073 0.00776976
113.76 0.00102046 0.00752416
113.88 2.532e-05 0.00730441
114 -0.000978799 0.00710917
114.12 -0.00198594 0.00693696
114.24 -0.00299009 0.00678618
114.36 -0.00398526 0.00665512
114.48 -0.0049655 0.00654201
114.6 -0.00592493 0.00644499
114.72 -0.00685782 0.00636216
114.84 -0.00775856 0.00629159
114.96 -0.00862178 0.00623133
115.08 -0.00944233 0.00617943
115.2 -0.0102153 0.00613398
115.32 -0.0109362 0.00609308
115.44 -0.0116007 0.0060549
115.56 -0.0122049 0.00601766
115.68 -0.0127454 0.00597969
115.8 -0.0132191 0.00593937
115.92 -0.0136233 0.0058952
116.04 -0.0139558 0.00584581
116.16 -0.0142149 0.00578992
116.28 -0.0143992 0.00572639
116.4 -0.014508 0.00565424
116.52 -0.0145409 0.00557259
116.64 -0.014498 0.00548071
116.76 -0.01438 0.00537804
116.88 -0.014188 0.00526414
117 -0.0139234 0.00513873
117.12 -0.0135881 0.00500164
117.24 -0.0131847 0.00485287
117.36 -0.0127158 0.00469254
117.48 -0.0121846 0.00452091
117.6 -0.0115945 0.00433832
117.72 -0.0109495 0.00414527
117.84 -0.0102535 0.00394233
117.96 -0.00951097 0.00373018
118.08 -0.00872645 0.00350958
118.2 -0.0079047 0.00328134
118.32 -0.00705065 0.00304636
118.44 -0.00616932 0.00280558
118.56 -0.0052658 0.00255996
118.68 -0.00434523 0.00231051
118.8 -0.00341276 0.00205822
118.92 -0.00247349 0.00180411
119.04 -0.00153246 0.00154918
119.16 -0.000594576 0.0012944
119.28 0.000335362 0.00104071
119.4 0.00125274 0.000789004
119.52 0.00215316 0.000540129
119.64 0.00303243 0.000294866
119.76 0.00388662 5.39241e-05
119.88 0.0047121 -0.000182063
120 0.0055055 -0.000412545
