-0.999 -1.8887e-05 -1.24168e-05
-0.998 -8.61033e-05 -4.50923e-05
-0.997 -0.000193793 -9.02811e-05
-0.996 -0.000305067 -0.00014676
-0.995 -0.000379724 -0.000224772
-0.994 -0.000413717 -0.00034189
-0.993 -0.000464584 -0.000511354
-0.992 -0.000636271 -0.000728592
-0.991 -0.00101886 -0.000963706
-0.99 -0.00161016 -0.0011677
-0.989 -0.00226484 -0.0012946
-0.988 -0.00270987 -0.00133025
-0.987 -0.00263827 -0.00131076
-0.986 -0.00185952 -0.00131789
-0.985 -0.000449335 -0.00145284
-0.984 0.00118207 -0.00180003
-0.983 0.00236995 -0.00239379
-0.982 0.0024247 -0.00319912
-0.981 0.000926077 -0.00411929
-0.98 -0.00205237 -0.00503489
-0.979 -0.00589856 -0.00585759
-0.978 -0.00963148 -0.00656625
-0.977 -0.0122434 -0.0072033
-0.976 -0.0131111 -0.0078368
-0.975 -0.0123171 -0.00851241
-0.974 -0.0107076 -0.00921632
-0.973 -0.00959617 -0.00985759
-0.972 -0.0102001 -0.0102803
-0.971 -0.0130512 -0.0103158
-0.97 -0.0176462 -0.00986154
-0.969 -0.0224889 -0.00893829
-0.968 -0.0255267 -0.00768586
-0.967 -0.0248741 -0.00630124
-0.966 -0.0196105 -0.00496202
-0.965 -0.0103388 -0.00377918
-0.964 0.000811131 -0.00279348
-0.963 0.0108256 -0.0020087
-0.962 0.0168535 -0.0014556
-0.961 0.0172082 -0.00126742
-0.96 0.0119477 -0.0017095
-0.959 0.00287586 -0.00310348
-0.958 -0.00703395 -0.00565595
-0.957 -0.0146788 -0.00928114
-0.956 -0.0180381 -0.0135262
-0.955 -0.0170495 -0.0176546
-0.954 -0.0136626 -0.0208654
-0.953 -0.0109966 -0.0225787
-0.952 -0.012041 -0.0227054
-0.951 -0.018518 -0.0217845
-0.95 -0.0302737 -0.0208662
-0.949 -0.0452619 -0.0211167
-0.948 -0.0601011 -0.0233027
-0.947 -0.0711722 -0.0274048
-0.946 -0.0759828 -0.032555
-0.945 -0.0741748 -0.0373323
-0.944 -0.0675854 -0.040313
-0.943 -0.0593549 -0.0406974
-0.942 -0.0526994 -0.0387967
-0.941 -0.0499827 -0.0361262
-0.94 -0.052225 -0.0349383
-0.939 -0.058865 -0.0372956
-0.938 -0.0677954 -0.0440723
-0.937 -0.0759153 -0.0543469
-0.936 -0.0801646 -0.0654747
-0.935 -0.0784844 -0.0738449
-0.934 -0.0701417 -0.0760834
-0.933 -0.0555008 -0.0703208
-0.932 -0.0358365 -0.0570703
-0.931 -0.0134545 -0.0392918
-0.93 0.00833904 -0.0214796
-0.929 0.0259331 -0.00806493
-0.928 0.0365341 -0.00178102
-0.927 0.0389603 -0.00266275
-0.926 0.0337561 -0.0080881
-0.925 0.0229572 -0.0138699
-0.924 0.00979967 -0.0160333
-0.923 -0.00194696 -0.0126431
-0.922 -0.00944357 -0.00492958
-0.921 -0.0125443 0.00286444
-0.92 -0.0145004 0.00498296
-0.919 -0.0207811 -0.00355823
-0.918 -0.0366756 -0.0248095
-0.917 -0.0650385 -0.0566892
-0.916 -0.104878 -0.0932354
-0.915 -0.150726 -0.126316
-0.914 -0.192988 -0.14828
-0.913 -0.220029 -0.154613
-0.912 -0.222161 -0.145512
-0.911 -0.195925 -0.125713
-0.91 -0.146128 -0.102592
-0.909 -0.0844387 -0.0833557
-0.908 -0.0255995 -0.0723885
-0.907 0.0168615 -0.0697289
-0.906 0.0344182 -0.0712193
-0.905 0.0264744 -0.070337
-0.904 0.00137914 -0.0610847
-0.903 -0.0260688 -0.0408089
-0.902 -0.0406993 -0.0117552
-0.901 -0.0338864 0.0193455
-0.9 -0.00748597 0.0435528
-0.899 0.0269585 0.052979
-0.898 0.052558 0.0437639
-0.897 0.0528393 0.017615
-0.896 0.0176695 -0.01868
-0.895 -0.0516745 -0.0556091
-0.894 -0.140459 -0.084257
-0.893 -0.223895 -0.0993108
-0.892 -0.275787 -0.100649
-0.891 -0.278546 -0.0929853
-0.89 -0.229679 -0.0837122
-0.889 -0.142425 -0.079764
-0.888 -0.0414441 -0.0847981
-0.887 0.0445191 -0.0978951
-0.886 0.0914873 -0.114298
-0.885 0.0886303 -0.127759
-0.884 0.0426867 -0.133329
-0.883 -0.0246566 -0.129384
-0.882 -0.0858843 -0.118239
-0.881 -0.118781 -0.105282
-0.88 -0.114493 -0.0969287
-0.879 -0.0801162 -0.0980486
-0.878 -0.0360714 -0.10993
-0.877 -0.00928412 -0.129802
-0.876 -0.0234171 -0.152207
-0.875 -0.088979 -0.171502
-0.874 -0.197837 -0.184095
-0.873 -0.325304 -0.189374
-0.872 -0.438695 -0.189208
-0.871 -0.508007 -0.186574
-0.87 -0.514727 -0.183919
-0.869 -0.456974 -0.18183
-0.868 -0.350272 -0.178646
-0.867 -0.223204 -0.171386
-0.866 -0.108182 -0.157695
-0.865 -0.0304728 -0.137758
-0.864 -0.000466798 -0.114949
-0.863 -0.0122432 -0.0946941
-0.862 -0.0474959 -0.0821136
-0.861 -0.0820293 -0.0795793
-0.86 -0.0930383 -0.0852897
-0.859 -0.0663413 -0.0935411
-0.858 -0.0018819 -0.0968301
-0.857 0.0852573 -0.0891246
-0.856 0.169723 -0.0689102
-0.855 0.224531 -0.0405418
-0.854 0.229373 -0.0131453
-0.853 0.176045 0.00263483
-0.852 0.0708477 -0.00115799
-0.851 -0.0659353 -0.026261
-0.85 -0.204336 -0.0668634
-0.849 -0.313016 -0.111382
-0.848 -0.369419 -0.147055
-0.847 -0.367666 -0.165539
-0.846 -0.320923 -0.166894
-0.845 -0.257707 -0.160068
-0.844 -0.213605 -0.15973
-0.843 -0.220251 -0.180661
-0.842 -0.293986 -0.231571
-0.841 -0.427939 -0.310407
-0.84 -0.591231 -0.403099
-0.839 -0.736576 -0.486915
-0.838 -0.814298 -0.537864
-0.837 -0.788532 -0.539347
-0.836 -0.650524 -0.488257
-0.835 -0.424272 -0.396028
-0.834 -0.161341 -0.284557
-0.833 0.0748333 -0.178587
-0.832 0.230059 -0.0970991
-0.831 0.277836 -0.0466011
-0.83 0.228389 -0.0189922
-0.829 0.125478 0.00463122
-0.828 0.0317263 0.0452131
-0.827 0.00590737 0.115584
-0.826 0.0788842 0.213326
-0.825 0.237679 0.319493
-0.824 0.426022 0.40363
-0.823 0.562996 0.433557
-0.822 0.572546 0.386754
-0.821 0.411998 0.259204
-0.82 0.089683 0.0681494
-0.819 -0.333439 -0.152681
-0.818 -0.759293 -0.36373
-0.817 -1.08268 -0.53203
-0.816 -1.22728 -0.640846
-0.815 -1.17376 -0.69347
-0.814 -0.967188 -0.709941
-0.813 -0.699782 -0.717616
-0.812 -0.476715 -0.738945
-0.811 -0.378765 -0.781405
-0.81 -0.434447 -0.833819
-0.809 -0.610014 -0.870533
-0.808 -0.821148 -0.861479
-0.807 -0.964236 -0.783884
-0.806 -0.957058 -0.631609
-0.805 -0.772641 -0.419325
-0.804 -0.451717 -0.179975
-0.803 -0.0891217 0.0443013
-0.802 0.19937 0.214919
-0.801 0.317147 0.30852
-0.8 0.220498 0.322932
-0.799 -0.0650749 0.275382
-0.798 -0.452435 0.194539
-0.797 -0.822805 0.110068
-0.796 -1.06715 0.0430398
-0.795 -1.12254 -0.000339431
-0.794 -0.990151 -0.0297243
-0.793 -0.730737 -0.0656562
-0.792 -0.441276 -0.130149
-0.791 -0.221067 -0.236484
-0.79 -0.137834 -0.382577
-0.789 -0.205659 -0.550523
-0.788 -0.383494 -0.711715
-0.787 -0.59437 -0.834979
-0.786 -0.755724 -0.895257
-0.785 -0.807566 -0.880673
-0.784 -0.729589 -0.795969
-0.783 -0.545181 -0.661025
-0.782 -0.3133 -0.504666
-0.781 -0.10988 -0.355846
-0.78 -0.00326564 -0.235666
-0.779 -0.032472 -0.153032
-0.778 -0.197079 -0.104628
-0.777 -0.461276 -0.0783524
-0.776 -0.76685 -0.0589214
-0.775 -1.04792 -0.0339831
-0.774 -1.24459 0.000952169
-0.773 -1.31627 0.0402167
-0.772 -1.25342 0.0692729
-0.771 -1.08238 0.0694115
-0.77 -0.85904 0.024204
-0.769 -0.653238 -0.0745087
-0.768 -0.529897 -0.222802
-0.767 -0.532116 -0.40401
-0.766 -0.667847 -0.591418
-0.765 -0.901939 -0.753751
-0.764 -1.15884 -0.862418
-0.763 -1.34121 -0.898717
-0.762 -1.36185 -0.858594
-0.761 -1.17709 -0.753187
-0.76 -0.807039 -0.605095
-0.759 -0.334708 -0.441715
-0.758 0.115595 -0.287656
-0.757 0.414529 -0.158308
-0.756 0.470105 -0.0564631
-0.755 0.263926 0.0265545
-0.754 -0.134308 0.105
-0.753 -0.585198 0.190216
-0.752 -0.928182 0.283194
-0.751 -1.04219 0.371124
-0.75 -0.89438 0.428916
-0.749 -0.558502 0.42528
-0.748 -0.196052 0.332031
-0.747 -0.00435214 0.134423
-0.746 -0.145639 -0.161036
-0.745 -0.680809 -0.52523
-0.744 -1.53528 -0.912916
-0.743 -2.51473 -1.27421
-0.742 -3.3673 -1.5664
-0.741 -3.86879 -1.76274
-0.74 -3.89946 -1.85668
-0.739 -3.48603 -1.86068
-0.738 -2.79456 -1.79939
-0.737 -2.07384 -1.69857
-0.736 -1.56528 -1.5741
-0.735 -1.41208 -1.42662
-0.734 -1.60509 -1.2442
-0.733 -1.98849 -1.01052
-0.732 -2.32152 -0.714365
-0.731 -2.37042 -0.35768
-0.73 -1.9972 0.0397612
-0.729 -1.21646 0.440555
-0.728 -0.200927 0.796241
-0.727 0.771232 1.0594
-0.726 1.41301 1.1966
-0.725 1.53255 1.19622
-0.724 1.10082 1.06877
-0.723 0.25696 0.841727
-0.722 -0.745167 0.551767
-0.721 -1.62402 0.235964
-0.72 -2.1613 -0.0764902
-0.719 -2.27101 -0.369613
-0.718 -2.02476 -0.64038
-0.717 -1.62019 -0.893027
-0.716 -1.30048 -1.1318
-0.715 -1.25831 -1.35622
-0.714 -1.56637 -1.55952
-0.713 -2.15947 -1.72839
-0.712 -2.86575 -1.84411
-0.711 -3.46772 -1.88603
-0.71 -3.77311 -1.83747
-0.709 -3.67801 -1.69131
-0.708 -3.20239 -1.45251
-0.707 -2.4817 -1.13753
-0.706 -1.71549 -0.772832
-0.705 -1.09688 -0.393282
-0.704 -0.7545 -0.0382186
-0.703 -0.725199 0.256293
-0.702 -0.9564 0.466376
-0.701 -1.32914 0.585791
-0.7 -1.69551 0.625521
-0.699 -1.92366 0.608688
-0.698 -1.93709 0.562986
-0.697 -1.73326 0.511532
-0.696 -1.37661 0.463116
-0.695 -0.974957 0.405716
-0.694 -0.651515 0.308584
-0.693 -0.518004 0.134422
-0.692 -0.647785 -0.143158
-0.691 -1.05247 -0.524667
-0.69 -1.67174 -0.977957
-0.689 -2.38339 -1.44148
-0.688 -3.03164 -1.83737
-0.687 -3.46594 -2.09247
-0.686 -3.58192 -2.1619
-0.685 -3.35675 -2.04574
-0.684 -2.86775 -1.79051
-0.683 -2.28124 -1.4736
-0.682 -1.80616 -1.17697
-0.681 -1.62495 -0.959955
-0.68 -1.82746 -0.840075
-0.679 -2.37256 -0.788199
-0.678 -3.0916 -0.741195
-0.677 -3.73615 -0.629822
-0.676 -4.05956 -0.412124
-0.675 -3.90951 -0.0979336
-0.674 -3.29853 0.246849
-0.673 -2.41949 0.518401
-0.672 -1.59125 0.608722
-0.671 -1.15039 0.443562
-0.67 -1.329 0.0123585
-0.669 -2.1632 -0.620605
-0.668 -3.46522 -1.33025
-0.667 -4.87107 -1.96766
-0.666 -5.95261 -2.40736
-0.665 -6.36159 -2.58626
-0.664 -5.95642 -2.51953
-0.663 -4.86114 -2.28811
-0.662 -3.42709 -2.00403
-0.661 -2.10816 -1.76609
-0.66 -1.29718 -1.62147
-0.659 -1.18555 -1.5475
-0.658 -1.69613 -1.46131
-0.657 -2.51105 -1.25559
-0.656 -3.18597 -0.847358
-0.655 -3.31545 -0.220144
-0.654 -2.69418 0.558081
-0.653 -1.41176 1.34885
-0.652 0.162375 1.98385
-0.651 1.50398 2.31743
-0.65 2.12022 2.27236
-0.649 1.72491 1.86339
-0.648 0.340308 1.19082
-0.647 -1.70501 0.405795
-0.646 -3.87953 -0.340913
-0.645 -5.62244 -0.947759
-0.644 -6.53273 -1.38998
-0.643 -6.50519 -1.71565
-0.642 -5.75688 -2.01341
-0.641 -4.73174 -2.3665
-0.64 -3.9253 -2.81156
-0.639 -3.70148 -3.31697
-0.638 -4.16621 -3.78802
-0.637 -5.13454 -4.0972
-0.636 -6.19813 -4.12971
-0.635 -6.87323 -3.82688
-0.634 -6.78196 -3.2101
-0.633 -5.79905 -2.37592
-0.632 -4.10326 -1.46545
-0.631 -2.11394 -0.620978
-0.63 -0.344787 0.0541445
-0.629 0.765812 0.519777
-0.628 0.991426 0.800221
-0.627 0.383009 0.962797
-0.626 -0.756022 1.08241
-0.625 -1.98038 1.20725
-0.624 -2.86302 1.33969
-0.623 -3.143 1.43815
-0.622 -2.80313 1.43613
-0.621 -2.05526 1.26927
-0.62 -1.25198 0.901439
-0.619 -0.7622 0.341226
-0.618 -0.848778 -0.357718
-0.617 -1.58288 -1.11365
-0.616 -2.82371 -1.84324
-0.615 -4.27367 -2.48414
-0.614 -5.58703 -3.00417
-0.613 -6.48506 -3.3978
-0.612 -6.83366 -3.67663
-0.611 -6.66635 -3.85837
-0.61 -6.15849 -3.95577
-0.609 -5.56504 -3.96827
-0.608 -5.13647 -3.88231
-0.607 -5.03619 -3.68207
-0.606 -5.28949 -3.36382
-0.605 -5.78336 -2.94204
-0.604 -6.31146 -2.4439
-0.603 -6.63922 -1.89907
-0.602 -6.56701 -1.33433
-0.601 -5.98305 -0.774042
-0.6 -4.90051 -0.241727
-0.599 -3.46611 0.239173
-0.598 -1.92964 0.642219
-0.597 -0.58013 0.932006
-0.596 0.328945 1.06276
-0.595 0.640979 0.989673
-0.594 0.332432 0.690362
-0.593 -0.478737 0.182678
-0.592 -1.55751 -0.473024
-0.591 -2.61416 -1.18737
-0.59 -3.39288 -1.86297
-0.589 -3.75476 -2.41632
-0.588 -3.72105 -2.79771
-0.587 -3.46052 -3.00402
-0.586 -3.22816 -3.07565
-0.585 -3.27569 -3.07403
-0.584 -3.75697 -3.04874
-0.583 -4.65429 -3.01147
-0.582 -5.75651 -2.9301
-0.581 -6.71061 -2.74372
-0.58 -7.13717 -2.39111
-0.579 -6.76799 -1.8434
-0.578 -5.55383 -1.13091
-0.577 -3.70333 -0.352391
-0.576 -1.6399 0.341858
-0.575 0.112631 0.790917
-0.574 1.08704 0.873374
-0.573 1.02639 0.547049
-0.572 -0.0223095 -0.135904
-0.571 -1.71696 -1.04255
-0.57 -3.53336 -1.99719
-0.569 -4.94214 -2.83357
-0.568 -5.58635 -3.44396
-0.567 -5.39838 -3.80582
-0.566 -4.61732 -3.97471
-0.565 -3.69915 -4.04754
-0.564 -3.14462 -4.11296
-0.563 -3.30181 -4.20816
-0.562 -4.21791 -4.29679
-0.561 -5.60046 -4.27545
-0.56 -6.90667 -4.0097
-0.559 -7.53094 -3.39057
-0.558 -7.02505 -2.39028
-0.557 -5.27369 -1.09226
-0.556 -2.56255 0.319087
-0.555 0.489255 1.60462
-0.554 3.11662 2.53504
-0.553 4.65413 2.95314
-0.552 4.75271 2.81642
-0.551 3.48975 2.20722
-0.55 1.33533 1.30339
-0.549 -1.01234 0.31617
-0.548 -2.86536 -0.581656
-0.547 -3.77839 -1.30815
-0.546 -3.69569 -1.88614
-0.545 -2.95901 -2.41719
-0.544 -2.1701 -3.02819
-0.543 -1.95759 -3.80919
-0.542 -2.73649 -4.76284
-0.541 -4.54657 -5.78528
-0.54 -7.02278 -6.68942
-0.539 -9.50452 -7.26486
-0.538 -11.2486 -7.35143
-0.537 -11.6793 -6.8981
-0.536 -10.5925 -5.98672
-0.535 -8.23972 -4.81293
-0.534 -5.25366 -3.62949
-0.533 -2.44323 -2.66918
-0.532 -0.532728 -2.07342
-0.531 0.065115 -1.85317
-0.53 -0.626652 -1.89626
-0.529 -2.16227 -2.01581
-0.528 -3.82079 -2.0199
-0.527 -4.84713 -1.77881
-0.526 -4.71158 -1.26987
-0.525 -3.29655 -0.585769
-0.524 -0.939931 0.0988554
-0.523 1.67972 0.592307
-0.522 3.7713 0.756997
-0.521 4.6941 0.557505
-0.52 4.17131 0.0684333
-0.519 2.38624 -0.556148
-0.518 -0.0725944 -1.13726
-0.517 -2.40502 -1.53216
-0.516 -3.87161 -1.68511
-0.515 -4.05207 -1.65061
-0.514 -2.99698 -1.57696
-0.513 -1.21727 -1.65183
-0.512 0.487382 -2.03034
-0.511 1.30491 -2.77515
-0.51 0.698519 -3.8302
-0.509 -1.39379 -5.03369
-0.508 -4.51553 -6.16177
-0.507 -7.81951 -6.98931
-0.506 -10.3289 -7.35171
-0.505 -11.2515 -7.19038
-0.504 -10.2453 -6.56508
-0.503 -7.54192 -5.62672
-0.502 -3.87632 -4.5612
-0.501 -0.242484 -3.52832
-0.5 2.43745 -2.61944
-0.499 3.61073 -1.84587
-0.498 3.26066 -1.15624
-0.497 1.89396 -0.473298
-0.496 0.35386 0.262013
-0.495 -0.485832 1.05273
-0.494 -0.0481803 1.82798
-0.493 1.7162 2.45428
-0.492 4.28989 2.77416
-0.491 6.76214 2.6573
-0.49 8.14841 2.04459
-0.489 7.7379 0.969974
-0.488 5.35166 -0.444228
-0.487 1.42927 -2.01385
-0.486 -3.08673 -3.53226
-0.485 -7.04025 -4.81367
-0.484 -9.43518 -5.73056
-0.483 -9.76188 -6.23507
-0.482 -8.15525 -6.35779
-0.481 -5.32946 -6.18596
-0.48 -2.32047 -5.8308
-0.479 -0.132102 -5.39656
-0.478 0.593994 -4.95946
-0.477 -0.222691 -4.55786
-0.476 -2.09896 -4.19263
-0.475 -4.18261 -3.83812
-0.474 -5.57368 -3.46262
-0.473 -5.65266 -3.052
-0.472 -4.29816 -2.62704
-0.471 -1.9245 -2.24726
-0.47 0.665305 -1.99957
-0.469 2.55735 -1.97615
-0.468 3.04005 -2.24704
-0.467 1.84565 -2.83241
-0.466 -0.762299 -3.68241
-0.465 -4.08026 -4.67392
-0.464 -7.19201 -5.62919
-0.463 -9.24649 -6.35335
-0.462 -9.69989 -6.68107
-0.461 -8.45836 -6.52005
-0.46 -5.88591 -5.87926
-0.459 -2.67712 -4.87224
-0.458 0.363869 -3.69066
-0.457 2.56291 -2.55262
-0.456 3.55515 -1.6421
-0.455 3.35676 -1.0599
-0.454 2.32781 -0.801017
-0.453 1.0516 -0.764174
-0.452 0.159989 -0.792467
-0.451 0.141433 -0.735846
-0.45 1.18313 -0.516256
-0.449 3.10039 -0.169509
-0.448 5.38144 0.157574
-0.447 7.33373 0.257356
-0.446 8.28377 -0.0605166
-0.445 7.77614 -0.89212
-0.444 5.72701 -2.18801
-0.443 2.49089 -3.7444
-0.442 -1.19616 -5.24537
-0.441 -4.40462 -6.35112
-0.44 -6.28781 -6.80783
-0.439 -6.35982 -6.53856
-0.438 -4.67729 -5.67578
-0.437 -1.85637 -4.52092
-0.436 1.08979 -3.44672
-0.435 3.05441 -2.77724
-0.434 3.19995 -2.68276
-0.433 1.26794 -3.12201
-0.432 -2.27872 -3.85434
-0.431 -6.35268 -4.52447
-0.43 -9.57025 -4.79496
-0.429 -10.7144 -4.47671
-0.428 -9.17424 -3.60488
-0.427 -5.19796 -2.43043
-0.426 0.141792 -1.33197
-0.425 5.27481 -0.680466
-0.424 8.65228 -0.70318
-0.423 9.28592 -1.3935
-0.422 7.11814 -2.50077
-0.421 3.08044 -3.60932
-0.42 -1.20373 -4.28292
-0.419 -3.98898 -4.2236
-0.418 -4.05588 -3.38542
-0.417 -1.19589 -2.00116
-0.416 3.65789 -0.511316
-0.415 8.71567 0.580173
-0.414 11.9391 0.873393
-0.413 11.7631 0.205059
-0.412 7.67968 -1.29975
-0.411 0.473844 -3.27415
-0.41 -7.98801 -5.23694
-0.409 -15.3634 -6.75544
-0.408 -19.6289 -7.58719
-0.407 -19.7771 -7.75131
-0.406 -16.1577 -7.50388
-0.405 -10.3356 -7.22656
-0.404 -4.52289 -7.27196
-0.403 -0.788825 -7.82494
-0.402 -0.329396 -8.82916
-0.401 -3.04913 -10.0011
-0.4 -7.60368 -10.9229
-0.399 -11.8925 -11.1815
-0.398 -13.8292 -10.5098
-0.397 -12.1106 -8.88129
-0.396 -6.70608 -6.52594
-0.395 1.10929 -3.85997
-0.394 9.18166 -1.35931
-0.393 15.2073 0.576622
-0.392 17.5045 1.72609
-0.391 15.5643 2.085
-0.39 10.1989 1.84031
-0.389 3.24333 1.28936
-0.388 -3.07877 0.730957
-0.387 -6.90116 0.364196
-0.386 -7.31575 0.229418
-0.385 -4.62769 0.209257
-0.384 -0.191331 0.0834106
-0.383 4.09837 -0.38627
-0.382 6.47228 -1.36821
-0.381 5.88304 -2.89516
-0.38 2.33531 -4.83743
-0.379 -3.14703 -6.92371
-0.378 -8.88644 -8.80494
-0.377 -13.1141 -10.1421
-0.376 -14.5406 -10.6922
-0.375 -12.7552 -10.3699
-0.374 -8.33487 -9.26889
-0.373 -2.64139 -7.63992
-0.372 2.62233 -5.82553
-0.371 5.94628 -4.16994
-0.37 6.463 -2.92895
-0.369 4.17811 -2.20806
-0.368 -0.0674284 -1.94592
-0.367 -4.87166 -1.94628
-0.366 -8.69746 -1.95064
-0.365 -10.3366 -1.73499
-0.364 -9.28504 -1.20282
-0.363 -5.90954 -0.439741
-0.362 -1.34056 0.297353
-0.361 2.87984 0.658725
-0.36 5.27366 0.320852
-0.359 4.87834 -0.894531
-0.358 1.55435 -2.93787
-0.357 -3.92838 -5.51154
-0.356 -10.0663 -8.12661
-0.355 -15.0488 -10.2326
-0.354 -17.3314 -11.3849
-0.353 -16.1633 -11.3882
-0.352 -11.8624 -10.3579
-0.351 -5.7335 -8.67534
-0.35 0.334792 -6.85746
-0.349 4.45987 -5.38843
-0.348 5.37013 -4.56513
-0.347 2.8507 -4.40298
-0.346 -2.13244 -4.63869
-0.345 -7.72241 -4.84121
-0.344 -11.8157 -4.59651
-0.343 -12.8294 -3.69087
-0.342 -10.2909 -2.21528
-0.341 -5.03175 -0.552054
-0.34 1.0698 0.744981
-0.339 5.70054 1.13167
-0.338 6.89007 0.259177
-0.337 3.71403 -1.89319
-0.336 -3.32734 -4.98801
-0.335 -12.4264 -8.42435
-0.334 -21.0645 -11.5264
-0.333 -26.8643 -13.7511
-0.332 -28.3736 -14.8364
-0.331 -25.5109 -14.8457
-0.33 -19.5444 -14.1064
-0.329 -12.6296 -13.0716
-0.328 -7.05627 -12.1509
-0.327 -4.45559 -11.5654
-0.326 -5.25147 -11.2797
-0.325 -8.56411 -11.0374
-0.324 -12.5855 -10.4792
-0.323 -15.2569 -9.28918
-0.322 -14.9942 -7.31461
-0.321 -11.2276 -4.62924
-0.32 -4.6004 -1.52685
-0.319 3.23686 1.55083
-0.318 10.1746 4.13262
-0.317 14.3408 5.84459
-0.316 14.6825 6.4993
-0.315 11.2329 6.12058
-0.314 5.02264 4.91188
-0.313 -2.27399 3.19285
-0.312 -8.83356 1.32006
-0.311 -13.1983 -0.400562
-0.31 -14.6805 -1.79139
-0.309 -13.522 -2.84293
-0.308 -10.7464 -3.69774
-0.307 -7.77812 -4.58762
-0.306 -5.99682 -5.75282
-0.305 -6.37034 -7.36567
-0.304 -9.21404 -9.46372
-0.303 -14.0799 -11.9009
-0.302 -19.8128 -14.3442
-0.301 -24.826 -16.3412
-0.3 -27.5605 -17.4476
-0.299 -26.978 -17.3678
-0.298 -22.9046 -16.053
-0.297 -16.1255 -13.7286
-0.296 -8.22829 -10.8477
-0.295 -1.23069 -7.97796
-0.294 2.96747 -5.64075
-0.293 3.20938 -4.14072
-0.292 -0.430246 -3.45555
-0.291 -6.54085 -3.24496
-0.29 -12.7711 -2.98846
-0.289 -16.6114 -2.20122
-0.288 -16.2848 -0.646011
-0.287 -11.4378 1.53472
-0.286 -3.39988 3.81394
-0.285 5.10564 5.41504
-0.284 10.7824 5.55852
-0.283 10.9056 3.74578
-0.282 4.39634 -0.0256126
-0.281 -7.61937 -5.20723
-0.28 -22.0427 -10.8386
-0.279 -34.7891 -15.8369
-0.278 -42.1864 -19.3358
-0.277 -42.2854 -20.9545
-0.276 -35.6075 -20.8975
-0.275 -25.034 -19.8454
-0.274 -14.8204 -18.6711
-0.273 -9.04304 -18.0858
-0.272 -10.0368 -18.3485
-0.271 -17.4313 -19.1526
-0.27 -28.1913 -19.737
-0.269 -37.6893 -19.1863
-0.268 -41.4326 -16.8148
-0.267 -36.8067 -12.4856
-0.266 -24.1762 -6.73548
-0.265 -6.90049 -0.649073
-0.264 9.77521 4.47529
-0.263 20.5671 7.54205
-0.262 22.0558 8.00573
-0.261 13.9362 6.03087
-0.26 -0.859289 2.41334
-0.259 -17.2194 -1.70937
-0.258 -29.7083 -5.25607
-0.257 -34.5307 -7.55994
-0.256 -30.8697 -8.55042
-0.255 -21.0907 -8.69426
-0.254 -9.73797 -8.73297
-0.253 -1.7267 -9.33336
-0.252 -0.437428 -10.7898
-0.251 -6.43847 -12.8847
-0.25 -17.3056 -14.9534
-0.249 -28.5805 -16.13
-0.248 -35.4869 -15.6813
-0.247 -34.7536 -13.3002
-0.246 -25.8589 -9.24307
-0.245 -11.2266 -4.26144
-0.244 4.68919 0.635375
-0.243 17.0531 4.4908
-0.242 22.3774 6.67128
-0.241 19.6631 7.00895
-0.24 10.5601 5.77713
-0.239 -1.44239 3.52053
-0.238 -12.4214 0.818683
-0.237 -19.4657 -1.918
-0.236 -21.6261 -4.54434
-0.235 -20.0432 -7.14797
-0.234 -17.2502 -9.92238
-0.233 -15.9732 -13.0107
-0.232 -17.9565 -16.3856
-0.231 -23.3035 -19.8122
-0.23 -30.566 -22.9091
-0.229 -37.4609 -25.2784
-0.228 -41.8452 -26.6377
-0.227 -42.5277 -26.8917
-0.226 -39.6137 -26.118
-0.225 -34.2973 -24.4937
-0.224 -28.2371 -22.2094
-0.223 -22.8183 -19.4173
-0.222 -18.6456 -16.2267
-0.221 -15.4972 -12.7457
-0.22 -12.7287 -9.14471
-0.219 -9.86946 -5.70357
-0.218 -7.06062 -2.79549
-0.217 -5.08343 -0.790712
-0.216 -4.95661 0.0850433
-0.215 -7.31163 -0.135229
-0.214 -11.8716 -1.1408
-0.213 -17.3193 -2.44141
-0.212 -21.6777 -3.54718
-0.211 -23.1013 -4.16111
-0.21 -20.7619 -4.31191
-0.209 -15.4167 -4.36909
-0.208 -9.32689 -4.91364
-0.207 -5.46192 -6.4933
-0.206 -6.2615 -9.35451
-0.205 -12.4787 -13.2706
-0.204 -22.6397 -17.554
-0.203 -33.4112 -21.2623
-0.202 -40.7865 -23.5195
-0.201 -41.6558 -23.8311
-0.2 -35.151 -22.2729
-0.199 -23.2035 -19.4791
-0.198 -10.0143 -16.4193
-0.197 -0.544418 -14.0334
-0.196 1.44322 -12.8605
-0.195 -4.99829 -12.8128
-0.194 -17.4288 -13.197
-0.193 -30.7917 -12.9854
-0.192 -39.2667 -11.2352
-0.191 -38.5037 -7.49449
-0.19 -27.3908 -2.03965
-0.189 -8.6665 4.14736
-0.188 11.904 9.66274
-0.187 27.5481 13.1319
-0.186 32.9823 13.6688
-0.185 26.4269 11.1736
-0.184 10.3198 6.35375
-0.183 -9.58206 0.45502
-0.182 -26.3754 -5.19533
-0.181 -34.6163 -9.65306
-0.18 -32.3606 -12.6522
-0.179 -21.8708 -14.6278
-0.178 -8.7241 -16.468
-0.177 0.350401 -19.097
-0.176 0.100933 -23.0423
-0.175 -11.1504 -28.1483
-0.174 -30.7578 -33.5507
-0.173 -52.652 -37.9363
-0.172 -69.552 -39.9941
-0.171 -75.6335 -38.8802
-0.17 -68.6354 -34.5175
-0.169 -50.6256 -27.6298
-0.168 -27.1838 -19.5161
-0.167 -5.36056 -11.6594
-0.166 8.80221 -5.30264
-0.165 12.2838 -1.12843
-0.164 5.93352 0.855919
-0.163 -6.10504 1.19269
-0.162 -18.1317 0.671948
-0.161 -25.0992 -0.0127743
-0.16 -24.4443 -0.515221
-0.159 -16.8708 -0.916444
-0.158 -5.8621 -1.63216
-0.157 3.78892 -3.2005
-0.156 7.80624 -6.02918
-0.155 3.93933 -10.1883
-0.154 -7.32439 -15.3216
-0.153 -23.0105 -20.7058
-0.152 -38.7181 -25.4266
-0.151 -50.0856 -28.6024
-0.15 -54.1416 -29.5897
-0.149 -50.0881 -28.1247
-0.148 -39.3072 -24.3765
-0.147 -24.703 -18.9016
-0.146 -9.71656 -12.5145
-0.145 2.61587 -6.11294
-0.144 10.3148 -0.51022
-0.143 12.7452 3.69859
-0.142 10.5729 6.22839
-0.141 5.45795 7.1407
-0.14 -0.444752 6.79627
-0.139 -5.07511 5.71158
-0.138 -7.00968 4.35979
-0.137 -5.82918 2.99713
-0.136 -2.24672 1.58134
-0.135 2.01102 -0.201964
-0.134 4.57123 -2.82278
-0.133 3.04287 -6.71905
-0.132 -4.15299 -12.0669
-0.131 -16.9864 -18.5838
-0.13 -33.4371 -25.4761
-0.129 -49.8337 -31.6001
-0.128 -61.9029 -35.7967
-0.127 -66.1728 -37.2634
-0.126 -61.2206 -35.8236
-0.125 -48.3366 -32.0112
-0.124 -31.3584 -26.95
-0.123 -15.6208 -22.0412
-0.122 -6.22068 -18.5228
-0.121 -6.13057 -17.0427
-0.12 -14.9241 -17.4273
-0.119 -28.755 -18.7687
-0.118 -41.7087 -19.8007
-0.117 -48.0162 -19.4048
-0.116 -44.2534 -17.0486
-0.115 -30.6983 -13.0041
-0.114 -11.3533 -8.27445
-0.113 7.40946 -4.24066
-0.112 19.155 -2.14173
-0.111 19.8276 -2.58477
-0.11 9.38042 -5.28914
-0.109 -8.10488 -9.1744
-0.108 -25.9216 -12.7574
-0.107 -37.2983 -14.7026
-0.106 -38.0011 -14.3185
-0.105 -27.9363 -11.8128
-0.104 -11.1214 -8.2003
-0.103 5.93672 -4.89689
-0.102 16.761 -3.16837
-0.101 17.3127 -3.66762
-0.1 7.40373 -6.2297
-0.099 -9.34027 -9.97154
-0.098 -26.9096 -13.6337
-0.097 -39.2082 -16.0368
-0.096 -42.3474 -16.4919
-0.095 -35.9966 -15.0084
-0.094 -23.2145 -12.2072
-0.093 -8.90953 -8.98811
-0.092 2.26347 -6.1336
-0.091 7.59897 -4.0415
-0.09 7.02879 -2.67565
-0.089 2.73266 -1.69947
-0.088 -2.03157 -0.700166
-0.087 -4.40325 0.587399
-0.086 -3.12992 2.13542
-0.085 1.01779 3.6193
-0.084 5.83503 4.56881
-0.083 8.94065 4.59832
-0.082 8.97881 3.57858
-0.081 6.11853 1.64887
-0.08 1.66916 -0.925008
-0.079 -2.88886 -3.95027
-0.078 -6.91011 -7.44399
-0.077 -11.0849 -11.624
-0.076 -17.1103 -16.7418
-0.075 -26.6129 -22.8272
-0.074 -39.8525 -29.4707
-0.073 -54.9372 -35.7779
-0.072 -68.0476 -40.5535
-0.071 -74.6824 -42.6702
-0.07 -71.5106 -41.5011
-0.069 -58.1549 -37.2548
-0.068 -38.1 -31.0556
-0.067 -18.0029 -24.656
-0.066 -5.28539 -19.8192
-0.065 -4.89595 -17.6078
-0.064 -16.8446 -17.922
-0.063 -35.8108 -19.5262
-0.062 -53.0111 -20.5496
-0.061 -59.5029 -19.2495
-0.06 -49.7454 -14.7643
-0.059 -24.2801 -7.60864
-0.058 9.57803 0.311973
-0.057 39.8488 6.29289
-0.056 54.4979 7.89532
-0.055 46.6865 4.0408
-0.054 18.0794 -4.39951
-0.053 -21.4051 -14.8057
-0.052 -57.1663 -23.6932
-0.051 -75.2555 -27.919
-0.05 -67.6118 -25.8054
-0.049 -35.502 -17.815
-0.048 10.2825 -6.4821
-0.047 53.1283 4.49376
-0.046 77.1269 11.6963
-0.045 73.6077 13.3548
-0.044 44.6822 10.0117
-0.043 2.40408 4.25484
-0.042 -35.8305 -0.321053
-0.041 -53.8293 -0.526068
-0.04 -42.8961 5.10965
-0.039 -5.61595 15.6063
-0.038 44.689 27.7676
-0.037 89.0936 37.3803
-0.036 110.687 40.8723
-0.035 101.178 36.6735
-0.034 63.7982 25.7517
-0.033 11.8612 11.2292
-0.032 -36.1372 -2.71179
-0.031 -63.3062 -12.3032
-0.03 -60.9296 -15.5873
-0.029 -32.1829 -13.1696
-0.028 9.12996 -7.89575
-0.027 44.5983 -3.53986
-0.026 58.945 -3.17988
-0.025 45.7348 -8.03554
-0.024 9.12862 -17.1384
-0.023 -38.0865 -27.767
-0.022 -79.1534 -36.4321
-0.021 -99.5374 -40.1758
-0.02 -92.8306 -37.793
-0.019 -63.6258 -30.3996
-0.018 -25.3137 -20.9369
-0.017 6.27985 -12.8293
-0.016 19.7384 -8.56482
-0.015 11.9791 -8.88665
-0.014 -11.5963 -12.7567
-0.013 -39.7292 -17.8855
-0.012 -59.5991 -21.6102
-0.011 -61.8848 -21.9397
-0.01 -44.9672 -18.4298
-0.009 -15.8634 -12.3953
-0.008 13.3074 -6.21334
-0.007 31.4079 -2.10029
-0.006 33.1731 -1.11656
-0.005 20.6264 -2.86638
-0.004 1.37748 -5.82972
-0.003 -14.7556 -8.03953
-0.002 -19.7231 -7.88757
-0.001 -10.8638 -4.86333
0 7.44802 0.108755
0.001 25.7543 5.06876
0.002 34.595 8.06136
0.003 29.5953 8.17306
0.004 13.4188 5.92746
0.005 -5.88017 2.94259
0.006 -18.4788 1.18857
0.007 -16.7648 2.18141
0.008 1.28515 6.30812
0.009 30.4035 12.4984
0.01 59.4471 18.5287
0.011 76.2885 22.0207
0.012 73.9044 21.6662
0.013 53.9146 17.9221
0.014 25.6505 12.7928
0.015 1.94804 8.94933
0.016 -5.91966 8.68125
0.017 7.45758 13.0196
0.018 38.9974 21.2091
0.019 77.2744 30.7466
0.02 106.446 38.1933
0.021 113.102 40.5993
0.022 92.6405 36.8518
0.023 51.4771 28.1686
0.024 4.1698 17.5228
0.025 -32.4961 8.4134
0.026 -45.7136 3.56395
0.027 -31.318 3.93799
0.028 4.24106 8.30533
0.029 45.6547 13.5739
0.03 74.4707 15.9573
0.031 76.8494 12.6077
0.032 49.6043 2.93113
0.033 1.47494 -11.0938
0.034 -50.5995 -25.6788
0.035 -88.0725 -36.629
0.036 -97.5987 -40.8179
0.037 -75.9461 -37.2832
0.038 -31.4387 -27.6092
0.039 18.9573 -15.3884
0.04 56.2578 -4.85209
0.041 67.1034 0.796976
0.042 48.9143 0.586112
0.043 10.4361 -4.00064
0.044 -32.0657 -9.75972
0.045 -61.1299 -13.0872
0.046 -64.673 -11.3937
0.047 -40.6016 -4.14557
0.048 2.35634 6.86601
0.049 48.2173 18.2002
0.05 80.3058 26.1425
0.051 87.8068 28.1626
0.052 69.4778 23.8168
0.053 33.443 14.8065
0.054 -6.27235 4.29559
0.055 -35.0074 -4.21589
0.056 -42.8251 -8.10291
0.057 -28.0906 -6.50537
0.058 2.29213 -0.526793
0.059 36.2176 7.3704
0.06 61.6579 14.4776
0.061 71.2912 18.9089
0.062 64.6069 20.1784
0.063 47.1994 19.1691
0.064 28.0671 17.6306
0.065 16.0293 17.4269
0.066 16.4092 19.7733
0.067 29.1648 24.7349
0.068 49.2951 31.2115
0.069 69.3298 37.4194
0.07 82.5869 41.6173
0.071 85.5882 42.7174
0.072 78.7394 40.5494
0.073 65.4089 35.7611
0.074 50.1298 29.4782
0.075 36.7379 22.8792
0.076 27.1215 16.8317
0.077 21 11.7149
0.078 16.7207 7.4788
0.079 12.5695 3.87722
0.08 7.85795 0.728267
0.081 3.25184 -1.93398
0.082 0.259362 -3.87646
0.083 0.211104 -4.82217
0.084 3.28013 -4.6512
0.085 8.09364 -3.53371
0.086 12.2374 -1.90643
0.087 13.4703 -0.286317
0.088 10.9992 0.978264
0.089 6.08094 1.873
0.09 1.60728 2.71051
0.091 0.880394 3.96261
0.092 6.1163 6.00889
0.093 17.257 8.89608
0.094 31.5741 12.2035
0.095 44.3633 15.1012
0.096 50.6584 16.6317
0.097 47.3587 16.129
0.098 34.7921 13.5749
0.099 16.8931 9.69689
0.1 -0.160928 5.74773
0.101 -10.2781 3.06164
0.102 -9.78639 2.5676
0.103 1.11544 4.43255
0.104 18.3266 7.96235
0.105 35.2813 11.8176
0.106 45.3879 14.4973
0.107 44.5783 14.9207
0.108 32.9516 12.8637
0.109 14.8067 9.06058
0.11 -2.98452 4.92885
0.111 -13.6268 2.03649
0.112 -13.0056 1.51874
0.113 -1.20421 3.66494
0.114 17.6371 7.83028
0.115 36.9895 12.7038
0.116 50.4117 16.823
0.117 53.8771 19.127
0.118 47.1397 19.3385
0.119 33.7076 18.043
0.12 19.4593 16.4487
0.121 10.3988 15.9123
0.122 10.403 17.3981
0.123 19.8628 21.082
0.124 35.7311 26.2645
0.125 52.8343 31.6188
0.126 65.784 35.6503
0.127 70.7221 37.1713
0.128 66.3737 35.6363
0.129 54.2107 31.263
0.13 37.7686 24.9279
0.131 21.3688 17.8671
0.132 8.68821 11.2752
0.133 1.70887 5.95268
0.134 0.399111 2.14419
0.135 3.11964 -0.389718
0.136 7.43487 -2.14464
0.137 10.9504 -3.61615
0.138 11.9466 -5.10366
0.139 9.74672 -6.60406
0.14 4.82294 -7.80519
0.141 -1.35422 -8.18688
0.142 -6.70114 -7.20936
0.143 -9.06401 -4.52113
0.144 -6.79843 -0.100767
0.145 0.74047 5.7123
0.146 12.8965 12.2793
0.147 27.6768 18.7708
0.148 42.0487 24.2995
0.149 52.5953 28.0724
0.15 56.4442 29.5483
0.151 52.2365 28.5599
0.152 40.7773 25.3605
0.153 25.0344 20.577
0.154 9.36145 15.0763
0.155 -1.85472 9.77039
0.156 -5.66277 5.40223
0.157 -1.60061 2.36878
0.158 8.06623 0.648084
0.159 19.0615 -0.13387
0.16 26.5985 -0.513277
0.161 27.1976 -0.937381
0.162 20.1593 -1.53713
0.163 8.06004 -2.01099
0.164 -4.03352 -1.68421
0.165 -10.4109 0.249278
0.166 -6.93861 4.37585
0.167 7.20689 10.7415
0.168 28.9776 18.703
0.169 52.3124 27.0205
0.17 70.1514 34.1681
0.171 76.9197 38.7645
0.172 70.5762 39.9925
0.173 53.4297 37.8626
0.174 31.3535 33.2123
0.175 11.6528 27.4129
0.176 0.384042 21.8843
0.177 0.152267 17.6051
0.178 9.22971 14.8143
0.179 22.3245 13.0091
0.18 32.6919 11.2213
0.181 34.7739 8.46409
0.182 26.362 4.18658
0.183 9.47027 -1.42953
0.184 -10.405 -7.45439
0.185 -26.3526 -12.4985
0.186 -32.6552 -15.2047
0.187 -26.9461 -14.7511
0.188 -11.0806 -11.1673
0.189 9.60392 -5.34355
0.19 28.3214 1.2634
0.191 39.3409 7.11617
0.192 39.9923 11.0984
0.193 31.4578 12.8522
0.194 18.1252 12.8322
0.195 5.80305 12.0654
0.196 -0.507026 11.7119
0.197 1.55911 12.5973
0.198 10.9853 14.8943
0.199 23.9732 18.0705
0.2 35.5783 21.113
0.201 41.6671 22.9331
0.202 40.4036 22.7873
0.203 32.7427 20.5478
0.204 21.8418 16.7297
0.205 11.7052 12.285
0.206 5.62037 8.25356
0.207 4.98891 5.40483
0.208 8.9833 4.00065
0.209 15.1143 3.76278
0.21 20.4078 4.05079
0.211 22.6435 4.16876
0.212 21.1294 3.66455
0.213 16.752 2.49522
0.214 11.3848 1.00906
0.215 6.99302 -0.218792
0.216 4.8459 -0.614356
0.217 5.14771 0.188861
0.218 7.19114 2.2337
0.219 9.90555 5.2511
0.22 12.5033 8.78956
0.221 14.8862 12.3983
0.222 17.6004 15.7691
0.223 21.372 18.7708
0.224 26.4877 21.3788
0.225 32.3769 23.5685
0.226 37.6524 25.2363
0.227 40.6218 26.1852
0.228 40.0397 26.176
0.229 35.7517 25.0285
0.23 28.9212 22.7348
0.231 21.6927 19.5224
0.232 16.3758 15.8174
0.233 14.4571 12.1026
0.234 15.8699 8.74065
0.235 18.8905 5.85738
0.236 20.7857 3.34055
0.237 18.9864 0.949291
0.238 12.294 -1.51545
0.239 1.59299 -4.04471
0.24 -10.2601 -6.32993
0.241 -19.3735 -7.8049
0.242 -22.257 -7.83477
0.243 -17.2261 -5.9907
0.244 -5.21922 -2.28816
0.245 10.3428 2.72688
0.246 24.6774 8.08895
0.247 33.3545 12.6839
0.248 33.9455 15.5881
0.249 26.945 16.3639
0.25 15.5872 15.2002
0.251 4.61589 12.8315
0.252 -1.52405 10.2476
0.253 -0.392311 8.30445
0.254 7.4868 7.39731
0.255 18.7884 7.33155
0.256 28.642 7.4338
0.257 32.5204 6.85518
0.258 28.0396 4.95567
0.259 15.9654 1.62974
0.26 0.022206 -2.55936
0.261 -14.4268 -6.51021
0.262 -22.3239 -8.94698
0.263 -20.755 -8.87878
0.264 -10.0049 -5.97071
0.265 6.55502 -0.684265
0.266 23.696 5.85745
0.267 36.213 12.2264
0.268 40.7553 17.1467
0.269 36.9338 19.8965
0.27 27.3189 20.5073
0.271 16.3625 19.6821
0.272 8.67571 18.4639
0.273 7.31212 17.7933
0.274 12.6913 18.1344
0.275 22.544 19.3091
0.276 32.8567 20.5871
0.277 39.4121 20.9852
0.278 39.3271 19.6639
0.279 32.0415 16.2774
0.28 19.4485 11.1459
0.281 5.17471 5.18208
0.282 -6.7118 -0.401344
0.283 -13.0985 -4.4889
0.284 -12.8293 -6.41333
0.285 -6.95561 -6.13622
0.286 1.80813 -4.20707
0.287 10.1477 -1.53067
0.288 15.2924 0.96465
0.289 15.8493 2.63742
0.29 12.1192 3.31698
0.291 5.86268 3.30593
0.292 -0.379872 3.21102
0.293 -4.19294 3.67404
0.294 -4.09969 5.10775
0.295 0.0132173 7.53484
0.296 6.98456 10.582
0.297 14.8695 13.6181
0.298 21.5831 15.9716
0.299 25.4799 17.1413
0.3 25.7578 16.9345
0.301 22.6342 15.4998
0.302 17.2448 13.2543
0.303 11.2642 10.7325
0.304 6.36562 8.41222
0.305 3.72227 6.58062
0.306 3.72204 5.28501
0.307 5.93036 4.37349
0.308 9.24442 3.5885
0.309 12.1848 2.66894
0.31 13.302 1.43476
0.311 11.6335 -0.156103
0.312 7.06126 -1.98885
0.313 0.40826 -3.81898
0.314 -6.77844 -5.33812
0.315 -12.6714 -6.25302
0.316 -15.685 -6.34988
0.317 -14.94 -5.53324
0.318 -10.563 -3.84583
0.319 -3.7117 -1.47192
0.32 3.73616 1.28739
0.321 9.77155 4.07556
0.322 12.9168 6.56498
0.323 12.7115 8.53504
0.324 9.85267 9.91738
0.325 5.95079 10.7975
0.326 2.9807 11.3738
0.327 2.58699 11.8811
0.328 5.4675 12.4933
0.329 11.0688 13.2379
0.33 17.7361 13.9625
0.331 23.2746 14.3746
0.332 25.707 14.1427
0.333 23.9563 13.0223
0.334 18.2335 10.9645
0.335 10.0093 8.17055
0.336 1.55958 5.06821
0.337 -4.78554 2.2068
0.338 -7.42887 0.0995941
0.339 -6.02636 -0.929364
0.34 -1.54478 -0.835772
0.341 4.1326 0.147171
0.342 8.87226 1.59662
0.343 10.9948 3.04183
0.344 9.81042 4.11682
0.345 5.82577 4.6752
0.346 0.542582 4.82295
0.347 -4.09965 4.85178
0.348 -6.42769 5.10038
0.349 -5.60574 5.8038
0.35 -1.87127 6.99081
0.351 3.6004 8.46103
0.352 9.10453 9.84159
0.353 12.9441 10.7025
0.354 13.9497 10.6972
0.355 11.8377 9.68501
0.356 7.28465 7.78704
0.357 1.68205 5.35325
0.358 -3.33107 2.8541
0.359 -6.37648 0.743227
0.36 -6.71872 -0.660306
0.361 -4.43585 -1.23896
0.362 -0.366081 -1.08253
0.363 4.14535 -0.437484
0.364 7.64345 0.384642
0.365 9.00425 1.11253
0.366 7.78208 1.59817
0.367 4.34586 1.84992
0.368 -0.235079 2.0097
0.369 -4.51089 2.28852
0.37 -7.08325 2.88404
0.371 -7.03427 3.90509
0.372 -4.23265 5.32269
0.373 0.583407 6.95967
0.374 5.99485 8.52355
0.375 10.325 9.67681
0.376 12.171 10.127
0.377 10.8692 9.7113
0.378 6.74037 8.44989
0.379 1.02107 6.54976
0.38 -4.5146 4.35504
0.381 -8.1328 2.25787
0.382 -8.73054 0.595584
0.383 -6.2367 -0.438004
0.384 -1.67412 -0.841228
0.385 3.15703 -0.795506
0.386 6.2829 -0.595573
0.387 6.25012 -0.537116
0.388 2.67178 -0.799525
0.389 -3.57815 -1.368
0.39 -10.6102 -2.02586
0.391 -16.1341 -2.42181
0.392 -18.2354 -2.19087
0.393 -16.0442 -1.09097
0.394 -10.0573 0.890221
0.395 -1.99232 3.4986
0.396 5.78391 6.26788
0.397 11.0613 8.65289
0.398 12.5442 10.1979
0.399 10.2908 10.6807
0.4 5.6713 10.1803
0.401 0.855961 9.04494
0.402 -1.98488 7.76833
0.403 -1.48031 6.81636
0.404 2.43405 6.46299
0.405 8.48427 6.69619
0.406 14.5098 7.23057
0.407 18.2339 7.62294
0.408 18.0769 7.44707
0.409 13.7252 6.46416
0.41 6.25415 4.72764
0.411 -2.24044 2.58325
0.412 -9.36899 0.559953
0.413 -13.2672 -0.81261
0.414 -13.2075 -1.19362
0.415 -9.79041 -0.554001
0.416 -4.66814 0.814283
0.417 0.0788159 2.40255
0.418 2.68054 3.66093
0.419 2.2765 4.1829
0.42 -0.825984 3.83777
0.421 -5.31557 2.80678
0.422 -9.39433 1.50838
0.423 -11.4472 0.437773
0.424 -10.6101 -0.0179194
0.425 -7.03765 0.284468
0.426 -1.80079 1.20763
0.427 3.51849 2.40181
0.428 7.37691 3.44295
0.429 8.77637 3.98813
0.43 7.5637 3.89662
0.431 4.43059 3.27692
0.432 0.624502 2.44216
0.433 -2.51138 1.78771
0.434 -3.99121 1.63817
0.435 -3.47429 2.12619
0.436 -1.31245 3.14957
0.437 1.62497 4.41509
0.438 4.26605 5.54303
0.439 5.68374 6.19096
0.44 5.37152 6.15799
0.441 3.36796 5.44015
0.442 0.19903 4.22059
0.443 -3.32644 2.79773
0.444 -6.38028 1.47953
0.445 -8.34286 0.487557
0.446 -8.93647 -0.0932298
0.447 -8.25191 -0.308988
0.448 -6.68378 -0.290575
0.449 -4.7992 -0.190778
0.45 -3.17068 -0.126241
0.451 -2.21677 -0.138655
0.452 -2.09618 -0.185827
0.453 -2.68066 -0.166086
0.454 -3.60257 0.0346522
0.455 -4.35705 0.495378
0.456 -4.43848 1.23155
0.457 -3.49075 2.19107
0.458 -1.43881 3.26737
0.459 1.44566 4.31978
0.46 4.58216 5.19782
0.461 7.22442 5.76919
0.462 8.67025 5.94705
0.463 8.47765 5.70832
0.464 6.62278 5.09867
0.465 3.54518 4.22598
0.466 0.0505662 3.24496
0.467 -2.91744 2.33219
0.468 -4.57173 1.65079
0.469 -4.53936 1.31072
0.47 -2.98669 1.33956
0.471 -0.565126 1.67828
0.472 1.80807 2.20488
0.473 3.26611 2.77592
0.474 3.30261 3.27226
0.475 1.96419 3.63596
0.476 -0.154004 3.88665
0.477 -2.12136 4.10804
0.478 -3.01876 4.40449
0.479 -2.28756 4.842
0.48 0.0464793 5.39996
0.481 3.35045 5.95797
0.482 6.57284 6.32392
0.483 8.58807 6.2923
0.484 8.58629 5.71371
0.485 6.36989 4.55471
0.486 2.43945 2.92725
0.487 -2.17017 1.07267
0.488 -6.23816 -0.701115
0.489 -8.75642 -2.10924
0.49 -9.24196 -2.9707
0.491 -7.86899 -3.24899
0.492 -5.38347 -3.04272
0.493 -2.82582 -2.53622
0.494 -1.15092 -1.92857
0.495 -0.881922 -1.36282
0.496 -1.93236 -0.878399
0.497 -3.66352 -0.406804
0.498 -5.14152 0.1842
0.499 -5.48638 1.01608
0.5 -4.19032 2.13044
0.501 -1.30665 3.45607
0.502 2.54888 4.82097
0.503 6.3897 5.99908
0.504 9.18561 6.77484
0.505 10.2106 7.00811
0.506 9.27985 6.68009
0.507 6.79166 5.90145
0.508 3.5742 4.87517
0.509 0.603088 3.82797
0.51 -1.3132 2.94127
0.511 -1.78214 2.30892
0.512 -0.933058 1.93038
0.513 0.654262 1.7315
0.514 2.17357 1.60105
0.515 2.88595 1.43304
0.516 2.37499 1.1644
0.517 0.678211 0.794627
0.518 -1.739 0.378509
0.519 -4.15031 -0.00318551
0.52 -5.81787 -0.277551
0.521 -6.23954 -0.401529
0.522 -5.31016 -0.367975
0.523 -3.3444 -0.201962
0.524 -0.959179 0.0471982
0.525 1.13735 0.318442
0.526 2.37741 0.556507
0.527 2.51367 0.729539
0.528 1.69375 0.839247
0.529 0.403587 0.92084
0.53 -0.703295 1.03598
0.531 -1.03018 1.26181
0.532 -0.23584 1.6743
0.533 1.65615 2.32411
0.534 4.26482 3.2104
0.535 6.96673 4.26502
0.536 9.08325 5.35683
0.537 10.0872 6.3164
0.538 9.76519 6.97445
0.539 8.27735 7.20486
0.54 6.09119 6.96155
0.541 3.81636 6.29601
0.542 2.0041 5.34418
0.543 0.978374 4.28259
0.544 0.747709 3.27029
0.545 1.02066 2.40059
0.546 1.32168 1.6799
0.547 1.17459 1.0389
0.548 0.292126 0.372328
0.549 -1.30154 -0.403604
0.55 -3.26465 -1.29529
0.551 -5.04766 -2.20218
0.552 -6.07482 -2.93282
0.553 -5.93505 -3.26546
0.554 -4.52313 -3.02906
0.555 -2.08671 -2.17194
0.556 0.839678 -0.793167
0.557 3.59792 0.873255
0.558 5.61227 2.51804
0.559 6.56167 3.84424
0.56 6.45725 4.65568
0.561 5.60619 4.91303
0.562 4.48456 4.73325
0.563 3.56523 4.33156
0.564 3.15628 3.93111
0.565 3.30267 3.67727
0.566 3.78628 3.58812
0.567 4.22621 3.55707
0.568 4.23857 3.40534
0.569 3.59034 2.96518
0.57 2.29149 2.16266
0.571 0.600796 1.06652
0.572 -1.0509 -0.118581
0.573 -2.1959 -1.11388
0.574 -2.48193 -1.66012
0.575 -1.79011 -1.60772
0.576 -0.27347 -0.969935
0.577 1.69764 0.0806812
0.578 3.65609 1.27076
0.579 5.17538 2.31701
0.58 5.98276 3.01528
0.581 6.02242 3.29597
0.582 5.45354 3.22872
0.583 4.58078 2.97824
0.584 3.73853 2.72968
0.585 3.17358 2.61179
0.586 2.97308 2.6475
0.587 3.05797 2.75112
0.588 3.2296 2.77221
0.589 3.24556 2.56527
0.59 2.90599 2.05438
0.591 2.13139 1.26813
0.592 1.00456 0.335032
0.593 -0.24598 -0.555641
0.594 -1.31805 -1.21319
0.595 -1.93045 -1.5051
0.596 -1.90176 -1.3954
0.597 -1.1946 -0.94723
0.598 0.0736404 -0.290289
0.599 1.6538 0.429951
0.6 3.22598 1.09876
0.601 4.4897 1.65846
0.602 5.25141 2.11028
0.603 5.47286 2.49586
0.604 5.26577 2.86741
0.605 4.84551 3.25831
0.606 4.46467 3.66588
0.607 4.33887 4.05294
0.608 4.57518 4.3645
0.609 5.12638 4.54932
0.61 5.79791 4.57567
0.611 6.31306 4.43699
0.612 6.41048 4.14798
0.613 5.93455 3.73485
0.614 4.89023 3.22522
0.615 3.45152 2.6431
0.616 1.92175 2.01153
0.617 0.648041 1.35983
0.618 -0.0911738 0.727867
0.619 -0.184972 0.162139
0.62 0.268524 -0.295518
0.621 0.996638 -0.620755
0.622 1.64731 -0.815524
0.623 1.90981 -0.908741
0.624 1.62376 -0.94606
0.625 0.843993 -0.969376
0.626 -0.164424 -0.993092
0.627 -1.00895 -0.989462
0.628 -1.30645 -0.893433
0.629 -0.822316 -0.627535
0.63 0.441976 -0.136451
0.631 2.24269 0.582913
0.632 4.16737 1.46709
0.633 5.76385 2.39375
0.634 6.68597 3.21177
0.635 6.80812 3.78612
0.636 6.26392 4.04148
0.637 5.38979 3.98611
0.638 4.59427 3.70443
0.639 4.20583 3.32116
0.64 4.35527 2.95226
0.641 4.93067 2.66173
0.642 5.61713 2.43978
0.643 6.01023 2.21076
0.644 5.76741 1.86937
0.645 4.74383 1.33216
0.646 3.05896 0.583734
0.647 1.06623 -0.302318
0.648 -0.761473 -1.17756
0.649 -1.9859 -1.86298
0.65 -2.34308 -2.20659
0.651 -1.82381 -2.13378
0.652 -0.669861 -1.67242
0.653 0.713221 -0.943487
0.654 1.89735 -0.119849
0.655 2.57715 0.631187
0.656 2.66644 1.1999
0.657 2.31185 1.56157
0.658 1.82213 1.77074
0.659 1.54295 1.92681
0.66 1.72446 2.12557
0.661 2.42837 2.41492
0.662 3.50531 2.77159
0.663 4.64774 3.10792
0.664 5.49788 3.30582
0.665 5.77296 3.26369
0.666 5.36416 2.93742
0.667 4.374 2.36011
0.668 3.07906 1.63451
0.669 1.83436 0.902221
0.67 0.956774 0.301196
0.671 0.629457 -0.0739696
0.672 0.856455 -0.195365
0.673 1.47689 -0.101228
0.674 2.22919 0.126249
0.675 2.84336 0.394395
0.676 3.13108 0.631609
0.677 3.04151 0.806227
0.678 2.6638 0.928031
0.679 2.1807 1.03436
0.68 1.79643 1.16773
0.681 1.66645 1.35409
0.682 1.85014 1.59001
0.683 2.2965 1.84268
0.684 2.86412 2.06068
0.685 3.36899 2.19054
0.686 3.64482 2.1928
0.687 3.59342 2.05266
0.688 3.20878 1.7821
0.689 2.57244 1.41383
0.69 1.82693 0.991027
0.691 1.13628 0.558049
0.692 0.642722 0.154785
0.693 0.429976 -0.186093
0.694 0.503631 -0.441533
0.695 0.79486 -0.600554
0.696 1.18465 -0.66518
0.697 1.53853 -0.648882
0.698 1.74323 -0.573404
0.699 1.7391 -0.464692
0.7 1.54037 -0.346914
0.701 1.23346 -0.234046
0.702 0.950655 -0.122285
0.703 0.827298 0.0107888
0.704 0.958013 0.197062
0.705 1.36559 0.46199
0.706 1.98897 0.809609
0.707 2.69331 1.21501
0.708 3.30438 1.62646
0.709 3.662 1.97646
0.71 3.67438 2.20013
0.711 3.35011 2.25654
0.712 2.79427 2.14486
0.713 2.17208 1.90669
0.714 1.65562 1.61187
0.715 1.36922 1.33308
0.716 1.3473 1.12021
0.717 1.51863 0.984175
0.718 1.7286 0.895188
0.719 1.79645 0.79588
0.72 1.58591 0.625741
0.721 1.05952 0.348855
0.722 0.296087 -0.0263626
0.723 -0.531748 -0.444366
0.724 -1.20978 -0.818287
0.725 -1.54926 -1.05815
0.726 -1.44982 -1.10075
0.727 -0.936066 -0.93097
0.728 -0.150636 -0.587443
0.729 0.695485 -0.150275
0.73 1.39563 0.286013
0.731 1.81439 0.644125
0.732 1.92607 0.887413
0.733 1.81475 1.02642
0.734 1.63805 1.10778
0.735 1.56564 1.19118
0.736 1.71301 1.32319
0.737 2.09609 1.51661
0.738 2.62459 1.74243
0.739 3.13505 1.9386
0.74 3.44892 2.03298
0.741 3.43424 1.9712
0.742 3.05105 1.73727
0.743 2.36681 1.3597
0.744 1.53572 0.90271
0.745 0.747634 0.447069
0.746 0.165779 0.0669562
0.747 -0.122352 -0.190484
0.748 -0.124212 -0.316349
0.749 0.0706207 -0.337396
0.75 0.326819 -0.300768
0.751 0.51062 -0.253376
0.752 0.534324 -0.224908
0.753 0.383944 -0.220073
0.754 0.119422 -0.220912
0.755 -0.15278 -0.196884
0.756 -0.321937 -0.118869
0.757 -0.311975 0.0276066
0.758 -0.104274 0.234881
0.759 0.25908 0.474408
0.76 0.689341 0.705605
0.761 1.07811 0.887893
0.762 1.33051 0.991462
0.763 1.39428 1.004
0.764 1.27393 0.932126
0.765 1.02528 0.797467
0.766 0.734315 0.629037
0.767 0.48995 0.455159
0.768 0.359228 0.298042
0.769 0.370149 0.171824
0.77 0.505324 0.0825989
0.771 0.708247 0.0291028
0.772 0.901232 0.00439725
0.773 1.01003 -0.000941743
0.774 0.987212 0.00479596
0.775 0.826686 0.0167252
0.776 0.56511 0.0339244
0.777 0.2704 0.0595323
0.778 0.0210993 0.100991
0.779 -0.117321 0.168848
0.78 -0.11234 0.272297
0.781 0.0253677 0.412712
0.782 0.244582 0.57921
0.783 0.469089 0.749254
0.784 0.622164 0.893712
0.785 0.652208 0.98383
0.786 0.550372 0.998355
0.787 0.35354 0.930064
0.788 0.131546 0.789922
0.789 -0.0366556 0.605733
0.79 -0.0896248 0.413861
0.791 -0.00460423 0.247066
0.792 0.193322 0.124266
0.793 0.437876 0.0463369
0.794 0.643207 -0.0016538
0.795 0.733673 -0.0434168
0.796 0.670913 -0.101427
0.797 0.467876 -0.186303
0.798 0.18464 -0.289676
0.799 -0.0918573 -0.384799
0.8 -0.276557 -0.435678
0.801 -0.313946 -0.410618
0.802 -0.195846 -0.294178
0.803 0.0368005 -0.0935066
0.804 0.309015 0.16213
0.805 0.538396 0.428434
0.806 0.663626 0.658647
0.807 0.664562 0.818018
0.808 0.566865 0.89419
0.809 0.43013 0.898644
0.81 0.324343 0.859148
0.811 0.303295 0.807592
0.812 0.384586 0.768321
0.813 0.543421 0.750087
0.814 0.721853 0.74329
0.815 0.849324 0.723885
0.816 0.867052 0.663907
0.817 0.748133 0.544796
0.818 0.506731 0.366993
0.819 0.19334 0.151249
0.82 -0.122232 -0.0678891
0.821 -0.373936 -0.252478
0.822 -0.519799 -0.371689
0.823 -0.552175 -0.410206
0.824 -0.495649 -0.372685
0.825 -0.395184 -0.282021
0.826 -0.299364 -0.170786
0.827 -0.244016 -0.0692081
0.828 -0.241083 0.0044782
0.829 -0.276283 0.0474765
0.83 -0.316435 0.0699508
0.831 -0.323643 0.0891357
0.832 -0.270319 0.122203
0.833 -0.149046 0.179307
0.834 0.0254774 0.258745
0.835 0.221557 0.346728
0.836 0.400075 0.422607
0.837 0.525618 0.46702
0.838 0.576365 0.468797
0.839 0.550069 0.428144
0.84 0.463972 0.356065
0.841 0.348355 0.270981
0.842 0.236285 0.193393
0.843 0.153727 0.13972
0.844 0.113203 0.11737
0.845 0.112008 0.123269
0.846 0.134539 0.146348
0.847 0.157759 0.172285
0.848 0.158641 0.188194
0.849 0.121876 0.186109
0.85 0.0452585 0.16487
0.851 -0.0595212 0.129985
0.852 -0.170941 0.0912464
0.853 -0.264619 0.05886
0.854 -0.320575 0.0398271
0.855 -0.328828 0.0361752
0.856 -0.292164 0.0452428
0.857 -0.225431 0.0611354
0.858 -0.1511 0.0766678
0.859 -0.0919285 0.0856669
0.86 -0.0631518 0.0852139
0.861 -0.0673704 0.076813
0.862 -0.0940472 0.0657287
0.863 -0.123434 0.0588411
0.864 -0.13334 0.062228
0.865 -0.106745 0.0794509
0.866 -0.0381345 0.110644
0.867 0.0635537 0.152212
0.868 0.176951 0.197369
0.869 0.27499 0.237815
0.87 0.333829 0.26614
0.871 0.340445 0.277904
0.872 0.29639 0.27253
0.873 0.216941 0.252952
0.874 0.126089 0.224524
0.875 0.0486485 0.193606
0.876 0.00182231 0.165973
0.877 -0.0105111 0.145303
0.878 0.00184062 0.132384
0.879 0.0204969 0.125434
0.88 0.0264365 0.121277
0.881 0.00728102 0.116759
0.882 -0.0383178 0.109853
0.883 -0.100013 0.100254
0.884 -0.159023 0.0894505
0.885 -0.194826 0.0802028
0.886 -0.193205 0.0754443
0.887 -0.15209 0.0770079
0.888 -0.0823209 0.0847826
0.889 -0.00327874 0.0965833
0.89 0.0639844 0.108625
0.891 0.103163 0.116398
0.892 0.107055 0.115807
0.893 0.0792519 0.104373
0.894 0.0325816 0.0821738
0.895 -0.0158004 0.0520257
0.896 -0.0510512 0.0187567
0.897 -0.065879 -0.0120729
0.898 -0.0619124 -0.0354603
0.899 -0.0473022 -0.0479964
0.9 -0.0326134 -0.0485653
0.901 -0.0269055 -0.0385478
0.902 -0.0347199 -0.0213181
0.903 -0.0543556 -0.00104823
0.904 -0.0782586 0.0187224
0.905 -0.0960089 0.0360714
0.906 -0.0987559 0.0508711
0.907 -0.0827138 0.0643356
0.908 -0.0500731 0.0782631
0.909 -0.00764591 0.0941276
0.91 0.0354108 0.112152
0.911 0.0699875 0.130697
0.912 0.089428 0.146397
0.913 0.0915149 0.155162
0.914 0.0789511 0.153644
0.915 0.0577445 0.14048
0.916 0.0344289 0.116846
0.917 0.0138518 0.0862793
0.918 -0.00159491 0.053902
0.919 -0.0117704 0.0251774
0.92 -0.0183277 0.00444428
0.921 -0.0239993 -0.00629844
0.922 -0.0313384 -0.00781722
0.923 -0.0413319 -0.00306328
0.924 -0.0529031 0.00412011
0.925 -0.0637051 0.010405
0.926 -0.0714111 0.0139903
0.927 -0.0744396 0.0149877
0.928 -0.0719737 0.0151524
0.929 -0.0639193 0.0170252
0.93 -0.0511306 0.022728
0.931 -0.0354725 0.0328815
0.932 -0.0192867 0.0461464
0.933 -0.00457607 0.0596082
0.934 0.00739053 0.0698103
0.935 0.0159088 0.0739666
0.936 0.0206626 0.0708956
0.937 0.0219534 0.0614121
0.938 0.0209933 0.0480901
0.939 0.0196628 0.0344476
0.94 0.0197335 0.0237941
0.941 0.0221672 0.0181713
0.942 0.0269287 0.0178131
0.943 0.0331547 0.0213015
0.944 0.0393482 0.0262743
0.945 0.0436264 0.0303389
0.946 0.0442689 0.0318551
0.947 0.0404823 0.0303796
0.948 0.0328532 0.0266713
0.949 0.0230927 0.0222562
0.95 0.0132736 0.0187186
0.951 0.00509013 0.0170365
0.952 -0.000563102 0.0172441
0.953 -0.00374517 0.0185161
0.954 -0.00541472 0.0195673
0.955 -0.00707307 0.0191637
0.956 -0.010085 0.0165689
0.957 -0.0149749 0.0118099
0.958 -0.0211407 0.00567699
0.959 -0.0271416 -0.000561752
0.96 -0.0313061 -0.00561165
0.961 -0.032304 -0.00856499
0.962 -0.0295375 -0.00912002
0.963 -0.0233391 -0.00757019
0.964 -0.0149271 -0.00462507
0.965 -0.00603986 -0.00115423
0.966 0.00165868 0.00207242
0.967 0.00711583 0.00458184
0.968 0.0100974 0.0062651
0.969 0.0110438 0.00729499
0.97 0.0107569 0.00795703
0.971 0.0100806 0.00849141
0.972 0.00962893 0.00900639
0.973 0.00959977 0.00946837
0.974 0.00975501 0.00974398
0.975 0.00960626 0.00966983
0.976 0.00871232 0.00913128
0.977 0.00691256 0.00812153
0.978 0.0043857 0.00675113
0.979 0.00155962 0.00520755
0.98 -0.00104075 0.00369534
0.981 -0.00295138 0.0023867
0.982 -0.00390621 0.00139251
0.983 -0.00391193 0.000751263
0.984 -0.00321841 0.000433188
0.985 -0.00219515 0.000359147
0.986 -0.00118432 0.000429612
0.987 -0.000404692 0.000551815
0.988 6.97447e-05 0.000656083
0.989 0.000279243 0.000702255
0.99 0.000324931 0.000679906
0.991 0.000311304 0.000602562
0.992 0.000302424 0.000496108
0.993 0.000309231 0.000385653
0.994 0.00030921 0.000286857
0.995 0.000278615 0.000204648
0.996 0.00021358 0.000137318
0.997 0.000131292 8.19464e-05
0.998 5.77761e-05 3.83401e-05
0.999 1.28257e-05 9.77809e-06
0.12 1.77492 -0.352143
0.24 1.78018 -0.351762
0.36 1.78893 -0.351125
0.48 1.8011 -0.350231
0.6 1.81666 -0.349074
0.72 1.83552 -0.347649
0.84 1.8576 -0.345952
0.96 1.88278 -0.343976
1.08 1.91096 -0.341713
1.2 1.94198 -0.339155
1.32 1.97572 -0.336293
1.44 2.012 -0.333118
1.56 2.05066 -0.32962
1.68 2.09152 -0.32579
1.8 2.13439 -0.321619
1.92 2.17907 -0.317095
2.04 2.22537 -0.31221
2.16 2.27306 -0.306954
2.28 2.32195 -0.301318
2.4 2.3718 -0.295295
2.52 2.42241 -0.288876
2.64 2.47355 -0.282056
2.76 2.52501 -0.27483
2.88 2.57656 -0.267193
3 2.628 -0.259143
3.12 2.6791 -0.250678
3.24 2.72968 -0.241799
3.36 2.77953 -0.232509
3.48 2.82844 -0.22281
3.6 2.87625 -0.21271
3.72 2.92277 -0.202215
3.84 2.96783 -0.191337
3.96 3.01128 -0.180086
4.08 3.05297 -0.168478
4.2 3.09276 -0.156528
4.32 3.13053 -0.144255
4.44 3.16616 -0.13168
4.56 3.19956 -0.118825
4.68 3.23063 -0.105716
4.8 3.2593 -0.0923789
4.92 3.28549 -0.0788428
5.04 3.30917 -0.0651384
5.16 3.33028 -0.051298
5.28 3.3488 -0.0373558
5.4 3.3647 -0.0233471
5.52 3.37799 -0.00930894
5.64 3.38867 0.00472073
5.76 3.39674 0.0187028
5.88 3.40223 0.0325975
6 3.40518 0.0463643
6.12 3.40562 0.0599622
6.24 3.40361 0.07335
6.36 3.3992 0.0864868
6.48 3.39245 0.0993313
6.6 3.38343 0.111843
6.72 3.37221 0.123983
6.84 3.35888 0.135711
6.96 3.34352 0.146989
7.08 3.32621 0.157782
7.2 3.30704 0.168054
7.32 3.2861 0.177772
7.44 3.26349 0.186904
7.56 3.23929 0.195422
7.68 3.21361 0.203299
7.8 3.18653 0.21051
7.92 3.15815 0.217033
8.04 3.12857 0.22285
8.16 3.09787 0.227946
8.28 3.06614 0.232306
8.4 3.03347 0.235923
8.52 2.99995 0.238788
8.64 2.96566 0.2409
8.76 2.93069 0.242258
8.88 2.8951 0.242866
9 2.85899 0.242732
9.12 2.82241 0.241865
9.24 2.78544 0.24028
9.36 2.74816 0.237995
9.48 2.71061 0.235028
9.6 2.67288 0.231405
9.72 2.635 0.227151
9.84 2.59705 0.222297
9.96 2.55908 0.216874
10.08 2.52113 0.210918
10.2 2.48326 0.204466
10.32 2.44551 0.197559
10.44 2.40794 0.190236
10.56 2.37058 0.182544
10.68 2.33347 0.174526
10.8 2.29665 0.166229
10.92 2.26017 0.157702
11.04 2.22406 0.148992
11.16 2.18834 0.14015
11.28 2.15307 0.131225
11.4 2.11825 0.122267
11.52 2.08394 0.113326
11.64 2.05015 0.104451
11.76 2.01691 0.0956904
11.88 1.98424 0.0870924
12 1.95218 0.0787035
12.12 1.92074 0.0705689
12.24 1.88993 0.062732
12.36 1.85979 0.0552344
12.48 1.83033 0.0481158
12.6 1.80156 0.0414133
12.72 1.77349 0.0351618
12.84 1.74613 0.0293934
12.96 1.7195 0.0241373
13.08 1.69359 0.01942
13.2 1.66842 0.0152646
13.32 1.64397 0.0116913
13.44 1.62025 0.00871681
13.56 1.59725 0.00635464
13.68 1.57497 0.00461483
13.8 1.5534 0.00350397
13.92 1.53251 0.00302524
14.04 1.51229 0.00317836
14.16 1.49273 0.00395965
14.28 1.4738 0.00536204
14.4 1.45548 0.00737517
14.52 1.43774 0.00998544
14.64 1.42054 0.0131761
14.76 1.40386 0.0169275
14.88 1.38766 0.0212169
15 1.37191 0.026019
15.12 1.35655 0.0313059
15.24 1.34156 0.0370471
15.36 1.32689 0.04321
15.48 1.3125 0.0497602
15.6 1.29834 0.056661
15.72 1.28436 0.0638745
15.84 1.27052 0.0713612
15.96 1.25678 0.0790803
16.08 1.24308 0.0869903
16.2 1.22939 0.095049
16.32 1.21565 0.103213
16.44 1.20184 0.111441
16.56 1.18789 0.119687
16.68 1.17378 0.127911
16.8 1.15947 0.136069
16.92 1.14492 0.144119
17.04 1.1301 0.152021
17.16 1.11498 0.159734
17.28 1.09953 0.16722
17.4 1.08373 0.174443
17.52 1.06757 0.181365
17.64 1.05102 0.187954
17.76 1.03407 0.194178
17.88 1.01672 0.200007
18 0.998966 0.205414
18.12 0.980802 0.210373
18.24 0.962236 0.214861
18.36 0.943277 0.218859
18.48 0.923936 0.222349
18.6 0.904232 0.225316
18.72 0.884183 0.227748
18.84 0.863816 0.229635
18.96 0.843156 0.23097
19.08 0.822236 0.23175
19.2 0.801089 0.231973
19.32 0.779752 0.231639
19.44 0.758265 0.230754
19.56 0.736669 0.229324
19.68 0.715009 0.227357
19.8 0.693328 0.224865
19.92 0.671675 0.221862
20.04 0.650095 0.218364
20.16 0.628638 0.214388
20.28 0.607352 0.209955
20.4 0.586284 0.205087
20.52 0.565483 0.199806
20.64 0.544996 0.194138
20.76 0.524867 0.18811
20.88 0.505143 0.181749
21 0.485864 0.175083
21.12 0.467072 0.168143
21.24 0.448804 0.160959
21.36 0.431097 0.153561
21.48 0.413983 0.145981
21.6 0.397492 0.13825
21.72 0.38165 0.130401
21.84 0.36648 0.122464
21.96 0.352003 0.11447
22.08 0.338235 0.106451
22.2 0.325187 0.0984362
22.32 0.312869 0.0904557
22.44 0.301287 0.082538
22.56 0.290441 0.0747108
22.68 0.280329 0.0670006
22.8 0.270947 0.0594327
22.92 0.262284 0.0520313
23.04 0.254328 0.0448189
23.16 0.247065 0.0378167
23.28 0.240474 0.0310441
23.4 0.234534 0.024519
23.52 0.229222 0.0182577
23.64 0.22451 0.0122745
23.76 0.220369 0.00658218
23.88 0.21677 0.00119146
24 0.213678 -0.00388861
24.12 0.21106 -0.00865084
24.24 0.20888 -0.0130899
24.36 0.207102 -0.0172021
24.48 0.205689 -0.0209857
24.6 0.204603 -0.0244407
24.72 0.203806 -0.0275687
24.84 0.203261 -0.030373
24.96 0.202929 -0.0328584
25.08 0.202774 -0.0350312
25.2 0.202759 -0.0368993
25.32 0.202848 -0.0384718
25.44 0.203007 -0.0397591
25.56 0.203203 -0.0407727
25.68 0.203403 -0.0415252
25.8 0.203578 -0.0420302
25.92 0.203699 -0.0423021
26.04 0.203739 -0.0423561
26.16 0.203673 -0.0422079
26.28 0.203478 -0.0418738
26.4 0.203132 -0.0413706
26.52 0.202618 -0.0407152
26.64 0.201919 -0.0399247
26.76 0.201019 -0.0390164
26.88 0.199906 -0.0380076
27 0.198569 -0.0369151
27.12 0.197001 -0.0357558
27.24 0.195194 -0.0345461
27.36 0.193145 -0.0333019
27.48 0.19085 -0.0320388
27.6 0.188309 -0.0307715
27.72 0.185523 -0.0295142
27.84 0.182495 -0.0282803
27.96 0.179228 -0.0270821
28.08 0.175729 -0.0259315
28.2 0.172004 -0.0248391
28.32 0.168062 -0.0238146
28.44 0.163912 -0.0228667
28.56 0.159564 -0.022003
28.68 0.155031 -0.0212303
28.8 0.150323 -0.0205539
28.92 0.145455 -0.0199784
29.04 0.140439 -0.019507
29.16 0.135289 -0.0191422
29.28 0.13002 -0.018885
29.4 0.124647 -0.0187357
29.52 0.119184 -0.0186937
29.64 0.113647 -0.018757
29.76 0.10805 -0.0189231
29.88 0.102408 -0.0191884
30 0.0967373 -0.0195486
30.12 0.0910518 -0.0199986
30.24 0.0853661 -0.0205326
30.36 0.0796947 -0.0211442
30.48 0.0740514 -0.0218264
30.6 0.0684499 -0.0225717
30.72 0.0629034 -0.0233723
30.84 0.0574245 -0.02422
30.96 0.0520255 -0.025106
31.08 0.0467181 -0.0260219
31.2 0.0415134 -0.0269588
31.32 0.036422 -0.0279076
31.44 0.0314538 -0.0288597
31.56 0.0266183 -0.0298062
31.68 0.0219241 -0.0307384
31.8 0.0173794 -0.031648
31.92 0.0129915 -0.0325268
32.04 0.00876734 -0.0333671
32.16 0.00471287 -0.0341614
32.28 0.000833537 -0.0349028
32.4 -0.00286592 -0.0355848
32.52 -0.00638148 -0.0362013
32.64 -0.00970978 -0.0367471
32.76 -0.0128482 -0.0372172
32.88 -0.0157947 -0.0376074
33 -0.018548 -0.0379142
33.12 -0.0211076 -0.0381346
33.24 -0.0234736 -0.0382661
33.36 -0.0256466 -0.0383073
33.48 -0.0276281 -0.038257
33.6 -0.0294201 -0.0381148
33.72 -0.0310253 -0.037881
33.84 -0.032447 -0.0375564
33.96 -0.0336892 -0.0371425
34.08 -0.0347563 -0.0366411
34.2 -0.0356532 -0.0360549
34.32 -0.0363857 -0.0353868
34.44 -0.0369597 -0.0346404
34.56 -0.0373817 -0.0338194
34.68 -0.0376587 -0.0329283
34.8 -0.0377981 -0.0319717
34.92 -0.0378076 -0.0309545
35.04 -0.0376952 -0.0298818
35.16 -0.0374691 -0.0287592
35.28 -0.037138 -0.0275922
35.4 -0.0367105 -0.0263865
35.52 -0.0361955 -0.0251479
35.64 -0.0356019 -0.0238822
35.76 -0.0349388 -0.0225953
35.88 -0.0342149 -0.0212929
36 -0.0334393 -0.0199807
36.12 -0.0326207 -0.0186643
36.24 -0.0317678 -0.017349
36.36 -0.0308888 -0.0160402
36.48 -0.029992 -0.0147429
36.6 -0.0290851 -0.0134617
36.72 -0.0281757 -0.0122012
36.84 -0.0272708 -0.0109657
36.96 -0.026377 -0.00975896
37.08 -0.0255005 -0.0085847
37.2 -0.024647 -0.00744615
37.32 -0.0238217 -0.00634627
37.44 -0.0230292 -0.00528765
37.56 -0.0222734 -0.00427255
37.68 -0.021558 -0.00330291
37.8 -0.0208856 -0.00238032
37.92 -0.0202587 -0.00150604
38.04 -0.0196789 -0.000681029
38.16 -0.0191472 9.4083e-05
38.28 -0.0186642 0.000818942
38.4 -0.0182299 0.00149348
38.52 -0.0178436 0.00211788
38.64 -0.0175042 0.00269259
38.76 -0.0172102 0.00321826
38.88 -0.0169593 0.00369575
39 -0.0167492 0.00412613
39.12 -0.016577 0.00451061
39.24 -0.0164393 0.00485054
39.36 -0.0163328 0.00514741
39.48 -0.0162535 0.0054028
39.6 -0.0161976 0.0056184
39.72 -0.0161608 0.00579593
39.84 -0.0161389 0.00593718
39.96 -0.0161276 0.00604397
40.08 -0.0161225 0.00611811
40.2 -0.0161195 0.00616144
40.32 -0.0161143 0.00617578
40.44 -0.0161027 0.0061629
40.56 -0.0160811 0.00612456
40.68 -0.0160457 0.00606247
40.8 -0.015993 0.00597828
40.92 -0.01592 0.00587359
41.04 -0.0158239 0.00574993
41.16 -0.0157021 0.00560876
41.28 -0.0155527 0.00545149
41.4 -0.015374 0.00527945
41.52 -0.0151645 0.00509389
41.64 -0.0149235 0.00489602
41.76 -0.0146505 0.00468696
41.88 -0.0143454 0.0044678
42 -0.0140085 0.00423955
42.12 -0.0136406 0.00400319
42.24 -0.0132429 0.00375962
42.36 -0.0128167 0.00350975
42.48 -0.0123641 0.00325441
42.6 -0.0118872 0.00299444
42.72 -0.0113884 0.00273062
42.84 -0.0108704 0.00246376
42.96 -0.0103364 0.00219461
43.08 -0.00978933 0.00192395
43.2 -0.00923266 0.00165255
43.32 -0.0086698 0.00138117
43.44 -0.00810432 0.00111058
43.56 -0.00753978 0.000841571
43.68 -0.00697981 0.000574928
43.8 -0.00642796 0.000311453
43.92 -0.00588774 5.1956e-05
44.04 -0.00536254 -0.000202742
44.16 -0.00485562 -0.000451813
44.28 -0.00437008 -0.000694422
44.4 -0.0039088 -0.000929735
44.52 -0.00347445 -0.00115692
44.64 -0.00306945 -0.00137513
44.76 -0.00269592 -0.00158357
44.88 -0.00235573 -0.00178143
45 -0.00205041 -0.00196793
45.12 -0.0017812 -0.00214232
45.24 -0.001549 -0.00230389
45.36 -0.0013544 -0.00245196
45.48 -0.00119764 -0.00258591
45.6 -0.00107867 -0.00270517
45.72 -0.000997081 -0.00280923
45.84 -0.000952194 -0.00289767
45.96 -0.000943019 -0.00297011
46.08 -0.000968291 -0.00302627
46.2 -0.00102649 -0.00306596
46.32 -0.00111584 -0.00308906
46.44 -0.00123438 -0.00309555
46.56 -0.00137992 -0.00308552
46.68 -0.00155015 -0.00305913
46.8 -0.00174257 -0.00301666
46.92 -0.00195462 -0.00295848
47.04 -0.00218363 -0.00288505
47.16 -0.00242687 -0.00279695
47.28 -0.00268161 -0.00269482
47.4 -0.00294511 -0.00257942
47.52 -0.00321467 -0.00245157
47.64 -0.00348762 -0.00231219
47.76 -0.00376139 -0.00216226
47.88 -0.00403352 -0.00200285
48 -0.00430167 -0.00183504
48.12 -0.00456363 -0.00166002
48.24 -0.00481737 -0.00147899
48.36 -0.00506101 -0.00129318
48.48 -0.00529288 -0.00110386
48.6 -0.00551151 -0.000912303
48.72 -0.00571561 -0.000719785
48.84 -0.00590411 -0.000527581
48.96 -0.00607615 -0.000336945
49.08 -0.0062311 -0.000149107
49.2 -0.0063685 3.47416e-05
49.32 -0.00648812 0.000213455
49.44 -0.00658991 0.000385943
49.56 -0.00667403 0.000551178
49.68 -0.00674078 0.000708204
49.8 -0.00679064 0.000856145
49.92 -0.00682425 0.00099421
50.04 -0.00684237 0.0011217
50.16 -0.00684588 0.00123801
50.28 -0.00683575 0.00134263
50.4 -0.00681305 0.00143517
50.52 -0.00677891 0.00151532
50.64 -0.00673451 0.00158291
50.76 -0.00668104 0.00163785
50.88 -0.00661973 0.00168015
51 -0.00655179 0.00170996
51.12 -0.00647843 0.00172749
51.24 -0.0064008 0.00173307
51.36 -0.00632002 0.00172713
51.48 -0.00623714 0.00171018
51.6 -0.00615315 0.0016828
51.72 -0.00606895 0.00164567
51.84 -0.00598536 0.00159952
51.96 -0.0059031 0.00154515
52.08 -0.00582279 0.00148342
52.2 -0.00574495 0.00141522
52.32 -0.00566999 0.00134148
52.44 -0.00559823 0.00126318
52.56 -0.00552988 0.00118129
52.68 -0.00546504 0.00109681
52.8 -0.00540373 0.00101072
52.92 -0.00534587 0.00092401
53.04 -0.0052913 0.000837653
53.16 -0.0052398 0.000752593
53.28 -0.00519105 0.000669743
53.4 -0.00514472 0.00058998
53.52 -0.00510038 0.000514132
53.64 -0.0050576 0.00044298
53.76 -0.00501591 0.000377243
53.88 -0.00497484 0.00031758
54 -0.00493388 0.000264584
54.12 -0.00489256 0.000218778
54.24 -0.0048504 0.000180612
54.36 -0.00480696 0.000150459
54.48 -0.00476183 0.000128619
54.6 -0.00471462 0.000115313
54.72 -0.00466503 0.000110686
54.84 -0.00461276 0.000114805
54.96 -0.00455762 0.000127662
55.08 -0.00449944 0.000149178
55.2 -0.00443815 0.0001792
55.32 -0.00437374 0.00021751
55.44 -0.00430624 0.000263823
55.56 -0.0042358 0.000317795
55.68 -0.00416259 0.000379027
55.8 -0.00408687 0.000447065
55.92 -0.00400897 0.000521412
56.04 -0.00392925 0.000601526
56.16 -0.00384814 0.000686832
56.28 -0.00376612 0.000776722
56.4 -0.0036837 0.000870563
56.52 -0.00360144 0.000967701
56.64 -0.0035199 0.00106747
56.76 -0.00343968 0.00116919
56.88 -0.00336138 0.00127219
57 -0.0032856 0.00137577
57.12 -0.00321295 0.00147927
57.24 -0.003144 0.00158202
57.36 -0.00307931 0.00168338
57.48 -0.00301941 0.0017827
57.6 -0.0029648 0.00187937
57.72 -0.00291593 0.00197282
57.84 -0.00287318 0.00206249
57.96 -0.00283691 0.00214784
58.08 -0.00280739 0.00222839
58.2 -0.00278485 0.00230367
58.32 -0.00276943 0.00237327
58.44 -0.00276121 0.0024368
58.56 -0.0027602 0.00249392
58.68 -0.00276634 0.00254432
58.8 -0.00277949 0.00258774
58.92 -0.00279944 0.00262394
59.04 -0.00282592 0.00265275
59.16 -0.00285857 0.00267401
59.28 -0.002897 0.00268763
59.4 -0.00294073 0.00269352
59.52 -0.00298925 0.00269166
59.64 -0.00304196 0.00268205
59.76 -0.00309827 0.00266472
59.88 -0.0031575 0.00263974
60 -0.00321896 0.00260722
60.12 -0.00328195 0.0025673
60.24 -0.00334571 0.00252012
60.36 -0.00340949 0.00246588
60.48 -0.00347255 0.00240479
60.6 -0.0035341 0.00233709
60.72 -0.00359341 0.00226304
60.84 -0.00364973 0.00218292
60.96 -0.00370234 0.00209704
61.08 -0.00375053 0.00200571
61.2 -0.00379363 0.00190926
61.32 -0.00383101 0.00180804
61.44 -0.00386206 0.00170243
61.56 -0.00388623 0.00159278
61.68 -0.003903 0.00147949
61.8 -0.0039119 0.00136296
61.92 -0.00391252 0.00124357
62.04 -0.00390449 0.00112174
62.16 -0.0038875 0.000997889
62.28 -0.00386128 0.000872422
62.4 -0.00382564 0.00074576
62.52 -0.00378042 0.000618321
62.64 -0.00372552 0.000490522
62.76 -0.00366089 0.000362777
62.88 -0.00358654 0.000235496
63 -0.00350251 0.000109084
63.12 -0.00340891 -1.60607e-05
63.24 -0.00330587 -0.00013955
63.36 -0.00319358 -0.000261006
63.48 -0.00307227 -0.00038006
63.6 -0.00294218 -0.000496361
63.72 -0.00280362 -0.000609569
63.84 -0.00265692 -0.000719365
63.96 -0.00250242 -0.000825444
64.08 -0.0023405 -0.000927524
64.2 -0.00217158 -0.00102534
64.32 -0.00199607 -0.00111866
64.44 -0.00181442 -0.00120727
64.56 -0.0016271 -0.00129097
64.68 -0.00143457 -0.00136961
64.8 -0.00123734 -0.00144304
64.92 -0.00103589 -0.00151118
65.04 -0.00083074 -0.00157393
65.16 -0.00062241 -0.00163126
65.28 -0.000411427 -0.00168314
65.4 -0.000198323 -0.00172961
65.52 1.6363e-05 -0.0017707
65.64 0.000232087 -0.0018065
65.76 0.0004483 -0.00183712
65.88 0.000664453 -0.00186269
66 0.000879991 -0.0018834
66.12 0.00109436 -0.00189945
66.24 0.001307 -0.00191105
66.36 0.00151735 -0.00191849
66.48 0.00172486 -0.00192202
66.6 0.00192897 -0.00192197
66.72 0.00212912 -0.00191865
66.84 0.00232477 -0.00191242
66.96 0.00251535 -0.00190365
67.08 0.00270034 -0.00189271
67.2 0.0028792 -0.00187999
67.32 0.00305139 -0.00186591
67.44 0.00321641 -0.00185087
67.56 0.00337375 -0.00183529
67.68 0.00352293 -0.00181958
67.8 0.00366347 -0.00180416
67.92 0.00379493 -0.00178945
68.04 0.00391688 -0.00177584
68.16 0.00402892 -0.00176373
68.28 0.00413067 -0.0017535
68.4 0.0042218 -0.00174551
68.52 0.004302 -0.00174011
68.64 0.00437099 -0.00173763
68.76 0.00442855 -0.00173836
68.88 0.00447449 -0.00174258
69 0.00450867 -0.00175054
69.12 0.00453099 -0.00176245
69.24 0.00454141 -0.0017785
69.36 0.00453995 -0.00179883
69.48 0.00452666 -0.00182358
69.6 0.00450167 -0.00185281
69.72 0.00446515 -0.00188658
69.84 0.00441735 -0.0019249
69.96 0.00435855 -0.00196773
70.08 0.00428912 -0.00201501
70.2 0.00420948 -0.00206666
70.32 0.00412009 -0.00212252
70.44 0.00402149 -0.00218243
70.56 0.00391428 -0.00224619
70.68 0.00379911 -0.00231356
70.8 0.00367667 -0.00238427
70.92 0.00354773 -0.00245805
71.04 0.00341308 -0.00253455
71.16 0.00327358 -0.00261345
71.28 0.00313012 -0.00269437
71.4 0.00298362 -0.00277693
71.52 0.00283506 -0.00286074
71.64 0.00268543 -0.00294537
71.76 0.00253575 -0.00303042
71.88 0.00238706 -0.00311545
72 0.00224042 -0.00320003
72.12 0.0020969 -0.00328373
72.24 0.00195757 -0.00336612
72.36 0.00182351 -0.00344678
72.48 0.00169577 -0.0035253
72.6 0.00157542 -0.00360129
72.72 0.00146349 -0.00367435
72.84 0.001361 -0.00374413
72.96 0.00126893 -0.00381028
73.08 0.00118824 -0.0038725
73.2 0.00111984 -0.0039305
73.32 0.0010646 -0.00398402
73.44 0.00102333 -0.00403284
73.56 0.000996806 -0.00407676
73.68 0.000985724 -0.00411564
73.8 0.000990727 -0.00414936
73.92 0.00101239 -0.00417785
74.04 0.0010512 -0.00420107
74.16 0.0011076 -0.00421902
74.28 0.00118191 -0.00423176
74.4 0.0012744 -0.00423938
74.52 0.00138524 -0.004242
74.64 0.00151452 -0.0042398
74.76 0.00166222 -0.00423298
74.88 0.00182825 -0.00422181
75 0.00201239 -0.00420656
75.12 0.00221437 -0.00418756
75.24 0.00243379 -0.00416515
75.36 0.00267015 -0.00413974
75.48 0.00292287 -0.00411173
75.6 0.00319127 -0.00408155
75.72 0.00347455 -0.00404967
75.84 0.00377185 -0.00401657
75.96 0.00408218 -0.00398272
76.08 0.00440449 -0.00394863
76.2 0.00473762 -0.00391481
76.32 0.00508034 -0.00388175
76.44 0.00543132 -0.00384995
76.56 0.00578918 -0.0038199
76.68 0.00615245 -0.00379208
76.8 0.00651961 -0.00376694
76.92 0.00688907 -0.00374491
77.04 0.00725919 -0.0037264
77.16 0.00762831 -0.00371178
77.28 0.0079947 -0.00370137
77.4 0.00835664 -0.00369546
77.52 0.00871239 -0.0036943
77.64 0.0090602 -0.00369808
77.76 0.00939832 -0.00370692
77.88 0.00972505 -0.00372091
78 0.0100387 -0.00374005
78.12 0.0103376 -0.0037643
78.24 0.0106203 -0.00379354
78.36 0.0108852 -0.00382759
78.48 0.0111309 -0.00386619
78.6 0.0113561 -0.00390901
78.72 0.0115597 -0.00395568
78.84 0.0117405 -0.00400572
78.96 0.0118978 -0.0040586
79.08 0.0120306 -0.00411372
79.2 0.0121386 -0.00417043
79.32 0.0122214 -0.004228
79.44 0.0122787 -0.00428566
79.56 0.0123106 -0.00434257
79.68 0.0123175 -0.00439786
79.8 0.0122998 -0.0044506
79.92 0.0122583 -0.00449983
80.04 0.0121941 -0.00454458
80.16 0.0121084 -0.00458383
80.28 0.0120027 -0.00461657
80.4 0.011879 -0.00464175
80.52 0.0117393 -0.00465835
80.64 0.0115859 -0.00466535
80.76 0.0114216 -0.00466176
80.88 0.011249 -0.00464659
81 0.0110715 -0.0046189
81.12 0.0108924 -0.00457781
81.24 0.0107152 -0.00452247
81.36 0.0105438 -0.00445209
81.48 0.0103821 -0.00436596
81.6 0.0102344 -0.00426345
81.72 0.0101049 -0.00414399
81.84 0.00999815 -0.00400712
81.96 0.00991856 -0.00385246
82.08 0.00987075 -0.00367974
82.2 0.00985935 -0.00348879
82.32 0.00988896 -0.00327954
82.44 0.00996413 -0.00305204
82.56 0.0100894 -0.00280643
82.68 0.010269 -0.00254297
82.8 0.0105072 -0.00226202
82.92 0.010808 -0.00196407
83.04 0.0111752 -0.00164968
83.16 0.0116121 -0.00131953
83.28 0.012122 -0.000974369
83.4 0.0127076 -0.000615055
83.52 0.0133711 -0.000242508
83.64 0.0141145 0.00014228
83.76 0.0149393 0.00053826
83.88 0.0158461 0.000944337
84 0.0168354 0.00135938
84.12 0.0179069 0.00178223
84.24 0.0190597 0.00221172
84.36 0.0202922 0.0026467
84.48 0.0216021 0.00308603
84.6 0.0229867 0.00352858
84.72 0.0244423 0.00397329
84.84 0.0259646 0.00441915
84.96 0.0275487 0.00486524
85.08 0.0291888 0.00531069
85.2 0.0308787 0.00575477
85.32 0.0326111 0.00619684
85.44 0.0343786 0.00663639
85.56 0.0361726 0.00707303
85.68 0.0379843 0.00750652
85.8 0.0398042 0.00793679
85.92 0.0416223 0.00836389
86.04 0.0434281 0.00878806
86.16 0.0452107 0.00920969
86.28 0.0469589 0.00962933
86.4 0.0486611 0.0100477
86.52 0.0503056 0.0104657
86.64 0.0518804 0.0108843
86.76 0.0533736 0.0113048
86.88 0.0547733 0.0117284
87 0.0560674 0.0121566
87.12 0.0572444 0.012591
87.24 0.0582926 0.0130332
87.36 0.0592012 0.013485
87.48 0.0599593 0.0139482
87.6 0.0605569 0.0144245
87.72 0.0609844 0.0149159
87.84 0.061233 0.0154242
87.96 0.0612948 0.0159513
88.08 0.0611626 0.0164988
88.2 0.0608301 0.0170684
88.32 0.0602923 0.0176617
88.44 0.059545 0.0182801
88.56 0.0585853 0.0189248
88.68 0.0574115 0.0195968
88.8 0.0560233 0.0202969
88.92 0.0544215 0.0210256
89.04 0.0526083 0.0217831
89.16 0.0505874 0.0225694
89.28 0.0483638 0.0233839
89.4 0.0459439 0.024226
89.52 0.0433357 0.0250944
89.64 0.0405483 0.0259876
89.76 0.0375924 0.0269034
89.88 0.0344801 0.0278396
90 0.0312246 0.0287933
90.12 0.0278406 0.029761
90.24 0.0243439 0.0307391
90.36 0.0207516 0.0317234
90.48 0.0170817 0.0327091
90.6 0.0133532 0.0336911
90.72 0.00958625 0.034664
90.84 0.00580149 0.0356218
90.96 0.00202043 0.0365582
91.08 -0.0017349 0.0374665
91.2 -0.005442 0.0383398
91.32 -0.00907806 0.0391707
91.44 -0.0126201 0.0399516
91.56 -0.016045 0.0406747
91.68 -0.0193298 0.0413321
91.8 -0.0224518 0.0419157
91.92 -0.0253887 0.0424173
92.04 -0.0281185 0.0428287
92.16 -0.0306202 0.0431417
92.28 -0.0328734 0.0433481
92.4 -0.0348586 0.04344
92.52 -0.0365576 0.0434097
92.64 -0.0379534 0.0432495
92.76 -0.03903 0.0429523
92.88 -0.0397734 0.0425113
93 -0.0401708 0.04192
93.12 -0.0402113 0.0411726
93.24 -0.0398857 0.0402637
93.36 -0.0391867 0.0391887
93.48 -0.0381089 0.0379433
93.6 -0.0366492 0.0365243
93.72 -0.0348061 0.034929
93.84 -0.0325807 0.0331556
93.96 -0.029976 0.0312032
94.08 -0.0269973 0.0290716
94.2 -0.0236518 0.0267616
94.32 -0.0199493 0.0242749
94.44 -0.0159014 0.0216142
94.56 -0.0115219 0.018783
94.68 -0.00682674 0.0157861
94.8 -0.00183377 0.0126287
94.92 0.00343721 0.00931754
95.04 0.0089646 0.00585991
95.16 0.014725 0.00226419
95.28 0.0206936 -0.00146037
95.4 0.0268438 -0.00530368
95.52 0.0331478 -0.00925478
95.64 0.0395766 -0.013302
95.76 0.0461002 -0.0174327
95.88 0.0526876 -0.021634
96 0.0593071 -0.0258919
96.12 0.0659265 -0.0301922
96.24 0.072513 -0.0345201
96.36 0.0790339 -0.0388603
96.48 0.0854564 -0.0431972
96.6 0.0917478 -0.0475151
96.72 0.0978758 -0.051798
96.84 0.103809 -0.0560298
96.96 0.109515 -0.0601945
97.08 0.114966 -0.0642761
97.2 0.120131 -0.0682588
97.32 0.124984 -0.0721272
97.44 0.129497 -0.0758661
97.56 0.133646 -0.0794608
97.68 0.137408 -0.0828973
97.8 0.140762 -0.0861619
97.92 0.143688 -0.089242
98.04 0.14617 -0.0921255
98.16 0.148193 -0.0948013
98.28 0.149744 -0.0972591
98.4 0.150813 -0.0994898
98.52 0.151393 -0.101485
98.64 0.151477 -0.103238
98.76 0.151064 -0.104743
98.88 0.150153 -0.105995
99 0.148747 -0.10699
99.12 0.14685 -0.107727
99.24 0.14447 -0.108204
99.36 0.141616 -0.108422
99.48 0.138301 -0.108383
99.6 0.134539 -0.108089
99.72 0.130347 -0.107544
99.84 0.125744 -0.106755
99.96 0.120751 -0.105727
100.08 0.115391 -0.10447
100.2 0.109688 -0.102991
100.32 0.103669 -0.101301
100.44 0.097361 -0.0994111
100.56 0.0907934 -0.0973339
100.68 0.0839962 -0.0950823
100.8 0.0770005 -0.0926702
100.92 0.0698383 -0.0901126
101.04 0.0625421 -0.0874247
101.16 0.0551447 -0.0846226
101.28 0.0476793 -0.0817229
101.4 0.0401789 -0.0787426
101.52 0.0326767 -0.0756989
101.64 0.0252051 -0.0726093
101.76 0.0177965 -0.0694914
101.88 0.0104821 -0.0663627
102 0.00329244 -0.0632408
102.12 -0.00374287 -0.060143
102.24 -0.0105956 -0.0570862
102.36 -0.0172387 -0.054087
102.48 -0.0236468 -0.0511616
102.6 -0.029796 -0.0483255
102.72 -0.0356641 -0.0455933
102.84 -0.0412309 -0.0429793
102.96 -0.046478 -0.0404965
103.08 -0.051389 -0.0381571
103.2 -0.0559496 -0.0359725
103.32 -0.0601478 -0.0339528
103.44 -0.0639733 -0.0321069
103.56 -0.0674185 -0.0304427
103.68 -0.0704777 -0.0289668
103.8 -0.0731475 -0.0276845
103.92 -0.0754266 -0.0265997
104.04 -0.077316 -0.0257151
104.16 -0.0788185 -0.025032
104.28 -0.0799393 -0.0245503
104.4 -0.0806853 -0.0242686
104.52 -0.0810654 -0.0241841
104.64 -0.0810904 -0.0242926
104.76 -0.0807726 -0.0245888
104.88 -0.0801259 -0.0250657
105 -0.0791659 -0.0257156
105.12 -0.0779093 -0.0265292
105.24 -0.0763741 -0.0274961
105.36 -0.0745794 -0.028605
105.48 -0.072545 -0.0298434
105.6 -0.0702918 -0.0311979
105.72 -0.0678411 -0.0326545
105.84 -0.0652147 -0.0341979
105.96 -0.0624347 -0.0358126
106.08 -0.0595236 -0.0374823
106.2 -0.0565037 -0.0391902
106.32 -0.053397 -0.0409193
106.44 -0.0502257 -0.042652
106.56 -0.0470113 -0.0443708
106.68 -0.0437747 -0.0460581
106.8 -0.0405364 -0.0476962
106.92 -0.0373158 -0.0492678
107.04 -0.0341317 -0.0507557
107.16 -0.0310018 -0.0521431
107.28 -0.0279427 -0.0534137
107.4 -0.0249698 -0.0545519
107.52 -0.0220975 -0.0555427
107.64 -0.0193386 -0.0563719
107.76 -0.0167047 -0.0570263
107.88 -0.0142061 -0.0574935
108 -0.0118515 -0.0577624
108.12 -0.00964839 -0.0578228
108.24 -0.00760265 -0.057666
108.36 -0.00571881 -0.0572844
108.48 -0.00399998 -0.0566718
108.6 -0.00244788 -0.0558235
108.72 -0.00106288 -0.0547361
108.84 0.00015596 -0.0534076
108.96 0.00121084 -0.0518379
109.08 0.00210515 -0.050028
109.2 0.0028434 -0.0479806
109.32 0.00343116 -0.0457
109.44 0.00387495 -0.0431918
109.56 0.00418218 -0.0404634
109.68 0.00436105 -0.0375234
109.8 0.00442044 -0.0343819
109.92 0.00436983 -0.0310505
110.04 0.00421919 -0.0275418
110.16 0.00397888 -0.0238701
110.28 0.00365953 -0.0200505
110.4 0.00327199 -0.0160994
110.52 0.00282716 -0.0120341
110.64 0.00233593 -0.00787288
110.76 0.00180909 -0.00363474
110.88 0.0012572 0.000660566
111 0.000690566 0.00499272
111.12 0.000119076 0.00934094
111.24 -0.000447821 0.0136841
111.36 -0.00100121 0.018001
111.48 -0.00153276 0.0222701
111.6 -0.00203482 0.0264702
111.72 -0.00250043 0.0305801
111.84 -0.00292339 0.0345789
111.96 -0.00329828 0.0384464
112.08 -0.0036205 0.0421626
112.2 -0.00388632 0.0457085
112.32 -0.00409283 0.0490658
112.44 -0.00423801 0.0522173
112.56 -0.00432067 0.0551466
112.68 -0.00434049 0.0578386
112.8 -0.00429798 0.0602796
112.92 -0.00419445 0.062457
113.04 -0.00403201 0.06436
113.16 -0.00381347 0.0659789
113.28 -0.00354238 0.0673059
113.4 -0.0032229 0.0683349
113.52 -0.00285982 0.0690612
113.64 -0.00245842 0.069482
113.76 -0.0020245 0.0695965
113.88 -0.00156422 0.0694053
114 -0.00108412 0.0689109
114.12 -0.000590973 0.0681178
114.24 -9.17677e-05 0.0670319
114.36 0.000406397 0.0656612
114.48 0.00089637 0.0640151
114.6 0.00137103 0.0621047
114.72 0.00182335 0.0599427
114.84 0.00224647 0.0575433
114.96 0.00263377 0.0549221
115.08 0.00297895 0.052096
115.2 0.00327604 0.0490832
115.32 0.00351952 0.0459027
115.44 0.00370437 0.0425747
115.56 0.00382606 0.0391203
115.68 0.00388067 0.0355613
115.8 0.00386489 0.0319197
115.92 0.00377606 0.0282185
116.04 0.00361223 0.0244806
116.16 0.00337213 0.0207292
116.28 0.00305525 0.0169873
116.4 0.00266179 0.0132778
116.52 0.00219273 0.00962356
116.64 0.00164978 0.00604657
116.76 0.00103541 0.00256843
116.88 0.000352807 -0.000790077
117 -0.000394104 -0.00400903
117.12 -0.00120072 -0.00706955
117.24 -0.00206175 -0.00995389
117.36 -0.00297129 -0.0126456
117.48 -0.00392282 -0.0151295
117.6 -0.00490926 -0.017392
117.72 -0.00592304 -0.019421
117.84 -0.0069561 -0.021206
117.96 -0.00799998 -0.0227384
118.08 -0.00904587 -0.0240111
118.2 -0.0100847 -0.0250188
118.32 -0.011107 -0.0257584
118.44 -0.0121034 -0.0262282
118.56 -0.0130641 -0.0264286
118.68 -0.0139795 -0.0263617
118.8 -0.01484 -0.0260317
118.92 -0.0156359 -0.0254442
119.04 -0.0163577 -0.0246069
119.16 -0.0169962 -0.023529
119.28 -0.0175425 -0.0222214
119.4 -0.0179878 -0.0206963
119.52 -0.0183239 -0.0189678
119.64 -0.0185429 -0.017051
119.76 -0.0186374 -0.0149623
119.88 -0.0186007 -0.0127192
120 -0.0184264 -0.0103404
