-0.999 -5.89109e-06 -2.89091e-06
-0.998 -2.68211e-05 -1.06097e-05
-0.997 -6.11294e-05 -2.2555e-05
-0.996 -9.76806e-05 -3.95903e-05
-0.995 -0.000120987 -6.28548e-05
-0.994 -0.000121919 -9.15676e-05
-0.993 -0.00010804 -0.000121714
-0.992 -0.000105855 -0.000146803
-0.991 -0.000150778 -0.000160555
-0.99 -0.000267781 -0.000160702
-0.989 -0.000451747 -0.000152549
-0.988 -0.000658032 -0.000149821
-0.987 -0.000810603 -0.000170383
-0.986 -0.000829292 -0.000227441
-0.985 -0.000669365 -0.000321266
-0.984 -0.000356753 -0.000437443
-0.983 1.78002e-06 -0.000553246
-0.982 0.000246049 -0.000648336
-0.981 0.000222289 -0.00071473
-0.98 -0.00014721 -0.000762991
-0.979 -0.000814899 -0.000822092
-0.978 -0.00160334 -0.000929791
-0.977 -0.00225421 -0.00111376
-0.976 -0.00252138 -0.00137198
-0.975 -0.00227702 -0.00166583
-0.974 -0.00158437 -0.00193331
-0.973 -0.000698275 -0.00211614
-0.972 1.51029e-05 -0.00218687
-0.971 0.000213421 -0.00216434
-0.97 -0.000280269 -0.00211218
-0.969 -0.00138337 -0.00211851
-0.968 -0.00274981 -0.00225856
-0.967 -0.00387373 -0.00255323
-0.966 -0.00427652 -0.00294629
-0.965 -0.00370425 -0.00331899
-0.964 -0.00224454 -0.00353942
-0.963 -0.000310264 -0.00352258
-0.962 0.00149652 -0.00327334
-0.961 0.00258565 -0.00289542
-0.96 0.00258304 -0.00256191
-0.959 0.00147847 -0.00245073
-0.958 -0.000343988 -0.00266129
-0.957 -0.00223406 -0.00314952
-0.956 -0.00353248 -0.0037248
-0.955 -0.00384045 -0.0041246
-0.954 -0.00316765 -0.00413453
-0.953 -0.00190793 -0.00369418
-0.952 -0.000690884 -0.00294215
-0.951 -0.000183207 -0.0021868
-0.95 -0.000883279 -0.0018116
-0.949 -0.00294437 -0.00213347
-0.948 -0.00609384 -0.00325297
-0.947 -0.00971594 -0.00496743
-0.946 -0.01308 -0.00681673
-0.945 -0.0155924 -0.00826638
-0.944 -0.0169452 -0.00894403
-0.943 -0.0171355 -0.0088093
-0.942 -0.0164165 -0.00818235
-0.941 -0.0152234 -0.00763306
-0.94 -0.0140637 -0.0077752
-0.939 -0.013365 -0.00901609
-0.938 -0.013338 -0.0113338
-0.937 -0.0139242 -0.0141932
-0.936 -0.0148356 -0.0166945
-0.935 -0.0156312 -0.0179294
-0.934 -0.0157922 -0.0173806
-0.933 -0.0148229 -0.015164
-0.932 -0.0124074 -0.012007
-0.931 -0.00857812 -0.00900048
-0.93 -0.00379803 -0.00722059
-0.929 0.00109304 -0.00732531
-0.928 0.00504465 -0.00924512
-0.927 0.00704339 -0.0121275
-0.926 0.00642292 -0.0146387
-0.925 0.00316618 -0.0155393
-0.924 -0.00194921 -0.0142637
-0.923 -0.00750496 -0.0112162
-0.922 -0.0118931 -0.0076635
-0.921 -0.0138762 -0.00529203
-0.92 -0.0130223 -0.0055924
-0.919 -0.00989478 -0.00924682
-0.918 -0.00596011 -0.0157364
-0.917 -0.00317536 -0.0233928
-0.916 -0.0032749 -0.0299716
-0.915 -0.00697744 -0.0335368
-0.914 -0.0135027 -0.0332491
-0.913 -0.0207127 -0.0297049
-0.912 -0.025856 -0.024717
-0.911 -0.0265603 -0.0206452
-0.91 -0.0216796 -0.0194891
-0.909 -0.0117871 -0.0220251
-0.908 0.000797987 -0.0273489
-0.907 0.012567 -0.0331203
-0.906 0.0199448 -0.0364984
-0.905 0.0206285 -0.0353588
-0.904 0.0145305 -0.0292334
-0.903 0.00383417 -0.0195899
-0.902 -0.00783843 -0.00938872
-0.901 -0.0167037 -0.00207482
-0.9 -0.0200567 -0.000294718
-0.899 -0.0171878 -0.00477046
-0.898 -0.00974526 -0.013855
-0.897 -0.00129792 -0.0240976
-0.896 0.00392662 -0.0316386
-0.895 0.00271661 -0.0337846
-0.894 -0.00577746 -0.0300616
-0.893 -0.0196446 -0.0223813
-0.892 -0.0348556 -0.0143314
-0.891 -0.0465786 -0.00982257
-0.89 -0.0507238 -0.011492
-0.889 -0.045342 -0.0194614
-0.888 -0.0314575 -0.0310898
-0.887 -0.0129382 -0.0419751
-0.886 0.00469722 -0.0477828
-0.885 0.0161507 -0.0460409
-0.884 0.018148 -0.0371507
-0.883 0.0104609 -0.0243025
-0.882 -0.00413307 -0.0123778
-0.881 -0.0208207 -0.00616125
-0.88 -0.0343341 -0.00843877
-0.879 -0.04071 -0.0187731
-0.878 -0.0386695 -0.033615
-0.877 -0.0301067 -0.0477867
-0.876 -0.0194467 -0.0566417
-0.875 -0.0120458 -0.0579187
-0.874 -0.0122287 -0.052586
-0.873 -0.0216933 -0.0444496
-0.872 -0.0387942 -0.0386697
-0.871 -0.0589053 -0.0396429
-0.87 -0.0757845 -0.0490301
-0.869 -0.0835475 -0.0648544
-0.868 -0.0786233 -0.0822041
-0.867 -0.0610604 -0.0952467
-0.866 -0.0347055 -0.0995896
-0.865 -0.00610746 -0.0939865
-0.864 0.0175169 -0.0808233
-0.863 0.0305707 -0.0652683
-0.862 0.0308892 -0.0533216
-0.861 0.0204653 -0.0493842
-0.86 0.00478301 -0.0543428
-0.859 -0.0090554 -0.0651445
-0.858 -0.0148041 -0.0761472
-0.857 -0.00934289 -0.0815742
-0.856 0.00607479 -0.0779183
-0.855 0.0260956 -0.065368
-0.854 0.042993 -0.0478304
-0.853 0.049312 -0.0315424
-0.852 0.0406208 -0.0226475
-0.851 0.0173898 -0.0246059
-0.85 -0.0148278 -0.0366114
-0.849 -0.0471127 -0.0538764
-0.848 -0.070239 -0.0696882
-0.847 -0.0779362 -0.0782128
-0.846 -0.0690931 -0.0768204
-0.845 -0.0481408 -0.0671223
-0.844 -0.0235998 -0.0544111
-0.843 -0.00524808 -0.0456223
-0.842 -0.000673506 -0.0464476
-0.841 -0.0123442 -0.0587575
-0.84 -0.0364225 -0.0795819
-0.839 -0.064022 -0.102218
-0.838 -0.0845484 -0.11892
-0.837 -0.0896901 -0.123907
-0.836 -0.0763286 -0.115508
-0.835 -0.0474173 -0.0967773
-0.834 -0.0108944 -0.0743633
-0.833 0.022883 -0.055894
-0.832 0.0445764 -0.0468139
-0.831 0.049227 -0.048063
-0.83 0.0382176 -0.0557547
-0.829 0.0187211 -0.0630077
-0.828 0.000634334 -0.0629932
-0.827 -0.00753061 -0.0518413
-0.826 -0.00179692 -0.0303872
-0.825 0.0161879 -0.00421507
-0.824 0.0399882 0.0181372
-0.823 0.060515 0.0283362
-0.822 0.0689107 0.0215353
-0.821 0.0595874 -0.00171728
-0.82 0.0324524 -0.0358182
-0.819 -0.00682602 -0.0724087
-0.818 -0.0489452 -0.103492
-0.817 -0.084488 -0.124161
-0.816 -0.107032 -0.134114
-0.815 -0.114613 -0.137468
-0.814 -0.109473 -0.140775
-0.813 -0.096736 -0.149899
-0.812 -0.0826359 -0.167187
-0.811 -0.0726064 -0.190285
-0.81 -0.0695221 -0.213038
-0.809 -0.0727378 -0.227885
-0.808 -0.0785807 -0.228652
-0.807 -0.0821428 -0.212848
-0.806 -0.0793526 -0.182801
-0.805 -0.0682642 -0.145124
-0.804 -0.0492495 -0.108479
-0.803 -0.0245731 -0.08049
-0.802 0.0020226 -0.0652729
-0.801 0.0257068 -0.0626079
-0.8 0.0414062 -0.0687964
-0.799 0.0451983 -0.0785179
-0.798 0.0356231 -0.0869306
-0.797 0.0142328 -0.0914577
-0.796 -0.014737 -0.0927069
-0.795 -0.0452523 -0.0940115
-0.794 -0.0706241 -0.0996317
-0.793 -0.0849294 -0.112531
-0.792 -0.0847614 -0.132915
-0.791 -0.0707832 -0.158097
-0.79 -0.0480655 -0.183409
-0.789 -0.0246416 -0.203573
-0.788 -0.00871962 -0.214171
-0.787 -0.00561839 -0.212948
-0.786 -0.0155702 -0.200498
-0.785 -0.0332748 -0.179886
-0.784 -0.04951 -0.155303
-0.783 -0.0544238 -0.13057
-0.782 -0.0414834 -0.108285
-0.781 -0.0105434 -0.0897434
-0.78 0.0313591 -0.0752092
-0.779 0.0718608 -0.0642369
-0.778 0.0971868 -0.0560778
-0.777 0.0970419 -0.0502268
-0.776 0.0689062 -0.0468169
-0.775 0.0198211 -0.0465206
-0.774 -0.0355672 -0.0500671
-0.773 -0.0802559 -0.0578425
-0.772 -0.101241 -0.0698586
-0.771 -0.0941355 -0.0859061
-0.77 -0.0643053 -0.105526
-0.769 -0.0247095 -0.127745
-0.768 0.00847322 -0.150887
-0.767 0.0214594 -0.172716
-0.766 0.00833502 -0.190787
-0.765 -0.025871 -0.202836
-0.764 -0.066556 -0.207206
-0.763 -0.0954253 -0.20336
-0.762 -0.0982388 -0.192274
-0.761 -0.0704969 -0.176386
-0.76 -0.0187081 -0.158943
-0.759 0.0422904 -0.142982
-0.758 0.0942312 -0.130435
-0.757 0.121206 -0.121698
-0.756 0.11514 -0.1157
-0.755 0.0791249 -0.110486
-0.754 0.0266606 -0.104239
-0.753 -0.0237095 -0.0963882
-0.752 -0.0561954 -0.0882223
-0.751 -0.0639935 -0.0826588
-0.75 -0.0510513 -0.0832236
-0.749 -0.0293833 -0.0927296
-0.748 -0.0139511 -0.1122
-0.747 -0.0172795 -0.140343
-0.746 -0.0452834 -0.173712
-0.745 -0.0951714 -0.207648
-0.744 -0.15611 -0.237807
-0.743 -0.212992 -0.261639
-0.742 -0.252273 -0.279059
-0.741 -0.267179 -0.291997
-0.74 -0.259514 -0.303085
-0.739 -0.237291 -0.314175
-0.738 -0.209993 -0.325338
-0.737 -0.184474 -0.334677
-0.736 -0.163404 -0.338909
-0.735 -0.145861 -0.334585
-0.734 -0.128605 -0.319505
-0.733 -0.107459 -0.293758
-0.732 -0.0791464 -0.259924
-0.731 -0.0431903 -0.222267
-0.73 -0.00240482 -0.185203
-0.729 0.0389655 -0.151808
-0.728 0.0781568 -0.123139
-0.727 0.115105 -0.0986352
-0.726 0.150662 -0.0772214
-0.725 0.183517 -0.0584861
-0.724 0.208757 -0.04339
-0.723 0.219183 -0.0343135
-0.722 0.208152 -0.0344401
-0.721 0.172225 -0.0465226
-0.72 0.113134 -0.071359
-0.719 0.0389139 -0.106779
-0.718 -0.0368009 -0.147921
-0.717 -0.0985058 -0.188826
-0.716 -0.134877 -0.224504
-0.715 -0.144049 -0.252422
-0.714 -0.134889 -0.272821
-0.713 -0.123485 -0.287946
-0.712 -0.126569 -0.300614
-0.711 -0.154436 -0.312495
-0.71 -0.205574 -0.322638
-0.709 -0.265223 -0.32711
-0.708 -0.30956 -0.320302
-0.707 -0.314869 -0.297494
-0.706 -0.267828 -0.257449
-0.705 -0.17196 -0.203753
-0.704 -0.047556 -0.144371
-0.703 0.0741939 -0.0895837
-0.702 0.16067 -0.0489676
-0.701 0.18873 -0.0282705
-0.7 0.154173 -0.0273814
-0.699 0.0752715 -0.0405723
-0.698 -0.0132946 -0.0591614
-0.697 -0.0747043 -0.0753644
-0.696 -0.0854226 -0.0855517
-0.695 -0.0440875 -0.0916419
-0.694 0.0289255 -0.100256
-0.693 0.0989608 -0.119935
-0.692 0.128448 -0.157194
-0.691 0.0904007 -0.212772
-0.69 -0.0189229 -0.279886
-0.689 -0.174412 -0.345769
-0.688 -0.329207 -0.395988
-0.687 -0.433135 -0.419506
-0.686 -0.453059 -0.412354
-0.685 -0.384818 -0.378784
-0.684 -0.253082 -0.329826
-0.683 -0.102214 -0.279668
-0.682 0.0177112 -0.240733
-0.681 0.0672858 -0.219103
-0.68 0.033054 -0.212473
-0.679 -0.0651537 -0.211935
-0.678 -0.181043 -0.206689
-0.677 -0.261522 -0.189258
-0.676 -0.269326 -0.158964
-0.675 -0.197345 -0.122667
-0.674 -0.069932 -0.0928182
-0.673 0.0665495 -0.0833452
-0.672 0.159525 -0.104428
-0.671 0.168527 -0.158078
-0.67 0.0811347 -0.236661
-0.669 -0.0802027 -0.325212
-0.668 -0.265256 -0.406421
-0.667 -0.415018 -0.466143
-0.666 -0.483871 -0.497497
-0.665 -0.455167 -0.502335
-0.664 -0.345206 -0.489584
-0.663 -0.196047 -0.470958
-0.662 -0.0601994 -0.455603
-0.661 0.018353 -0.446067
-0.66 0.020388 -0.437396
-0.659 -0.0418137 -0.419509
-0.658 -0.130409 -0.381637
-0.657 -0.197779 -0.31723
-0.656 -0.205082 -0.227729
-0.655 -0.136546 -0.123569
-0.654 -0.00540103 -0.021552
-0.653 0.149946 0.0606869
-0.652 0.279004 0.110601
-0.651 0.33778 0.124267
-0.65 0.305276 0.106323
-0.649 0.19036 0.0671268
-0.648 0.0266924 0.0186314
-0.647 -0.140537 -0.0299284
-0.646 -0.269863 -0.0752629
-0.645 -0.33609 -0.120568
-0.644 -0.337595 -0.172602
-0.643 -0.296301 -0.236602
-0.642 -0.248708 -0.312013
-0.641 -0.230208 -0.391506
-0.64 -0.259936 -0.463353
-0.639 -0.333806 -0.515333
-0.638 -0.427958 -0.538512
-0.637 -0.509039 -0.530091
-0.636 -0.545906 -0.494429
-0.635 -0.519268 -0.441314
-0.634 -0.427879 -0.381769
-0.633 -0.289748 -0.323507
-0.632 -0.136429 -0.268753
-0.631 -0.0013432 -0.21544
-0.63 0.0924572 -0.160398
-0.629 0.138916 -0.102394
-0.628 0.147743 -0.0440273
-0.627 0.137638 0.00780733
-0.626 0.128175 0.0434701
-0.625 0.133361 0.0542951
-0.624 0.157825 0.0369202
-0.623 0.195785 -0.00450079
-0.622 0.233295 -0.0598422
-0.621 0.25354 -0.117286
-0.62 0.243135 -0.167664
-0.619 0.196555 -0.207082
-0.618 0.116963 -0.23775
-0.617 0.013677 -0.267044
-0.616 -0.101726 -0.30419
-0.615 -0.218476 -0.355086
-0.614 -0.327898 -0.417968
-0.613 -0.423485 -0.483006
-0.612 -0.500761 -0.536397
-0.611 -0.557294 -0.566279
-0.61 -0.592595 -0.567162
-0.609 -0.607718 -0.541632
-0.608 -0.604835 -0.499849
-0.607 -0.587116 -0.456894
-0.606 -0.558657 -0.427552
-0.605 -0.523582 -0.419872
-0.604 -0.483852 -0.430966
-0.603 -0.436913 -0.447953
-0.602 -0.37546 -0.453737
-0.601 -0.290551 -0.43436
-0.6 -0.176941 -0.384586
-0.599 -0.0379536 -0.310276
-0.598 0.11261 -0.227323
-0.597 0.252409 -0.156864
-0.596 0.355585 -0.117505
-0.595 0.399586 -0.117532
-0.594 0.372448 -0.151164
-0.593 0.278352 -0.200942
-0.592 0.138567 -0.244909
-0.591 -0.0138602 -0.265151
-0.59 -0.14457 -0.254508
-0.589 -0.229716 -0.21947
-0.588 -0.264103 -0.177954
-0.587 -0.262082 -0.151824
-0.586 -0.250999 -0.15679
-0.585 -0.259703 -0.194642
-0.584 -0.306016 -0.251953
-0.583 -0.387647 -0.305544
-0.582 -0.480301 -0.33152
-0.581 -0.544445 -0.314129
-0.58 -0.539245 -0.252006
-0.579 -0.43927 -0.159988
-0.578 -0.247402 -0.064823
-0.577 0.00204091 0.00496264
-0.576 0.252046 0.0307555
-0.575 0.440664 0.0107963
-0.574 0.521293 -0.0412097
-0.573 0.478055 -0.103892
-0.572 0.330929 -0.15743
-0.571 0.129161 -0.190552
-0.57 -0.065045 -0.204237
-0.569 -0.197831 -0.211433
-0.568 -0.242906 -0.231566
-0.567 -0.211009 -0.280636
-0.566 -0.145081 -0.361672
-0.565 -0.102464 -0.461548
-0.564 -0.130942 -0.556145
-0.563 -0.248102 -0.62011
-0.562 -0.432006 -0.635604
-0.561 -0.626462 -0.597234
-0.56 -0.759037 -0.513209
-0.559 -0.766202 -0.402843
-0.558 -0.617492 -0.289917
-0.557 -0.329858 -0.193448
-0.556 0.033959 -0.120547
-0.555 0.383767 -0.0660008
-0.554 0.631284 -0.0186067
-0.553 0.71982 0.0304748
-0.552 0.642821 0.0821694
-0.551 0.44447 0.128149
-0.55 0.202704 0.152877
-0.549 0.000966389 0.138595
-0.548 -0.101481 0.072795
-0.547 -0.0904829 -0.0444715
-0.546 -0.00179547 -0.198059
-0.545 0.0926206 -0.362623
-0.544 0.112886 -0.51235
-0.543 0.00370942 -0.629628
-0.542 -0.242053 -0.708821
-0.541 -0.578335 -0.755463
-0.54 -0.920826 -0.782495
-0.539 -1.17554 -0.803994
-0.538 -1.27027 -0.827226
-0.537 -1.17831 -0.846673
-0.536 -0.927408 -0.845001
-0.535 -0.590851 -0.802113
-0.534 -0.262973 -0.706977
-0.533 -0.0271163 -0.564702
-0.532 0.0719072 -0.395719
-0.531 0.0403677 -0.229562
-0.53 -0.0705582 -0.096635
-0.529 -0.185667 -0.0190343
-0.528 -0.232641 -0.00166944
-0.527 -0.166115 -0.0280321
-0.526 0.0177391 -0.0657294
-0.525 0.280102 -0.0813345
-0.524 0.552621 -0.0564158
-0.523 0.760698 0.0048886
-0.522 0.848388 0.0796237
-0.521 0.795679 0.136503
-0.52 0.622815 0.14754
-0.519 0.382035 0.0985143
-0.518 0.140839 -0.00326648
-0.517 -0.0382051 -0.128007
-0.516 -0.11622 -0.23337
-0.515 -0.0900536 -0.283157
-0.514 0.00694264 -0.26476
-0.513 0.116142 -0.195064
-0.512 0.172684 -0.112632
-0.511 0.125768 -0.0621954
-0.51 -0.045298 -0.0786383
-0.509 -0.322843 -0.174345
-0.508 -0.652649 -0.332545
-0.507 -0.956855 -0.510279
-0.506 -1.15578 -0.653022
-0.505 -1.19204 -0.716536
-0.504 -1.04821 -0.685147
-0.503 -0.75257 -0.576877
-0.502 -0.37223 -0.434297
-0.501 0.00452865 -0.307336
-0.5 0.293322 -0.235186
-0.499 0.440005 -0.23237
-0.498 0.43919 -0.283017
-0.497 0.336638 -0.346632
-0.496 0.212973 -0.375109
-0.495 0.154512 -0.334322
-0.494 0.221936 -0.219677
-0.493 0.426534 -0.0583687
-0.492 0.720698 0.100932
-0.491 1.00754 0.205195
-0.49 1.17027 0.215208
-0.489 1.11375 0.119938
-0.488 0.803019 -0.058002
-0.487 0.282585 -0.269429
-0.486 -0.332274 -0.456875
-0.485 -0.88921 -0.576245
-0.484 -1.24575 -0.611429
-0.483 -1.31532 -0.576283
-0.482 -1.0983 -0.505993
-0.481 -0.685436 -0.443031
-0.48 -0.228651 -0.421864
-0.479 0.112824 -0.456189
-0.478 0.230729 -0.533419
-0.477 0.106992 -0.620104
-0.476 -0.181332 -0.677202
-0.475 -0.491752 -0.677861
-0.474 -0.669083 -0.618293
-0.473 -0.604022 -0.517497
-0.472 -0.277871 -0.408681
-0.471 0.22434 -0.327571
-0.47 0.740252 -0.301038
-0.469 1.08817 -0.338349
-0.468 1.13438 -0.4277
-0.467 0.842893 -0.540281
-0.466 0.289099 -0.64141
-0.465 -0.36545 -0.703824
-0.464 -0.926982 -0.716176
-0.463 -1.23438 -0.683203
-0.462 -1.21323 -0.619635
-0.461 -0.899258 -0.542396
-0.46 -0.421766 -0.464481
-0.459 0.0469973 -0.391932
-0.458 0.355997 -0.323847
-0.457 0.427648 -0.254996
-0.456 0.279918 -0.180517
-0.455 0.013468 -0.100885
-0.454 -0.229414 -0.0239752
-0.453 -0.319024 0.0377582
-0.452 -0.186341 0.0734312
-0.451 0.152285 0.0791471
-0.45 0.602605 0.0591209
-0.449 1.02825 0.0220249
-0.448 1.2994 -0.0245835
-0.447 1.33541 -0.078128
-0.446 1.12736 -0.141691
-0.445 0.735513 -0.221975
-0.444 0.264886 -0.325062
-0.443 -0.170814 -0.450669
-0.442 -0.483723 -0.587301
-0.441 -0.633552 -0.711979
-0.44 -0.630738 -0.796574
-0.439 -0.523118 -0.818801
-0.438 -0.374552 -0.77258
-0.437 -0.244473 -0.672423
-0.436 -0.1738 -0.549934
-0.435 -0.179025 -0.444017
-0.434 -0.253262 -0.387841
-0.433 -0.371281 -0.396453
-0.432 -0.495803 -0.460064
-0.431 -0.583597 -0.547003
-0.43 -0.591559 -0.61603
-0.429 -0.484867 -0.632918
-0.428 -0.248606 -0.584236
-0.427 0.100325 -0.482933
-0.426 0.508012 -0.364118
-0.425 0.890846 -0.272676
-0.424 1.15602 -0.246122
-0.423 1.2301 -0.298293
-0.422 1.08683 -0.4113
-0.421 0.764515 -0.540758
-0.42 0.364186 -0.632531
-0.419 0.0235458 -0.643353
-0.418 -0.129585 -0.556889
-0.417 -0.0286138 -0.390108
-0.416 0.297739 -0.189094
-0.415 0.725458 -0.015724
-0.414 1.07215 0.0721434
-0.413 1.15909 0.0413287
-0.412 0.877962 -0.103939
-0.411 0.239652 -0.323986
-0.41 -0.614881 -0.559542
-0.409 -1.45179 -0.753649
-0.408 -2.02195 -0.870361
-0.407 -2.15171 -0.90452
-0.406 -1.81042 -0.881347
-0.405 -1.1268 -0.846696
-0.404 -0.3472 -0.849605
-0.403 0.249287 -0.921805
-0.402 0.450666 -1.06266
-0.401 0.193056 -1.23725
-0.4 -0.407975 -1.38874
-0.399 -1.09252 -1.4592
-0.398 -1.54965 -1.40968
-0.397 -1.53504 -1.23295
-0.396 -0.967038 -0.956271
-0.395 0.0360637 -0.634158
-0.394 1.1909 -0.332276
-0.393 2.14348 -0.106702
-0.392 2.59176 0.0137591
-0.391 2.39431 0.0347597
-0.39 1.62493 -0.00952378
-0.389 0.54952 -0.0719442
-0.388 -0.467933 -0.110516
-0.387 -1.09567 -0.10269
-0.386 -1.15172 -0.0521645
-0.385 -0.666372 0.0133482
-0.384 0.131641 0.0531841
-0.383 0.899676 0.0298909
-0.382 1.30732 -0.0762326
-0.381 1.1588 -0.260025
-0.38 0.465784 -0.493422
-0.379 -0.556309 -0.734123
-0.378 -1.56567 -0.937227
-0.377 -2.21543 -1.06695
-0.376 -2.27577 -1.10601
-0.375 -1.71464 -1.0596
-0.374 -0.708624 -0.951544
-0.373 0.420623 -0.814938
-0.372 1.32118 -0.682092
-0.371 1.73257 -0.577683
-0.37 1.56919 -0.51474
-0.369 0.939314 -0.491962
-0.368 0.0992395 -0.493263
-0.367 -0.638863 -0.492555
-0.366 -1.01564 -0.464161
-0.365 -0.914045 -0.39385
-0.364 -0.396694 -0.284486
-0.363 0.32388 -0.15506
-0.362 0.96835 -0.0361339
-0.361 1.29057 0.0362437
-0.36 1.15714 0.0292803
-0.359 0.585292 -0.0745921
-0.358 -0.265825 -0.267103
-0.357 -1.14675 -0.512622
-0.356 -1.79922 -0.758717
-0.355 -2.04167 -0.953228
-0.354 -1.82577 -1.05939
-0.353 -1.24238 -1.06476
-0.352 -0.480835 -0.984095
-0.351 0.235649 -0.855947
-0.35 0.715416 -0.731249
-0.349 0.850671 -0.65467
-0.348 0.646071 -0.646231
-0.347 0.212898 -0.693457
-0.346 -0.27314 -0.758094
-0.345 -0.635153 -0.792461
-0.344 -0.752935 -0.757611
-0.343 -0.595426 -0.638205
-0.342 -0.224263 -0.451156
-0.341 0.225907 -0.244549
-0.34 0.586129 -0.0841661
-0.339 0.705119 -0.0306025
-0.338 0.49906 -0.116939
-0.337 -0.0210561 -0.337305
-0.336 -0.754602 -0.649416
-0.335 -1.5421 -0.987512
-0.334 -2.20709 -1.28122
-0.333 -2.59952 -1.47659
-0.332 -2.63583 -1.55328
-0.331 -2.32542 -1.52992
-0.33 -1.76897 -1.45309
-0.329 -1.12478 -1.37487
-0.328 -0.558345 -1.33103
-0.327 -0.196857 -1.32922
-0.326 -0.0993749 -1.3483
-0.325 -0.242362 -1.34576
-0.324 -0.522013 -1.27225
-0.323 -0.781387 -1.09163
-0.322 -0.862879 -0.799057
-0.321 -0.667046 -0.426866
-0.32 -0.189978 -0.0334024
-0.319 0.474679 0.318364
-0.318 1.16209 0.579956
-0.317 1.67788 0.727065
-0.316 1.84961 0.761252
-0.315 1.58338 0.706773
-0.314 0.907684 0.601765
-0.313 -0.021663 0.483398
-0.312 -0.965927 0.373082
-0.311 -1.67965 0.271108
-0.31 -1.98701 0.163775
-0.309 -1.83451 0.0360229
-0.308 -1.31047 -0.12026
-0.307 -0.626735 -0.305261
-0.306 -0.0591393 -0.513206
-0.305 0.144213 -0.733294
-0.304 -0.144864 -0.950862
-0.303 -0.881644 -1.15091
-0.302 -1.8567 -1.32146
-0.301 -2.76049 -1.45262
-0.3 -3.28183 -1.53216
-0.299 -3.21161 -1.5441
-0.298 -2.52154 -1.47453
-0.297 -1.38896 -1.32164
-0.296 -0.149991 -1.10234
-0.295 0.809527 -0.850502
-0.294 1.18624 -0.608589
-0.293 0.866474 -0.416034
-0.292 -0.026905 -0.296491
-0.291 -1.16442 -0.246855
-0.29 -2.11355 -0.234615
-0.289 -2.48868 -0.209183
-0.288 -2.09741 -0.124984
-0.287 -1.0249 0.0343833
-0.286 0.382284 0.243046
-0.285 1.62908 0.436654
-0.284 2.23901 0.531108
-0.283 1.9198 0.450639
-0.282 0.676611 0.158222
-0.281 -1.16836 -0.32229
-0.28 -3.06951 -0.904722
-0.279 -4.44383 -1.46528
-0.278 -4.8834 -1.8852
-0.277 -4.30804 -2.09282
-0.276 -2.99439 -2.08704
-0.275 -1.47455 -1.93452
-0.274 -0.346833 -1.74353
-0.273 -0.0625561 -1.62306
-0.272 -0.755795 -1.63874
-0.271 -2.17813 -1.78133
-0.27 -3.77471 -1.964
-0.269 -4.88618 -2.05422
-0.268 -5.00267 -1.92911
-0.267 -3.96486 -1.52958
-0.266 -2.03011 -0.889823
-0.265 0.215836 -0.131882
-0.264 2.06157 0.570364
-0.263 2.91627 1.04562
-0.262 2.51848 1.18211
-0.261 1.03318 0.968208
-0.26 -1.00481 0.499189
-0.259 -2.88708 -0.0566909
-0.258 -3.99461 -0.521386
-0.257 -4.02207 -0.772814
-0.256 -3.07587 -0.785194
-0.255 -1.61564 -0.630129
-0.254 -0.270009 -0.442107
-0.253 0.402798 -0.362858
-0.252 0.123275 -0.483231
-0.251 -1.00765 -0.802439
-0.25 -2.55059 -1.22139
-0.249 -3.89734 -1.5763
-0.248 -4.50329 -1.70178
-0.247 -4.09223 -1.49705
-0.246 -2.75511 -0.967162
-0.245 -0.909514 -0.223671
-0.244 0.859209 0.552266
-0.243 2.0117 1.16951
-0.242 2.24107 1.48861
-0.241 1.56365 1.46468
-0.24 0.286611 1.1561
-0.239 -1.12647 0.695351
-0.238 -2.23559 0.233884
-0.237 -2.7802 -0.115799
-0.236 -2.75434 -0.317379
-0.235 -2.37849 -0.414851
-0.234 -1.98568 -0.50527
-0.233 -1.87245 -0.692296
-0.232 -2.17841 -1.03853
-0.231 -2.84339 -1.53554
-0.23 -3.65272 -2.10389
-0.229 -4.34054 -2.62236
-0.228 -4.70032 -2.97218
-0.227 -4.65581 -3.07717
-0.226 -4.26958 -2.92515
-0.225 -3.69458 -2.56617
-0.224 -3.09584 -2.09134
-0.223 -2.57857 -1.60021
-0.222 -2.15544 -1.16783
-0.221 -1.76909 -0.825477
-0.22 -1.35738 -0.563515
-0.219 -0.921991 -0.352517
-0.218 -0.555643 -0.1679
-0.217 -0.406853 -0.0035682
-0.216 -0.598895 0.129549
-0.215 -1.14769 0.213513
-0.214 -1.92356 0.23379
-0.213 -2.67833 0.187146
-0.212 -3.13075 0.0858818
-0.211 -3.08231 -0.0455304
-0.21 -2.52055 -0.183704
-0.209 -1.66013 -0.323
-0.208 -0.886098 -0.482365
-0.207 -0.606152 -0.69378
-0.206 -1.0696 -0.978053
-0.205 -2.23744 -1.32432
-0.204 -3.76851 -1.68596
-0.203 -5.13276 -1.99309
-0.202 -5.80774 -2.17424
-0.201 -5.48562 -2.181
-0.2 -4.21418 -2.00983
-0.199 -2.41204 -1.71221
-0.198 -0.735998 -1.38277
-0.197 0.163484 -1.12415
-0.196 -0.0930121 -1.00241
-0.195 -1.44206 -1.01591
-0.194 -3.37799 -1.09311
-0.193 -5.13156 -1.11914
-0.192 -5.95743 -0.979866
-0.191 -5.42128 -0.608418
-0.19 -3.57973 -0.0193163
-0.189 -0.98277 0.683988
-0.188 1.51106 1.336
-0.187 3.04609 1.76434
-0.186 3.09203 1.85164
-0.185 1.65022 1.57802
-0.184 -0.742095 1.02769
-0.183 -3.21376 0.35831
-0.182 -4.88974 -0.255623
-0.181 -5.22225 -0.685841
-0.18 -4.19736 -0.896744
-0.179 -2.33823 -0.955865
-0.178 -0.502173 -1.00182
-0.177 0.450931 -1.18221
-0.176 -0.00848423 -1.58817
-0.175 -1.87244 -2.21162
-0.174 -4.59151 -2.94002
-0.173 -7.27445 -3.58964
-0.172 -9.01577 -3.96721
-0.171 -9.22809 -3.93898
-0.17 -7.85296 -3.4811
-0.169 -5.36931 -2.69007
-0.168 -2.6005 -1.74823
-0.167 -0.403627 -0.860889
-0.166 0.633215 -0.19232
-0.165 0.374935 0.177339
-0.164 -0.850543 0.264481
-0.163 -2.40633 0.16311
-0.162 -3.60168 0.00129923
-0.161 -3.95378 -0.112103
-0.16 -3.35791 -0.129588
-0.159 -2.10107 -0.0776227
-0.158 -0.720243 -0.0359434
-0.157 0.223561 -0.0976946
-0.156 0.354211 -0.330836
-0.155 -0.405544 -0.753193
-0.154 -1.83851 -1.32404
-0.153 -3.53173 -1.95197
-0.152 -5.02306 -2.5176
-0.151 -5.94655 -2.90562
-0.15 -6.13147 -3.03519
-0.149 -5.62279 -2.87665
-0.148 -4.6224 -2.45097
-0.147 -3.38945 -1.81919
-0.146 -2.15569 -1.07036
-0.145 -1.0914 -0.309077
-0.144 -0.314475 0.360101
-0.143 0.0936884 0.851807
-0.142 0.0939819 1.11781
-0.141 -0.286278 1.15736
-0.14 -0.936034 1.01591
-0.139 -1.66944 0.772088
-0.138 -2.26306 0.514947
-0.137 -2.51458 0.314919
-0.136 -2.31597 0.19672
-0.135 -1.7247 0.125725
-0.134 -0.996506 0.0162165
-0.133 -0.535043 -0.237914
-0.132 -0.746571 -0.717901
-0.131 -1.85113 -1.43575
-0.13 -3.74402 -2.30979
-0.129 -5.98362 -3.17447
-0.128 -7.91833 -3.82639
-0.127 -8.90499 -4.09225
-0.126 -8.54362 -3.89306
-0.125 -6.85264 -3.27964
-0.124 -4.31651 -2.42595
-0.123 -1.7607 -1.58014
-0.122 -0.0694678 -0.985301
-0.121 0.156553 -0.794021
-0.12 -1.14442 -1.0091
-0.119 -3.44607 -1.47843
-0.118 -5.81775 -1.95161
-0.117 -7.26939 -2.17796
-0.116 -7.12754 -2.00565
-0.115 -5.30518 -1.442
-0.114 -2.3608 -0.653402
-0.113 0.688721 0.0935378
-0.112 2.74353 0.52916
-0.111 3.04359 0.483518
-0.11 1.47088 -0.0425372
-0.109 -1.39096 -0.86832
-0.108 -4.46661 -1.69578
-0.107 -6.59317 -2.22278
-0.106 -6.96781 -2.26107
-0.105 -5.46141 -1.80852
-0.104 -2.66506 -1.04599
-0.103 0.350446 -0.26434
-0.102 2.45399 0.245373
-0.101 2.87679 0.296661
-0.1 1.48215 -0.126991
-0.099 -1.20015 -0.866615
-0.098 -4.17758 -1.64637
-0.097 -6.36962 -2.17882
-0.096 -7.02253 -2.27622
-0.095 -5.99347 -1.91865
-0.094 -3.77196 -1.2487
-0.093 -1.23579 -0.500742
-0.092 0.724684 0.0962583
-0.091 1.53609 0.399593
-0.09 1.10786 0.39266
-0.089 -0.190903 0.177863
-0.088 -1.708 -0.0721013
-0.087 -2.77564 -0.189067
-0.086 -2.97898 -0.0821747
-0.085 -2.31215 0.22461
-0.084 -1.14152 0.60894
-0.083 0.000397305 0.909691
-0.082 0.668683 0.996142
-0.081 0.675116 0.814009
-0.08 0.1098 0.394104
-0.079 -0.763735 -0.172599
-0.078 -1.6699 -0.779456
-0.077 -2.4597 -1.34842
-0.076 -3.16363 -1.85364
-0.075 -3.9324 -2.31324
-0.074 -4.89728 -2.75591
-0.073 -6.03238 -3.18365
-0.072 -7.1007 -3.55207
-0.071 -7.71811 -3.77803
-0.07 -7.51765 -3.77213
-0.069 -6.35717 -3.48601
-0.068 -4.47629 -2.95556
-0.067 -2.49275 -2.31179
-0.066 -1.18318 -1.73996
-0.065 -1.12507 -1.39978
-0.064 -2.39021 -1.35007
-0.063 -4.46336 -1.52091
-0.062 -6.42124 -1.74371
-0.061 -7.27596 -1.81884
-0.06 -6.35728 -1.59474
-0.059 -3.62934 -1.03963
-0.058 0.174469 -0.282224
-0.057 3.72391 0.411438
-0.056 5.59323 0.739057
-0.055 4.89791 0.503352
-0.054 1.7362 -0.282419
-0.053 -2.80019 -1.38302
-0.052 -7.03149 -2.42406
-0.051 -9.30919 -3.02436
-0.05 -8.62186 -2.92867
-0.049 -5.0115 -2.10578
-0.048 0.350577 -0.78006
-0.047 5.53273 0.632919
-0.046 8.58676 1.68186
-0.045 8.35897 2.06404
-0.044 4.98194 1.74925
-0.043 -0.170894 0.986591
-0.042 -5.01717 0.199514
-0.041 -7.55428 -0.181128
-0.04 -6.62635 0.114459
-0.039 -2.40752 1.08029
-0.038 3.60852 2.42015
-0.037 9.16726 3.65278
-0.036 12.1499 4.30071
-0.035 11.4037 4.07879
-0.034 7.16121 3.00175
-0.033 0.930561 1.37658
-0.032 -5.0607 -0.308192
-0.031 -8.68528 -1.5572
-0.03 -8.73938 -2.0511
-0.029 -5.4446 -1.76899
-0.028 -0.357774 -0.990407
-0.027 4.31117 -0.168034
-0.026 6.62839 0.265409
-0.025 5.65739 0.0618082
-0.024 1.72417 -0.766019
-0.023 -3.76146 -1.96298
-0.022 -8.81785 -3.12687
-0.021 -11.6177 -3.85602
-0.02 -11.2231 -3.90806
-0.019 -7.99834 -3.30233
-0.018 -3.42202 -2.30536
-0.017 0.629177 -1.30189
-0.016 2.704 -0.627584
-0.015 2.28155 -0.450803
-0.014 -0.16672 -0.738726
-0.013 -3.44336 -1.29318
-0.012 -6.08585 -1.8315
-0.011 -6.93027 -2.09457
-0.01 -5.61494 -1.95303
-0.009 -2.75251 -1.46053
-0.008 0.397796 -0.815681
-0.007 2.584 -0.252342
-0.006 3.13116 0.0715047
-0.005 2.14304 0.127398
-0.004 0.345788 0.00347761
-0.003 -1.26878 -0.150887
-0.002 -1.86574 -0.196723
-0.001 -1.14484 -0.0711093
0 0.488956 0.181061
0.001 2.12079 0.434721
0.002 2.83641 0.563283
0.003 2.23273 0.518499
0.004 0.611938 0.359785
0.005 -1.1901 0.224448
0.006 -2.18215 0.263282
0.007 -1.63996 0.568827
0.008 0.537925 1.11839
0.009 3.67507 1.75851
0.01 6.51978 2.25615
0.011 7.8148 2.40903
0.012 6.95018 2.15669
0.013 4.2897 1.6215
0.014 0.997783 1.05823
0.015 -1.46431 0.749744
0.016 -1.90155 0.899118
0.017 0.155433 1.54728
0.018 4.18585 2.53424
0.019 8.74187 3.52942
0.02 11.9527 4.14733
0.021 12.3452 4.11479
0.022 9.55709 3.40247
0.023 4.52325 2.24339
0.024 -0.936119 1.03415
0.025 -4.84834 0.178287
0.026 -5.81151 -0.0613374
0.027 -3.50355 0.340015
0.028 1.14154 1.14621
0.029 6.19848 1.93174
0.03 9.46839 2.24289
0.031 9.40233 1.79076
0.032 5.77965 0.58209
0.033 -0.202191 -1.07719
0.034 -6.42669 -2.69943
0.035 -10.6773 -3.79519
0.036 -11.4527 -4.04754
0.037 -8.51962 -3.42558
0.038 -3.02109 -2.19831
0.039 2.93898 -0.83479
0.04 7.12016 0.179205
0.041 8.03647 0.531341
0.042 5.51288 0.195136
0.043 0.696768 -0.575952
0.044 -4.42214 -1.35737
0.045 -7.77434 -1.71951
0.046 -7.99396 -1.39542
0.047 -4.94712 -0.390953
0.048 0.221824 1.01194
0.049 5.57641 2.36782
0.05 9.19283 3.24753
0.051 9.90106 3.40009
0.052 7.65514 2.83041
0.053 3.45909 1.77904
0.054 -1.04819 0.628919
0.055 -4.19621 -0.228085
0.056 -4.8978 -0.528291
0.057 -3.05137 -0.228591
0.058 0.467749 0.491418
0.059 4.24239 1.32401
0.06 6.94565 1.97494
0.061 7.84318 2.27766
0.062 6.96945 2.23406
0.063 4.99417 1.98568
0.064 2.90413 1.7443
0.065 1.62026 1.70757
0.066 1.6561 1.98139
0.067 2.9406 2.53628
0.068 4.89778 3.22166
0.069 6.75012 3.83469
0.07 7.87642 4.2065
0.071 8.03491 4.25982
0.072 7.37078 4.01602
0.073 6.25878 3.5625
0.074 5.0917 3.00572
0.075 4.11256 2.43062
0.076 3.34888 1.8789
0.077 2.66594 1.35199
0.078 1.90425 0.835077
0.079 1.02103 0.327766
0.08 0.154306 -0.137075
0.081 -0.424466 -0.497854
0.082 -0.44668 -0.690246
0.083 0.189743 -0.681481
0.084 1.31043 -0.495734
0.085 2.48099 -0.215847
0.086 3.17181 0.0449408
0.087 3.00902 0.192147
0.088 1.98114 0.195715
0.089 0.481541 0.10657
0.09 -0.838632 0.0346895
0.091 -1.33151 0.100092
0.092 -0.61834 0.378828
0.093 1.23 0.864219
0.094 3.66387 1.45657
0.095 5.81455 1.98832
0.096 6.81773 2.28251
0.097 6.18378 2.22662
0.098 4.04041 1.8288
0.099 1.11657 1.2262
0.1 -1.53093 0.637427
0.101 -2.92227 0.280154
0.102 -2.52549 0.289403
0.103 -0.462852 0.668138
0.104 2.5176 1.28534
0.105 5.30526 1.92076
0.106 6.8426 2.34237
0.107 6.53805 2.39179
0.108 4.504 2.04592
0.109 1.51497 1.42833
0.11 -1.29521 0.762662
0.111 -2.86983 0.286412
0.112 -2.62747 0.161852
0.113 -0.672617 0.420489
0.114 2.25879 0.959619
0.115 5.09444 1.587
0.116 6.84048 2.09358
0.117 6.94999 2.32839
0.118 5.50684 2.25191
0.119 3.16869 1.9495
0.12 0.903834 1.59804
0.121 -0.376844 1.39655
0.122 -0.158372 1.48855
0.123 1.49765 1.90848
0.124 4.0015 2.57136
0.125 6.48608 3.30457
0.126 8.1428 3.9053
0.127 8.49837 4.20224
0.128 7.53696 4.10442
0.129 5.6527 3.62432
0.13 3.47589 2.86862
0.131 1.64059 1.99937
0.132 0.570273 1.18108
0.133 0.356463 0.533953
0.134 0.775618 0.108439
0.135 1.42851 -0.114555
0.136 1.92612 -0.203258
0.137 2.03099 -0.243851
0.138 1.70466 -0.308098
0.139 1.07153 -0.428695
0.14 0.342375 -0.589122
0.141 -0.264212 -0.729846
0.142 -0.581375 -0.767398
0.143 -0.524398 -0.620599
0.144 -0.0886894 -0.237909
0.145 0.676065 0.380871
0.146 1.6928 1.1754
0.147 2.86128 2.03218
0.148 4.03776 2.80729
0.149 5.01829 3.35834
0.15 5.56175 3.57846
0.151 5.4641 3.42576
0.152 4.65571 2.94056
0.153 3.26941 2.24081
0.154 1.63595 1.49126
0.155 0.198401 0.854222
0.156 -0.627453 0.440917
0.157 -0.601121 0.281928
0.158 0.236695 0.325315
0.159 1.54746 0.460375
0.16 2.79422 0.560207
0.161 3.43968 0.533029
0.162 3.17225 0.365715
0.163 2.05925 0.138695
0.164 0.549439 -0.00014618
0.165 -0.684987 0.1056
0.166 -1.00461 0.554973
0.167 -0.0589218 1.34439
0.168 2.05198 2.358
0.169 4.77352 3.39439
0.17 7.2657 4.22254
0.171 8.69792 4.65332
0.172 8.56426 4.60368
0.173 6.88994 4.12611
0.174 4.23602 3.3874
0.175 1.49603 2.60455
0.176 -0.433771 1.96651
0.177 -0.983008 1.5734
0.178 -0.113495 1.41213
0.179 1.67215 1.37214
0.18 3.52505 1.29464
0.181 4.57883 1.04037
0.182 4.2888 0.551717
0.183 2.64746 -0.117219
0.184 0.189633 -0.817047
0.185 -2.21271 -1.35874
0.186 -3.68258 -1.58349
0.187 -3.66933 -1.41904
0.188 -2.15474 -0.904186
0.189 0.343152 -0.175695
0.19 2.96853 0.577784
0.191 4.84997 1.17974
0.192 5.42037 1.5241
0.193 4.61192 1.60483
0.194 2.85787 1.50653
0.195 0.910064 1.36329
0.196 -0.452474 1.30462
0.197 -0.714381 1.40788
0.198 0.194001 1.67193
0.199 1.89179 2.02073
0.2 3.71744 2.33651
0.201 4.99775 2.50907
0.202 5.30182 2.47846
0.203 4.58177 2.25276
0.204 3.15882 1.89757
0.205 1.57686 1.50743
0.206 0.387117 1.17247
0.207 -0.0564076 0.949553
0.208 0.284167 0.845116
0.209 1.14304 0.817784
0.21 2.08578 0.802858
0.211 2.70123 0.747236
0.212 2.76093 0.634421
0.213 2.28206 0.486424
0.214 1.48451 0.34675
0.215 0.678783 0.259495
0.216 0.138118 0.255298
0.217 0.00188598 0.344535
0.218 0.242589 0.515601
0.219 0.707068 0.740934
0.22 1.21042 0.992567
0.221 1.63237 1.25901
0.222 1.9638 1.54902
0.223 2.28226 1.87661
0.224 2.6776 2.23786
0.225 3.17516 2.59789
0.226 3.69971 2.89688
0.227 4.09705 3.06918
0.228 4.20206 3.06446
0.229 3.92272 2.86528
0.23 3.30154 2.49847
0.231 2.52083 2.03416
0.232 1.84019 1.56618
0.233 1.48691 1.17718
0.234 1.54653 0.905456
0.235 1.90688 0.732253
0.236 2.28977 0.596136
0.237 2.3642 0.425019
0.238 1.89545 0.170856
0.239 0.865401 -0.16438
0.24 -0.490207 -0.519372
0.241 -1.74909 -0.787598
0.242 -2.4532 -0.855068
0.243 -2.28732 -0.648351
0.244 -1.21707 -0.170738
0.245 0.47134 0.490615
0.246 2.25439 1.18862
0.247 3.55438 1.76039
0.248 3.95451 2.07706
0.249 3.36049 2.08555
0.25 2.04203 1.82785
0.251 0.534284 1.42563
0.252 -0.564438 1.03219
0.253 -0.821238 0.772315
0.254 -0.136877 0.697579
0.255 1.21032 0.773714
0.256 2.66423 0.89971
0.257 3.60023 0.948223
0.258 3.56705 0.815826
0.259 2.46969 0.470108
0.26 0.621234 -0.0251447
0.261 -1.36175 -0.523985
0.262 -2.7837 -0.850739
0.263 -3.12735 -0.867003
0.264 -2.24421 -0.522287
0.265 -0.407311 0.129533
0.266 1.78953 0.947335
0.267 3.64519 1.74404
0.268 4.59944 2.34263
0.269 4.42911 2.63389
0.27 3.32165 2.61417
0.271 1.79552 2.38213
0.272 0.495571 2.09272
0.273 -0.0549367 1.89132
0.274 0.353252 1.859
0.275 1.54969 1.98825
0.276 3.06088 2.19088
0.277 4.29113 2.33106
0.278 4.73932 2.27544
0.279 4.17778 1.94743
0.28 2.73252 1.36434
0.281 0.834509 0.637446
0.282 -0.940543 -0.0670914
0.283 -2.08067 -0.58763
0.284 -2.3123 -0.820272
0.285 -1.67772 -0.747703
0.286 -0.496604 -0.439216
0.287 0.762621 -0.0251185
0.288 1.65051 0.348175
0.289 1.88739 0.569704
0.29 1.44863 0.602208
0.291 0.556881 0.489959
0.292 -0.412612 0.334139
0.293 -1.07462 0.249416
0.294 -1.16922 0.320534
0.295 -0.642213 0.572743
0.296 0.350901 0.962784
0.297 1.50987 1.39283
0.298 2.49597 1.74473
0.299 3.04242 1.92278
0.3 3.03255 1.88645
0.301 2.52272 1.65994
0.302 1.70864 1.31822
0.303 0.852421 0.95926
0.304 0.196496 0.672229
0.305 -0.10873 0.509689
0.306 -0.0428832 0.471643
0.307 0.290604 0.508861
0.308 0.709745 0.546163
0.309 1.01871 0.514983
0.31 1.06759 0.379113
0.311 0.79117 0.144252
0.312 0.222819 -0.146959
0.313 -0.515819 -0.42869
0.314 -1.24828 -0.631237
0.315 -1.79427 -0.703024
0.316 -2.02238 -0.628062
0.317 -1.88478 -0.429756
0.318 -1.42356 -0.158341
0.319 -0.753679 0.130215
0.32 -0.0328578 0.391806
0.321 0.576101 0.602424
0.322 0.948062 0.759115
0.323 1.03359 0.876562
0.324 0.875311 0.978971
0.325 0.591783 1.08779
0.326 0.335763 1.21065
0.327 0.245306 1.33806
0.328 0.402416 1.44934
0.329 0.805704 1.52228
0.33 1.36287 1.54036
0.331 1.91101 1.49579
0.332 2.26579 1.39029
0.333 2.28481 1.23424
0.334 1.91904 1.04359
0.335 1.23182 0.835656
0.336 0.382463 0.627344
0.337 -0.417345 0.43617
0.338 -0.964032 0.281214
0.339 -1.12569 0.180697
0.34 -0.887741 0.146917
0.341 -0.360353 0.182056
0.342 0.258475 0.276581
0.343 0.750076 0.409182
0.344 0.946438 0.548364
0.345 0.782853 0.658779
0.346 0.319096 0.713278
0.347 -0.277306 0.704989
0.348 -0.785451 0.650737
0.349 -1.00834 0.582798
0.35 -0.844209 0.534672
0.351 -0.323609 0.528882
0.352 0.399993 0.569698
0.353 1.09926 0.639665
0.354 1.54393 0.701185
0.355 1.57428 0.707345
0.356 1.15699 0.621683
0.357 0.402344 0.437666
0.358 -0.468858 0.185877
0.359 -1.19855 -0.0753408
0.36 -1.57659 -0.279432
0.361 -1.50731 -0.37181
0.362 -1.03818 -0.325661
0.363 -0.3447 -0.151784
0.364 0.324822 0.100995
0.365 0.731327 0.359197
0.366 0.72873 0.550334
0.367 0.31727 0.63033
0.368 -0.355597 0.599432
0.369 -1.04604 0.499971
0.37 -1.49633 0.399102
0.371 -1.52145 0.364289
0.372 -1.07377 0.438845
0.373 -0.265156 0.624172
0.374 0.664467 0.875545
0.375 1.42574 1.11523
0.376 1.77904 1.25954
0.377 1.6167 1.24936
0.378 0.999031 1.07205
0.379 0.13364 0.766911
0.38 -0.694142 0.413059
0.381 -1.21794 0.103887
0.382 -1.28266 -0.0841448
0.383 -0.899488 -0.11762
0.384 -0.241733 -0.0169167
0.385 0.418361 0.152968
0.386 0.80758 0.307679
0.387 0.748699 0.374946
0.388 0.224175 0.320928
0.389 -0.614263 0.162767
0.39 -1.49534 -0.036724
0.391 -2.12222 -0.191137
0.392 -2.27692 -0.222362
0.393 -1.89601 -0.0904355
0.394 -1.09 0.190697
0.395 -0.102041 0.557578
0.396 0.776036 0.919224
0.397 1.30158 1.18764
0.398 1.36189 1.30578
0.399 1.01041 1.26417
0.4 0.44263 1.1017
0.401 -0.0806261 0.89068
0.402 -0.331529 0.71088
0.403 -0.196261 0.62122
0.404 0.289422 0.639492
0.405 0.957398 0.738005
0.406 1.5671 0.856707
0.407 1.88874 0.927694
0.408 1.78427 0.900486
0.409 1.25733 0.759089
0.41 0.45069 0.526914
0.411 -0.408101 0.259582
0.412 -1.08881 0.0276472
0.413 -1.43436 -0.106605
0.414 -1.40467 -0.111018
0.415 -1.07944 0.00501682
0.416 -0.62399 0.195274
0.417 -0.22929 0.394861
0.418 -0.044523 0.542552
0.419 -0.126338 0.598591
0.42 -0.42479 0.554282
0.421 -0.810308 0.432951
0.422 -1.12731 0.282108
0.423 -1.25035 0.15726
0.424 -1.123 0.10172
0.425 -0.770804 0.131138
0.426 -0.28847 0.230356
0.427 0.193669 0.362706
0.428 0.553226 0.485212
0.429 0.714305 0.56284
0.43 0.66726 0.578612
0.431 0.463647 0.538533
0.432 0.191515 0.469765
0.433 -0.0561873 0.410874
0.434 -0.208473 0.396719
0.435 -0.232698 0.444964
0.436 -0.13851 0.550526
0.437 0.030071 0.688826
0.438 0.210739 0.824347
0.439 0.341611 0.920864
0.44 0.377202 0.95131
0.441 0.297895 0.905493
0.442 0.112514 0.792827
0.443 -0.144143 0.638142
0.444 -0.418346 0.472471
0.445 -0.649328 0.323636
0.446 -0.783799 0.210285
0.447 -0.789334 0.139701
0.448 -0.663655 0.108324
0.449 -0.437529 0.104601
0.45 -0.16964 0.114208
0.451 0.0671976 0.126191
0.452 0.207444 0.136789
0.453 0.216216 0.148953
0.454 0.104154 0.169043
0.455 -0.0742499 0.203761
0.456 -0.238312 0.258365
0.457 -0.307812 0.335197
0.458 -0.230352 0.431803
0.459 -0.00212281 0.539688
0.46 0.324293 0.645512
0.461 0.650888 0.734613
0.462 0.865388 0.794356
0.463 0.883058 0.815587
0.464 0.680704 0.793317
0.465 0.307646 0.728357
0.466 -0.12946 0.629576
0.467 -0.50055 0.514511
0.468 -0.693174 0.40634
0.469 -0.64952 0.32784
0.47 -0.388913 0.295272
0.471 -0.00514593 0.314597
0.472 0.365659 0.380033
0.473 0.596149 0.474535
0.474 0.615646 0.573051
0.475 0.434642 0.649406
0.476 0.138025 0.685517
0.477 -0.147505 0.678949
0.478 -0.29901 0.644139
0.479 -0.242154 0.605955
0.48 0.0183818 0.588922
0.481 0.395909 0.607102
0.482 0.75114 0.657794
0.483 0.943725 0.720388
0.484 0.884372 0.761207
0.485 0.566646 0.744452
0.486 0.0681044 0.64691
0.487 -0.476668 0.470471
0.488 -0.920472 0.245442
0.489 -1.1518 0.0220207
0.49 -1.13164 -0.146059
0.491 -0.904324 -0.218676
0.492 -0.577353 -0.181829
0.493 -0.278658 -0.0526366
0.494 -0.109256 0.124971
0.495 -0.10906 0.294361
0.496 -0.246563 0.406718
0.497 -0.433718 0.43962
0.498 -0.560109 0.404555
0.499 -0.535202 0.340113
0.5 -0.3233 0.295395
0.501 0.0428704 0.311135
0.502 0.47463 0.404255
0.503 0.859051 0.559652
0.504 1.09694 0.73289
0.505 1.13425 0.865421
0.506 0.977754 0.907851
0.507 0.690624 0.84056
0.508 0.369214 0.681548
0.509 0.108833 0.479087
0.51 -0.0280934 0.294611
0.511 -0.0290416 0.182827
0.512 0.0708206 0.173799
0.513 0.205856 0.261413
0.514 0.304396 0.403926
0.515 0.312937 0.539452
0.516 0.213391 0.610886
0.517 0.0277964 0.587966
0.518 -0.191654 0.476298
0.519 -0.3832 0.312068
0.52 -0.497497 0.147871
0.521 -0.512037 0.0350033
0.522 -0.434571 0.00567387
0.523 -0.297562 0.0601626
0.524 -0.146976 0.166068
0.525 -0.027992 0.272606
0.526 0.0290381 0.333503
0.527 0.0175788 0.326255
0.528 -0.0447202 0.25924
0.529 -0.123761 0.166789
0.53 -0.180468 0.0968818
0.531 -0.181284 0.0950723
0.532 -0.105909 0.187486
0.533 0.0474091 0.3687
0.534 0.259732 0.601734
0.535 0.494472 0.831931
0.536 0.706025 1.00765
0.537 0.851496 1.09707
0.538 0.901728 1.09504
0.539 0.848602 1.0206
0.54 0.707267 0.908413
0.541 0.512886 0.795718
0.542 0.311495 0.707877
0.543 0.146142 0.648457
0.544 0.0427566 0.600024
0.545 0.00154622 0.535545
0.546 -0.0024401 0.433299
0.547 -0.0095406 0.287273
0.548 -0.0596016 0.109928
0.549 -0.175307 -0.0712108
0.55 -0.350526 -0.221182
0.551 -0.548385 -0.308337
0.552 -0.711178 -0.315464
0.553 -0.779582 -0.245932
0.554 -0.714002 -0.120961
0.555 -0.510096 0.0301213
0.556 -0.203198 0.180497
0.557 0.140179 0.312326
0.558 0.441887 0.41836
0.559 0.636792 0.500368
0.56 0.693978 0.565381
0.561 0.626262 0.620123
0.562 0.483617 0.665602
0.563 0.333223 0.695389
0.564 0.234718 0.699228
0.565 0.219784 0.669362
0.566 0.281978 0.605129
0.567 0.379623 0.513646
0.568 0.45155 0.407565
0.569 0.44139 0.30177
0.57 0.321852 0.20984
0.571 0.108502 0.140645
0.572 -0.143959 0.0964992
0.573 -0.361191 0.0744498
0.574 -0.475158 0.0702614
0.575 -0.4466 0.08213
0.576 -0.27796 0.111448
0.577 -0.0137882 0.160613
0.578 0.272293 0.22989
0.579 0.501479 0.315112
0.58 0.61698 0.40685
0.581 0.603265 0.491314
0.582 0.488377 0.553395
0.583 0.329362 0.581546
0.584 0.189267 0.572385
0.585 0.115315 0.532238
0.586 0.124117 0.474523
0.587 0.196982 0.414496
0.588 0.287068 0.363958
0.589 0.337486 0.327761
0.59 0.304659 0.302892
0.591 0.176855 0.280415
0.592 -0.0209423 0.250063
0.593 -0.236862 0.206045
0.594 -0.410422 0.151324
0.595 -0.491797 0.097842
0.596 -0.456939 0.0623451
0.597 -0.314859 0.0598666
0.598 -0.104466 0.0977349
0.599 0.118939 0.172243
0.6 0.302866 0.268944
0.601 0.414397 0.366571
0.602 0.447883 0.443699
0.603 0.422619 0.486091
0.604 0.373637 0.491734
0.605 0.338972 0.471046
0.606 0.346472 0.442079
0.607 0.404166 0.422984
0.608 0.498153 0.424976
0.609 0.599051 0.448302
0.61 0.67353 0.482332
0.611 0.695185 0.509576
0.612 0.651337 0.512474
0.613 0.545983 0.480588
0.614 0.399331 0.415079
0.615 0.242766 0.328294
0.616 0.109157 0.238803
0.617 0.0220747 0.16448
0.618 -0.0107424 0.116528
0.619 0.00284579 0.0963281
0.62 0.0440952 0.0957835
0.621 0.0888269 0.100968
0.622 0.112859 0.0980063
0.623 0.0988156 0.0789172
0.624 0.0432848 0.0447225
0.625 -0.0400108 0.00453433
0.626 -0.124428 -0.0283481
0.627 -0.18028 -0.0411336
0.628 -0.184673 -0.0253564
0.629 -0.127102 0.0208525
0.63 -0.0113173 0.0923544
0.631 0.144553 0.178755
0.632 0.31057 0.267927
0.633 0.4526 0.349679
0.634 0.54389 0.41765
0.635 0.574968 0.469018
0.636 0.555994 0.503205
0.637 0.510778 0.520938
0.638 0.467079 0.523776
0.639 0.447867 0.513592
0.64 0.464552 0.491897
0.641 0.512143 0.459584
0.642 0.568623 0.417323
0.643 0.601354 0.365943
0.644 0.579562 0.306197
0.645 0.487284 0.238343
0.646 0.330311 0.162617
0.647 0.134664 0.0807902
0.648 -0.0610622 -0.00223455
0.649 -0.21619 -0.0780946
0.65 -0.299361 -0.136253
0.651 -0.298455 -0.166336
0.652 -0.225034 -0.160867
0.653 -0.110315 -0.117908
0.654 0.00626833 -0.0428149
0.655 0.0910018 0.0520199
0.656 0.12673 0.150059
0.657 0.11742 0.235325
0.658 0.0859351 0.297032
0.659 0.0656254 0.332361
0.66 0.0874807 0.346577
0.661 0.167203 0.35053
0.662 0.29795 0.356048
0.663 0.452096 0.370563
0.664 0.590665 0.393201
0.665 0.67609 0.414393
0.666 0.683948 0.419414
0.667 0.610968 0.394318
0.668 0.477268 0.331885
0.669 0.321003 0.235568
0.67 0.185702 0.120235
0.671 0.104992 0.00898589
0.672 0.0917093 -0.073742
0.673 0.135804 -0.110609
0.674 0.210234 -0.0976302
0.675 0.280969 -0.0453199
0.676 0.317769 0.0254939
0.677 0.303917 0.0911104
0.678 0.242725 0.132919
0.679 0.157338 0.14362
0.68 0.0820216 0.129788
0.681 0.0481847 0.109219
0.682 0.0722604 0.10322
0.683 0.150847 0.12697
0.684 0.263293 0.182598
0.685 0.378546 0.257985
0.686 0.463715 0.331118
0.687 0.493528 0.377746
0.688 0.459128 0.379791
0.689 0.372177 0.332142
0.69 0.260764 0.245436
0.691 0.158376 0.142935
0.692 0.0917337 0.0520982
0.693 0.0730318 -0.00544121
0.694 0.0981191 -0.0209083
0.695 0.149105 -2.1401e-05
0.696 0.20003 0.0403537
0.697 0.225279 0.078772
0.698 0.209139 0.0971102
0.699 0.152411 0.0875642
0.7 0.0722064 0.0558987
0.701 -0.00493878 0.0188702
0.702 -0.0528044 -0.0032629
0.703 -0.0538582 0.00472315
0.704 -0.00424167 0.0473758
0.705 0.0850712 0.117325
0.706 0.191339 0.19782
0.707 0.287269 0.267985
0.708 0.350196 0.309729
0.709 0.369295 0.314287
0.71 0.347884 0.285325
0.711 0.300731 0.236625
0.712 0.248306 0.185616
0.713 0.209923 0.146463
0.714 0.197257 0.125755
0.715 0.21013 0.121495
0.716 0.236707 0.124662
0.717 0.258491 0.122848
0.718 0.257601 0.105467
0.719 0.222854 0.0687897
0.72 0.152897 0.018032
0.721 0.0567056 -0.0350116
0.722 -0.0480969 -0.0772786
0.723 -0.139479 -0.0994502
0.724 -0.197656 -0.0984764
0.725 -0.211768 -0.0775821
0.726 -0.183023 -0.0446424
0.727 -0.122891 -0.0093563
0.728 -0.0482117 0.0204246
0.729 0.0239715 0.041821
0.73 0.0806399 0.0575372
0.731 0.116149 0.0733807
0.732 0.134085 0.0943649
0.733 0.145919 0.121883
0.734 0.165849 0.153181
0.735 0.204104 0.182665
0.736 0.262341 0.204018
0.737 0.333032 0.212559
0.738 0.402053 0.207279
0.739 0.452748 0.191538
0.74 0.470541 0.171586
0.741 0.44753 0.15349
0.742 0.385698 0.140252
0.743 0.296888 0.13076
0.744 0.199074 0.120886
0.745 0.110575 0.105813
0.746 0.0447593 0.0825389
0.747 0.00686523 0.0518299
0.748 -0.00653076 0.0188519
0.749 -0.00546282 -0.0082092
0.75 -0.00246108 -0.0213655
0.751 -0.00769919 -0.0163824
0.752 -0.0253477 0.00522857
0.753 -0.0525093 0.0367288
0.754 -0.0806577 0.0687004
0.755 -0.0986728 0.0923811
0.756 -0.0966876 0.102701
0.757 -0.0699209 0.100202
0.758 -0.0210899 0.0909829
0.759 0.0400214 0.0842072
0.76 0.0999513 0.0879575
0.761 0.146168 0.105404
0.762 0.170594 0.133169
0.763 0.171113 0.162522
0.764 0.151582 0.182627
0.765 0.120752 0.184465
0.766 0.0897154 0.164188
0.767 0.0680467 0.124909
0.768 0.0602935 0.0760806
0.769 0.0648185 0.030319
0.77 0.0755151 -0.00120398
0.771 0.0848775 -0.0128195
0.772 0.0865023 -0.00614745
0.773 0.0765542 0.0109793
0.774 0.0548057 0.0278205
0.775 0.025163 0.0349345
0.776 -0.00525361 0.0278143
0.777 -0.028672 0.00865969
0.778 -0.039591 -0.0144775
0.779 -0.0364044 -0.0309151
0.78 -0.0212147 -0.0315996
0.781 0.00131804 -0.0126756
0.782 0.0251651 0.0229408
0.783 0.0441996 0.0664678
0.784 0.0538768 0.106276
0.785 0.0527778 0.131946
0.786 0.0430035 0.137874
0.787 0.029211 0.124984
0.788 0.0170223 0.0998964
0.789 0.0115182 0.0720662
0.79 0.015935 0.0502563
0.791 0.0304972 0.0396752
0.792 0.0518216 0.0405582
0.793 0.0736473 0.0484915
0.794 0.0889369 0.0563967
0.795 0.0923063 0.0575586
0.796 0.0816746 0.0485097
0.797 0.0588857 0.0304718
0.798 0.0295043 0.0087559
0.799 0.00164384 -0.00938305
0.8 -0.0164152 -0.0173149
0.801 -0.0192738 -0.0111006
0.802 -0.00665878 0.00936802
0.803 0.0164768 0.0403361
0.804 0.0420036 0.0753441
0.805 0.0615609 0.107317
0.806 0.0691597 0.130805
0.807 0.0630083 0.14341
0.808 0.0463667 0.145902
0.809 0.0268623 0.141262
0.81 0.0138827 0.13329
0.811 0.0147754 0.125301
0.812 0.031619 0.119128
0.813 0.0602064 0.114653
0.814 0.0915901 0.110045
0.815 0.115193 0.10269
0.816 0.122173 0.0903802
0.817 0.108201 0.0722337
0.818 0.0750801 0.0490839
0.819 0.0305181 0.0233708
0.82 -0.0142537 -0.00134549
0.821 -0.0483912 -0.0212154
0.822 -0.0652954 -0.0331392
0.823 -0.0647348 -0.0356415
0.824 -0.0524131 -0.029195
0.825 -0.0374107 -0.0159462
0.826 -0.0286666 0.000896269
0.827 -0.0316996 0.0177925
0.828 -0.04655 0.0316988
0.829 -0.0676242 0.0409089
0.83 -0.0856188 0.0455456
0.831 -0.0909668 0.0473103
0.832 -0.0775597 0.0485443
0.833 -0.0452409 0.0511513
0.834 -4.05741e-05 0.055919
0.835 0.0478748 0.062334
0.836 0.087643 0.0687114
0.837 0.111236 0.0726099
0.838 0.115879 0.0716631
0.839 0.104621 0.0646821
0.84 0.0849017 0.0524466
0.841 0.065659 0.0376063
0.842 0.0540031 0.0237042
0.843 0.0527333 0.013916
0.844 0.0596134 0.0101108
0.845 0.0685834 0.0124221
0.846 0.0723213 0.0192532
0.847 0.0651263 0.0277292
0.848 0.0450885 0.034657
0.849 0.0148353 0.0377602
0.85 -0.0193462 0.0365866
0.851 -0.0496603 0.0325532
0.852 -0.0694201 0.0281372
0.853 -0.0751484 0.0257339
0.854 -0.0674374 0.0267455
0.855 -0.0503993 0.0311512
0.856 -0.0300733 0.0375656
0.857 -0.0124013 0.0437538
0.858 -0.00138019 0.0475137
0.859 0.00207205 0.047627
0.86 0.00013524 0.0444089
0.861 -0.00304618 0.0395374
0.862 -0.00315707 0.0352698
0.863 0.00263328 0.0334828
0.864 0.0147811 0.0349689
0.865 0.0313744 0.0391982
0.866 0.048794 0.0445709
0.867 0.0627687 0.04906
0.868 0.0696594 0.0510247
0.869 0.0676732 0.0498601
0.87 0.0574943 0.0461705
0.871 0.0419645 0.0413815
0.872 0.024977 0.0370269
0.873 0.0101865 0.0340774
0.874 7.78862e-05 0.0325815
0.875 -0.00446702 0.0317113
0.876 -0.00422828 0.0301825
0.877 -0.00135319 0.0269051
0.878 0.00138546 0.0216026
0.879 0.00165214 0.0150815
0.88 -0.00154443 0.00896272
0.881 -0.00756927 0.00498422
0.882 -0.0145539 0.00424087
0.883 -0.0201272 0.00673106
0.884 -0.0221432 0.0113641
0.885 -0.0193027 0.0163726
0.886 -0.011634 0.019971
0.887 -0.000643564 0.0210478
0.888 0.0110775 0.0196296
0.889 0.0207095 0.0168753
0.89 0.0261167 0.014532
0.891 0.0264282 0.0140874
0.892 0.0221788 0.0160527
0.893 0.0150918 0.0197235
0.894 0.00757252 0.0234843
0.895 0.00195227 0.025474
0.896 -0.000315567 0.0243465
0.897 0.000868861 0.0198647
0.898 0.00436049 0.0131099
0.899 0.00834322 0.00618026
0.9 0.0110212 0.00142891
0.901 0.0111824 0.000535103
0.902 0.00857512 0.00382648
0.903 0.00404585 0.0101605
0.904 -0.00069498 0.0173944
0.905 -0.00371912 0.023219
0.906 -0.00368535 0.0260163
0.907 -0.000363568 0.025426
0.908 0.00537092 0.0224218
0.909 0.0119428 0.0188718
0.91 0.0175941 0.0167382
0.911 0.0208602 0.0172329
0.912 0.0209806 0.0202871
0.913 0.0181606 0.0245621
0.914 0.0135031 0.0279916
0.915 0.00854171 0.0286256
0.916 0.00459778 0.0254329
0.917 0.00233247 0.0187379
0.918 0.00167889 0.0101256
0.919 0.00204727 0.00186206
0.92 0.00260994 -0.00393016
0.921 0.00258007 -0.00601832
0.922 0.00147362 -0.00445035
0.923 -0.000705486 -0.000460896
0.924 -0.00347219 0.00405512
0.925 -0.00609358 0.00729542
0.926 -0.00790963 0.00823435
0.927 -0.00854608 0.00696285
0.928 -0.00795398 0.00455428
0.929 -0.00634735 0.00253797
0.93 -0.00411317 0.00222776
0.931 -0.00170694 0.00418881
0.932 0.000466083 0.00803345
0.933 0.00214716 0.0125891
0.934 0.00324731 0.0163506
0.935 0.00380133 0.0180466
0.936 0.00391866 0.017111
0.937 0.00377316 0.0138758
0.938 0.00359688 0.00940832
0.939 0.00362835 0.00507241
0.94 0.00402928 0.00201337
0.941 0.00482713 0.000782311
0.942 0.00591131 0.00122387
0.943 0.00705872 0.00262959
0.944 0.00796386 0.00406644
0.945 0.00829402 0.00474941
0.946 0.00779876 0.00432582
0.947 0.00643848 0.00297102
0.948 0.00444102 0.00126574
0.949 0.00223197 -8.21637e-05
0.95 0.000278845 -0.000540917
0.951 -0.00106055 4.61575e-05
0.952 -0.00163017 0.00143248
0.953 -0.00150889 0.00309707
0.954 -0.000991162 0.00446008
0.955 -0.000497499 0.0050964
0.956 -0.000413812 0.00487166
0.957 -0.000919931 0.00395889
0.958 -0.00190209 0.00273934
0.959 -0.00300294 0.00163682
0.96 -0.00377667 0.000958511
0.961 -0.00386356 0.000804186
0.962 -0.00311463 0.0010681
0.963 -0.00164044 0.00151835
0.964 0.000220196 0.00191131
0.965 0.00200687 0.00209023
0.966 0.0032929 0.00203047
0.967 0.00383333 0.00182088
0.968 0.00364093 0.00160031
0.969 0.00295551 0.00148473
0.97 0.00212761 0.00151833
0.971 0.00147739 0.00166396
0.972 0.00118689 0.0018295
0.973 0.00125695 0.00191414
0.974 0.0015333 0.00185365
0.975 0.00178536 0.00164455
0.976 0.00180616 0.00133777
0.977 0.00149558 0.00100846
0.978 0.000894685 0.000720396
0.979 0.000158948 0.00050333
0.98 -0.000512569 0.000351195
0.981 -0.000956324 0.000236685
0.982 -0.00109851 0.000131616
0.983 -0.000967857 2.2975e-05
0.984 -0.000669261 -8.16683e-05
0.985 -0.000334702 -0.00016078
0.986 -7.29802e-05 -0.000193093
0.987 6.29828e-05 -0.000171025
0.988 8.11672e-05 -0.0001059
0.989 3.02852e-05 -2.29263e-05
0.99 -3.17401e-05 5.02333e-05
0.991 -6.43238e-05 9.46661e-05
0.992 -5.5851e-05 0.000105796
0.993 -1.95497e-05 9.17264e-05
0.994 2.04418e-05 6.64481e-05
0.995 4.4273e-05 4.21781e-05
0.996 4.55598e-05 2.48152e-05
0.997 3.11946e-05 1.41045e-05
0.998 1.3802e-05 7.13326e-06
0.999 2.83607e-06 2.14019e-06
0.12 -0.0568068 0.175833
0.24 -0.0568297 0.175947
0.36 -0.0568663 0.176133
0.48 -0.0569141 0.176389
0.6 -0.0569697 0.176709
0.72 -0.057029 0.177085
0.84 -0.0570868 0.17751
0.96 -0.057137 0.177974
1.08 -0.0571729 0.178465
1.2 -0.0571869 0.178973
1.32 -0.0571708 0.179483
1.44 -0.0571156 0.179983
1.56 -0.0570119 0.180457
1.68 -0.0568497 0.180891
1.8 -0.0566187 0.181268
1.92 -0.0563081 0.181574
2.04 -0.0559068 0.181792
2.16 -0.0554037 0.181907
2.28 -0.0547875 0.181902
2.4 -0.0540469 0.181763
2.52 -0.0531707 0.181475
2.64 -0.0521478 0.181024
2.76 -0.0509675 0.180397
2.88 -0.0496194 0.179581
3 -0.0480935 0.178566
3.12 -0.0463804 0.177342
3.24 -0.0444713 0.1759
3.36 -0.042358 0.174234
3.48 -0.0400333 0.172339
3.6 -0.0374906 0.170209
3.72 -0.0347244 0.167845
3.84 -0.0317303 0.165244
3.96 -0.0285046 0.16241
4.08 -0.025045 0.159344
4.2 -0.0213502 0.156052
4.32 -0.0174202 0.15254
4.44 -0.0132563 0.148818
4.56 -0.00886083 0.144896
4.68 -0.00423751 0.140784
4.8 0.000608632 0.136497
4.92 0.00567132 0.132049
5.04 0.010943 0.127457
5.16 0.0164148 0.122737
5.28 0.0220767 0.117908
5.4 0.0279174 0.11299
5.52 0.0339245 0.108001
5.64 0.0400844 0.102964
5.76 0.0463824 0.0978995
5.88 0.0528031 0.0928286
6 0.0593299 0.087773
6.12 0.0659453 0.0827546
6.24 0.0726313 0.0777945
6.36 0.079369 0.0729139
6.48 0.0861391 0.0681332
6.6 0.0929217 0.0634721
6.72 0.0996966 0.0589495
6.84 0.106444 0.0545832
6.96 0.113142 0.05039
7.08 0.119771 0.046385
7.2 0.12631 0.0425824
7.32 0.132739 0.0389944
7.44 0.139038 0.0356319
7.56 0.145188 0.0325039
7.68 0.151169 0.0296176
7.8 0.156964 0.0269784
7.92 0.162554 0.0245899
8.04 0.167924 0.0224537
8.16 0.173058 0.0205694
8.28 0.177941 0.0189347
8.4 0.182561 0.0175456
8.52 0.186904 0.0163961
8.64 0.190961 0.0154783
8.76 0.194721 0.0147826
8.88 0.198178 0.014298
9 0.201325 0.0140117
9.12 0.204157 0.0139093
9.24 0.206671 0.0139754
9.36 0.208865 0.0141931
9.48 0.21074 0.0145447
9.6 0.212296 0.0150114
9.72 0.213537 0.0155736
9.84 0.214468 0.0162111
9.96 0.215095 0.0169033
10.08 0.215425 0.0176294
10.2 0.215468 0.0183682
10.32 0.215234 0.019099
10.44 0.214735 0.0198007
10.56 0.213984 0.0204532
10.68 0.212995 0.0210366
10.8 0.211783 0.0215316
10.92 0.210364 0.02192
11.04 0.208754 0.0221845
11.16 0.206972 0.0223088
11.28 0.205035 0.0222781
11.4 0.202961 0.0220786
11.52 0.20077 0.0216982
11.64 0.198481 0.0211263
11.76 0.196112 0.0203538
11.88 0.193682 0.0193735
12 0.191211 0.0181798
12.12 0.188716 0.0167688
12.24 0.186216 0.0151385
12.36 0.183728 0.0132887
12.48 0.181269 0.0112209
12.6 0.178856 0.00893855
12.72 0.176502 0.00644668
12.84 0.174222 0.0037521
12.96 0.17203 0.000863246
13.08 0.169937 -0.00220987
13.2 0.167954 -0.00545575
13.32 0.16609 -0.00886147
13.44 0.164355 -0.0124128
13.56 0.162754 -0.0160944
13.68 0.161293 -0.0198897
13.8 0.159976 -0.0237813
13.92 0.158805 -0.027751
14.04 0.157783 -0.0317797
14.16 0.156909 -0.035848
14.28 0.156181 -0.0399359
14.4 0.155596 -0.0440232
14.52 0.155151 -0.0480896
14.64 0.15484 -0.0521147
14.76 0.154656 -0.0560784
14.88 0.154592 -0.0599607
15 0.15464 -0.0637422
15.12 0.154789 -0.0674038
15.24 0.155029 -0.0709273
15.36 0.155349 -0.074295
15.48 0.155737 -0.0774905
15.6 0.156181 -0.0804978
15.72 0.156668 -0.0833026
15.84 0.157184 -0.0858912
15.96 0.157717 -0.0882514
16.08 0.158253 -0.0903723
16.2 0.158778 -0.0922442
16.32 0.15928 -0.093859
16.44 0.159744 -0.0952097
16.56 0.160158 -0.096291
16.68 0.160511 -0.0970988
16.8 0.160789 -0.0976308
16.92 0.160982 -0.0978858
17.04 0.161079 -0.0978641
17.16 0.16107 -0.0975676
17.28 0.160947 -0.0969992
17.4 0.160702 -0.0961635
17.52 0.160328 -0.095066
17.64 0.159818 -0.0937136
17.76 0.159168 -0.0921144
17.88 0.158374 -0.0902774
18 0.157433 -0.0882127
18.12 0.156343 -0.0859312
18.24 0.155105 -0.0834447
18.36 0.153719 -0.0807657
18.48 0.152186 -0.0779074
18.6 0.150509 -0.0748835
18.72 0.148692 -0.0717081
18.84 0.146741 -0.0683958
18.96 0.14466 -0.0649614
19.08 0.142457 -0.0614198
19.2 0.140139 -0.0577861
19.32 0.137714 -0.0540754
19.44 0.135192 -0.0503026
19.56 0.132582 -0.0464826
19.68 0.129895 -0.04263
19.8 0.127141 -0.038759
19.92 0.124331 -0.0348835
20.04 0.121477 -0.0310169
20.16 0.11859 -0.0271721
20.28 0.115683 -0.0233615
20.4 0.112766 -0.0195969
20.52 0.109852 -0.0158893
20.64 0.106952 -0.0122492
20.76 0.104077 -0.00868634
20.88 0.10124 -0.00520963
21 0.0984492 -0.00182731
21.12 0.0957164 0.00145318
21.24 0.0930508 0.00462514
21.36 0.0904618 0.00768268
21.48 0.0879577 0.0106207
21.6 0.0855464 0.0134348
21.72 0.083235 0.0161213
21.84 0.0810297 0.0186774
21.96 0.0789362 0.021101
22.08 0.076959 0.0233905
22.2 0.0751019 0.0255451
22.32 0.073368 0.0275646
22.44 0.0717592 0.0294494
22.56 0.0702767 0.0312005
22.68 0.0689209 0.0328194
22.8 0.0676911 0.0343079
22.92 0.0665861 0.0356685
23.04 0.0656036 0.0369039
23.16 0.0647405 0.0380174
23.28 0.0639933 0.0390123
23.4 0.0633573 0.0398925
23.52 0.0628275 0.0406619
23.64 0.0623981 0.0413246
23.76 0.0620628 0.041885
23.88 0.0618147 0.0423475
24 0.0616466 0.0427166
24.12 0.0615508 0.0429969
24.24 0.0615191 0.043193
24.36 0.0615433 0.0433095
24.48 0.0616149 0.0433509
24.6 0.0617251 0.0433216
24.72 0.0618651 0.043226
24.84 0.0620261 0.0430683
24.96 0.0621994 0.0428528
25.08 0.0623762 0.0425833
25.2 0.0625479 0.0422638
25.32 0.0627062 0.0418977
25.44 0.062843 0.0414887
25.56 0.0629504 0.0410399
25.68 0.063021 0.0405545
25.8 0.0630477 0.0400353
25.92 0.0630238 0.0394851
26.04 0.0629432 0.0389063
26.16 0.0628002 0.0383013
26.28 0.0625895 0.0376721
26.4 0.0623066 0.0370208
26.52 0.0619474 0.0363491
26.64 0.0615084 0.0356586
26.76 0.0609868 0.0349507
26.88 0.0603801 0.0342268
27 0.0596868 0.0334881
27.12 0.0589057 0.0327355
27.24 0.0580363 0.03197
27.36 0.0570788 0.0311925
27.48 0.0560338 0.0304037
27.6 0.0549025 0.0296043
27.72 0.0536867 0.0287949
27.84 0.0523887 0.0279761
27.96 0.0510113 0.0271484
28.08 0.0495577 0.0263124
28.2 0.0480316 0.0254684
28.32 0.0464372 0.0246171
28.44 0.0447789 0.0237589
28.56 0.0430616 0.0228942
28.68 0.0412904 0.0220236
28.8 0.0394707 0.0211477
28.92 0.0376082 0.020267
29.04 0.0357087 0.0193822
29.16 0.0337783 0.0184939
29.28 0.0318231 0.0176028
29.4 0.0298493 0.0167097
29.52 0.0278632 0.0158154
29.64 0.0258711 0.0149208
29.76 0.0238793 0.0140267
29.88 0.021894 0.0131341
30 0.0199213 0.012244
30.12 0.0179672 0.0113576
30.24 0.0160376 0.0104758
30.36 0.0141381 0.00959993
30.48 0.0122742 0.00873105
30.6 0.0104511 0.0078704
30.72 0.00867378 0.00701921
30.84 0.00694692 0.00617875
30.96 0.00527491 0.00535028
31.08 0.00366181 0.00453508
31.2 0.00211137 0.00373443
31.32 0.000626979 0.00294959
31.44 -0.00078833 0.00218182
31.56 -0.00213188 0.00143237
31.68 -0.00340137 0.000702433
31.8 -0.00459487 -6.80059e-06
31.92 -0.00571083 -0.000694201
32.04 -0.00674807 -0.00135868
32.16 -0.00770578 -0.0019992
32.28 -0.00858353 -0.00261479
32.4 -0.00938125 -0.00320454
32.52 -0.0100992 -0.00376761
32.64 -0.0107381 -0.00430324
32.76 -0.0112987 -0.00481074
32.88 -0.0117825 -0.00528951
33 -0.012191 -0.00573905
33.12 -0.012526 -0.00615893
33.24 -0.0127896 -0.00654882
33.36 -0.0129844 -0.00690849
33.48 -0.0131129 -0.0072378
33.6 -0.0131778 -0.00753671
33.72 -0.0131823 -0.00780527
33.84 -0.0131295 -0.00804362
33.96 -0.0130228 -0.00825202
34.08 -0.0128656 -0.0084308
34.2 -0.0126614 -0.00858039
34.32 -0.0124138 -0.00870129
34.44 -0.0121267 -0.00879413
34.56 -0.0118036 -0.00885956
34.68 -0.0114483 -0.00889837
34.8 -0.0110644 -0.00891136
34.92 -0.0106558 -0.00889945
35.04 -0.0102259 -0.00886359
35.16 -0.00977827 -0.00880481
35.28 -0.00931645 -0.00872416
35.4 -0.00884374 -0.00862277
35.52 -0.00836335 -0.00850178
35.64 -0.00787837 -0.0083624
35.76 -0.00739169 -0.00820581
35.88 -0.00690609 -0.00803327
36 -0.00642415 -0.00784601
36.12 -0.00594824 -0.00764529
36.24 -0.00548058 -0.00743236
36.36 -0.00502316 -0.00720848
36.48 -0.00457778 -0.00697489
36.6 -0.00414603 -0.00673281
36.72 -0.0037293 -0.00648344
36.84 -0.00332876 -0.00622796
36.96 -0.00294538 -0.00596753
37.08 -0.00257995 -0.00570323
37.2 -0.00223302 -0.00543616
37.32 -0.00190498 -0.00516733
37.44 -0.00159604 -0.00489773
37.56 -0.00130622 -0.00462828
37.68 -0.00103539 -0.00435986
37.8 -0.000783237 -0.00409331
37.92 -0.000549342 -0.00382939
38.04 -0.000333135 -0.0035688
38.16 -0.000133933 -0.00331222
38.28 4.90527e-05 -0.00306023
38.4 0.000216698 -0.00281338
38.52 0.000369956 -0.00257214
38.64 0.000509841 -0.00233695
38.76 0.000637416 -0.00210817
38.88 0.000753776 -0.00188611
39 0.000860036 -0.00167106
39.12 0.000957317 -0.0014632
39.24 0.00104673 -0.00126272
39.36 0.00112937 -0.00106974
39.48 0.0012063 -0.000884321
39.6 0.00127854 -0.000706514
39.72 0.00134706 -0.000536317
39.84 0.00141276 -0.000373698
39.96 0.00147647 -0.000218591
40.08 0.00153895 -7.09064e-05
40.2 0.00160088 6.94722e-05
40.32 0.00166285 0.000202682
40.44 0.00172534 0.000328879
40.56 0.00178876 0.000448233
40.68 0.00185341 0.000560928
40.8 0.0019195 0.000667158
40.92 0.00198713 0.000767122
41.04 0.00205633 0.000861025
41.16 0.00212702 0.000949075
41.28 0.00219905 0.00103148
41.4 0.00227217 0.00110844
41.52 0.00234606 0.00118017
41.64 0.00242035 0.00124685
41.76 0.00249457 0.00130869
41.88 0.00256823 0.00136586
42 0.00264078 0.00141855
42.12 0.00271162 0.00146692
42.24 0.00278015 0.00151113
42.36 0.00284572 0.00155133
42.48 0.00290769 0.00158766
42.6 0.00296541 0.00162025
42.72 0.00301825 0.00164922
42.84 0.00306557 0.00167469
42.96 0.00310678 0.00169676
43.08 0.00314132 0.00171553
43.2 0.00316865 0.00173109
43.32 0.00318831 0.00174352
43.44 0.00319987 0.0017529
43.56 0.00320295 0.00175931
43.68 0.00319728 0.00176281
43.8 0.00318261 0.00176348
43.92 0.00315879 0.00176137
44.04 0.00312572 0.00175657
44.16 0.00308342 0.00174912
44.28 0.00303193 0.00173909
44.4 0.00297141 0.00172655
44.52 0.00290207 0.00171158
44.64 0.0028242 0.00169423
44.76 0.00273818 0.00167459
44.88 0.00264442 0.00165273
45 0.00254342 0.00162874
45.12 0.00243573 0.00160269
45.24 0.00232196 0.00157468
45.36 0.00220274 0.0015448
45.48 0.00207878 0.00151315
45.6 0.00195078 0.00147982
45.72 0.00181951 0.00144494
45.84 0.00168573 0.0014086
45.96 0.00155022 0.00137092
46.08 0.00141376 0.001332
46.2 0.00127713 0.00129199
46.32 0.00114111 0.00125098
46.44 0.00100644 0.0012091
46.56 0.000873855 0.00116647
46.68 0.000744055 0.00112323
46.8 0.000617698 0.00107948
46.92 0.000495406 0.00103535
47.04 0.000377749 0.000990957
47.16 0.000265248 0.000946426
47.28 0.000158368 0.000901869
47.4 5.75166e-05 0.0008574
47.52 -3.69622e-05 0.000813129
47.64 -0.000124786 0.000769161
47.76 -0.000205736 0.000725599
47.88 -0.00027966 0.000682541
48 -0.000346468 0.000640079
48.12 -0.000406136 0.000598303
48.24 -0.000458699 0.000557294
48.36 -0.000504256 0.000517132
48.48 -0.000542959 0.000477888
48.6 -0.000575017 0.000439632
48.72 -0.00060069 0.000402424
48.84 -0.000620281 0.000366323
48.96 -0.000634138 0.000331379
49.08 -0.000642645 0.000297641
49.2 -0.000646217 0.00026515
49.32 -0.000645297 0.000233943
49.44 -0.000640348 0.000204054
49.56 -0.000631849 0.000175511
49.68 -0.000620291 0.000148338
49.8 -0.000606167 0.000122555
49.92 -0.000589973 9.8179e-05
50.04 -0.000572196 7.52217e-05
50.16 -0.000553316 5.36926e-05
50.28 -0.000533794 3.35969e-05
50.4 -0.000514076 1.49369e-05
50.52 -0.000494582 -2.28865e-06
50.64 -0.000475705 -1.80842e-05
50.76 -0.000457809 -3.24573e-05
50.88 -0.000441226 -4.54189e-05
51 -0.000426253 -5.69831e-05
51.12 -0.000413148 -6.71673e-05
51.24 -0.000402133 -7.59921e-05
51.36 -0.000393393 -8.34818e-05
51.48 -0.00038707 -8.96641e-05
51.6 -0.000383271 -9.45701e-05
51.72 -0.000382062 -9.82348e-05
51.84 -0.000383474 -0.000100697
51.96 -0.000387499 -0.000102
52.08 -0.000394098 -0.000102189
52.2 -0.000403198 -0.000101317
52.32 -0.000414696 -9.94369e-05
52.44 -0.000428463 -9.66086e-05
52.56 -0.000444345 -9.2895e-05
52.68 -0.000462168 -8.83631e-05
52.8 -0.000481736 -8.30842e-05
52.92 -0.000502842 -7.7133e-05
53.04 -0.000525264 -7.05879e-05
53.16 -0.000548773 -6.35307e-05
53.28 -0.000573135 -5.60462e-05
53.4 -0.00059811 -4.8222e-05
53.52 -0.000623462 -4.01477e-05
53.64 -0.000648957 -3.19149e-05
53.76 -0.000674365 -2.36165e-05
53.88 -0.000699467 -1.53461e-05
54 -0.000724052 -7.19722e-06
54.12 -0.000747923 7.36867e-07
54.24 -0.000770894 8.36428e-06
54.36 -0.000792797 1.5595e-05
54.48 -0.000813478 2.23418e-05
54.6 -0.000832801 2.85206e-05
54.72 -0.000850648 3.40518e-05
54.84 -0.000866916 3.88605e-05
54.96 -0.000881522 4.28775e-05
55.08 -0.000894401 4.60398e-05
55.2 -0.000905501 4.82918e-05
55.32 -0.00091479 4.95851e-05
55.44 -0.000922248 4.98799e-05
55.56 -0.000927872 4.9145e-05
55.68 -0.000931668 4.73584e-05
55.8 -0.000933657 4.45079e-05
55.92 -0.000933868 4.05911e-05
56.04 -0.000932337 3.56156e-05
56.16 -0.000929111 2.95993e-05
56.28 -0.000924238 2.25706e-05
56.4 -0.000917773 1.45676e-05
56.52 -0.000909771 5.63885e-06
56.64 -0.000900289 -4.15785e-06
56.76 -0.000889384 -1.47552e-05
56.88 -0.000877112 -2.60773e-05
57 -0.000863525 -3.80399e-05
57.12 -0.000848674 -5.05515e-05
57.24 -0.000832602 -6.3514e-05
57.36 -0.000815352 -7.68235e-05
57.48 -0.000796959 -9.03712e-05
57.6 -0.000777454 -0.000104045
57.72 -0.000756862 -0.000117729
57.84 -0.000735203 -0.000131307
57.96 -0.000712493 -0.000144663
58.08 -0.000688744 -0.000157679
58.2 -0.000663962 -0.000170243
58.32 -0.000638153 -0.000182242
58.44 -0.000611318 -0.000193572
58.56 -0.000583459 -0.000204131
58.68 -0.000554576 -0.000213824
58.8 -0.000524672 -0.000222567
58.92 -0.00049375 -0.000230281
59.04 -0.000461817 -0.000236899
59.16 -0.000428882 -0.000242364
59.28 -0.000394964 -0.00024663
59.4 -0.000360082 -0.000249663
59.52 -0.000324266 -0.000251441
59.64 -0.000287554 -0.000251957
59.76 -0.00024999 -0.000251214
59.88 -0.000211628 -0.000249229
60 -0.000172533 -0.000246034
60.12 -0.000132778 -0.000241673
60.24 -9.2448e-05 -0.000236201
60.36 -5.16355e-05 -0.000229688
60.48 -1.04441e-05 -0.000222213
60.6 3.10135e-05 -0.000213869
60.72 7.26159e-05 -0.000204757
60.84 0.000114234 -0.000194989
60.96 0.00015573 -0.000184683
61.08 0.000196961 -0.000173967
61.2 0.00023778 -0.000162974
61.32 0.000278035 -0.00015184
61.44 0.00031757 -0.000140708
61.56 0.000356231 -0.00012972
61.68 0.000393862 -0.00011902
61.8 0.00043031 -0.000108753
61.92 0.000465425 -9.90581e-05
62.04 0.000499062 -9.00747e-05
62.16 0.000531083 -8.19357e-05
62.28 0.000561358 -7.47681e-05
62.4 0.000589765 -6.86917e-05
62.52 0.000616194 -6.38177e-05
62.64 0.000640548 -6.02477e-05
62.76 0.000662741 -5.80726e-05
62.88 0.000682702 -5.73716e-05
63 0.000700376 -5.82116e-05
63.12 0.000715721 -6.06463e-05
63.24 0.000728714 -6.47156e-05
63.36 0.000739347 -7.04451e-05
63.48 0.000747628 -7.7846e-05
63.6 0.000753583 -8.69145e-05
63.72 0.000757254 -9.76319e-05
63.84 0.000758698 -0.000109965
63.96 0.000757989 -0.000123865
64.08 0.000755214 -0.00013927
64.2 0.000750475 -0.000156102
64.32 0.000743887 -0.000174271
64.44 0.000735577 -0.000193674
64.56 0.00072568 -0.000214195
64.68 0.000714344 -0.000235706
64.8 0.000701722 -0.000258069
64.92 0.000687975 -0.000281135
65.04 0.000673267 -0.000304748
65.16 0.000657767 -0.000328742
65.28 0.000641646 -0.000352945
65.4 0.000625073 -0.00037718
65.52 0.000608219 -0.000401262
65.64 0.00059125 -0.000425004
65.76 0.000574331 -0.000448219
65.88 0.000557618 -0.000470712
66 0.000541266 -0.000492294
66.12 0.000525419 -0.00051277
66.24 0.000510214 -0.00053195
66.36 0.000495781 -0.000549646
66.48 0.000482238 -0.000565671
66.6 0.000469696 -0.000579842
66.72 0.000458254 -0.000591982
66.84 0.000448002 -0.000601917
66.96 0.000439018 -0.000609481
67.08 0.000431371 -0.000614513
67.2 0.00042512 -0.00061686
67.32 0.000420313 -0.000616376
67.44 0.000416989 -0.000612922
67.56 0.000415179 -0.000606371
67.68 0.000414903 -0.000596601
67.8 0.000416175 -0.000583502
67.92 0.000418999 -0.000566973
68.04 0.000423376 -0.000546924
68.16 0.000429296 -0.000523274
68.28 0.000436745 -0.000495955
68.4 0.000445706 -0.000464909
68.52 0.000456153 -0.000430091
68.64 0.000468057 -0.000391467
68.76 0.000481387 -0.000349016
68.88 0.000496104 -0.000302731
69 0.00051217 -0.000252617
69.12 0.000529539 -0.000198695
69.24 0.000548163 -0.000140997
69.36 0.000567991 -7.95741e-05
69.48 0.000588966 -1.44888e-05
69.6 0.00061103 5.41784e-05
69.72 0.000634116 0.000126332
69.84 0.000658154 0.000201858
69.96 0.00068307 0.000280629
70.08 0.000708781 0.000362496
70.2 0.000735199 0.000447296
70.32 0.000762228 0.000534847
70.44 0.000789763 0.000624948
70.56 0.000817693 0.000717382
70.68 0.000845898 0.000811913
70.8 0.000874246 0.000908287
70.92 0.000902597 0.00100623
71.04 0.000930804 0.00110546
71.16 0.000958706 0.00120567
71.28 0.000986135 0.00130654
71.4 0.00101291 0.00140774
71.52 0.00103885 0.00150891
71.64 0.00106376 0.00160969
71.76 0.00108744 0.00170972
71.88 0.00110968 0.0018086
72 0.00113027 0.00190596
72.12 0.00114899 0.00200139
72.24 0.00116564 0.00209451
72.36 0.00118 0.0021849
72.48 0.00119185 0.00227217
72.6 0.00120101 0.00235593
72.72 0.00120727 0.00243579
72.84 0.00121046 0.00251137
72.96 0.00121041 0.0025823
73.08 0.00120697 0.00264824
73.2 0.00120001 0.00270886
73.32 0.00118945 0.00276385
73.44 0.0011752 0.00281291
73.56 0.00115722 0.00285581
73.68 0.00113551 0.0028923
73.8 0.0011101 0.00292219
73.92 0.00108105 0.00294534
74.04 0.0010485 0.00296162
74.16 0.00101258 0.00297095
74.28 0.000973516 0.0029733
74.4 0.000931555 0.00296868
74.52 0.000887004 0.00295715
74.64 0.000840217 0.0029388
74.76 0.0007916 0.00291379
74.88 0.00074161 0.00288232
75 0.000690752 0.00284463
75.12 0.000639582 0.00280101
75.24 0.0005887 0.00275182
75.36 0.000538752 0.00269743
75.48 0.000490422 0.00263826
75.6 0.000444433 0.00257481
75.72 0.000401543 0.00250756
75.84 0.000362534 0.00243706
75.96 0.000328215 0.0023639
76.08 0.00029941 0.00228866
76.2 0.000276955 0.00221198
76.32 0.000261691 0.0021345
76.44 0.000254456 0.00205687
76.56 0.000256078 0.00197977
76.68 0.00026737 0.00190386
76.8 0.00028912 0.00182981
76.92 0.000322083 0.00175826
77.04 0.000366976 0.00168987
77.16 0.000424467 0.00162524
77.28 0.000495172 0.00156499
77.4 0.000579645 0.00150965
77.52 0.00067837 0.00145975
77.64 0.000791757 0.00141578
77.76 0.000920137 0.00137815
77.88 0.00106375 0.00134724
78 0.00122276 0.00132336
78.12 0.00139722 0.00130676
78.24 0.00158708 0.00129763
78.36 0.00179222 0.00129606
78.48 0.00201238 0.00130212
78.6 0.00224723 0.00131575
78.72 0.00249632 0.00133685
78.84 0.00275909 0.00136522
78.96 0.0030349 0.00140061
79.08 0.00332301 0.00144266
79.2 0.00362257 0.00149097
79.32 0.00393267 0.00154503
79.44 0.00425229 0.00160429
79.56 0.00458035 0.00166812
79.68 0.0049157 0.00173584
79.8 0.00525712 0.00180668
79.92 0.00560336 0.00187986
80.04 0.0059531 0.00195453
80.16 0.006305 0.00202979
80.28 0.0066577 0.00210473
80.4 0.00700983 0.0021784
80.52 0.00736001 0.00224984
80.64 0.00770687 0.00231806
80.76 0.00804906 0.00238209
80.88 0.00838526 0.00244096
81 0.00871419 0.00249369
81.12 0.00903462 0.00253935
81.24 0.00934537 0.00257703
81.36 0.00964536 0.00260585
81.48 0.00993354 0.00262496
81.6 0.010209 0.0026336
81.72 0.0104708 0.00263102
81.84 0.0107183 0.00261655
81.96 0.0109508 0.0025896
82.08 0.0111676 0.00254963
82.2 0.0113685 0.00249618
82.32 0.011553 0.00242887
82.44 0.0117209 0.00234738
82.56 0.011872 0.0022515
82.68 0.0120064 0.00214108
82.8 0.0121241 0.00201605
82.92 0.0122253 0.0018764
83.04 0.0123102 0.00172224
83.16 0.0123792 0.00155369
83.28 0.0124327 0.00137098
83.4 0.0124712 0.00117439
83.52 0.0124952 0.000964235
83.64 0.0125054 0.000740906
83.76 0.0125023 0.000504815
83.88 0.0124867 0.000256413
84 0.0124592 -3.82419e-06
84.12 0.0124205 -0.000275407
84.24 0.0123714 -0.000557837
84.36 0.0123123 -0.000850619
84.48 0.0122442 -0.00115327
84.6 0.0121674 -0.00146532
84.72 0.0120826 -0.00178634
84.84 0.0119904 -0.00211592
84.96 0.0118911 -0.00245371
85.08 0.0117852 -0.00279941
85.2 0.0116729 -0.00315277
85.32 0.0115545 -0.0035136
85.44 0.0114301 -0.0038818
85.56 0.0112998 -0.00425732
85.68 0.0111636 -0.0046402
85.8 0.0110213 -0.00503055
85.92 0.0108727 -0.00542855
86.04 0.0107176 -0.00583447
86.16 0.0105555 -0.00624863
86.28 0.0103861 -0.00667146
86.4 0.0102089 -0.00710341
86.52 0.0100232 -0.00754502
86.64 0.00982857 -0.00799685
86.76 0.00962424 -0.00845953
86.88 0.0094096 -0.0089337
87 0.00918395 -0.00942003
87.12 0.00894665 -0.00991919
87.24 0.00869701 -0.0104318
87.36 0.00843443 -0.0109586
87.48 0.00815831 -0.0115001
87.6 0.00786814 -0.0120568
87.72 0.00756347 -0.0126293
87.84 0.00724395 -0.0132179
87.96 0.00690932 -0.0138229
88.08 0.00655946 -0.0144444
88.2 0.00619435 -0.0150824
88.32 0.00581414 -0.0157368
88.44 0.00541912 -0.0164072
88.56 0.00500974 -0.0170932
88.68 0.00458663 -0.0177939
88.8 0.00415058 -0.0185085
88.92 0.00370257 -0.0192358
89.04 0.00324377 -0.0199743
89.16 0.00277552 -0.0207225
89.28 0.00229936 -0.0214783
89.4 0.00181698 -0.0222396
89.52 0.00133029 -0.0230039
89.64 0.000841318 -0.0237686
89.76 0.000352287 -0.0245307
89.88 -0.000134452 -0.0252869
90 -0.000616409 -0.0260338
90.12 -0.00109098 -0.0267677
90.24 -0.00155546 -0.0274847
90.36 -0.00200705 -0.0281805
90.48 -0.0024429 -0.0288509
90.6 -0.00286013 -0.0294913
90.72 -0.00325582 -0.0300972
90.84 -0.00362707 -0.0306636
90.96 -0.003971 -0.0311858
91.08 -0.00428479 -0.0316588
91.2 -0.0045657 -0.0320776
91.32 -0.00481111 -0.0324372
91.44 -0.00501849 -0.0327327
91.56 -0.00518551 -0.0329592
91.68 -0.00531 -0.033112
91.8 -0.00538998 -0.0331863
91.92 -0.00542373 -0.0331779
92.04 -0.00540974 -0.0330824
92.16 -0.00534678 -0.0328959
92.28 -0.0052339 -0.0326148
92.4 -0.00507046 -0.0322356
92.52 -0.00485611 -0.0317556
92.64 -0.00459083 -0.0311721
92.76 -0.00427494 -0.0304829
92.88 -0.00390908 -0.0296866
93 -0.00349425 -0.0287819
93.12 -0.00303178 -0.0277683
93.24 -0.00252333 -0.0266457
93.36 -0.0019709 -0.0254145
93.48 -0.00137684 -0.024076
93.6 -0.000743771 -0.0226317
93.72 -7.46546e-05 -0.021084
93.84 0.000627277 -0.0194358
93.96 0.00135852 -0.0176907
94.08 0.00211532 -0.0158527
94.2 0.00289369 -0.0139266
94.32 0.00368946 -0.0119178
94.44 0.00449827 -0.00983217
94.56 0.00531561 -0.00767613
94.68 0.00613685 -0.00545672
94.8 0.00695728 -0.00318142
94.92 0.00777213 -0.000858211
95.04 0.00857662 0.00150451
95.16 0.00936594 0.00389796
95.28 0.0101353 0.00631298
95.4 0.0108802 0.00874015
95.52 0.0115958 0.0111698
95.64 0.0122778 0.0135919
95.76 0.012922 0.0159966
95.88 0.0135241 0.0183738
96 0.0140804 0.0207131
96.12 0.0145871 0.0230046
96.24 0.015041 0.0252383
96.36 0.015439 0.0274041
96.48 0.0157782 0.0294926
96.6 0.0160562 0.0314942
96.72 0.0162709 0.0334
96.84 0.0164206 0.0352012
96.96 0.0165037 0.0368897
97.08 0.0165193 0.0384577
97.2 0.0164666 0.0398981
97.32 0.0163453 0.0412042
97.44 0.0161554 0.0423701
97.56 0.0158974 0.0433906
97.68 0.015572 0.0442612
97.8 0.0151801 0.044978
97.92 0.0147234 0.045538
98.04 0.0142033 0.045939
98.16 0.0136221 0.0461797
98.28 0.0129819 0.0462595
98.4 0.0122854 0.0461787
98.52 0.0115353 0.0459384
98.64 0.0107346 0.0455406
98.76 0.00988653 0.044988
98.88 0.0089945 0.0442844
99 0.00806203 0.043434
99.12 0.00709276 0.0424421
99.24 0.00609046 0.0413146
99.36 0.00505894 0.0400581
99.48 0.0040021 0.0386799
99.6 0.00292386 0.037188
99.72 0.00182814 0.0355909
99.84 0.00071887 0.0338975
99.96 -0.00040006 0.0321173
100.08 -0.0015248 0.0302604
100.2 -0.00265157 0.0283368
100.32 -0.00377665 0.0263573
100.44 -0.00489642 0.0243324
100.56 -0.00600736 0.0222733
100.68 -0.00710605 0.0201909
100.8 -0.0081892 0.0180963
100.92 -0.00925362 0.0160004
101.04 -0.0102963 0.0139142
101.16 -0.0113142 0.0118485
101.28 -0.0123047 0.00981363
101.4 -0.0132649 0.0078199
101.52 -0.0141925 0.00587713
101.64 -0.0150849 0.00399474
101.76 -0.0159399 0.00218169
101.88 -0.0167552 0.000446405
102 -0.0175289 -0.00120324
102.12 -0.0182587 -0.00275998
102.24 -0.018943 -0.00421722
102.36 -0.0195798 -0.00556901
102.48 -0.0201675 -0.00681015
102.6 -0.0207043 -0.00793616
102.72 -0.0211886 -0.0089433
102.84 -0.021619 -0.00982861
102.96 -0.0219939 -0.0105899
103.08 -0.0223118 -0.0112258
103.2 -0.0225713 -0.0117357
103.32 -0.0227711 -0.0121197
103.44 -0.0229099 -0.0123787
103.56 -0.0229864 -0.0125145
103.68 -0.0229992 -0.0125292
103.8 -0.0229473 -0.0124261
103.92 -0.0228295 -0.0122089
104.04 -0.0226447 -0.0118819
104.16 -0.0223918 -0.0114501
104.28 -0.0220699 -0.0109191
104.4 -0.0216782 -0.0102947
104.52 -0.0212159 -0.00958351
104.64 -0.0206822 -0.0087924
104.76 -0.0200767 -0.0079286
104.88 -0.0193989 -0.00699964
105 -0.0186486 -0.0060133
105.12 -0.0178257 -0.00497756
105.24 -0.0169303 -0.00390052
105.36 -0.0159627 -0.00279038
105.48 -0.0149234 -0.00165533
105.6 -0.0138132 -0.000503549
105.72 -0.012633 0.000656881
105.84 -0.0113841 0.00181802
105.96 -0.0100681 0.00297211
106.08 -0.00868675 0.00411164
106.2 -0.0072422 0.00522939
106.32 -0.00573689 0.00631847
106.44 -0.00417357 0.00737235
106.56 -0.00255531 0.00838492
106.68 -0.000885507 0.00935051
106.8 0.000832107 0.0102639
106.92 0.00259349 0.0111204
107.04 0.00439428 0.0119159
107.16 0.0062298 0.0126467
107.28 0.00809507 0.0133096
107.4 0.00998482 0.0139023
107.52 0.0118935 0.0144226
107.64 0.0138154 0.0148693
107.76 0.0157444 0.0152416
107.88 0.0176743 0.0155392
108 0.0195987 0.0157623
108.12 0.021511 0.0159119
108.24 0.0234045 0.0159893
108.36 0.0252724 0.0159964
108.48 0.0271079 0.0159356
108.6 0.0289042 0.0158096
108.72 0.0306543 0.0156218
108.84 0.0323516 0.0153757
108.96 0.0339892 0.0150753
109.08 0.0355607 0.014725
109.2 0.0370596 0.0143293
109.32 0.0384798 0.0138932
109.44 0.0398154 0.0134217
109.56 0.0410608 0.01292
109.68 0.0422105 0.0123935
109.8 0.0432599 0.0118477
109.92 0.0442042 0.011288
110.04 0.0450394 0.0107201
110.16 0.0457618 0.0101494
110.28 0.0463684 0.00958134
110.4 0.0468565 0.00902124
110.52 0.0472239 0.00847429
110.64 0.0474691 0.00794551
110.76 0.0475911 0.0074397
110.88 0.0475896 0.00696144
111 0.0474646 0.00651505
111.12 0.047217 0.00610455
111.24 0.0468482 0.00573365
111.36 0.04636 0.00540574
111.48 0.0457549 0.00512386
111.6 0.0450361 0.00489067
111.72 0.0442073 0.00470847
111.84 0.0432724 0.00457917
111.96 0.0422363 0.0045043
112.08 0.0411041 0.00448497
112.2 0.0398814 0.00452191
112.32 0.0385743 0.00461546
112.44 0.0371891 0.00476556
112.56 0.0357327 0.00497177
112.68 0.0342121 0.00523327
112.8 0.0326347 0.00554888
112.92 0.0310082 0.00591707
113.04 0.0293402 0.00633598
113.16 0.0276387 0.00680343
113.28 0.0259117 0.00731695
113.4 0.0241673 0.00787377
113.52 0.0224135 0.00847089
113.64 0.0206583 0.00910508
113.76 0.0189098 0.00977289
113.88 0.0171756 0.0104707
114 0.0154634 0.0111947
114.12 0.0137807 0.011941
114.24 0.0121345 0.0127056
114.36 0.0105317 0.0134844
114.48 0.00897892 0.0142733
114.6 0.00748222 0.015068
114.72 0.00604741 0.0158645
114.84 0.00467983 0.0166586
114.96 0.0033844 0.0174462
115.08 0.00216555 0.0182233
115.2 0.00102724 0.018986
115.32 -2.70696e-05 0.0197305
115.44 -0.000994442 0.0204533
115.56 -0.00187245 0.0211507
115.68 -0.00265919 0.0218194
115.8 -0.00335329 0.0224565
115.92 -0.0039539 0.0230588
116.04 -0.00446069 0.0236238
116.16 -0.00487386 0.024149
116.28 -0.00519408 0.0246321
116.4 -0.00542255 0.0250712
116.52 -0.00556092 0.0254645
116.64 -0.0056113 0.0258106
116.76 -0.00557623 0.0261082
116.88 -0.00545869 0.0263565
117 -0.00526202 0.0265546
117.12 -0.00498995 0.0267022
117.24 -0.00464652 0.0267991
117.36 -0.0042361 0.0268453
117.48 -0.00376332 0.0268412
117.6 -0.00323308 0.0267873
117.72 -0.00265047 0.0266843
117.84 -0.00202079 0.0265332
117.96 -0.00134948 0.0263353
118.08 -0.000642101 0.0260917
118.2 9.5694e-05 0.0258042
118.32 0.000858192 0.0254743
118.44 0.00163965 0.025104
118.56 0.00243434 0.0246951
118.68 0.00323654 0.0242499
118.8 0.00404062 0.0237706
118.92 0.00484101 0.0232593
119.04 0.00563227 0.0227184
119.16 0.00640909 0.0221505
119.28 0.00716632 0.0215579
119.4 0.00789902 0.020943
119.52 0.00860242 0.0203085
119.64 0.00927199 0.0196568
119.76 0.00990345 0.0189903
119.88 0.0104928 0.0183115
120 0.0110362 0.0176228
