-0.999 -1.96277e-05 -1.44885e-05
-0.998 -7.53133e-05 -6.00424e-05
-0.997 -0.000138044 -0.000130522
-0.996 -0.000170946 -0.000211784
-0.995 -0.000170285 -0.000291244
-0.994 -0.000192506 -0.000365818
-0.993 -0.000341061 -0.000442969
-0.992 -0.000709633 -0.000534025
-0.991 -0.00130796 -0.000642366
-0.99 -0.00201331 -0.000752368
-0.989 -0.00258376 -0.000828401
-0.988 -0.0027426 -0.000831021
-0.987 -0.00230955 -0.000745503
-0.986 -0.00132513 -0.00060513
-0.985 -0.000103946 -0.000493071
-0.984 0.000828172 -0.000521391
-0.983 0.000910746 -0.000797954
-0.982 -0.000219561 -0.00139228
-0.981 -0.00253882 -0.00230748
-0.98 -0.00558291 -0.00346872
-0.979 -0.00857901 -0.00474306
-0.978 -0.0107274 -0.00599143
-0.977 -0.0115234 -0.00712372
-0.976 -0.0109857 -0.00811991
-0.975 -0.00969174 -0.00900792
-0.974 -0.00859389 -0.00982094
-0.973 -0.00866113 -0.0105606
-0.972 -0.0104556 -0.011173
-0.971 -0.0138035 -0.0115379
-0.97 -0.0177248 -0.0114832
-0.969 -0.0207055 -0.0108441
-0.968 -0.0212319 -0.00954788
-0.967 -0.0183636 -0.00766656
-0.966 -0.0121179 -0.00540301
-0.965 -0.00354355 -0.0030355
-0.964 0.00552928 -0.000867865
-0.963 0.0130051 0.000804442
-0.962 0.0171812 0.00174081
-0.961 0.0173446 0.00182277
-0.96 0.0140508 0.00109356
-0.959 0.00892315 -0.000279194
-0.958 0.00404158 -0.0020873
-0.957 0.00118839 -0.00413612
-0.956 0.00122769 -0.00625336
-0.955 0.0037944 -0.0083093
-0.954 0.00737678 -0.0102805
-0.953 0.00978432 -0.0122978
-0.952 0.0088804 -0.0145851
-0.951 0.00334369 -0.017293
-0.95 -0.00683186 -0.0203569
-0.949 -0.0202862 -0.0234965
-0.948 -0.0346706 -0.0263281
-0.947 -0.0473098 -0.0284983
-0.946 -0.055983 -0.0298052
-0.945 -0.0596027 -0.0303286
-0.944 -0.0585348 -0.0305358
-0.943 -0.0544255 -0.0312455
-0.942 -0.0496243 -0.0333567
-0.941 -0.0464468 -0.0374269
-0.94 -0.046505 -0.0433426
-0.939 -0.0501911 -0.0502705
-0.938 -0.0563584 -0.0568757
-0.937 -0.0623973 -0.0616965
-0.936 -0.0649076 -0.0635714
-0.935 -0.0608165 -0.0620138
-0.934 -0.0484449 -0.0574084
-0.933 -0.0280981 -0.0509006
-0.932 -0.00211585 -0.043949
-0.931 0.0254549 -0.0377159
-0.93 0.0495229 -0.0326028
-0.929 0.065105 -0.0281461
-0.928 0.0688692 -0.0233028
-0.927 0.0603951 -0.0170293
-0.926 0.0423674 -0.00895309
-0.925 0.0195783 0.00014376
-0.924 -0.00268954 0.00826736
-0.923 -0.0202343 0.0126747
-0.922 -0.0311516 0.0107489
-0.921 -0.0365721 0.000970654
-0.92 -0.0405898 -0.0163991
-0.919 -0.0489347 -0.0391899
-0.918 -0.0665316 -0.063832
-0.917 -0.0949877 -0.0864067
-0.916 -0.131237 -0.103884
-0.915 -0.167882 -0.115033
-0.914 -0.195015 -0.120622
-0.913 -0.202988 -0.122822
-0.912 -0.185495 -0.124053
-0.911 -0.142169 -0.125744
-0.91 -0.0796483 -0.12751
-0.909 -0.0103234 -0.127105
-0.908 0.0510816 -0.121289
-0.907 0.0919101 -0.107366
-0.906 0.10551 -0.0847674
-0.905 0.093499 -0.0559066
-0.904 0.0654635 -0.0258777
-0.903 0.0358006 -0.00103912
-0.902 0.0185224 0.0130469
-0.901 0.0218998 0.0135834
-0.9 0.0450817 0.00163743
-0.899 0.0780273 -0.0181685
-0.898 0.104741 -0.0394032
-0.897 0.108835 -0.0563632
-0.896 0.0799605 -0.0662801
-0.895 0.0190591 -0.0702203
-0.894 -0.0600396 -0.0723529
-0.893 -0.13415 -0.0779199
-0.892 -0.178475 -0.0906498
-0.891 -0.175514 -0.110606
-0.89 -0.121644 -0.133489
-0.889 -0.0291757 -0.151967
-0.888 0.0766029 -0.158699
-0.887 0.164754 -0.149729
-0.886 0.208719 -0.126614
-0.885 0.195892 -0.0963157
-0.884 0.132669 -0.0690012
-0.883 0.0423178 -0.0545844
-0.882 -0.0436824 -0.0591514
-0.881 -0.0972569 -0.0825024
-0.88 -0.103875 -0.117978
-0.879 -0.0679169 -0.155005
-0.878 -0.0116622 -0.183449
-0.877 0.0321794 -0.197765
-0.876 0.0325357 -0.199023
-0.875 -0.0275163 -0.194104
-0.874 -0.142909 -0.192626
-0.873 -0.286839 -0.202815
-0.872 -0.419136 -0.227651
-0.871 -0.499653 -0.262757
-0.87 -0.502101 -0.297289
-0.869 -0.423694 -0.317954
-0.868 -0.287042 -0.314548
-0.867 -0.132969 -0.284391
-0.866 -0.00649256 -0.233763
-0.865 0.0587786 -0.175982
-0.864 0.0520131 -0.126989
-0.863 -0.0115209 -0.0998426
-0.862 -0.0960255 -0.0997907
-0.861 -0.157926 -0.121916
-0.86 -0.161953 -0.152876
-0.859 -0.0948886 -0.176418
-0.858 0.028821 -0.180166
-0.857 0.17226 -0.160571
-0.856 0.289656 -0.12419
-0.855 0.342514 -0.0852455
-0.854 0.312509 -0.0604229
-0.853 0.20756 -0.0624135
-0.852 0.0595773 -0.0943612
-0.851 -0.0860832 -0.147815
-0.85 -0.186827 -0.20581
-0.849 -0.218649 -0.25002
-0.848 -0.184476 -0.268517
-0.847 -0.111604 -0.260579
-0.846 -0.0404975 -0.236992
-0.845 -0.0103806 -0.216209
-0.844 -0.0463285 -0.217668
-0.843 -0.150873 -0.254148
-0.842 -0.302366 -0.325837
-0.841 -0.461526 -0.419078
-0.84 -0.584697 -0.511039
-0.839 -0.638428 -0.578315
-0.838 -0.609104 -0.60528
-0.837 -0.504832 -0.588745
-0.836 -0.350919 -0.537843
-0.835 -0.181584 -0.46984
-0.834 -0.0299581 -0.403259
-0.833 0.0814331 -0.350417
-0.832 0.146476 -0.312378
-0.831 0.174941 -0.27913
-0.83 0.186342 -0.23527
-0.829 0.201976 -0.168248
-0.828 0.238245 -0.0750397
-0.827 0.301708 0.0352568
-0.826 0.385724 0.143211
-0.825 0.470305 0.224424
-0.824 0.526935 0.25713
-0.823 0.527259 0.229663
-0.822 0.451565 0.144491
-0.821 0.29386 0.0165674
-0.82 0.063928 -0.133026
-0.819 -0.212051 -0.284525
-0.818 -0.49376 -0.424715
-0.817 -0.73496 -0.548834
-0.816 -0.89678 -0.659452
-0.815 -0.960036 -0.762714
-0.814 -0.930453 -0.8628
-0.813 -0.835665 -0.956923
-0.812 -0.717136 -1.03401
-0.811 -0.619566 -1.07833
-0.81 -0.577851 -1.07596
-0.809 -0.603352 -1.02018
-0.808 -0.676222 -0.913876
-0.807 -0.75064 -0.769098
-0.806 -0.772388 -0.604492
-0.805 -0.700477 -0.440847
-0.804 -0.523697 -0.295445
-0.803 -0.267378 -0.177627
-0.802 0.0103543 -0.0883303
-0.801 0.232872 -0.023793
-0.8 0.328949 0.0194067
-0.799 0.259873 0.0411797
-0.798 0.0376894 0.0376251
-0.797 -0.275261 0.00271529
-0.796 -0.585737 -0.0688873
-0.795 -0.799899 -0.17818
-0.794 -0.854164 -0.318422
-0.793 -0.737591 -0.47438
-0.792 -0.498464 -0.625865
-0.791 -0.230473 -0.754166
-0.79 -0.0401871 -0.847835
-0.789 -0.00716701 -0.905066
-0.788 -0.153463 -0.932299
-0.787 -0.434519 -0.940287
-0.786 -0.753366 -0.939004
-0.785 -0.992667 -0.932735
-0.784 -1.05539 -0.917441
-0.783 -0.90178 -0.882568
-0.782 -0.568574 -0.817182
-0.781 -0.160413 -0.717176
-0.78 0.185717 -0.589571
-0.779 0.348994 -0.45203
-0.778 0.266703 -0.328204
-0.777 -0.044563 -0.240794
-0.776 -0.49344 -0.204344
-0.775 -0.942468 -0.219991
-0.774 -1.2538 -0.274811
-0.773 -1.33799 -0.347112
-0.772 -1.18746 -0.415604
-0.771 -0.879951 -0.467882
-0.77 -0.549466 -0.504416
-0.769 -0.337025 -0.537104
-0.768 -0.340479 -0.583485
-0.767 -0.580021 -0.658641
-0.766 -0.989115 -0.767214
-0.765 -1.43388 -0.898607
-0.764 -1.75639 -1.02819
-0.763 -1.82849 -1.12491
-0.762 -1.59725 -1.16196
-0.761 -1.10472 -1.12592
-0.76 -0.474501 -1.0211
-0.759 0.129119 -0.868276
-0.758 0.554613 -0.698204
-0.757 0.711083 -0.541945
-0.756 0.595412 -0.420923
-0.755 0.289908 -0.340728
-0.754 -0.0687226 -0.291466
-0.753 -0.338431 -0.254322
-0.752 -0.422394 -0.211241
-0.751 -0.304203 -0.154099
-0.75 -0.0552045 -0.0904541
-0.749 0.189399 -0.0435797
-0.748 0.277642 -0.0458779
-0.747 0.0943636 -0.127351
-0.746 -0.397443 -0.303565
-0.745 -1.14108 -0.5682
-0.744 -2.00025 -0.892935
-0.743 -2.79737 -1.23399
-0.742 -3.36516 -1.54304
-0.741 -3.59691 -1.78
-0.74 -3.47847 -1.92397
-0.739 -3.08975 -1.97776
-0.738 -2.57516 -1.9634
-0.737 -2.09471 -1.91021
-0.736 -1.77291 -1.84166
-0.735 -1.6611 -1.76641
-0.734 -1.72326 -1.67624
-0.733 -1.84968 -1.54999
-0.732 -1.8967 -1.36274
-0.731 -1.74086 -1.09845
-0.73 -1.327 -0.761916
-0.729 -0.691924 -0.38359
-0.728 0.0431397 -0.0136288
-0.727 0.706496 0.292257
-0.726 1.12627 0.488403
-0.725 1.18427 0.550322
-0.724 0.857418 0.479383
-0.723 0.229915 0.301198
-0.722 -0.532196 0.0574742
-0.721 -1.23559 -0.207761
-0.72 -1.72064 -0.46277
-0.719 -1.9076 -0.696408
-0.718 -1.81743 -0.916272
-0.717 -1.56421 -1.13906
-0.716 -1.31829 -1.37899
-0.715 -1.24669 -1.63861
-0.714 -1.45003 -1.90357
-0.713 -1.92286 -2.14251
-0.712 -2.55558 -2.31377
-0.711 -3.17388 -2.37842
-0.71 -3.59572 -2.31415
-0.709 -3.68659 -2.12317
-0.708 -3.40168 -1.83108
-0.707 -2.80514 -1.4791
-0.706 -2.05509 -1.11373
-0.705 -1.3525 -0.77602
-0.704 -0.87168 -0.492229
-0.703 -0.702397 -0.26905
-0.702 -0.826582 -0.0969028
-0.701 -1.1323 0.039832
-0.7 -1.45303 0.151828
-0.699 -1.61997 0.239076
-0.698 -1.5176 0.291131
-0.697 -1.12759 0.290535
-0.696 -0.540985 0.217965
-0.695 0.0702795 0.0596617
-0.694 0.511154 -0.18435
-0.693 0.625446 -0.496237
-0.692 0.341271 -0.844497
-0.691 -0.308484 -1.19379
-0.69 -1.19192 -1.51338
-0.689 -2.11135 -1.77987
-0.688 -2.86037 -1.97675
-0.687 -3.28754 -2.09453
-0.686 -3.34083 -2.13161
-0.685 -3.07745 -2.09276
-0.684 -2.64079 -1.98542
-0.683 -2.21609 -1.81788
-0.682 -1.97554 -1.60167
-0.681 -2.02325 -1.35489
-0.68 -2.35599 -1.10056
-0.679 -2.8583 -0.859671
-0.678 -3.34028 -0.645133
-0.677 -3.60404 -0.461781
-0.676 -3.51213 -0.311408
-0.675 -3.03671 -0.197922
-0.674 -2.27892 -0.130338
-0.673 -1.45235 -0.124424
-0.672 -0.827703 -0.202812
-0.671 -0.647605 -0.390329
-0.67 -1.03827 -0.702566
-0.669 -1.95486 -1.13212
-0.668 -3.18556 -1.64133
-0.667 -4.41209 -2.16694
-0.666 -5.30391 -2.63435
-0.665 -5.6181 -2.9756
-0.664 -5.27812 -3.1459
-0.663 -4.40556 -3.13522
-0.662 -3.28667 -2.97048
-0.661 -2.27612 -2.70498
-0.66 -1.66911 -2.39697
-0.659 -1.59226 -2.08676
-0.658 -1.95742 -1.78355
-0.657 -2.49419 -1.46708
-0.656 -2.84787 -1.10145
-0.655 -2.71054 -0.655386
-0.654 -1.94327 -0.123693
-0.653 -0.64711 0.457223
-0.652 0.848545 1.00811
-0.651 2.08512 1.42497
-0.65 2.63103 1.61158
-0.649 2.2367 1.51209
-0.648 0.928929 1.13004
-0.647 -0.98968 0.528238
-0.646 -3.03534 -0.187847
-0.645 -4.69926 -0.898425
-0.644 -5.61394 -1.50361
-0.643 -5.67383 -1.95316
-0.642 -5.06636 -2.25815
-0.641 -4.1972 -2.47692
-0.64 -3.53418 -2.68109
-0.639 -3.42892 -2.91897
-0.638 -3.9844 -3.19211
-0.637 -5.01633 -3.45131
-0.636 -6.11989 -3.61064
-0.635 -6.81597 -3.57569
-0.634 -6.72656 -3.27985
-0.633 -5.7189 -2.71628
-0.632 -3.96523 -1.95045
-0.631 -1.89156 -1.10415
-0.63 -0.0325394 -0.317276
-0.629 1.15131 0.294908
-0.628 1.42516 0.672608
-0.627 0.848572 0.822286
-0.626 -0.256633 0.807119
-0.625 -1.42421 0.720487
-0.624 -2.20766 0.649312
-0.623 -2.33679 0.639424
-0.622 -1.80945 0.67797
-0.621 -0.881704 0.701454
-0.62 0.0365196 0.624507
-0.619 0.532967 0.375019
-0.618 0.332656 -0.0782732
-0.617 -0.618273 -0.713269
-0.616 -2.14217 -1.45874
-0.615 -3.89044 -2.21346
-0.614 -5.45841 -2.87508
-0.613 -6.51915 -3.36956
-0.612 -6.925 -3.66921
-0.611 -6.73645 -3.79286
-0.61 -6.17587 -3.7909
-0.609 -5.53784 -3.72343
-0.608 -5.09356 -3.63975
-0.607 -5.01288 -3.56382
-0.606 -5.3151 -3.4884
-0.605 -5.86025 -3.37928
-0.604 -6.3928 -3.18916
-0.603 -6.62781 -2.87674
-0.602 -6.34337 -2.42343
-0.601 -5.44433 -1.84253
-0.6 -3.98741 -1.18052
-0.599 -2.17538 -0.511189
-0.598 -0.323113 0.0768165
-0.597 1.20896 0.498058
-0.596 2.10977 0.690398
-0.595 2.21094 0.630922
-0.594 1.53852 0.341568
-0.593 0.3044 -0.117064
-0.592 -1.15185 -0.660511
-0.591 -2.45317 -1.20016
-0.59 -3.29278 -1.66442
-0.589 -3.53564 -2.01594
-0.588 -3.27405 -2.25819
-0.587 -2.80105 -2.42729
-0.586 -2.50036 -2.57091
-0.585 -2.69598 -2.72245
-0.584 -3.522 -2.88163
-0.583 -4.8548 -3.00848
-0.582 -6.32644 -3.03204
-0.581 -7.42532 -2.87283
-0.58 -7.66815 -2.47391
-0.579 -6.78972 -1.83106
-0.578 -4.871 -1.00964
-0.577 -2.34289 -0.138978
-0.576 0.140317 0.617216
-0.575 1.90646 1.10486
-0.574 2.47818 1.22235
-0.573 1.7313 0.948663
-0.572 -0.0505689 0.348985
-0.571 -2.25915 -0.444853
-0.57 -4.17163 -1.27451
-0.569 -5.21402 -2.00339
-0.568 -5.16762 -2.55601
-0.567 -4.23417 -2.93312
-0.566 -2.94376 -3.19654
-0.565 -1.95179 -3.43077
-0.564 -1.79533 -3.69795
-0.563 -2.68178 -4.00255
-0.562 -4.38344 -4.27859
-0.561 -6.29387 -4.40553
-0.56 -7.64248 -4.24932
-0.559 -7.78586 -3.71502
-0.558 -6.45401 -2.79163
-0.557 -3.85574 -1.57135
-0.556 -0.615637 -0.234255
-0.555 2.42387 0.996376
-0.554 4.47094 1.91281
-0.553 5.04239 2.37718
-0.552 4.12262 2.35429
-0.551 2.15576 1.91223
-0.55 -0.131521 1.19153
-0.549 -2.00234 0.354716
-0.548 -2.96542 -0.465677
-0.547 -2.92335 -1.20244
-0.546 -2.17521 -1.86131
-0.545 -1.28549 -2.50129
-0.544 -0.866606 -3.19648
-0.543 -1.34769 -3.99298
-0.542 -2.81405 -4.8771
-0.541 -4.97897 -5.76706
-0.54 -7.29256 -6.53108
-0.539 -9.13461 -7.02454
-0.538 -10.0154 -7.13327
-0.537 -9.72098 -6.80895
-0.536 -8.36611 -6.08698
-0.535 -6.34574 -5.08262
-0.534 -4.20329 -3.965
-0.533 -2.4611 -2.91463
-0.532 -1.47222 -2.07775
-0.531 -1.33961 -1.53185
-0.53 -1.91406 -1.27198
-0.529 -2.85372 -1.21987
-0.528 -3.72181 -1.25151
-0.527 -4.10291 -1.23596
-0.526 -3.71525 -1.07693
-0.525 -2.49149 -0.745788
-0.524 -0.60406 -0.292609
-0.523 1.57378 0.17074
-0.522 3.56005 0.509412
-0.521 4.88615 0.612045
-0.52 5.22452 0.429261
-0.519 4.49458 -0.00745279
-0.518 2.91173 -0.591843
-0.517 0.947216 -1.17431
-0.516 -0.806698 -1.61259
-0.515 -1.83272 -1.82541
-0.514 -1.87923 -1.82671
-0.513 -1.07173 -1.72555
-0.512 0.103241 -1.69051
-0.511 0.945337 -1.8903
-0.51 0.780174 -2.43042
-0.509 -0.780169 -3.30682
-0.508 -3.64642 -4.39257
-0.507 -7.21236 -5.46495
-0.506 -10.5027 -6.26822
-0.505 -12.4769 -6.59234
-0.504 -12.39 -6.34035
-0.503 -10.075 -5.5603
-0.502 -6.03674 -4.42967
-0.501 -1.31335 -3.19686
-0.5 2.85313 -2.10073
-0.499 5.42935 -1.29685
-0.498 5.94454 -0.815591
-0.497 4.65756 -0.56626
-0.496 2.46574 -0.385854
-0.495 0.572266 -0.114789
-0.494 0.0236566 0.328309
-0.493 1.29061 0.901461
-0.492 4.05791 1.44327
-0.491 7.31088 1.72625
-0.49 9.69241 1.53951
-0.489 10.0027 0.769876
-0.488 7.66106 -0.54697
-0.487 2.9634 -2.22345
-0.486 -2.9661 -3.96712
-0.485 -8.5249 -5.46315
-0.484 -12.1708 -6.46505
-0.483 -12.9563 -6.8622
-0.482 -10.8586 -6.70065
-0.481 -6.77822 -6.15269
-0.48 -2.20732 -5.44975
-0.479 1.30606 -4.80342
-0.478 2.69874 -4.34097
-0.477 1.74596 -4.07604
-0.476 -0.892733 -3.92355
-0.475 -3.94615 -3.75112
-0.474 -6.02151 -3.44518
-0.473 -6.13279 -2.96389
-0.472 -4.07096 -2.35795
-0.471 -0.477852 -1.75625
-0.47 3.39875 -1.32489
-0.469 6.16687 -1.21304
-0.468 6.79017 -1.50213
-0.467 4.94554 -2.17554
-0.466 1.1223 -3.1199
-0.465 -3.55642 -4.15654
-0.464 -7.71784 -5.08821
-0.463 -10.1917 -5.74283
-0.462 -10.372 -6.00435
-0.461 -8.36866 -5.83086
-0.46 -4.91238 -5.26007
-0.459 -1.06794 -4.39899
-0.458 2.12764 -3.39778
-0.457 3.97694 -2.41525
-0.456 4.29281 -1.58688
-0.455 3.39252 -1.00157
-0.454 1.9376 -0.686825
-0.453 0.688902 -0.602332
-0.452 0.264445 -0.649748
-0.451 0.968452 -0.706227
-0.45 2.72394 -0.674232
-0.449 5.10992 -0.525556
-0.448 7.48377 -0.319464
-0.447 9.15581 -0.188647
-0.446 9.57242 -0.29828
-0.445 8.46106 -0.78748
-0.444 5.90626 -1.70556
-0.443 2.35051 -2.96454
-0.442 -1.47973 -4.33633
-0.441 -4.72823 -5.50988
-0.44 -6.63231 -6.19118
-0.439 -6.76166 -6.20524
-0.438 -5.18603 -5.56203
-0.437 -2.49545 -4.46656
-0.436 0.348089 -3.26825
-0.435 2.28605 -2.35704
-0.434 2.49337 -2.03096
-0.433 0.679441 -2.382
-0.432 -2.74051 -3.25346
-0.431 -6.70123 -4.29472
-0.43 -9.79895 -5.09055
-0.429 -10.7712 -5.31086
-0.428 -8.9675 -4.82885
-0.427 -4.62526 -3.77253
-0.426 1.15324 -2.4902
-0.425 6.72072 -1.43117
-0.424 10.4125 -0.975245
-0.423 11.1294 -1.27754
-0.422 8.77311 -2.19891
-0.421 4.34323 -3.35386
-0.42 -0.379908 -4.25145
-0.419 -3.47042 -4.4715
-0.418 -3.57418 -3.81863
-0.417 -0.438181 -2.40759
-0.416 4.94152 -0.645669
-0.415 10.6125 0.894574
-0.414 14.32 1.67395
-0.413 14.3165 1.37896
-0.412 10.0336 0.0289166
-0.411 2.34919 -2.03892
-0.41 -6.67003 -4.28956
-0.409 -14.4621 -6.1682
-0.408 -18.8481 -7.28162
-0.407 -18.7813 -7.52645
-0.406 -14.707 -7.11432
-0.405 -8.40037 -6.47593
-0.404 -2.32324 -6.08053
-0.403 1.27745 -6.24842
-0.402 1.18829 -7.03183
-0.401 -2.34526 -8.19962
-0.4 -7.73123 -9.31771
-0.399 -12.6201 -9.8956
-0.398 -14.7534 -9.55819
-0.397 -12.7809 -8.18782
-0.396 -6.76802 -5.97777
-0.395 1.79653 -3.36985
-0.394 10.5128 -0.904846
-0.393 16.9101 0.946527
-0.392 19.286 1.90975
-0.391 17.2358 1.96129
-0.39 11.7214 1.31115
-0.389 4.69806 0.321117
-0.388 -1.55734 -0.623948
-0.387 -5.20121 -1.25042
-0.386 -5.42115 -1.47938
-0.385 -2.66345 -1.42586
-0.384 1.59675 -1.32793
-0.383 5.43681 -1.44953
-0.382 7.1716 -1.99336
-0.381 5.89233 -3.03741
-0.38 1.71445 -4.50077
-0.379 -4.29482 -6.15159
-0.378 -10.4623 -7.66602
-0.377 -15.0309 -8.72099
-0.376 -16.7091 -9.08283
-0.375 -15.0645 -8.66185
-0.374 -10.622 -7.52889
-0.373 -4.65617 -5.90182
-0.372 1.21468 -4.10337
-0.371 5.48597 -2.48763
-0.37 7.16118 -1.34678
-0.369 6.00739 -0.829624
-0.368 2.61592 -0.903305
-0.367 -1.76712 -1.37011
-0.366 -5.61613 -1.9312
-0.365 -7.59857 -2.28213
-0.364 -6.99025 -2.21973
-0.363 -3.90747 -1.72785
-0.362 0.702103 -1.00344
-0.361 5.30779 -0.401621
-0.36 8.23345 -0.314654
-0.359 8.1841 -1.02904
-0.358 4.71046 -2.60848
-0.357 -1.55629 -4.83943
-0.356 -9.01343 -7.26289
-0.355 -15.535 -9.29667
-0.354 -19.1292 -10.4193
-0.353 -18.5975 -10.3496
-0.352 -13.9765 -9.14769
-0.351 -6.59823 -7.19498
-0.35 1.28326 -5.06743
-0.349 7.208 -3.34941
-0.348 9.33849 -2.44572
-0.347 7.11246 -2.4474
-0.346 1.47601 -3.10131
-0.345 -5.4078 -3.90845
-0.344 -10.8977 -4.3252
-0.343 -12.8205 -3.98797
-0.342 -10.2945 -2.86589
-0.341 -4.11979 -1.28378
-0.34 3.43792 0.182741
-0.339 9.41494 0.897926
-0.338 11.1988 0.383714
-0.337 7.48256 -1.50251
-0.336 -1.21588 -4.49533
-0.335 -12.661 -7.99079
-0.334 -23.6105 -11.2395
-0.333 -30.901 -13.5885
-0.332 -32.5356 -14.6767
-0.331 -28.3733 -14.5197
-0.33 -20.1507 -13.469
-0.329 -10.8287 -12.0673
-0.328 -3.52051 -10.848
-0.327 -0.405095 -10.1471
-0.326 -2.00558 -9.9958
-0.325 -7.06554 -10.1318
-0.324 -13.0472 -10.1183
-0.323 -17.0746 -9.51668
-0.322 -16.9926 -8.04858
-0.321 -12.1586 -5.69804
-0.32 -3.66763 -2.72831
-0.319 6.05901 0.392055
-0.318 14.1394 3.12997
-0.317 18.211 5.04251
-0.316 17.1783 5.88872
-0.315 11.5036 5.6688
-0.314 2.98383 4.59602
-0.313 -5.88205 3.02447
-0.312 -12.7172 1.35223
-0.311 -16.0048 -0.0850747
-0.31 -15.4949 -1.10444
-0.309 -12.1628 -1.71532
-0.308 -7.77522 -2.09488
-0.307 -4.25494 -2.5179
-0.306 -3.07808 -3.27278
-0.305 -4.879 -4.58111
-0.304 -9.33557 -6.52286
-0.303 -15.3187 -8.97728
-0.302 -21.2373 -11.6109
-0.301 -25.4844 -13.9418
-0.3 -26.8723 -15.4714
-0.299 -24.9448 -15.8348
-0.298 -20.0846 -14.913
-0.297 -13.4024 -12.88
-0.296 -6.46003 -10.172
-0.295 -0.898071 -7.38304
-0.294 1.96864 -5.09437
-0.293 1.52693 -3.68172
-0.292 -1.88365 -3.17457
-0.291 -6.96743 -3.24038
-0.29 -11.7941 -3.31429
-0.289 -14.3912 -2.82725
-0.288 -13.4217 -1.44558
-0.287 -8.71318 0.763046
-0.286 -1.45352 3.29577
-0.285 6.03882 5.33477
-0.284 10.9546 5.99944
-0.283 10.9047 4.65828
-0.282 4.82923 1.18916
-0.281 -6.44736 -3.92129
-0.28 -20.2979 -9.69294
-0.279 -33.0567 -14.9501
-0.278 -41.2246 -18.6956
-0.277 -42.6892 -20.4259
-0.276 -37.5147 -20.2735
-0.275 -28.0003 -18.9258
-0.274 -17.9412 -17.3456
-0.273 -11.2963 -16.3901
-0.272 -10.7069 -16.4672
-0.271 -16.4204 -17.3629
-0.27 -26.0728 -18.3158
-0.269 -35.4734 -18.3179
-0.268 -40.1407 -16.5315
-0.267 -37.0293 -12.6605
-0.266 -25.7938 -7.12997
-0.265 -9.09109 -0.998515
-0.264 8.22607 4.36582
-0.263 20.7574 7.72905
-0.262 24.4634 8.39436
-0.261 18.1382 6.42151
-0.26 3.89507 2.5865
-0.259 -13.5401 -1.90125
-0.258 -28.4992 -5.82099
-0.257 -36.4018 -8.34686
-0.256 -35.3811 -9.28656
-0.255 -26.8821 -9.06664
-0.254 -15.0131 -8.48241
-0.253 -4.92181 -8.32424
-0.252 -0.827639 -9.03436
-0.251 -4.44254 -10.5245
-0.25 -14.3438 -12.2113
-0.249 -26.5187 -13.244
-0.248 -35.8832 -12.8357
-0.247 -38.216 -10.5778
-0.246 -31.769 -6.62215
-0.245 -17.9361 -1.65779
-0.244 -0.734198 3.30745
-0.243 14.6658 7.27084
-0.242 23.7644 9.53145
-0.241 24.2316 9.85069
-0.24 16.5683 8.44024
-0.239 3.75056 5.81349
-0.238 -9.96376 2.57382
-0.237 -20.6033 -0.782951
-0.236 -25.8413 -3.98956
-0.235 -25.6504 -7.01722
-0.234 -22.0426 -9.97901
-0.233 -18.063 -12.9791
-0.232 -16.4953 -15.9913
-0.231 -18.8162 -18.8306
-0.23 -24.7675 -21.2211
-0.229 -32.6218 -22.9071
-0.228 -39.9465 -23.7405
-0.227 -44.5237 -23.7048
-0.226 -45.0838 -22.8825
-0.225 -41.6186 -21.3949
-0.224 -35.2078 -19.3447
-0.223 -27.4792 -16.7876
-0.222 -19.981 -13.7548
-0.221 -13.7553 -10.328
-0.22 -9.2618 -6.72837
-0.219 -6.58062 -3.35734
-0.218 -5.67251 -0.733884
-0.217 -6.49149 0.671047
-0.216 -8.89777 0.632989
-0.215 -12.4768 -0.695866
-0.214 -16.4212 -2.79469
-0.213 -19.5914 -4.92741
-0.212 -20.7982 -6.39206
-0.211 -19.2641 -6.78107
-0.21 -15.1072 -6.15821
-0.209 -9.59729 -5.07424
-0.208 -4.94447 -4.38565
-0.207 -3.5595 -4.91727
-0.206 -7.03106 -7.09618
-0.205 -15.2812 -10.72
-0.204 -26.3254 -14.9723
-0.203 -36.8033 -18.6897
-0.202 -43.1205 -20.78
-0.201 -42.8034 -20.629
-0.2 -35.5735 -18.346
-0.199 -23.6995 -14.7519
-0.198 -11.3843 -11.0985
-0.197 -3.29219 -8.60022
-0.196 -2.71691 -7.95251
-0.195 -10.134 -9.03125
-0.194 -22.7852 -10.9092
-0.193 -35.5384 -12.1966
-0.192 -42.7379 -11.5806
-0.191 -40.3605 -8.35601
-0.19 -27.662 -2.7443
-0.189 -7.67834 4.12104
-0.188 13.6641 10.5462
-0.187 29.5691 14.8422
-0.186 34.819 15.8977
-0.185 27.74 13.5494
-0.184 10.9013 8.61604
-0.183 -9.77979 2.58107
-0.182 -27.2306 -2.96196
-0.181 -35.882 -6.89197
-0.18 -33.7564 -8.94425
-0.179 -23.1747 -9.74571
-0.178 -9.82464 -10.4932
-0.177 -0.566125 -12.4146
-0.176 -0.792176 -16.23
-0.175 -12.3035 -21.813
-0.174 -32.4846 -28.1657
-0.173 -55.1333 -33.7177
-0.172 -72.6844 -36.8531
-0.171 -78.9986 -36.4799
-0.17 -71.6213 -32.4255
-0.169 -52.6281 -25.5017
-0.168 -27.788 -17.2199
-0.167 -4.45234 -9.28478
-0.166 10.9951 -3.07555
-0.165 15.231 0.710425
-0.164 8.94102 2.15648
-0.163 -3.67437 1.96434
-0.162 -16.6414 1.10263
-0.161 -24.5406 0.396699
-0.16 -24.5052 0.212951
-0.159 -17.1141 0.357541
-0.158 -5.91469 0.219276
-0.157 4.10964 -0.924077
-0.156 8.45109 -3.57792
-0.155 4.66909 -7.80595
-0.154 -6.83369 -13.1707
-0.153 -23.0346 -18.8368
-0.152 -39.3769 -23.7876
-0.151 -51.309 -27.0817
-0.15 -55.714 -28.0802
-0.149 -51.7374 -26.5819
-0.148 -40.7934 -22.8373
-0.147 -25.8715 -17.4528
-0.146 -10.4961 -11.2312
-0.145 2.26062 -5.00501
-0.144 10.4335 0.499298
-0.143 13.3978 4.75238
-0.142 11.7551 7.47925
-0.141 7.00757 8.68567
-0.14 1.12389 8.63441
-0.139 -3.94286 7.75117
-0.138 -6.72839 6.47312
-0.137 -6.62261 5.09176
-0.136 -4.03564 3.65149
-0.135 -0.340876 1.93889
-0.134 2.38501 -0.438122
-0.133 1.83373 -3.8982
-0.132 -3.83119 -8.68403
-0.131 -15.1483 -14.6605
-0.13 -30.7489 -21.2061
-0.129 -47.3883 -27.2877
-0.128 -60.7904 -31.7313
-0.127 -67.0414 -33.599
-0.126 -63.9886 -32.5225
-0.125 -52.139 -28.8674
-0.124 -34.7613 -23.6688
-0.123 -17.0945 -18.3489
-0.122 -4.7561 -14.2829
-0.121 -1.7455 -12.343
-0.12 -8.78631 -12.5889
-0.119 -22.8092 -14.2484
-0.118 -37.9453 -16.0184
-0.117 -47.689 -16.5792
-0.116 -47.3604 -15.1197
-0.115 -35.9134 -11.6693
-0.114 -16.4415 -7.10675
-0.113 4.80945 -2.84059
-0.112 20.631 -0.277978
-0.111 25.5189 -0.282697
-0.11 17.8293 -2.82825
-0.109 0.534765 -6.97976
-0.108 -19.7953 -11.2171
-0.107 -35.4522 -13.9892
-0.106 -40.5305 -14.2985
-0.105 -33.182 -12.081
-0.104 -16.2803 -8.21846
-0.103 3.73946 -4.17634
-0.102 19.3469 -1.43457
-0.101 24.6941 -0.954131
-0.1 17.685 -2.87152
-0.099 0.66192 -6.49626
-0.098 -20.4879 -10.5832
-0.097 -38.511 -13.7842
-0.096 -47.4814 -15.1277
-0.095 -44.9421 -14.3388
-0.094 -32.5831 -11.8587
-0.093 -15.228 -8.572
-0.092 1.26954 -5.40242
-0.091 12.202 -2.98406
-0.09 15.4388 -1.52299
-0.089 11.7955 -0.84374
-0.088 4.39747 -0.552237
-0.087 -2.70123 -0.245973
-0.086 -6.17473 0.296879
-0.085 -4.68867 1.02771
-0.084 0.81016 1.68564
-0.083 7.84877 1.96421
-0.082 13.6943 1.66927
-0.081 16.3966 0.762534
-0.08 15.1862 -0.721643
-0.079 10.2755 -2.80635
-0.078 2.35894 -5.64608
-0.077 -7.87101 -9.48349
-0.076 -19.9372 -14.4901
-0.075 -33.3895 -20.552
-0.074 -47.3266 -27.108
-0.073 -60.001 -33.1544
-0.072 -68.9053 -37.4657
-0.071 -71.4777 -38.9807
-0.07 -66.2024 -37.2229
-0.069 -53.6528 -32.5898
-0.068 -36.9603 -26.3669
-0.067 -21.2526 -20.3867
-0.066 -11.9391 -16.3898
-0.065 -12.3725 -15.3172
-0.064 -22.0158 -16.867
-0.063 -36.1905 -19.5586
-0.062 -47.6633 -21.2992
-0.061 -49.4078 -20.2244
-0.06 -37.4747 -15.5001
-0.059 -13.0007 -7.80308
-0.058 17.4169 0.728868
-0.057 43.5 7.16248
-0.056 55.0483 8.89505
-0.055 46.3388 4.80154
-0.054 19.0584 -4.14039
-0.053 -17.8011 -15.0669
-0.052 -51.0927 -24.2013
-0.051 -68.3277 -28.1951
-0.05 -62.329 -25.3549
-0.049 -34.165 -16.3319
-0.048 6.7327 -3.98123
-0.047 45.6867 7.65023
-0.046 68.3315 14.8771
-0.045 66.436 15.8306
-0.044 41.376 11.1867
-0.043 3.71832 3.88297
-0.042 -30.8118 -2.03385
-0.041 -47.3322 -2.99604
-0.04 -37.5895 2.6214
-0.039 -3.42969 13.7259
-0.038 43.5397 26.8051
-0.037 86.2619 37.2517
-0.036 108.873 41.1549
-0.035 102.821 36.7784
-0.034 69.9923 25.1654
-0.033 21.8709 9.7414
-0.032 -24.6978 -4.89426
-0.031 -53.7191 -14.6172
-0.03 -56.167 -17.3328
-0.029 -33.6061 -13.7887
-0.028 2.51946 -7.18802
-0.027 35.8333 -1.73673
-0.026 51.8154 -0.863507
-0.025 43.2574 -5.94042
-0.024 12.4533 -15.9031
-0.023 -30.039 -27.7188
-0.022 -69.3158 -37.4818
-0.021 -91.6497 -41.8688
-0.02 -89.9258 -39.5024
-0.019 -66.6086 -31.5807
-0.018 -32.423 -21.3288
-0.017 -1.27727 -12.5192
-0.016 15.713 -7.90321
-0.015 14.1439 -8.30533
-0.014 -2.90287 -12.5731
-0.013 -26.6754 -18.1689
-0.012 -46.242 -22.1545
-0.011 -52.7999 -22.3491
-0.01 -43.4279 -18.2891
-0.009 -22.3423 -11.4522
-0.008 1.42723 -4.48911
-0.007 18.6882 0.120426
-0.006 24.2293 1.17182
-0.005 18.4414 -0.916317
-0.004 6.35782 -4.46253
-0.003 -4.87326 -7.28394
-0.002 -9.11545 -7.59903
-0.001 -4.06928 -4.83369
0 7.46053 0.0279577
0.001 18.9805 4.8846
0.002 24.0027 7.63611
0.003 19.7292 7.30017
0.004 8.46857 4.45361
0.005 -3.63508 0.881377
0.006 -9.43244 -1.22988
0.007 -3.89709 -0.195252
0.008 13.3487 4.40581
0.009 37.079 11.3681
0.01 58.0906 18.2087
0.011 67.3517 22.2731
0.012 60.6553 22.0815
0.013 40.9414 18.0981
0.014 17.0364 12.5052
0.015 -0.109747 8.24295
0.016 -1.73829 7.84933
0.017 15.226 12.4755
0.018 46.3633 21.2931
0.019 80.5406 31.5446
0.02 103.84 39.45
0.021 105.539 41.78
0.022 83.1901 37.3387
0.023 43.9281 27.5109
0.024 1.49644 15.6305
0.025 -29.1998 5.61243
0.026 -37.6209 0.495125
0.027 -21.5072 1.34334
0.028 11.8925 6.77944
0.029 48.0268 13.3645
0.03 70.5106 16.8826
0.031 67.9181 14.1269
0.032 38.7226 4.3563
0.033 -8.00687 -10.32
0.034 -56.2432 -25.7612
0.035 -89.131 -37.3558
0.036 -95.1989 -41.6751
0.037 -72.5985 -37.6836
0.038 -29.9202 -27.1352
0.039 16.9445 -13.9634
0.04 50.9386 -2.79463
0.041 60.4825 2.85222
0.042 43.773 1.89285
0.043 9.10305 -4.0288
0.044 -28.625 -11.3242
0.045 -53.6952 -15.9327
0.046 -55.5799 -14.9151
0.047 -32.961 -7.60751
0.048 5.87696 4.09901
0.049 46.543 16.4962
0.05 74.3747 25.525
0.051 79.9913 28.3347
0.052 62.3925 24.2937
0.053 28.8191 15.1212
0.054 -8.20241 4.18698
0.055 -35.528 -4.72342
0.056 -44.2108 -8.75195
0.057 -32.6317 -6.94001
0.058 -6.57286 -0.438172
0.059 23.7417 8.12959
0.06 48.0529 15.8228
0.061 59.8139 20.5132
0.062 57.9489 21.5443
0.063 46.4562 19.7703
0.064 32.3769 17.0666
0.065 22.9088 15.5249
0.066 22.6498 16.6142
0.067 32.0404 20.6188
0.068 47.6585 26.5811
0.069 64.0797 32.754
0.07 76.2171 37.3146
0.071 81.0173 39.0017
0.072 77.9961 37.4445
0.073 68.7447 33.1364
0.074 55.8604 27.1371
0.075 41.8313 20.655
0.076 28.3394 14.6687
0.077 16.2063 9.7159
0.078 5.82891 5.89709
0.079 -2.32056 3.04163
0.08 -7.50896 0.922408
0.081 -8.97466 -0.591428
0.082 -6.43552 -1.50346
0.083 -0.613857 -1.77565
0.084 6.54346 -1.46132
0.085 12.2574 -0.780383
0.086 13.9746 -0.0623372
0.087 10.6649 0.422888
0.088 3.60558 0.635582
0.089 -3.89406 0.821672
0.09 -7.75533 1.41567
0.091 -4.79703 2.84059
0.092 5.86385 5.28508
0.093 22.1496 8.5323
0.094 39.371 11.9172
0.095 51.657 14.4794
0.096 54.1464 15.3094
0.097 45.1105 13.962
0.098 26.9784 10.728
0.099 5.66462 6.60719
0.1 -11.5651 2.97761
0.101 -18.7866 1.10405
0.102 -13.6106 1.67522
0.103 1.8989 4.5289
0.104 21.8949 8.66572
0.105 38.8208 12.574
0.106 46.2046 14.778
0.107 41.1375 14.409
0.108 25.436 11.5599
0.109 4.98143 7.26348
0.11 -12.5239 3.10242
0.111 -20.4918 0.614263
0.112 -15.9142 0.727173
0.113 -0.403808 3.43706
0.114 20.5512 7.84044
0.115 39.7469 12.5013
0.116 50.9393 16.0039
0.117 51.0354 17.4801
0.118 41.076 16.9192
0.119 25.7317 15.1513
0.12 11.5043 13.5103
0.121 4.27217 13.3027
0.122 7.12219 15.2887
0.123 19.3446 19.3845
0.124 36.9455 24.6944
0.125 54.3081 29.8344
0.126 66.1905 33.392
0.127 69.3135 34.3509
0.128 63.1481 32.363
0.129 49.8195 27.8086
0.13 33.2203 21.6326
0.131 17.618 15.0131
0.132 6.25805 8.98374
0.133 0.514284 4.1643
0.134 -0.141935 0.691296
0.135 2.46825 -1.66979
0.136 6.05112 -3.32741
0.137 8.53354 -4.67233
0.138 8.5316 -5.93259
0.139 5.61999 -7.09133
0.14 0.402043 -7.88658
0.141 -5.65147 -7.90115
0.142 -10.5731 -6.71322
0.143 -12.3788 -4.04563
0.144 -9.55167 0.138508
0.145 -1.47608 5.60307
0.146 11.2294 11.8477
0.147 26.5896 18.1477
0.148 41.5072 23.6409
0.149 52.4301 27.4748
0.15 56.356 28.9956
0.151 51.8795 27.9282
0.152 39.8779 24.4831
0.153 23.4933 19.3431
0.154 7.29526 13.5166
0.155 -4.15458 8.08701
0.156 -7.84719 3.92573
0.157 -3.41465 1.45513
0.158 6.65398 0.547959
0.159 17.8078 0.611498
0.16 25.0479 0.846851
0.161 24.8518 0.605783
0.162 16.6974 -0.289153
0.163 3.51736 -1.40564
0.164 -9.22093 -1.82423
0.165 -15.5309 -0.490182
0.166 -11.2383 3.33873
0.167 4.2846 9.72147
0.168 27.6437 17.8822
0.169 52.3974 26.3437
0.17 71.1777 33.3246
0.171 78.2556 37.2876
0.172 71.6404 37.4552
0.173 53.8811 34.0817
0.174 31.1788 28.3582
0.175 11.1044 21.9764
0.176 -0.1918 16.5243
0.177 -0.18617 12.9506
0.178 9.21675 11.2866
0.179 22.5437 10.7121
0.18 32.9133 9.93412
0.181 34.6918 7.74831
0.182 25.6692 3.57834
0.183 7.94432 -2.22251
0.184 -12.8311 -8.44098
0.185 -29.5694 -13.4264
0.186 -36.4074 -15.6977
0.187 -30.8811 -14.4937
0.188 -14.7873 -10.0602
0.189 6.56171 -3.57671
0.19 26.3454 3.24205
0.191 38.6997 8.72642
0.192 40.712 11.8058
0.193 33.2587 12.3351
0.194 20.454 11.0768
0.195 7.97218 9.35243
0.196 0.88676 8.50432
0.197 1.83501 9.37766
0.198 10.1958 12.0177
0.199 22.5605 15.6864
0.2 34.2323 19.1756
0.201 41.0757 21.2829
0.202 40.9602 21.2593
0.203 34.316 19.0638
0.204 23.7286 15.3446
0.205 12.8305 11.1746
0.206 4.93393 7.65292
0.207 1.90056 5.52141
0.208 3.65056 4.93669
0.209 8.46571 5.4771
0.21 13.8923 6.37006
0.211 17.7822 6.83563
0.212 19.0002 6.39571
0.213 17.577 5.02688
0.214 14.3961 3.12185
0.215 10.674 1.30937
0.216 7.48682 0.221416
0.217 5.50244 0.291051
0.218 4.96666 1.6388
0.219 5.88983 4.07478
0.22 8.28603 7.20811
0.221 12.2739 10.6107
0.222 17.9281 13.9499
0.223 24.9577 17.0253
0.224 32.4461 19.7135
0.225 38.8889 21.8901
0.226 42.6081 23.3965
0.227 42.398 24.0699
0.228 38.1126 23.806
0.229 30.9051 22.6097
0.23 22.9659 20.6173
0.231 16.7963 18.0833
0.232 14.2547 15.319
0.233 15.737 12.5839
0.234 19.8578 9.97166
0.235 23.8414 7.37129
0.236 24.5578 4.55177
0.237 19.8403 1.34136
0.238 9.54808 -2.19742
0.239 -4.10855 -5.69306
0.24 -17.1759 -8.52575
0.241 -25.3101 -9.99828
0.242 -25.3796 -9.56632
0.243 -16.7155 -7.06341
0.244 -1.52633 -2.83793
0.245 15.7206 2.27742
0.246 29.7867 7.18813
0.247 36.5164 10.8834
0.248 34.3655 12.7647
0.249 24.9846 12.8231
0.25 12.5922 11.6008
0.251 2.36474 9.96071
0.252 -1.53369 8.7475
0.253 2.46982 8.45632
0.254 12.7511 9.034
0.255 25.0756 9.89863
0.256 34.1756 10.1838
0.257 35.7569 9.11641
0.258 28.1921 6.37514
0.259 13.238 2.28607
0.26 -4.52042 -2.22352
0.261 -19.2985 -5.90283
0.262 -26.1869 -7.59409
0.263 -22.8914 -6.63822
0.264 -10.5062 -3.11519
0.265 6.93259 2.17575
0.266 23.9218 7.98718
0.267 35.4431 13.0392
0.268 38.6828 16.4264
0.269 33.9056 17.8768
0.27 24.1915 17.7812
0.271 14.1608 16.9837
0.272 8.19109 16.4105
0.273 8.80473 16.6813
0.274 15.8207 17.8623
0.275 26.5447 19.4547
0.276 36.8604 20.6098
0.277 42.7618 20.4675
0.278 41.7587 18.4875
0.279 33.6864 14.6627
0.28 20.6879 9.55082
0.281 6.40974 4.112
0.282 -5.28224 -0.594735
0.283 -11.5916 -3.74726
0.284 -11.6181 -4.99723
0.285 -6.46052 -4.52408
0.286 1.35837 -2.90638
0.287 8.8517 -0.883005
0.288 13.5484 0.898531
0.289 14.2003 2.06766
0.29 11.0489 2.6061
0.291 5.60936 2.80075
0.292 0.0682543 3.09503
0.293 -3.4833 3.89493
0.294 -3.70392 5.40578
0.295 -0.335461 7.55916
0.296 5.83299 10.0456
0.297 13.2775 12.4229
0.298 20.1893 14.2466
0.299 24.947 15.1802
0.3 26.5178 15.0643
0.301 24.7044 13.9409
0.302 20.1724 12.0322
0.303 14.2524 9.68087
0.304 8.5722 7.26501
0.305 4.62014 5.1122
0.306 3.34244 3.436
0.307 4.86679 2.30563
0.308 8.42813 1.64428
0.309 12.5413 1.25185
0.31 15.4066 0.856539
0.311 15.4624 0.198283
0.312 11.9301 -0.871119
0.313 5.16506 -2.30769
0.314 -3.34166 -3.85508
0.315 -11.358 -5.10187
0.316 -16.5945 -5.60032
0.317 -17.4519 -5.00918
0.318 -13.5752 -3.21869
0.319 -6.02621 -0.417786
0.32 2.99898 2.92741
0.321 10.8492 6.19235
0.322 15.3027 8.7822
0.323 15.3589 10.3254
0.324 11.6226 10.7961
0.325 6.09962 10.5146
0.326 1.46217 10.0215
0.327 0.0664829 9.87058
0.328 3.08694 10.4122
0.329 10.0603 11.6478
0.33 18.9879 13.211
0.331 26.9765 14.4858
0.332 31.23 14.8274
0.333 30.0562 13.8054
0.334 23.5059 11.3829
0.335 13.3806 7.96374
0.336 2.6068 4.28193
0.337 -5.76955 1.16878
0.338 -9.59122 -0.720113
0.339 -8.26496 -1.11478
0.34 -2.89953 -0.202159
0.341 4.12768 1.46092
0.342 10.031 3.1551
0.343 12.6048 4.25151
0.344 10.9789 4.42572
0.345 5.86588 3.76082
0.346 -0.762257 2.7006
0.347 -6.4169 1.86585
0.348 -8.97077 1.80444
0.349 -7.37577 2.77531
0.35 -1.99524 4.64848
0.351 5.54596 6.95001
0.352 12.9296 9.02414
0.353 17.9204 10.2511
0.354 19.0746 10.2495
0.355 16.1521 8.99943
0.356 10.129 6.8428
0.357 2.83974 4.36069
0.358 -3.62162 2.17383
0.359 -7.55149 0.744523
0.36 -8.13211 0.250686
0.361 -5.61768 0.565822
0.362 -1.1719 1.3377
0.363 3.55331 2.13034
0.364 6.93975 2.58004
0.365 7.87673 2.5142
0.366 6.07734 1.99497
0.367 2.16043 1.27879
0.368 -2.53742 0.715116
0.369 -6.38147 0.62495
0.37 -7.95907 1.19743
0.371 -6.52148 2.4302
0.372 -2.21037 4.12772
0.373 3.97165 5.95773
0.374 10.4187 7.54539
0.375 15.3525 8.57046
0.376 17.3405 8.83851
0.377 15.7614 8.31712
0.378 11.0451 7.13939
0.379 4.56735 5.5747
0.38 -1.78414 3.96232
0.381 -6.21153 2.61718
0.382 -7.57377 1.74015
0.383 -5.75482 1.36924
0.384 -1.73029 1.3844
0.385 2.71248 1.55335
0.386 5.55777 1.60333
0.387 5.28373 1.31104
0.388 1.45952 0.595613
0.389 -5.03418 -0.421623
0.39 -12.2621 -1.43209
0.391 -17.8699 -2.03811
0.392 -19.8705 -1.89444
0.393 -17.3259 -0.832861
0.394 -10.707 1.07028
0.395 -1.79447 3.49591
0.396 6.88208 5.95435
0.397 12.901 7.92082
0.398 14.7921 9.00231
0.399 12.5374 9.07314
0.4 7.54261 8.31549
0.401 2.10422 7.1441
0.402 -1.42358 6.05091
0.403 -1.47506 5.43345
0.404 2.15788 5.46219
0.405 8.23681 6.02245
0.406 14.5143 6.75319
0.407 18.5503 7.18104
0.408 18.6022 6.9078
0.409 14.254 5.77574
0.41 6.56357 3.94004
0.411 -2.30836 1.82195
0.412 -9.84604 -0.0321309
0.413 -14.0392 -1.13201
0.414 -14.0506 -1.20914
0.415 -10.4548 -0.313943
0.416 -4.9711 1.19603
0.417 0.194784 2.78224
0.418 3.1419 3.91862
0.419 2.91198 4.2723
0.42 -0.23088 3.80385
0.421 -4.95388 2.76058
0.422 -9.37666 1.57688
0.423 -11.7659 0.717803
0.424 -11.1441 0.512725
0.425 -7.59348 1.0365
0.426 -2.16531 2.08971
0.427 3.53684 3.28909
0.428 7.91967 4.22395
0.429 9.91012 4.60785
0.43 9.26095 4.37065
0.431 6.56879 3.67016
0.432 3.00904 2.82897
0.433 -0.106501 2.21662
0.434 -1.77686 2.11233
0.435 -1.60308 2.5995
0.436 0.156548 3.53941
0.437 2.7437 4.63282
0.438 5.17977 5.53309
0.439 6.57101 5.9598
0.44 6.36021 5.77682
0.441 4.46243 5.02056
0.442 1.25199 3.87613
0.443 -2.57969 2.60847
0.444 -6.23124 1.47073
0.445 -8.99139 0.627857
0.446 -10.3857 0.127271
0.447 -10.2585 -0.0810751
0.448 -8.79324 -0.0988487
0.449 -6.46658 -0.0322697
0.45 -3.93182 0.0440675
0.451 -1.85156 0.107265
0.452 -0.719024 0.185022
0.453 -0.714889 0.332898
0.454 -1.63998 0.602154
0.455 -2.95137 1.01798
0.456 -3.90977 1.57719
0.457 -3.81513 2.25549
0.458 -2.26629 3.01028
0.459 0.648362 3.77766
0.46 4.31199 4.47314
0.461 7.72608 5.00137
0.462 9.81198 5.27137
0.463 9.77711 5.21301
0.464 7.42214 4.79708
0.465 3.27006 4.0596
0.466 -1.55097 3.11791
0.467 -5.65081 2.15878
0.468 -7.83408 1.39247
0.469 -7.50815 0.990487
0.47 -4.89484 1.03411
0.471 -0.964482 1.49118
0.472 2.89528 2.22479
0.473 5.36986 3.03188
0.474 5.69668 3.70729
0.475 3.95131 4.11668
0.476 1.02141 4.24725
0.477 -1.72969 4.20761
0.478 -2.98223 4.17408
0.479 -1.96657 4.3092
0.48 1.22766 4.68769
0.481 5.65088 5.25526
0.482 9.80467 5.83199
0.483 12.1624 6.16242
0.484 11.7187 6.00337
0.485 8.36496 5.22173
0.486 2.94166 3.86041
0.487 -3.05384 2.13993
0.488 -7.98745 0.394245
0.489 -10.6388 -1.03135
0.49 -10.5855 -1.8828
0.491 -8.29725 -2.06944
0.492 -4.92277 -1.68538
0.493 -1.84907 -0.970739
0.494 -0.188963 -0.220662
0.495 -0.383988 0.326182
0.496 -2.07223 0.573017
0.497 -4.26498 0.588756
0.498 -5.75129 0.565761
0.499 -5.5648 0.734583
0.5 -3.33819 1.26855
0.501 0.568827 2.20865
0.502 5.19567 3.43329
0.503 9.30923 4.68754
0.504 11.8202 5.66705
0.505 12.1405 6.126
0.506 10.3536 5.96366
0.507 7.14443 5.2554
0.508 3.52921 4.22204
0.509 0.501178 3.1546
0.51 -1.27737 2.32054
0.511 -1.64278 1.87949
0.512 -0.921623 1.83564
0.513 0.235721 2.04608
0.514 1.11397 2.28437
0.515 1.18894 2.33248
0.516 0.291844 2.06125
0.517 -1.36614 1.4697
0.518 -3.29984 0.67699
0.519 -4.93146 -0.123811
0.52 -5.77784 -0.733504
0.521 -5.58861 -1.01543
0.522 -4.40251 -0.940743
0.523 -2.51392 -0.591036
0.524 -0.370276 -0.117011
0.525 1.55984 0.325698
0.526 2.90793 0.63343
0.527 3.4888 0.784683
0.528 3.33326 0.840565
0.529 2.67006 0.92032
0.53 1.86234 1.1587
0.531 1.31094 1.6564
0.532 1.34569 2.44101
0.533 2.13139 3.45521
0.534 3.61117 4.57548
0.535 5.50381 5.64852
0.536 7.36425 6.52741
0.537 8.7004 7.09872
0.538 9.11836 7.30063
0.539 8.45198 7.13136
0.54 6.83065 6.64381
0.541 4.65524 5.92492
0.542 2.48237 5.06795
0.543 0.849191 4.15087
0.544 0.094484 3.2275
0.545 0.240062 2.32764
0.546 0.980997 1.4608
0.547 1.79484 0.623925
0.548 2.1346 -0.183926
0.549 1.63848 -0.943261
0.55 0.281013 -1.60294
0.551 -1.59282 -2.08515
0.552 -3.37093 -2.30486
0.553 -4.38479 -2.19392
0.554 -4.15276 -1.72179
0.555 -2.56465 -0.91051
0.556 0.0624468 0.158438
0.557 3.07704 1.35114
0.558 5.70085 2.50612
0.559 7.28078 3.47205
0.56 7.50074 4.14391
0.561 6.47856 4.48292
0.562 4.70968 4.51539
0.563 2.87698 4.31504
0.564 1.60116 3.9759
0.565 1.22706 3.58211
0.566 1.72055 3.18269
0.567 2.70406 2.78071
0.568 3.6113 2.3434
0.569 3.90681 1.83025
0.57 3.295 1.22605
0.571 1.84078 0.562702
0.572 -0.0472914 -0.0791075
0.573 -1.76316 -0.587518
0.574 -2.71726 -0.850134
0.575 -2.53675 -0.788978
0.576 -1.18691 -0.389345
0.577 1.01831 0.288278
0.578 3.51627 1.12045
0.579 5.67637 1.9554
0.58 7.00185 2.65698
0.581 7.27757 3.13995
0.582 6.61015 3.38468
0.583 5.35653 3.4296
0.584 3.98158 3.34692
0.585 2.90013 3.21052
0.586 2.35086 3.06638
0.587 2.33403 2.91655
0.588 2.63092 2.72397
0.589 2.90139 2.43725
0.59 2.8232 2.02298
0.591 2.21516 1.48939
0.592 1.09874 0.891305
0.593 -0.312094 0.317349
0.594 -1.67644 -0.134118
0.595 -2.62402 -0.382528
0.596 -2.86138 -0.388266
0.597 -2.26106 -0.163139
0.598 -0.903038 0.237628
0.599 0.949994 0.739019
0.6 2.93203 1.27287
0.601 4.67369 1.79399
0.602 5.89264 2.28168
0.603 6.45843 2.73198
0.604 6.42071 3.14707
0.605 5.98942 3.52517
0.606 5.46413 3.85263
0.607 5.13059 4.10256
0.608 5.16303 4.24343
0.609 5.56847 4.25384
0.61 6.18594 4.13267
0.611 6.73513 3.89676
0.612 6.90411 3.56968
0.613 6.45784 3.17149
0.614 5.334 2.71526
0.615 3.68566 2.2091
0.616 1.84587 1.65993
0.617 0.223908 1.07905
0.618 -0.82606 0.490095
0.619 -1.11686 -0.065102
0.62 -0.68896 -0.531203
0.621 0.197786 -0.856309
0.622 1.14602 -1.01202
0.623 1.75822 -1.00392
0.624 1.78266 -0.867001
0.625 1.20914 -0.650333
0.626 0.273083 -0.399045
0.627 -0.631512 -0.138776
0.628 -1.09257 0.134253
0.629 -0.823602 0.452503
0.63 0.232913 0.861351
0.631 1.87501 1.39199
0.632 3.70008 2.03588
0.633 5.23955 2.73494
0.634 6.12167 3.39294
0.635 6.19776 3.90296
0.636 5.5823 4.1794
0.637 4.59764 4.18423
0.638 3.6519 3.93956
0.639 3.09511 3.52094
0.64 3.09823 3.03084
0.641 3.59374 2.56133
0.642 4.30148 2.16144
0.643 4.83516 1.82382
0.644 4.85117 1.49623
0.645 4.17988 1.11228
0.646 2.88837 0.628044
0.647 1.25709 0.0507255
0.648 -0.313453 -0.551935
0.649 -1.43081 -1.06675
0.65 -1.83414 -1.37105
0.651 -1.47506 -1.37649
0.652 -0.527946 -1.06328
0.653 0.677013 -0.490686
0.654 1.77363 0.221025
0.655 2.48431 0.929997
0.656 2.70181 1.51854
0.657 2.50488 1.92842
0.658 2.11221 2.17282
0.659 1.79572 2.32051
0.66 1.78149 2.45851
0.661 2.1682 2.64889
0.662 2.89102 2.89747
0.663 3.74661 3.14786
0.664 4.4697 3.30334
0.665 4.82778 3.26701
0.666 4.69636 2.98366
0.667 4.09378 2.46671
0.668 3.17213 1.80002
0.669 2.17133 1.11339
0.67 1.34852 0.540756
0.671 0.901213 0.176625
0.672 0.909901 0.0476265
0.673 1.32246 0.110575
0.674 1.9831 0.27717
0.675 2.68748 0.453464
0.676 3.24209 0.57698
0.677 3.51497 0.63753
0.678 3.46927 0.675512
0.679 3.17058 0.759582
0.68 2.76081 0.952455
0.681 2.40463 1.27808
0.682 2.23041 1.70426
0.683 2.29026 2.14962
0.684 2.54853 2.51229
0.685 2.89313 2.7067
0.686 3.16537 2.69224
0.687 3.20714 2.48394
0.688 2.91663 2.14376
0.689 2.29104 1.7567
0.69 1.4341 1.39972
0.691 0.524211 1.11474
0.692 -0.23994 0.897345
0.693 -0.693947 0.707409
0.694 -0.751058 0.496208
0.695 -0.429338 0.235359
0.696 0.148 -0.0662575
0.697 0.78946 -0.362805
0.698 1.30189 -0.586524
0.699 1.55864 -0.671756
0.7 1.53862 -0.580387
0.701 1.32433 -0.319073
0.702 1.06848 0.0607799
0.703 0.944026 0.482341
0.704 1.08698 0.872997
0.705 1.54402 1.18916
0.706 2.246 1.4255
0.707 3.02581 1.60772
0.708 3.67648 1.77441
0.709 4.02271 1.95503
0.71 3.97604 2.15146
0.711 3.5585 2.33112
0.712 2.89426 2.43684
0.713 2.17278 2.41094
0.714 1.58864 2.22205
0.715 1.2744 1.88088
0.716 1.25449 1.43847
0.717 1.44186 0.969612
0.718 1.67656 0.548999
0.719 1.78569 0.228089
0.72 1.64227 0.0203887
0.721 1.20809 -0.0985425
0.722 0.550779 -0.174934
0.723 -0.173277 -0.251039
0.724 -0.769878 -0.342342
0.725 -1.07399 -0.428966
0.726 -1.00415 -0.464214
0.727 -0.583602 -0.394991
0.728 0.0733298 -0.185532
0.729 0.798733 0.163955
0.73 1.42144 0.611
0.731 1.81934 1.08093
0.732 1.95763 1.4909
0.733 1.89577 1.77813
0.734 1.75809 1.91992
0.735 1.68247 1.93683
0.736 1.77037 1.87926
0.737 2.05455 1.80456
0.738 2.4887 1.75342
0.739 2.95885 1.73394
0.74 3.31693 1.71925
0.741 3.43016 1.66082
0.742 3.22852 1.51235
0.743 2.72924 1.25392
0.744 2.02966 0.904994
0.745 1.27558 0.520495
0.746 0.619118 0.172641
0.747 0.1774 -0.0735705
0.748 0.000276761 -0.18198
0.749 0.0566569 -0.156568
0.75 0.247907 -0.0382906
0.751 0.445779 0.111783
0.752 0.539055 0.236689
0.753 0.47024 0.305055
0.754 0.25161 0.320687
0.755 -0.0411243 0.316731
0.756 -0.294525 0.337927
0.757 -0.396273 0.419063
0.758 -0.275975 0.568442
0.759 0.0673545 0.762601
0.76 0.562973 0.953941
0.761 1.09131 1.08818
0.762 1.52156 1.12489
0.763 1.75133 1.05302
0.764 1.73771 0.894891
0.765 1.51082 0.697252
0.766 1.16348 0.513098
0.767 0.818993 0.38212
0.768 0.588647 0.317848
0.769 0.535815 0.306235
0.77 0.658752 0.315109
0.771 0.894872 0.309862
0.772 1.14283 0.269077
0.773 1.29684 0.194116
0.774 1.28407 0.108943
0.775 1.09162 0.0502712
0.776 0.770994 0.052032
0.777 0.418444 0.130787
0.778 0.140623 0.278521
0.779 0.0194824 0.465551
0.78 0.0870207 0.651493
0.781 0.315227 0.799422
0.782 0.624126 0.887864
0.783 0.908055 0.916294
0.784 1.07255 0.902324
0.785 1.06679 0.871997
0.786 0.898253 0.847281
0.787 0.626082 0.836192
0.788 0.338556 0.829918
0.789 0.123711 0.807791
0.79 0.0410815 0.747367
0.791 0.102111 0.635269
0.792 0.266884 0.474556
0.793 0.460508 0.285549
0.794 0.602551 0.0996428
0.795 0.635933 -0.0513374
0.796 0.544346 -0.145708
0.797 0.355049 -0.177968
0.798 0.128891 -0.158147
0.799 -0.0592714 -0.105581
0.8 -0.14519 -0.0401899
0.801 -0.0969894 0.0254619
0.802 0.075314 0.0904385
0.803 0.326552 0.164063
0.804 0.594175 0.259262
0.805 0.817774 0.383804
0.806 0.954657 0.533894
0.807 0.989882 0.693294
0.808 0.939106 0.837966
0.809 0.841816 0.94362
0.81 0.74575 0.99309
0.811 0.688961 0.981341
0.812 0.687884 0.916585
0.813 0.734977 0.816721
0.814 0.80325 0.702153
0.815 0.854205 0.588202
0.816 0.848596 0.480842
0.817 0.759453 0.377538
0.818 0.58292 0.271939
0.819 0.341071 0.159489
0.82 0.0750342 0.041524
0.821 -0.167439 -0.0733105
0.822 -0.344295 -0.170759
0.823 -0.428794 -0.235498
0.824 -0.416226 -0.256921
0.825 -0.326103 -0.233484
0.826 -0.196721 -0.173314
0.827 -0.0721913 -0.0909488
0.828 0.0125691 -0.00209789
0.829 0.0421986 0.0811456
0.83 0.0236238 0.153089
0.831 -0.0177402 0.214584
0.832 -0.0463461 0.27058
0.833 -0.0282548 0.326046
0.834 0.0559165 0.382171
0.835 0.201794 0.434862
0.836 0.380965 0.476294
0.837 0.550287 0.498403
0.838 0.666282 0.496409
0.839 0.698843 0.470995
0.84 0.640557 0.428574
0.841 0.509753 0.379463
0.842 0.345994 0.334307
0.843 0.197925 0.300063
0.844 0.106643 0.27755
0.845 0.0911978 0.261953
0.846 0.142518 0.245892
0.847 0.227687 0.223218
0.848 0.30199 0.19172
0.849 0.324307 0.154016
0.85 0.271401 0.11667
0.851 0.146751 0.0877236
0.852 -0.0196366 0.0732968
0.853 -0.181355 0.0746671
0.854 -0.292232 0.0874469
0.855 -0.322746 0.103546
0.856 -0.269816 0.114891
0.857 -0.156983 0.116869
0.858 -0.0255993 0.109968
0.859 0.0798804 0.0993138
0.86 0.12768 0.0925139
0.861 0.10994 0.0965432
0.862 0.0450085 0.1147
0.863 -0.0302203 0.144892
0.864 -0.0747431 0.180181
0.865 -0.0588496 0.211507
0.866 0.0251083 0.231275
0.867 0.159946 0.236153
0.868 0.309559 0.227979
0.869 0.431517 0.212662
0.87 0.491828 0.197585
0.871 0.476343 0.188546
0.872 0.394581 0.187489
0.873 0.275072 0.191987
0.874 0.154598 0.196637
0.875 0.0655578 0.195642
0.876 0.0257289 0.185415
0.877 0.033557 0.166181
0.878 0.0704169 0.142049
0.879 0.10891 0.1195
0.88 0.123874 0.104813
0.881 0.101733 0.101519
0.882 0.0448514 0.109066
0.883 -0.030141 0.123267
0.884 -0.09891 0.13812
0.885 -0.138296 0.148054
0.886 -0.13444 0.149756
0.887 -0.0874565 0.143039
0.888 -0.0111059 0.130571
0.889 0.072235 0.1165
0.89 0.139233 0.1045
0.891 0.172984 0.0961624
0.892 0.167707 0.0905596
0.893 0.129471 0.0850955
0.894 0.0729909 0.0770234
0.895 0.0159045 0.0648651
0.896 -0.0272161 0.0492071
0.897 -0.0490082 0.0326675
0.898 -0.050456 0.0190473
0.899 -0.0391029 0.0119213
0.9 -0.0253864 0.0132445
0.901 -0.0184613 0.0226659
0.902 -0.0228299 0.0378511
0.903 -0.0369422 0.0555148
0.904 -0.054289 0.0725949
0.905 -0.0663111 0.0871424
0.906 -0.0656445 0.098694
0.907 -0.048437 0.10802
0.908 -0.0152653 0.116314
0.909 0.0291885 0.124198
0.91 0.0773896 0.131109
0.911 0.120918 0.135457
0.912 0.152698 0.135384
0.913 0.168638 0.129608
0.914 0.168049 0.117968
0.915 0.15305 0.1016
0.916 0.127631 0.0827537
0.917 0.0967732 0.064214
0.918 0.065542 0.0484109
0.919 0.0380484 0.0366135
0.92 0.0165399 0.0286875
0.921 0.00112793 0.0235641
0.922 -0.00971081 0.0200397
0.923 -0.0182699 0.0173756
0.924 -0.0267915 0.0154951
0.925 -0.0367344 0.0148956
0.926 -0.0481231 0.0163859
0.927 -0.059231 0.0206459
0.928 -0.066945 0.027707
0.929 -0.0678603 0.0366543
0.93 -0.059654 0.0458305
0.931 -0.0420809 0.0534786
0.932 -0.0172448 0.0584107
0.933 0.0108074 0.0603244
0.934 0.0370368 0.0597224
0.935 0.0567599 0.0576229
0.936 0.0670409 0.0551894
0.937 0.0675982 0.0533216
0.938 0.0608098 0.0523214
0.939 0.0507907 0.0518341
0.94 0.0419439 0.05114
0.941 0.037554 0.0496188
0.942 0.0388343 0.0470785
0.943 0.0446471 0.04379
0.944 0.0519914 0.0403081
0.945 0.0571508 0.0372363
0.946 0.0570865 0.0349972
0.947 0.0505306 0.0336359
0.948 0.0383818 0.0327567
0.949 0.0233194 0.03169
0.95 0.00884793 0.0298266
0.951 -0.00186468 0.0269066
0.952 -0.00700326 0.023091
0.953 -0.00665658 0.0188258
0.954 -0.00268831 0.0146429
0.955 0.00203593 0.0110001
0.956 0.00474124 0.00816451
0.957 0.00371964 0.00613966
0.958 -0.00114863 0.00470035
0.959 -0.00845689 0.0035629
0.96 -0.0158347 0.00258943
0.961 -0.020796 0.00187392
0.962 -0.0215962 0.00165561
0.963 -0.0178081 0.00214812
0.964 -0.0104093 0.00341319
0.965 -0.00137207 0.00532581
0.966 0.00705233 0.00759621
0.967 0.0130657 0.00982717
0.968 0.0158191 0.0116226
0.969 0.0155387 0.0127277
0.97 0.0132909 0.0131183
0.971 0.0105061 0.0129717
0.972 0.00844126 0.0125389
0.973 0.00777178 0.0120091
0.974 0.00844164 0.0114462
0.975 0.00979857 0.0108041
0.976 0.0109315 0.00998072
0.977 0.011061 0.00888352
0.978 0.00982889 0.00749438
0.979 0.00739168 0.00590977
0.98 0.00431401 0.00432461
0.981 0.00133396 0.00295888
0.982 -0.000899098 0.00196815
0.983 -0.00202321 0.00139114
0.984 -0.00204237 0.00115594
0.985 -0.00127135 0.00112673
0.986 -0.000180382 0.00116029
0.987 0.00078953 0.00115265
0.988 0.0013645 0.00106458
0.989 0.00148414 0.000917665
0.99 0.00125979 0.000763668
0.991 0.000883025 0.000645476
0.992 0.000530756 0.00057315
0.993 0.000302297 0.000525852
0.994 0.000204937 0.000471857
0.995 0.000183619 0.000390174
0.996 0.000171672 0.00028178
0.997 0.000132409 0.000167054
0.998 7.13359e-05 7.2715e-05
0.999 1.88336e-05 1.65983e-05
0.12 2.03161 0.11239
0.24 2.0327 0.112451
0.36 2.03452 0.112553
0.48 2.03706 0.112694
0.6 2.04031 0.112872
0.72 2.04427 0.113084
0.84 2.04894 0.113328
0.96 2.05429 0.113599
1.08 2.06033 0.113895
1.2 2.06703 0.11421
1.32 2.07438 0.114541
1.44 2.08236 0.114883
1.56 2.09097 0.115229
1.68 2.10017 0.115576
1.8 2.10994 0.115918
1.92 2.12027 0.116249
2.04 2.13113 0.116565
2.16 2.14248 0.116859
2.28 2.15431 0.117126
2.4 2.16658 0.117362
2.52 2.17925 0.117563
2.64 2.1923 0.117722
2.76 2.20569 0.117837
2.88 2.21939 0.117904
3 2.23335 0.11792
3.12 2.24753 0.117881
3.24 2.26189 0.117785
3.36 2.27639 0.117631
3.48 2.29098 0.117418
3.6 2.30563 0.117144
3.72 2.32028 0.11681
3.84 2.33488 0.116416
3.96 2.34939 0.115963
4.08 2.36376 0.115452
4.2 2.37794 0.114886
4.32 2.39188 0.114266
4.44 2.40553 0.113596
4.56 2.41885 0.112878
4.68 2.43178 0.112116
4.8 2.44428 0.111313
4.92 2.4563 0.110474
5.04 2.4678 0.109602
5.16 2.47873 0.108701
5.28 2.48904 0.107776
5.4 2.49871 0.10683
5.52 2.50768 0.105866
5.64 2.51593 0.104888
5.76 2.52342 0.1039
5.88 2.53011 0.102903
6 2.53598 0.101899
6.12 2.54101 0.100892
6.24 2.54516 0.09988
6.36 2.54843 0.0988648
6.48 2.5508 0.0978456
6.6 2.55225 0.096821
6.72 2.55278 0.0957889
6.84 2.55239 0.0947462
6.96 2.55107 0.0936891
7.08 2.54882 0.0926126
7.2 2.54566 0.0915111
7.32 2.54159 0.0903779
7.44 2.53664 0.0892056
7.56 2.53081 0.0879856
7.68 2.52414 0.0867087
7.8 2.51665 0.085365
7.92 2.50837 0.0839438
8.04 2.49934 0.0824335
8.16 2.48958 0.0808224
8.28 2.47915 0.0790979
8.4 2.46807 0.0772472
8.52 2.45641 0.0752572
8.64 2.4442 0.0731146
8.76 2.43149 0.0708061
8.88 2.41834 0.0683186
9 2.4048 0.0656388
9.12 2.39091 0.0627543
9.24 2.37674 0.0596527
9.36 2.36234 0.0563227
9.48 2.34776 0.0527533
9.6 2.33307 0.0489347
9.72 2.3183 0.0448582
9.84 2.30352 0.040516
9.96 2.28877 0.035902
10.08 2.27411 0.0310111
10.2 2.25959 0.0258402
10.32 2.24525 0.0203876
10.44 2.23113 0.0146533
10.56 2.21728 0.00863945
10.68 2.20373 0.00234983
10.8 2.19052 -0.00420964
10.92 2.17767 -0.011031
11.04 2.16523 -0.0181044
11.16 2.1532 -0.0254176
11.28 2.14162 -0.0329565
11.4 2.13049 -0.0407049
11.52 2.11983 -0.0486444
11.64 2.10965 -0.0567548
11.76 2.09994 -0.0650139
11.88 2.09071 -0.0733976
12 2.08196 -0.0818801
12.12 2.07366 -0.0904339
12.24 2.06582 -0.0990301
12.36 2.05841 -0.107638
12.48 2.0514 -0.116227
12.6 2.04479 -0.124764
12.72 2.03853 -0.133215
12.84 2.0326 -0.141547
12.96 2.02696 -0.149725
13.08 2.02157 -0.157714
13.2 2.0164 -0.16548
13.32 2.0114 -0.172988
13.44 2.00653 -0.180203
13.56 2.00174 -0.187094
13.68 1.99698 -0.193626
13.8 1.99222 -0.199769
13.92 1.98739 -0.205493
14.04 1.98245 -0.210769
14.16 1.97736 -0.215571
14.28 1.97205 -0.219874
14.4 1.9665 -0.223655
14.52 1.96064 -0.226895
14.64 1.95443 -0.229575
14.76 1.94783 -0.231682
14.88 1.9408 -0.233203
15 1.93329 -0.234128
15.12 1.92527 -0.234452
15.24 1.91671 -0.234172
15.36 1.90757 -0.233288
15.48 1.89782 -0.231803
15.6 1.88744 -0.229724
15.72 1.8764 -0.227061
15.84 1.86469 -0.223827
15.96 1.85228 -0.220038
16.08 1.83917 -0.215714
16.2 1.82535 -0.210876
16.32 1.81081 -0.20555
16.44 1.79556 -0.199763
16.56 1.77958 -0.193546
16.68 1.7629 -0.186931
16.8 1.74551 -0.179953
16.92 1.72744 -0.17265
17.04 1.70869 -0.165059
17.16 1.68929 -0.157221
17.28 1.66925 -0.149178
17.4 1.64861 -0.140971
17.52 1.62738 -0.132644
17.64 1.6056 -0.12424
17.76 1.58331 -0.115803
17.88 1.56052 -0.107378
18 1.53728 -0.0990062
18.12 1.51363 -0.0907317
18.24 1.4896 -0.0825961
18.36 1.46523 -0.07464
18.48 1.44056 -0.0669027
18.6 1.41563 -0.0594217
18.72 1.39048 -0.0522329
18.84 1.36514 -0.0453697
18.96 1.33967 -0.0388636
19.08 1.3141 -0.0327432
19.2 1.28846 -0.0270347
19.32 1.2628 -0.0217614
19.44 1.23715 -0.0169437
19.56 1.21155 -0.0125989
19.68 1.18602 -0.00874112
19.8 1.16062 -0.0053814
19.92 1.13535 -0.00252746
20.04 1.11026 -0.00018378
20.16 1.08537 0.0016484
20.28 1.06071 0.00297108
20.4 1.0363 0.00378939
20.52 1.01216 0.00411161
20.64 0.988318 0.00394898
20.76 0.96478 0.00331565
20.88 0.941567 0.0022285
21 0.918692 0.000707047
21.12 0.896167 -0.00122678
21.24 0.874001 -0.00354881
21.36 0.852201 -0.0062328
21.48 0.830775 -0.00925067
21.6 0.809726 -0.0125727
21.72 0.789056 -0.0161679
21.84 0.768768 -0.0200038
21.96 0.74886 -0.0240475
22.08 0.729332 -0.0282649
22.2 0.710181 -0.0326219
22.32 0.691402 -0.037084
22.44 0.672992 -0.0416167
22.56 0.654944 -0.046186
22.68 0.637254 -0.0507582
22.8 0.619913 -0.0553005
22.92 0.602916 -0.059781
23.04 0.586255 -0.064169
23.16 0.569921 -0.0684351
23.28 0.553908 -0.0725515
23.4 0.538208 -0.0764919
23.52 0.522813 -0.080232
23.64 0.507716 -0.0837496
23.76 0.492909 -0.0870242
23.88 0.478386 -0.0900379
24 0.464139 -0.0927746
24.12 0.450164 -0.0952209
24.24 0.436453 -0.0973656
24.36 0.423003 -0.0991998
24.48 0.409808 -0.100717
24.6 0.396864 -0.101913
24.72 0.384167 -0.102786
24.84 0.371716 -0.103337
24.96 0.359506 -0.103568
25.08 0.347536 -0.103484
25.2 0.335805 -0.103092
25.32 0.324311 -0.1024
25.44 0.313055 -0.10142
25.56 0.302034 -0.100163
25.68 0.291251 -0.0986425
25.8 0.280705 -0.0968747
25.92 0.270397 -0.0948754
26.04 0.260328 -0.092662
26.16 0.250498 -0.090253
26.28 0.24091 -0.0876673
26.4 0.231564 -0.0849246
26.52 0.222462 -0.0820448
26.64 0.213605 -0.0790484
26.76 0.204995 -0.0759556
26.88 0.196631 -0.0727867
27 0.188516 -0.0695617
27.12 0.180649 -0.0663004
27.24 0.173031 -0.0630218
27.36 0.165663 -0.0597445
27.48 0.158544 -0.0564863
27.6 0.151675 -0.0532641
27.72 0.145053 -0.0500937
27.84 0.138678 -0.0469901
27.96 0.132549 -0.043967
28.08 0.126664 -0.0410371
28.2 0.12102 -0.0382115
28.32 0.115615 -0.0355003
28.44 0.110446 -0.0329124
28.56 0.105511 -0.030455
28.68 0.100805 -0.0281344
28.8 0.0963242 -0.0259551
28.92 0.0920651 -0.0239208
29.04 0.088023 -0.0220335
29.16 0.0841935 -0.0202943
29.28 0.0805715 -0.0187029
29.4 0.0771521 -0.0172579
29.52 0.07393 -0.0159569
29.64 0.0708999 -0.0147965
29.76 0.0680565 -0.0137722
29.88 0.0653941 -0.012879
30 0.0629072 -0.0121107
30.12 0.0605902 -0.0114608
30.24 0.0584374 -0.0109219
30.36 0.0564433 -0.0104864
30.48 0.0546024 -0.0101462
30.6 0.052909 -0.00989259
30.72 0.0513577 -0.00971705
30.84 0.0499432 -0.0096107
30.96 0.0486601 -0.00956463
31.08 0.0475034 -0.00956997
31.2 0.0464679 -0.00961792
31.32 0.0455487 -0.00969987
31.44 0.0447408 -0.00980745
31.56 0.0440395 -0.00993258
31.68 0.0434402 -0.0100675
31.8 0.0429383 -0.0102049
31.92 0.0425293 -0.010338
32.04 0.0422088 -0.0104602
32.16 0.0419725 -0.0105658
32.28 0.0418161 -0.0106493
32.4 0.0417353 -0.010706
32.52 0.041726 -0.0107317
32.64 0.0417841 -0.0107226
32.76 0.0419053 -0.0106758
32.88 0.0420854 -0.0105887
33 0.0423203 -0.0104592
33.12 0.0426057 -0.0102861
33.24 0.0429375 -0.0100684
33.36 0.0433112 -0.00980564
33.48 0.0437226 -0.00949791
33.6 0.0441673 -0.00914568
33.72 0.0446407 -0.00874985
33.84 0.0451384 -0.00831167
33.96 0.0456558 -0.00783272
34.08 0.0461882 -0.00731487
34.2 0.0467311 -0.00676027
34.32 0.0472795 -0.00617124
34.44 0.0478289 -0.00555031
34.56 0.0483745 -0.00490014
34.68 0.0489114 -0.00422347
34.8 0.049435 -0.00352314
34.92 0.0499405 -0.00280199
35.04 0.0504233 -0.00206289
35.16 0.0508788 -0.00130866
35.28 0.0513025 -0.000542072
35.4 0.0516901 0.000234189
35.52 0.0520373 0.00101753
35.64 0.0523401 0.00180549
35.76 0.0525947 0.00259572
35.88 0.0527975 0.00338606
36 0.052945 0.00417447
36.12 0.0530342 0.0049591
36.24 0.0530622 0.00573825
36.36 0.0530266 0.00651042
36.48 0.0529251 0.00727426
36.6 0.052756 0.00802859
36.72 0.0525179 0.0087724
36.84 0.0522095 0.00950484
36.96 0.0518302 0.0102252
37.08 0.0513798 0.0109329
37.2 0.0508584 0.0116275
37.32 0.0502663 0.0123086
37.44 0.0496047 0.0129761
37.56 0.0488747 0.0136297
37.68 0.0480781 0.0142695
37.8 0.0472169 0.0148953
37.92 0.0462937 0.0155072
38.04 0.0453112 0.0161053
38.16 0.0442726 0.0166897
38.28 0.0431813 0.0172603
38.4 0.0420411 0.0178174
38.52 0.0408561 0.018361
38.64 0.0396304 0.018891
38.76 0.0383685 0.0194076
38.88 0.0370751 0.0199106
39 0.0357549 0.0204001
39.12 0.0344129 0.0208758
39.24 0.033054 0.0213376
39.36 0.0316832 0.0217853
39.48 0.0303056 0.0222187
39.6 0.028926 0.0226373
39.72 0.0275495 0.0230409
39.84 0.0261809 0.023429
39.96 0.0248249 0.0238012
40.08 0.0234859 0.024157
40.2 0.0221685 0.0244959
40.32 0.0208766 0.0248174
40.44 0.0196143 0.025121
40.56 0.0183851 0.0254061
40.68 0.0171924 0.0256722
40.8 0.0160392 0.0259189
40.92 0.0149283 0.0261455
41.04 0.0138621 0.0263517
41.16 0.0128427 0.0265371
41.28 0.0118717 0.0267012
41.4 0.0109505 0.0268438
41.52 0.0100802 0.0269646
41.64 0.00926143 0.0270634
41.76 0.00849451 0.02714
41.88 0.00777945 0.0271944
42 0.00711592 0.0272267
42.12 0.00650328 0.0272368
42.24 0.0059406 0.0272251
42.36 0.00542665 0.0271916
42.48 0.00495998 0.0271368
42.6 0.00453886 0.027061
42.72 0.00416137 0.0269647
42.84 0.00382537 0.0268485
42.96 0.00352858 0.0267129
43.08 0.00326855 0.0265585
43.2 0.00304272 0.0263861
43.32 0.00284845 0.0261965
43.44 0.00268301 0.0259903
43.56 0.00254363 0.0257685
43.68 0.00242753 0.0255319
43.8 0.00233195 0.0252813
43.92 0.00225411 0.0250177
44.04 0.00219134 0.0247418
44.16 0.002141 0.0244546
44.28 0.00210057 0.024157
44.4 0.0020676 0.0238497
44.52 0.00203981 0.0235335
44.64 0.00201503 0.0232094
44.76 0.00199124 0.0228779
44.88 0.0019666 0.0225399
45 0.00193942 0.022196
45.12 0.00190821 0.0218468
45.24 0.00187163 0.0214929
45.36 0.00182854 0.0211348
45.48 0.00177799 0.020773
45.6 0.0017192 0.0204079
45.72 0.00165157 0.0200399
45.84 0.00157469 0.0196692
45.96 0.00148831 0.0192962
46.08 0.00139232 0.0189212
46.2 0.0012868 0.0185441
46.32 0.00117194 0.0181653
46.44 0.00104809 0.0177849
46.56 0.000915703 0.0174029
46.68 0.000775335 0.0170193
46.8 0.00062765 0.0166343
46.92 0.000473386 0.0162479
47.04 0.000313352 0.01586
47.16 0.00014841 0.0154708
47.28 -2.05353e-05 0.0150802
47.4 -0.000192552 0.0146882
47.52 -0.000366691 0.014295
47.64 -0.000542002 0.0139005
47.76 -0.000717541 0.013505
47.88 -0.000892383 0.0131084
48 -0.00106563 0.0127109
48.12 -0.00123643 0.0123127
48.24 -0.00140397 0.0119141
48.36 -0.00156749 0.0115152
48.48 -0.00172629 0.0111163
48.6 -0.00187974 0.0107178
48.72 -0.00202727 0.0103201
48.84 -0.00216839 0.00992341
48.96 -0.00230269 0.00952831
49.08 -0.00242981 0.00913524
49.2 -0.0025495 0.00874468
49.32 -0.00266155 0.00835715
49.44 -0.00276584 0.00797321
49.56 -0.00286232 0.00759342
49.68 -0.00295101 0.00721837
49.8 -0.00303198 0.00684865
49.92 -0.00310537 0.00648485
50.04 -0.00317137 0.00612758
50.16 -0.00323022 0.00577743
50.28 -0.00328219 0.00543499
50.4 -0.00332761 0.00510083
50.52 -0.00336683 0.00477549
50.64 -0.00340021 0.00445949
50.76 -0.00342815 0.00415333
50.88 -0.00345106 0.00385745
51 -0.00346934 0.00357229
51.12 -0.00348343 0.00329819
51.24 -0.00349372 0.00303549
51.36 -0.00350062 0.00278446
51.48 -0.00350453 0.0025453
51.6 -0.00350582 0.0023182
51.72 -0.00350485 0.00210324
51.84 -0.00350194 0.00190047
51.96 -0.00349741 0.00170988
52.08 -0.00349155 0.00153139
52.2 -0.00348459 0.00136488
52.32 -0.00347675 0.00121016
52.44 -0.00346824 0.00106698
52.56 -0.0034592 0.000935055
52.68 -0.00344977 0.000814029
52.8 -0.00344004 0.000703512
52.92 -0.00343008 0.00060307
53.04 -0.00341992 0.000512226
53.16 -0.00340958 0.000430471
53.28 -0.00339905 0.000357264
53.4 -0.00338829 0.000292037
53.52 -0.00337726 0.000234204
53.64 -0.00336586 0.000183161
53.76 -0.00335402 0.000138295
53.88 -0.00334164 9.89841e-05
54 -0.0033286 6.46092e-05
54.12 -0.00331478 3.45533e-05
54.24 -0.00330006 8.2085e-06
54.36 -0.00328431 -1.50197e-05
54.48 -0.00326739 -3.57082e-05
54.6 -0.00324918 -5.44126e-05
54.72 -0.00322956 -7.16633e-05
54.84 -0.0032084 -8.7962e-05
54.96 -0.00318559 -0.000103779
55.08 -0.00316102 -0.000119552
55.2 -0.0031346 -0.00013568
55.32 -0.00310625 -0.000152526
55.44 -0.00307588 -0.000170415
55.56 -0.00304344 -0.00018963
55.68 -0.00300889 -0.000210413
55.8 -0.00297219 -0.000232969
55.92 -0.00293332 -0.000257459
56.04 -0.00289227 -0.000284006
56.16 -0.00284907 -0.000312696
56.28 -0.00280373 -0.000343575
56.4 -0.0027563 -0.000376656
56.52 -0.00270684 -0.000411918
56.64 -0.00265541 -0.000449306
56.76 -0.00260211 -0.000488739
56.88 -0.00254705 -0.000530108
57 -0.00249033 -0.00057328
57.12 -0.0024321 -0.0006181
57.24 -0.0023725 -0.000664395
57.36 -0.00231171 -0.000711977
57.48 -0.00224989 -0.000760642
57.6 -0.00218726 -0.000810178
57.72 -0.00212402 -0.000860365
57.84 -0.0020604 -0.000910976
57.96 -0.00199664 -0.000961782
58.08 -0.00193301 -0.00101255
58.2 -0.00186977 -0.00106306
58.32 -0.00180723 -0.00111308
58.44 -0.00174568 -0.00116239
58.56 -0.00168544 -0.00121078
58.68 -0.00162686 -0.00125805
58.8 -0.00157028 -0.00130399
58.92 -0.00151607 -0.00134842
59.04 -0.0014646 -0.00139116
59.16 -0.00141626 -0.00143206
59.28 -0.00137144 -0.00147095
59.4 -0.00133056 -0.0015077
59.52 -0.00129402 -0.00154218
59.64 -0.00126225 -0.00157427
59.76 -0.00123567 -0.00160388
59.88 -0.0012147 -0.0016309
60 -0.00119976 -0.00165526
60.12 -0.00119127 -0.00167689
60.24 -0.00118964 -0.00169573
60.36 -0.00119526 -0.00171173
60.48 -0.00120852 -0.00172486
60.6 -0.00122979 -0.00173508
60.72 -0.00125941 -0.00174238
60.84 -0.0012977 -0.00174674
60.96 -0.00134495 -0.00174816
61.08 -0.00140142 -0.00174665
61.2 -0.00146733 -0.00174223
61.32 -0.00154286 -0.0017349
61.44 -0.00162816 -0.0017247
61.56 -0.00172331 -0.00171168
61.68 -0.00182835 -0.00169586
61.8 -0.00194327 -0.00167731
61.92 -0.002068 -0.00165609
62.04 -0.00220242 -0.00163226
62.16 -0.00234633 -0.0016059
62.28 -0.00249949 -0.0015771
62.4 -0.00266158 -0.00154595
62.52 -0.00283223 -0.00151256
62.64 -0.003011 -0.00147704
62.76 -0.00319739 -0.00143953
62.88 -0.00339082 -0.00140014
63 -0.00359067 -0.00135903
63.12 -0.00379626 -0.00131636
63.24 -0.00400685 -0.00127228
63.36 -0.00422164 -0.00122698
63.48 -0.0044398 -0.00118065
63.6 -0.00466042 -0.00113347
63.72 -0.0048826 -0.00108565
63.84 -0.00510536 -0.0010374
63.96 -0.00532771 -0.000988953
64.08 -0.00554865 -0.000940522
64.2 -0.00576714 -0.000892343
64.32 -0.00598215 -0.000844649
64.44 -0.00619263 -0.000797677
64.56 -0.00639755 -0.000751665
64.68 -0.00659588 -0.00070685
64.8 -0.00678662 -0.000663463
64.92 -0.00696879 -0.000621732
65.04 -0.00714144 -0.000581879
65.16 -0.00730366 -0.000544114
65.28 -0.00745459 -0.000508636
65.4 -0.00759343 -0.00047563
65.52 -0.00771942 -0.000445267
65.64 -0.00783188 -0.000417697
65.76 -0.00793019 -0.000393049
65.88 -0.00801381 -0.000371433
66 -0.00808226 -0.000352931
66.12 -0.00813517 -0.000337601
66.24 -0.00817222 -0.000325471
66.36 -0.0081932 -0.000316542
66.48 -0.00819796 -0.000310783
66.6 -0.00818647 -0.000308132
66.72 -0.00815875 -0.000308494
66.84 -0.00811492 -0.000311742
66.96 -0.00805519 -0.000317718
67.08 -0.00797983 -0.000326228
67.2 -0.00788921 -0.00033705
67.32 -0.00778375 -0.000349927
67.44 -0.00766396 -0.000364576
67.56 -0.00753041 -0.000380683
67.68 -0.0073837 -0.00039791
67.8 -0.00722454 -0.000415893
67.92 -0.00705364 -0.000434248
68.04 -0.00687177 -0.000452572
68.16 -0.00667974 -0.000470446
68.28 -0.00647839 -0.00048744
68.4 -0.00626858 -0.000503116
68.52 -0.00605119 -0.000517031
68.64 -0.00582712 -0.000528742
68.76 -0.00559726 -0.00053781
68.88 -0.00536252 -0.000543804
69 -0.00512379 -0.000546307
69.12 -0.00488198 -0.000544919
69.24 -0.00463796 -0.00053926
69.36 -0.00439259 -0.000528979
69.48 -0.00414674 -0.000513753
69.6 -0.00390122 -0.000493295
69.72 -0.00365685 -0.000467357
69.84 -0.00341441 -0.000435733
69.96 -0.00317466 -0.000398262
70.08 -0.00293835 -0.000354834
70.2 -0.00270618 -0.000305391
70.32 -0.00247886 -0.000249927
70.44 -0.00225705 -0.000188497
70.56 -0.00204142 -0.000121212
70.68 -0.00183261 -4.82423e-05
70.8 -0.00163123 3.01798e-05
70.92 -0.00143793 0.000113762
71.04 -0.00125329 0.000202151
71.16 -0.00107794 0.000294934
71.28 -0.000912477 0.000391639
71.4 -0.000757512 0.00049174
71.52 -0.00061366 0.000594651
71.64 -0.000481544 0.000699741
71.76 -0.000361794 0.000806324
71.88 -0.000255053 0.000913675
72 -0.000161978 0.00102103
72.12 -8.32352e-05 0.00112757
72.24 -1.95069e-05 0.00123248
72.36 2.85147e-05 0.00133489
72.48 6.0127e-05 0.00143392
72.6 7.46202e-05 0.00152867
72.72 7.12804e-05 0.00161825
72.84 4.9394e-05 0.00170176
72.96 8.25328e-06 0.00177829
73.08 -5.28382e-05 0.00184696
73.2 -0.000134558 0.0019069
73.32 -0.000237559 0.00195728
73.44 -0.000362457 0.00199727
73.56 -0.000509826 0.0020261
73.68 -0.000680188 0.00204305
73.8 -0.000873998 0.00204743
73.92 -0.00109164 0.00203862
74.04 -0.00133342 0.00201606
74.16 -0.00159953 0.00197926
74.28 -0.00189007 0.00192778
74.4 -0.00220502 0.00186127
74.52 -0.00254425 0.00177946
74.64 -0.00290745 0.00168217
74.76 -0.0032942 0.00156928
74.88 -0.00370392 0.00144079
75 -0.00413586 0.00129675
75.12 -0.0045891 0.00113733
75.24 -0.00506254 0.000962778
75.36 -0.00555492 0.000773435
75.48 -0.00606479 0.000569728
75.6 -0.00659052 0.000352175
75.72 -0.00713028 0.000121377
75.84 -0.0076821 -0.000121979
75.96 -0.0082438 -0.000377127
76.08 -0.00881306 -0.000643224
76.2 -0.00938738 -0.000919355
76.32 -0.00996414 -0.00120454
76.44 -0.0105405 -0.00149772
76.56 -0.0111137 -0.00179779
76.68 -0.0116807 -0.00210361
76.8 -0.0122383 -0.00241395
76.92 -0.0127834 -0.00272759
77.04 -0.0133129 -0.00304324
77.16 -0.0138235 -0.00335959
77.28 -0.0143119 -0.00367532
77.4 -0.0147751 -0.00398909
77.52 -0.0152097 -0.00429956
77.64 -0.0156128 -0.00460539
77.76 -0.0159814 -0.00490524
77.88 -0.0163126 -0.00519779
78 -0.0166037 -0.00548173
78.12 -0.0168522 -0.00575581
78.24 -0.0170559 -0.00601878
78.36 -0.0172125 -0.00626945
78.48 -0.0173204 -0.00650666
78.6 -0.017378 -0.00672933
78.72 -0.017384 -0.0069364
78.84 -0.0173374 -0.0071269
78.96 -0.0172376 -0.00729992
79.08 -0.0170844 -0.00745461
79.2 -0.0168779 -0.00759021
79.32 -0.0166183 -0.00770603
79.44 -0.0163066 -0.00780144
79.56 -0.0159438 -0.00787593
79.68 -0.0155316 -0.00792905
79.8 -0.0150716 -0.00796043
79.92 -0.0145661 -0.0079698
80.04 -0.0140177 -0.00795698
80.16 -0.0134291 -0.00792186
80.28 -0.0128036 -0.00786443
80.4 -0.0121444 -0.00778476
80.52 -0.0114554 -0.007683
80.64 -0.0107404 -0.0075594
80.76 -0.0100034 -0.00741428
80.88 -0.00924865 -0.00724804
81 -0.00848057 -0.00706115
81.12 -0.00770358 -0.00685418
81.24 -0.00692216 -0.00662773
81.36 -0.00614084 -0.00638251
81.48 -0.00536407 -0.00611928
81.6 -0.00459627 -0.00583885
81.72 -0.00384174 -0.00554211
81.84 -0.00310461 -0.00522997
81.96 -0.00238886 -0.00490344
82.08 -0.00169823 -0.00456354
82.2 -0.00103617 -0.00421135
82.32 -0.000405892 -0.00384797
82.44 0.00018976 -0.00347455
82.56 0.000748277 -0.00309227
82.68 0.00126753 -0.00270233
82.8 0.00174578 -0.00230596
82.92 0.00218171 -0.00190439
83.04 0.00257445 -0.0014989
83.16 0.00292353 -0.00109074
83.28 0.00322894 -0.000681179
83.4 0.00349113 -0.000271496
83.52 0.00371097 0.000137044
83.64 0.00388975 0.00054318
83.76 0.00402918 0.000945664
83.88 0.00413137 0.00134326
84 0.00419881 0.00173477
84.12 0.0042343 0.00211899
84.24 0.00424099 0.00249477
84.36 0.00422227 0.00286099
84.48 0.00418178 0.00321656
84.6 0.00412337 0.00356045
84.72 0.00405099 0.00389166
84.84 0.00396873 0.00420924
84.96 0.0038807 0.00451233
85.08 0.00379102 0.00480009
85.2 0.00370373 0.00507177
85.32 0.00362278 0.00532668
85.44 0.00355194 0.00556423
85.56 0.00349476 0.00578389
85.68 0.00345452 0.00598521
85.8 0.00343417 0.00616785
85.92 0.0034363 0.00633157
86.04 0.00346309 0.0064762
86.16 0.00351623 0.00660169
86.28 0.00359696 0.00670813
86.4 0.00370596 0.00679567
86.52 0.00384336 0.00686461
86.64 0.00400872 0.00691536
86.76 0.00420097 0.00694847
86.88 0.00441848 0.00696459
87 0.00465895 0.00696452
87.12 0.0049195 0.00694919
87.24 0.00519662 0.00691964
87.36 0.00548622 0.00687707
87.48 0.00578362 0.00682281
87.6 0.0060836 0.0067583
87.72 0.00638041 0.00668514
87.84 0.00666783 0.00660505
87.96 0.00693921 0.00651987
88.08 0.0071875 0.00643156
88.2 0.00740534 0.00634222
88.32 0.00758508 0.00625404
88.44 0.00771889 0.00616934
88.56 0.00779879 0.00609051
88.68 0.00781674 0.00602007
88.8 0.0077647 0.00596058
88.92 0.00763473 0.0059147
89.04 0.00741904 0.00588515
89.16 0.00711008 0.00587469
89.28 0.00670062 0.00588611
89.4 0.00618383 0.00592224
89.52 0.00555333 0.00598591
89.64 0.00480329 0.00607994
89.76 0.00392848 0.00620712
89.88 0.00292433 0.00637022
90 0.00178704 0.00657194
90.12 0.00051354 0.0068149
90.24 -0.000898359 0.00710163
90.36 -0.00244999 0.00743456
90.48 -0.00414178 0.00781598
90.6 -0.0059732 0.00824805
90.72 -0.00794277 0.00873273
90.84 -0.010048 0.00927183
90.96 -0.0122856 0.00986694
91.08 -0.0146509 0.0105194
91.2 -0.0171388 0.0112305
91.32 -0.0197428 0.012001
91.44 -0.0224558 0.0128315
91.56 -0.0252696 0.0137225
91.68 -0.0281754 0.0146739
91.8 -0.0311634 0.0156856
91.92 -0.0342232 0.016757
92.04 -0.0373437 0.0178872
92.16 -0.0405134 0.019075
92.28 -0.0437201 0.0203189
92.4 -0.0469513 0.021617
92.52 -0.050194 0.0229672
92.64 -0.0534352 0.0243669
92.76 -0.0566616 0.0258133
92.88 -0.05986 0.0273031
93 -0.0630171 0.0288329
93.12 -0.0661199 0.0303988
93.24 -0.0691555 0.0319967
93.36 -0.0721114 0.0336223
93.48 -0.0749757 0.0352709
93.6 -0.0777367 0.0369375
93.72 -0.0803835 0.038617
93.84 -0.082906 0.0403041
93.96 -0.0852946 0.0419932
94.08 -0.0875408 0.0436785
94.2 -0.0896368 0.0453544
94.32 -0.0915757 0.0470147
94.44 -0.0933519 0.0486535
94.56 -0.0949605 0.0502647
94.68 -0.0963979 0.0518422
94.8 -0.0976613 0.05338
94.92 -0.0987492 0.0548719
95.04 -0.0996612 0.056312
95.16 -0.100398 0.0576946
95.28 -0.100961 0.0590138
95.4 -0.101353 0.0602641
95.52 -0.101578 0.0614403
95.64 -0.10164 0.0625373
95.76 -0.101545 0.0635502
95.88 -0.1013 0.0644745
96 -0.100911 0.0653061
96.12 -0.100387 0.0660411
96.24 -0.099735 0.066676
96.36 -0.0989653 0.0672078
96.48 -0.0980871 0.0676338
96.6 -0.0971102 0.0679518
96.72 -0.0960447 0.0681601
96.84 -0.0949008 0.0682574
96.96 -0.0936891 0.0682428
97.08 -0.0924198 0.0681159
97.2 -0.0911032 0.067877
97.32 -0.0897493 0.0675266
97.44 -0.0883681 0.0670658
97.56 -0.0869687 0.0664964
97.68 -0.0855604 0.0658202
97.8 -0.0841514 0.0650399
97.92 -0.0827497 0.0641585
98.04 -0.0813625 0.0631795
98.16 -0.0799964 0.0621065
98.28 -0.078657 0.060944
98.4 -0.0773495 0.0596966
98.52 -0.0760781 0.0583693
98.64 -0.074846 0.0569673
98.76 -0.0736559 0.0554964
98.88 -0.0725095 0.0539624
99 -0.0714076 0.0523715
99.12 -0.0703502 0.0507301
99.24 -0.0693367 0.0490445
99.36 -0.0683655 0.0473216
99.48 -0.0674345 0.0455681
99.6 -0.0665406 0.0437907
99.72 -0.0656805 0.0419964
99.84 -0.06485 0.0401919
99.96 -0.0640446 0.0383842
100.08 -0.0632593 0.0365799
100.2 -0.0624887 0.0347857
100.32 -0.0617274 0.0330079
100.44 -0.0609695 0.031253
100.56 -0.0602091 0.029527
100.68 -0.0594404 0.0278358
100.8 -0.0586574 0.0261849
100.92 -0.0578544 0.0245797
101.04 -0.057026 0.023025
101.16 -0.0561669 0.0215256
101.28 -0.0552723 0.0200858
101.4 -0.0543377 0.0187094
101.52 -0.0533593 0.0173999
101.64 -0.0523336 0.0161605
101.76 -0.0512578 0.0149939
101.88 -0.0501299 0.0139023
102 -0.0489483 0.0128876
102.12 -0.0477123 0.0119513
102.24 -0.0464218 0.0110943
102.36 -0.0450774 0.0103172
102.48 -0.0436807 0.00962009
102.6 -0.0422337 0.00900279
102.72 -0.0407392 0.00846459
102.84 -0.0392009 0.00800442
102.96 -0.0376228 0.00762082
103.08 -0.0360099 0.00731196
103.2 -0.0343674 0.00707567
103.32 -0.0327013 0.00690944
103.44 -0.031018 0.00681042
103.56 -0.0293241 0.00677549
103.68 -0.0276268 0.00680125
103.8 -0.0259334 0.00688404
103.92 -0.0242515 0.00701997
104.04 -0.0225885 0.00720495
104.16 -0.0209522 0.00743471
104.28 -0.01935 0.0077048
104.4 -0.0177895 0.00801067
104.52 -0.0162776 0.00834765
104.64 -0.0148214 0.00871096
104.76 -0.0134271 0.00909581
104.88 -0.012101 0.00949734
105 -0.0108483 0.00991069
105.12 -0.00967391 0.010331
105.24 -0.00858211 0.0107535
105.36 -0.00757635 0.0111734
105.48 -0.00665936 0.0115861
105.6 -0.00583308 0.0119869
105.72 -0.00509862 0.0123715
105.84 -0.00445624 0.0127356
105.96 -0.00390534 0.0130749
106.08 -0.00344446 0.0133855
106.2 -0.00307125 0.0136638
106.32 -0.00278253 0.013906
106.44 -0.00257429 0.0141089
106.56 -0.0024417 0.0142694
106.68 -0.00237917 0.0143847
106.8 -0.00238041 0.0144521
106.92 -0.00243843 0.0144694
107.04 -0.00254566 0.0144347
107.16 -0.00269399 0.0143461
107.28 -0.00287483 0.0142023
107.4 -0.0030792 0.0140021
107.52 -0.00329784 0.013745
107.64 -0.00352124 0.0134303
107.76 -0.00373978 0.0130581
107.88 -0.00394377 0.0126285
108 -0.00412361 0.0121421
108.12 -0.00426982 0.0115998
108.24 -0.00437315 0.011003
108.36 -0.00442469 0.0103532
108.48 -0.00441594 0.00965235
108.6 -0.0043389 0.0089028
108.72 -0.00418615 0.00810718
108.84 -0.00395092 0.00726847
108.96 -0.00362717 0.00638997
109.08 -0.00320966 0.00547532
109.2 -0.00269398 0.00452848
109.32 -0.00207663 0.00355371
109.44 -0.00135506 0.00255556
109.56 -0.000527694 0.00153888
109.68 0.000406053 0.000508796
109.8 0.00144573 -0.000529322
109.92 0.00258987 -0.00156986
110.04 0.00383596 -0.00260696
110.16 0.00518047 -0.00363461
110.28 0.00661889 -0.00464656
110.4 0.00814571 -0.00563643
110.52 0.00975449 -0.00659772
110.64 0.0114379 -0.0075238
110.76 0.0131877 -0.00840795
110.88 0.0149951 -0.00924345
111 0.0168502 -0.0100235
111.12 0.0187428 -0.0107413
111.24 0.0206619 -0.0113903
111.36 0.0225962 -0.0119637
111.48 0.0245339 -0.012455
111.6 0.0264629 -0.012858
111.72 0.0283708 -0.0131663
111.84 0.0302452 -0.0133741
111.96 0.0320737 -0.0134757
112.08 0.0338438 -0.0134657
112.2 0.0355432 -0.013339
112.32 0.0371601 -0.0130911
112.44 0.0386827 -0.0127177
112.56 0.0400998 -0.012215
112.68 0.0414009 -0.0115796
112.8 0.0425757 -0.0108089
112.92 0.0436151 -0.00990048
113.04 0.0445102 -0.00885283
113.16 0.0452533 -0.00766486
113.28 0.0458375 -0.00633616
113.4 0.0462567 -0.00486699
113.52 0.046506 -0.00325827
113.64 0.0465813 -0.00151162
113.76 0.0464797 0.000370638
113.88 0.0461993 0.00238546
114 0.0457393 0.00452909
114.12 0.0450999 0.00679704
114.24 0.0442825 0.0091841
114.36 0.0432896 0.0116844
114.48 0.0421246 0.0142912
114.6 0.0407922 0.0169974
114.72 0.0392978 0.0197948
114.84 0.0376479 0.022675
114.96 0.0358502 0.0256286
115.08 0.0339128 0.0286459
115.2 0.0318449 0.0317166
115.32 0.0296565 0.0348297
115.44 0.0273583 0.0379739
115.56 0.0249613 0.0411377
115.68 0.0224776 0.0443088
115.8 0.0199195 0.047475
115.92 0.0172996 0.0506235
116.04 0.014631 0.0537417
116.16 0.0119272 0.0568167
116.28 0.0092016 0.0598355
116.4 0.00646788 0.0627852
116.52 0.0037397 0.0656529
116.64 0.0010307 0.068426
116.76 -0.00164563 0.0710921
116.88 -0.00427597 0.073639
117 -0.00684726 0.0760548
117.12 -0.00934678 0.0783284
117.24 -0.0117622 0.0804488
117.36 -0.0140816 0.0824058
117.48 -0.0162936 0.0841897
117.6 -0.0183874 0.0857916
117.72 -0.0203528 0.0872032
117.84 -0.0221801 0.0884171
117.96 -0.0238605 0.0894267
118.08 -0.0253859 0.0902265
118.2 -0.0267487 0.0908115
118.32 -0.0279424 0.091178
118.44 -0.028961 0.0913232
118.56 -0.0297996 0.0912452
118.68 -0.0304538 0.0909433
118.8 -0.0309203 0.0904177
118.92 -0.0311965 0.0896697
119.04 -0.0312806 0.0887017
119.16 -0.0311717 0.087517
119.28 -0.0308697 0.0861199
119.4 -0.0303752 0.0845159
119.52 -0.0296898 0.0827112
119.64 -0.0288156 0.0807132
119.76 -0.0277557 0.07853
119.88 -0.0265137 0.0761706
120 -0.0250941 0.0736449
