-0.999 0.000408978 -4.64958e-05
-0.998 0.00161267 -0.000133154
-0.997 0.00360282 -0.000195514
-0.996 0.00636467 -0.000242397
-0.995 0.00986354 -0.000350883
-0.994 0.014075 -0.000568033
-0.993 0.0190607 -0.000803804
-0.992 0.0250013 -0.000781738
-0.991 0.0321169 -0.000125797
-0.99 0.0405476 0.0014
-0.989 0.0502637 0.00368209
-0.988 0.0611777 0.00613784
-0.987 0.0731557 0.00788948
-0.986 0.0863375 0.0081229
-0.985 0.101362 0.00652959
-0.984 0.119173 0.0036058
-0.983 0.140592 0.000632577
-0.982 0.165556 -0.000814698
-0.981 0.192795 0.000431174
-0.98 0.219758 0.00454902
-0.979 0.243311 0.0104614
-0.978 0.260777 0.016245
-0.977 0.271591 0.0199296
-0.976 0.277877 0.0203748
-0.975 0.283958 0.0179928
-0.974 0.295209 0.0148488
-0.973 0.315796 0.0136156
-0.972 0.346132 0.0163556
-0.971 0.381861 0.023174
-0.97 0.415604 0.0316766
-0.969 0.439421 0.0375967
-0.968 0.448437 0.0362707
-0.967 0.443862 0.0247034
-0.966 0.434902 0.00316936
-0.965 0.436128 -0.0241753
-0.964 0.461648 -0.0506263
-0.963 0.520191 -0.0693538
-0.962 0.610411 -0.0759297
-0.961 0.719658 -0.0699729
-0.96 0.827518 -0.0558326
-0.959 0.912033 -0.0402678
-0.958 0.957831 -0.0293262
-0.957 0.964015 -0.0262179
-0.956 0.944274 -0.0287371
-0.955 0.92186 -0.0302884
-0.954 0.922007 -0.0224368
-0.953 0.960953 0.00110072
-0.952 1.03944 0.0408673
-0.951 1.14105 0.0901637
-0.95 1.23636 0.136681
-0.949 1.29513 0.167037
-0.948 1.29851 0.171193
-0.947 1.24686 0.146845
-0.946 1.16297 0.100696
-0.945 1.08565 0.0455852
-0.944 1.05523 -0.00380519
-0.943 1.09937 -0.0356455
-0.942 1.22488 -0.047723
-0.941 1.41272 -0.0467241
-0.94 1.62351 -0.0443877
-0.939 1.81334 -0.0533957
-0.938 1.94793 -0.0799329
-0.937 2.01253 -0.121913
-0.936 2.01852 -0.16692
-0.935 1.99813 -0.196956
-0.934 1.99147 -0.196694
-0.933 2.03093 -0.158232
-0.932 2.12852 -0.0861603
-0.931 2.27307 0.00457413
-0.93 2.43433 0.093051
-0.929 2.57333 0.159765
-0.928 2.65422 0.195027
-0.927 2.66024 0.201074
-0.926 2.5967 0.189576
-0.925 2.48937 0.177471
-0.924 2.37642 0.178531
-0.923 2.29762 0.19799
-0.922 2.28376 0.23033
-0.921 2.34933 0.259633
-0.92 2.49099 0.268567
-0.919 2.68658 0.245256
-0.918 2.90528 0.187944
-0.917 3.11321 0.107651
-0.916 3.28044 0.0222356
-0.915 3.39241 -0.0485572
-0.914 3.4492 -0.0894197
-0.913 3.4686 -0.0973268
-0.912 3.48312 -0.0807044
-0.911 3.52923 -0.0534444
-0.91 3.64262 -0.0279307
-0.909 3.83738 -0.0128055
-0.908 4.09822 -0.00829404
-0.907 4.38711 -0.0056896
-0.906 4.64369 0.00629838
-0.905 4.80786 0.0347626
-0.904 4.83976 0.0805546
-0.903 4.73003 0.13585
-0.902 4.51749 0.185157
-0.901 4.28191 0.213549
-0.9 4.1098 0.210349
-0.899 4.07488 0.175678
-0.898 4.20985 0.117474
-0.897 4.48818 0.0478491
-0.896 4.83195 -0.019332
-0.895 5.13254 -0.0754899
-0.894 5.29264 -0.120608
-0.893 5.2631 -0.16089
-0.892 5.06722 -0.20107
-0.891 4.79891 -0.240166
-0.89 4.59212 -0.274009
-0.889 4.57348 -0.289998
-0.888 4.8195 -0.272522
-0.887 5.31897 -0.21137
-0.886 5.97864 -0.105378
-0.885 6.65069 0.0350889
-0.884 7.17434 0.19261
-0.883 7.43589 0.345835
-0.882 7.41081 0.477649
-0.881 7.17621 0.575138
-0.88 6.87915 0.634962
-0.879 6.67509 0.664171
-0.878 6.68553 0.671601
-0.877 6.94785 0.661326
-0.876 7.39268 0.635222
-0.875 7.8803 0.587643
-0.874 8.24203 0.508937
-0.873 8.34041 0.396117
-0.872 8.1228 0.247952
-0.871 7.64049 0.0715885
-0.87 7.03166 -0.115156
-0.869 6.47874 -0.291931
-0.868 6.14856 -0.43971
-0.867 6.14345 -0.547981
-0.866 6.46518 -0.613161
-0.865 7.02072 -0.635404
-0.864 7.66741 -0.619811
-0.863 8.2466 -0.572504
-0.862 8.63526 -0.501896
-0.861 8.78817 -0.421
-0.86 8.74235 -0.339412
-0.859 8.60189 -0.263836
-0.858 8.50263 -0.201976
-0.857 8.56849 -0.149515
-0.856 8.88083 -0.098645
-0.855 9.43112 -0.0353718
-0.854 10.1345 0.063481
-0.853 10.8627 0.207101
-0.852 11.4645 0.394129
-0.851 11.8058 0.609929
-0.85 11.8103 0.81864
-0.849 11.4914 0.978793
-0.848 10.9525 1.06514
-0.847 10.3598 1.06901
-0.846 9.90175 1.00305
-0.845 9.74277 0.906026
-0.844 9.96348 0.819725
-0.843 10.5324 0.770083
-0.842 11.298 0.751298
-0.841 12.0379 0.729846
-0.84 12.5289 0.640803
-0.839 12.6211 0.421246
-0.838 12.3079 0.0397642
-0.837 11.7283 -0.48504
-0.836 11.1434 -1.06802
-0.835 10.8494 -1.58788
-0.834 11.0653 -1.91923
-0.833 11.8632 -1.97593
-0.832 13.1151 -1.742
-0.831 14.5142 -1.27331
-0.83 15.6795 -0.683572
-0.829 16.2798 -0.103793
-0.828 16.1497 0.369975
-0.827 15.3666 0.710311
-0.826 14.2386 0.965823
-0.825 13.1938 1.23353
-0.824 12.6263 1.60812
-0.823 12.7665 2.1274
-0.822 13.5733 2.74348
-0.821 14.7545 3.32037
-0.82 15.8755 3.66412
-0.819 16.4855 3.59595
-0.818 16.3143 3.03017
-0.817 15.396 2.01101
-0.816 14.0275 0.707085
-0.815 12.6892 -0.63868
-0.814 11.8921 -1.77961
-0.813 11.9795 -2.54108
-0.812 13.0056 -2.88593
-0.811 14.7049 -2.90715
-0.81 16.6044 -2.7699
-0.809 18.1736 -2.64511
-0.808 19.0062 -2.62972
-0.807 18.9754 -2.69926
-0.806 18.2479 -2.71449
-0.805 17.2201 -2.48656
-0.804 16.3761 -1.86971
-0.803 16.0824 -0.835778
-0.802 16.4832 0.490232
-0.801 17.457 1.86313
-0.8 18.6541 2.98093
-0.799 19.6511 3.58491
-0.798 20.0932 3.56558
-0.797 19.8149 2.98351
-0.796 18.8973 2.04794
-0.795 17.6231 1.03936
-0.794 16.3969 0.200423
-0.793 15.5922 -0.338998
-0.792 15.4251 -0.605092
-0.791 15.9388 -0.744934
-0.79 17.0076 -0.934501
-0.789 18.3856 -1.29601
-0.788 19.7785 -1.82614
-0.787 20.9499 -2.38167
-0.786 21.7492 -2.73035
-0.785 22.1359 -2.6536
-0.784 22.1662 -2.04349
-0.783 21.9563 -0.955514
-0.782 21.6871 0.403602
-0.781 21.5327 1.73033
-0.78 21.6451 2.74258
-0.779 22.1076 3.27961
-0.778 22.8801 3.33629
-0.777 23.8112 3.07192
-0.776 24.6585 2.72036
-0.775 25.1125 2.47608
-0.774 24.9375 2.41444
-0.773 24.0439 2.4664
-0.772 22.5499 2.43762
-0.771 20.8302 2.12135
-0.77 19.3839 1.4011
-0.769 18.7095 0.322649
-0.768 19.1101 -0.902998
-0.767 20.561 -1.97737
-0.766 22.6844 -2.62417
-0.765 24.8077 -2.71204
-0.764 26.2413 -2.29976
-0.763 26.5167 -1.62559
-0.762 25.5453 -1.02345
-0.761 23.7153 -0.778122
-0.76 21.7737 -0.982488
-0.759 20.5869 -1.52186
-0.758 20.8056 -2.10756
-0.757 22.5741 -2.39111
-0.756 25.4766 -2.12914
-0.755 28.6491 -1.26939
-0.754 31.0709 -0.00911737
-0.753 31.9506 1.26597
-0.752 31.018 2.15867
-0.751 28.6595 2.41253
-0.75 25.8083 2.01856
-0.749 23.6011 1.23661
-0.748 22.9392 0.480225
-0.747 24.1777 0.151968
-0.746 26.9547 0.466926
-0.745 30.2888 1.33973
-0.744 32.9398 2.40927
-0.743 33.88 3.17315
-0.742 32.6977 3.15524
-0.741 29.7291 2.12465
-0.74 25.9558 0.208561
-0.739 22.6557 -2.15334
-0.738 20.9484 -4.33655
-0.737 21.359 -5.77153
-0.736 23.6521 -6.16562
-0.735 26.9508 -5.56315
-0.734 30.0622 -4.35232
-0.733 31.937 -3.09437
-0.732 32.0431 -2.25546
-0.731 30.5861 -2.0393
-0.73 28.3649 -2.29595
-0.729 26.4572 -2.5936
-0.728 25.8059 -2.38648
-0.727 26.8558 -1.24567
-0.726 29.3999 0.911842
-0.725 32.6799 3.76173
-0.724 35.6619 6.68024
-0.723 37.4493 8.91835
-0.722 37.6121 9.88978
-0.721 36.2782 9.376
-0.72 34.0395 7.56563
-0.719 31.6836 5.00733
-0.718 29.9137 2.38883
-0.717 29.103 0.282254
-0.716 29.2299 -1.03968
-0.715 29.9462 -1.67405
-0.714 30.7771 -1.98842
-0.713 31.3821 -2.44838
-0.712 31.6657 -3.36605
-0.711 31.7492 -4.76422
-0.71 31.8887 -6.35928
-0.709 32.3044 -7.62253
-0.708 33.0726 -8.02119
-0.707 34.0675 -7.2196
-0.706 35.0775 -5.20519
-0.705 35.9353 -2.33945
-0.704 36.6307 0.77858
-0.703 37.3622 3.53444
-0.702 38.3599 5.4602
-0.701 39.8219 6.36362
-0.7 41.7071 6.3836
-0.699 43.5916 5.8568
-0.698 44.8591 5.15414
-0.697 44.9047 4.54678
-0.696 43.4373 4.09908
-0.695 40.6804 3.66814
-0.694 37.353 3.02234
-0.693 34.5221 1.97901
-0.692 33.1392 0.482689
-0.691 33.7018 -1.31962
-0.69 36.0238 -3.13255
-0.689 39.1963 -4.61488
-0.688 41.9058 -5.48147
-0.687 42.948 -5.62823
-0.686 41.7126 -5.13866
-0.685 38.4654 -4.22085
-0.684 34.3867 -3.12283
-0.683 31.1256 -2.0287
-0.682 30.1435 -1.00549
-0.681 32.1809 -0.0183265
-0.68 36.8893 0.998963
-0.679 42.8718 2.07786
-0.678 48.1667 3.17059
-0.677 50.9499 4.12102
-0.676 50.2458 4.73761
-0.675 46.3532 4.89059
-0.674 40.7526 4.54978
-0.673 35.5687 3.83239
-0.672 32.7931 2.96118
-0.671 33.5716 2.18545
-0.67 37.6974 1.66314
-0.669 43.6411 1.3773
-0.668 49.1711 1.16911
-0.667 52.1471 0.813322
-0.666 51.341 0.112442
-0.665 46.9115 -0.999792
-0.664 40.4094 -2.42398
-0.663 34.1985 -3.87585
-0.662 30.5806 -4.97964
-0.661 30.971 -5.46368
-0.66 35.368 -5.22739
-0.659 42.3393 -4.37534
-0.658 49.6069 -3.18702
-0.657 54.8903 -2.02225
-0.656 56.702 -1.14684
-0.655 54.9147 -0.629012
-0.654 50.7279 -0.333332
-0.653 46.1987 0.0110925
-0.652 43.4994 0.724896
-0.651 44.0343 2.02761
-0.65 47.9169 3.88901
-0.649 54.0258 6.04344
-0.648 60.3695 8.08628
-0.647 64.8635 9.59037
-0.646 66.0757 10.2041
-0.645 63.6793 9.80275
-0.644 58.5935 8.51399
-0.643 52.4986 6.63473
-0.642 47.2582 4.53208
-0.641 44.2959 2.52087
-0.64 44.117 0.766246
-0.639 46.2199 -0.73988
-0.638 49.4064 -2.08075
-0.637 52.2344 -3.35115
-0.636 53.5932 -4.59802
-0.635 53.1348 -5.77454
-0.634 51.1896 -6.73303
-0.633 48.6609 -7.26648
-0.632 46.619 -7.21491
-0.631 45.9003 -6.49921
-0.63 46.9083 -5.12351
-0.629 49.4358 -3.19288
-0.628 52.8745 -0.851859
-0.627 56.4513 1.74548
-0.626 59.3926 4.38347
-0.625 61.248 6.82585
-0.624 61.8651 8.83028
-0.623 61.3268 10.1634
-0.622 59.9077 10.6232
-0.621 57.9686 10.0848
-0.62 55.9023 8.63708
-0.619 54.0899 6.54292
-0.618 52.8161 4.17679
-0.617 52.2919 1.94144
-0.616 52.6242 0.113498
-0.615 53.6714 -1.20938
-0.614 55.1242 -2.19131
-0.613 56.482 -3.16758
-0.612 57.2193 -4.44821
-0.611 57.0077 -6.19659
-0.61 55.8379 -8.2779
-0.609 54.1779 -10.2284
-0.608 52.7844 -11.4151
-0.607 52.4613 -11.2653
-0.606 53.8277 -9.49233
-0.605 57.0279 -6.26993
-0.604 61.5833 -2.24323
-0.603 66.5192 1.66484
-0.602 70.646 4.51649
-0.601 72.9287 5.72726
-0.6 72.9143 5.31665
-0.599 70.9243 3.82843
-0.598 67.9189 2.15374
-0.597 65.1565 1.24028
-0.596 63.8342 1.62784
-0.595 64.6525 3.22863
-0.594 67.4271 5.36978
-0.593 71.2157 7.01066
-0.592 74.6194 7.15229
-0.591 76.289 5.27689
-0.59 75.3984 1.57941
-0.589 71.9034 -3.05435
-0.588 66.675 -7.2785
-0.587 61.1071 -9.83398
-0.586 56.7599 -10.0155
-0.585 54.7942 -7.89001
-0.584 55.5999 -4.30995
-0.583 58.7293 -0.609319
-0.582 63.0781 1.94784
-0.581 67.2172 2.65972
-0.58 69.8808 1.6419
-0.579 70.4197 -0.285729
-0.578 68.9835 -1.90353
-0.577 66.4798 -2.07731
-0.576 64.1741 -0.270242
-0.575 63.3212 3.20302
-0.574 64.7147 7.28215
-0.573 68.4262 10.5585
-0.572 73.8053 11.7943
-0.571 79.6257 10.3721
-0.57 84.3605 6.60728
-0.569 86.7368 1.58239
-0.568 86.0682 -3.32827
-0.567 82.4409 -6.87609
-0.566 76.8266 -8.44826
-0.565 70.6766 -8.20397
-0.564 65.6129 -6.95369
-0.563 62.9865 -5.78408
-0.562 63.3457 -5.54311
-0.561 66.4331 -6.50604
-0.56 71.1472 -8.26321
-0.559 75.7795 -9.86972
-0.558 78.7141 -10.287
-0.557 78.9702 -8.84753
-0.556 76.6224 -5.50851
-0.555 72.7309 -0.96273
-0.554 69.1 3.65178
-0.553 67.729 7.21229
-0.552 70.0193 8.97786
-0.551 76.2868 8.8503
-0.55 85.3973 7.37814
-0.549 95.1077 5.41226
-0.548 102.676 3.71502
-0.547 105.768 2.703
-0.546 103.441 2.22648
-0.545 96.381 1.70688
-0.544 86.7731 0.509937
-0.543 77.6103 -1.74365
-0.542 71.6734 -4.92309
-0.541 70.5962 -8.35531
-0.54 74.2285 -11.0835
-0.539 80.5689 -12.2416
-0.538 86.5872 -11.4638
-0.537 89.3244 -9.07408
-0.536 87.0319 -5.94722
-0.535 79.9639 -3.19095
-0.534 70.2424 -1.68701
-0.533 61.2569 -1.68924
-0.532 56.4667 -2.82714
-0.531 58.1135 -4.18369
-0.53 66.2798 -4.69788
-0.529 78.7765 -3.78641
-0.528 91.9488 -1.51397
-0.527 101.866 1.33884
-0.526 105.791 3.57264
-0.525 103.153 4.13477
-0.524 95.64 2.56765
-0.523 86.6788 -0.706972
-0.522 80.1495 -4.45093
-0.521 78.8485 -7.08051
-0.52 83.3601 -7.26449
-0.519 91.9606 -4.47985
-0.518 101.394 0.69421
-0.517 107.925 6.79421
-0.516 108.795 11.9828
-0.515 103.404 14.6787
-0.514 93.4563 14.233
-0.513 82.2761 11.0918
-0.512 73.7132 6.60728
-0.511 70.6637 2.52965
-0.51 73.9159 0.21024
-0.509 82.0862 0.0641609
-0.508 92.2826 1.49308
-0.507 101.006 3.0695
-0.506 105.569 3.17388
-0.505 105.218 0.747496
-0.504 101.164 -4.26422
-0.503 96.0479 -10.7099
-0.502 92.7848 -16.6297
-0.501 93.4317 -19.998
-0.5 98.4269 -19.4622
-0.499 106.372 -14.8469
-0.498 114.708 -7.21242
-0.497 120.772 1.51293
-0.496 122.742 9.22164
-0.495 120.271 14.3523
-0.494 114.585 16.3659
-0.493 107.833 15.8421
-0.492 102.169 14.0689
-0.491 98.9516 12.4791
-0.49 98.1779 12.0038
-0.489 98.6826 12.6447
-0.488 98.8443 13.5639
-0.487 97.3092 13.4489
-0.486 93.6996 11.1487
-0.485 88.749 6.23347
-0.484 84.0489 -0.832293
-0.483 81.3459 -8.77296
-0.482 81.6301 -15.8742
-0.481 84.7557 -20.592
-0.48 89.5352 -22.1545
-0.479 94.2102 -20.6413
-0.478 97.2494 -16.8623
-0.477 98.0607 -12.1003
-0.476 97.2828 -7.4727
-0.475 96.4468 -3.66072
-0.474 97.3719 -0.702734
-0.473 101.19 1.76643
-0.472 107.635 4.15164
-0.471 115.148 6.65878
-0.47 121.262 9.0158
-0.469 123.619 10.655
-0.468 121.059 10.9639
-0.467 114.208 9.55499
-0.466 105.434 6.54369
-0.465 97.8008 2.5708
-0.464 94.0918 -1.4415
-0.463 95.7041 -4.57706
-0.462 101.882 -6.29198
-0.461 110.097 -6.60028
-0.46 116.884 -6.00032
-0.459 119.219 -5.08615
-0.458 115.843 -4.26028
-0.457 107.865 -3.54987
-0.456 98.4993 -2.47129
-0.455 91.8003 -0.33509
-0.454 91.0294 3.32802
-0.453 97.4736 8.40745
-0.452 109.717 14.0738
-0.451 124 18.9929
-0.45 135.699 21.6655
-0.449 140.912 21.0727
-0.448 138.019 17.1245
-0.447 128.412 10.7239
-0.446 115.935 3.57963
-0.445 105.479 -2.43883
-0.444 101.115 -5.94633
-0.443 104.456 -6.54532
-0.442 114.253 -4.94745
-0.441 126.695 -2.62788
-0.44 136.661 -1.11917
-0.439 139.871 -1.4152
-0.438 134.416 -3.53244
-0.437 121.745 -6.33604
-0.436 105.994 -8.10758
-0.435 92.4303 -7.32271
-0.434 85.5644 -3.28899
-0.433 87.4848 3.37311
-0.432 97.0603 10.8386
-0.431 110.386 16.7522
-0.43 122.355 18.9679
-0.429 128.475 16.4136
-0.428 126.631 9.54969
-0.427 117.862 0.159236
-0.426 105.831 -9.20701
-0.425 95.5559 -16.1889
-0.424 91.4592 -19.4469
-0.423 95.5583 -18.9949
-0.422 106.846 -16.085
-0.421 121.649 -12.6447
-0.42 135.012 -10.3558
-0.419 142.582 -9.96651
-0.418 142.083 -11.0648
-0.417 134.148 -12.1646
-0.416 122.023 -11.4842
-0.415 110.211 -7.77558
-0.414 102.841 -0.878125
-0.413 102.086 7.99822
-0.412 107.449 16.7005
-0.411 116.156 22.8938
-0.41 124.267 24.8658
-0.409 128.218 22.1269
-0.408 126.438 15.5245
-0.407 119.7 6.86975
-0.406 110.748 -1.73867
-0.405 103.392 -8.66399
-0.404 100.969 -13.2304
-0.403 105.005 -15.7752
-0.402 114.659 -17.3314
-0.401 127.253 -18.9194
-0.4 139.186 -20.978
-0.399 147.321 -23.1307
-0.398 150.046 -24.3276
-0.397 147.833 -23.2416
-0.396 142.741 -18.9486
-0.395 137.485 -11.4833
-0.394 134.382 -1.84888
-0.393 134.311 8.2259
-0.392 136.526 16.8979
-0.391 138.937 22.8541
-0.39 139.221 25.6632
-0.389 135.668 25.7986
-0.388 128.034 24.3029
-0.387 117.89 22.2582
-0.386 107.815 20.2181
-0.385 100.39 17.9824
-0.384 97.357 14.7749
-0.383 99.0766 9.6832
-0.382 104.217 2.22167
-0.381 110.495 -7.18012
-0.38 115.706 -17.1556
-0.379 118.581 -25.8296
-0.378 119.227 -31.4074
-0.377 119 -32.8843
-0.376 119.84 -30.423
-0.375 123.383 -25.2943
-0.374 130.21 -19.3515
-0.373 139.21 -14.3521
-0.372 148.043 -11.3177
-0.371 154.121 -10.1175
-0.37 155.443 -9.57415
-0.369 151.589 -8.00903
-0.368 143.884 -4.13095
-0.367 134.84 2.31257
-0.366 127.379 10.365
-0.365 123.696 18.0718
-0.364 124.442 23.2203
-0.363 128.404 24.1789
-0.362 133.018 20.5284
-0.361 135.628 13.3603
-0.36 134.334 4.84885
-0.359 128.915 -2.54449
-0.358 121.19 -6.90628
-0.357 114.026 -7.55661
-0.356 110.497 -5.414
-0.355 112.541 -2.49013
-0.354 120.114 -0.957142
-0.353 131.169 -2.33392
-0.352 142.335 -6.87137
-0.351 150.277 -13.4166
-0.35 152.776 -19.7433
-0.349 149.587 -23.4903
-0.348 142.676 -23.0426
-0.347 135.328 -18.1776
-0.346 130.824 -10.0781
-0.345 131.214 -0.935846
-0.344 136.597 6.86774
-0.343 145.031 11.6601
-0.342 153.383 12.8657
-0.341 158.367 11.2227
-0.34 157.87 8.40486
-0.339 151.957 6.29382
-0.338 142.566 6.20772
-0.337 132.854 8.3114
-0.336 125.994 11.6738
-0.335 123.994 14.6543
-0.334 126.83 15.5323
-0.333 132.63 13.149
-0.332 138.457 7.3298
-0.331 141.564 -1.03584
-0.33 140.479 -10.3393
-0.329 135.394 -18.7265
-0.328 128.21 -24.7458
-0.327 121.662 -27.6651
-0.326 118.262 -27.5639
-0.325 119.235 -25.2132
-0.324 124.09 -21.6204
-0.323 131.046 -17.7156
-0.322 137.649 -14.0946
-0.321 141.848 -10.8591
-0.32 142.858 -7.77168
-0.319 141.371 -4.40513
-0.318 139.091 -0.31518
-0.317 137.907 4.70848
-0.316 138.964 10.5717
-0.315 142.048 16.825
-0.314 145.943 22.7613
-0.313 148.906 27.5789
-0.312 149.424 30.5419
-0.311 147.138 31.0276
-0.31 143.008 28.6859
-0.309 138.968 23.7094
-0.308 137.143 16.7448
-0.307 138.673 8.79448
-0.306 143.282 1.08489
-0.305 149.426 -5.25613
-0.304 154.629 -9.53547
-0.303 156.687 -11.6746
-0.302 154.738 -12.1881
-0.301 149.805 -12.0509
-0.3 144.506 -12.2973
-0.299 141.886 -13.495
-0.298 144.197 -15.5134
-0.297 151.808 -17.5134
-0.296 162.59 -18.1529
-0.295 172.691 -16.1117
-0.294 178.06 -10.6877
-0.293 175.86 -2.16452
-0.292 165.979 8.2292
-0.291 151.245 18.4254
-0.29 136.569 26.2996
-0.289 126.976 30.4381
-0.288 125.545 30.5154
-0.287 132.414 27.3948
-0.286 144.361 22.7654
-0.285 156.03 18.4963
-0.284 161.914 15.7493
-0.283 158.585 14.6091
-0.282 146.284 14.0345
-0.281 128.855 12.2379
-0.28 112.625 7.46655
-0.279 103.802 -1.18661
-0.278 106.127 -13.2063
-0.277 119.336 -26.7865
-0.276 138.905 -39.3665
-0.275 158.014 -48.3515
-0.274 169.809 -52.166
-0.273 169.924 -50.7045
-0.272 158.493 -45.2136
-0.271 140.12 -37.756
-0.27 121.957 -30.3857
-0.269 111.064 -24.3564
-0.268 111.788 -19.6455
-0.267 123.75 -15.123
-0.266 142.403 -9.23833
-0.265 160.66 -0.874774
-0.264 171.376 10.097
-0.263 170.26 22.3301
-0.262 157.513 33.4549
-0.261 137.689 41.0001
-0.26 117.982 43.2117
-0.259 105.555 39.7531
-0.258 104.503 31.6816
-0.257 114.791 21.128
-0.256 132.172 10.6272
-0.255 149.97 2.05279
-0.254 161.996 -3.96823
-0.253 164.539 -8.09325
-0.252 157.866 -11.755
-0.251 145.999 -16.1445
-0.25 134.852 -21.607
-0.249 129.78 -27.2452
-0.248 133.608 -31.1721
-0.247 145.623 -31.2193
-0.246 162.108 -25.857
-0.245 177.826 -15.2033
-0.244 188.169 -1.08387
-0.243 190.922 13.5421
-0.242 186.768 25.5566
-0.241 178.786 32.6225
-0.24 170.818 34.0567
-0.239 165.757 31.0943
-0.238 164.524 26.1242
-0.237 165.858 21.6845
-0.236 167.089 19.3025
-0.235 165.796 18.8405
-0.234 160.941 18.4313
-0.233 153.25 15.4152
-0.232 145.049 7.73867
-0.231 139.064 -5.17796
-0.23 136.899 -21.8529
-0.229 138.183 -38.8025
-0.228 140.62 -51.8584
-0.227 141.317 -57.7396
-0.226 138.275 -55.1361
-0.225 131.185 -45.3982
-0.224 122.152 -32.1272
-0.223 115.034 -19.8307
-0.222 113.708 -12.1028
-0.221 120.006 -10.3631
-0.22 132.643 -13.4678
-0.219 147.357 -18.1168
-0.218 158.343 -20.3016
-0.217 160.563 -16.9404
-0.216 151.884 -7.41794
-0.215 134.457 6.02074
-0.214 114.248 19.1469
-0.213 99.1202 27.3411
-0.212 95.6385 27.3205
-0.211 106.223 18.5194
-0.21 128.084 3.57214
-0.209 153.883 -12.7281
-0.208 174.174 -25.1573
-0.207 181.237 -30.0367
-0.206 172.246 -26.5845
-0.205 150.61 -17.1899
-0.204 125.013 -6.52758
-0.203 106.201 0.317632
-0.202 102.786 -0.0902202
-0.201 117.945 -8.2029
-0.2 147.84 -21.3351
-0.199 182.637 -34.5804
-0.198 210.27 -42.6451
-0.197 220.713 -41.9298
-0.196 210.009 -31.8416
-0.195 181.996 -15.1202
-0.194 146.948 3.34865
-0.193 117.969 18.4104
-0.192 106.05 26.4652
-0.191 116.027 26.8402
-0.19 144.675 21.9963
-0.189 181.816 16.249
-0.188 214.091 14.0666
-0.187 229.854 18.2624
-0.186 223.477 28.5844
-0.185 197.541 41.8997
-0.184 161.748 53.2938
-0.183 129.31 57.8043
-0.182 111.952 52.3098
-0.181 115.778 36.753
-0.18 139.012 14.1553
-0.179 172.535 -10.5686
-0.178 203.634 -32.1832
-0.177 220.639 -46.95
-0.176 216.888 -53.8923
-0.175 193.098 -54.584
-0.174 157.017 -52.2364
-0.173 120.466 -50.2573
-0.172 95.2149 -50.6221
-0.171 88.7041 -53.2392
-0.17 101.637 -56
-0.169 128.09 -55.5463
-0.168 157.801 -48.9561
-0.167 180.201 -35.086
-0.166 187.831 -15.0331
-0.165 178.65 7.96665
-0.164 156.66 29.5221
-0.163 129.846 45.5683
-0.162 107.488 53.5235
-0.161 96.9544 53.0299
-0.16 101.259 45.859
-0.159 118.487 34.9064
-0.158 142.599 23.0882
-0.157 165.772 12.3953
-0.156 180.988 3.33549
-0.155 184.181 -4.76966
-0.154 175.277 -13.1429
-0.153 158.009 -22.7527
-0.152 138.619 -33.4331
-0.151 123.662 -43.7802
-0.15 118.227 -51.6625
-0.149 124.627 -54.8818
-0.148 141.851 -52.0304
-0.147 165.89 -43.1018
-0.146 190.925 -29.4508
-0.145 210.943 -13.5151
-0.144 221.405 1.9656
-0.143 220.558 15.0226
-0.142 209.932 24.5427
-0.141 193.988 30.5054
-0.14 178.756 33.7671
-0.139 169.975 35.3749
-0.138 171.18 35.8699
-0.137 182.683 35.0405
-0.136 201.255 32.2595
-0.135 220.7 26.7837
-0.134 233.882 18.3049
-0.133 235.319 7.3431
-0.132 223.047 -4.68918
-0.131 199.418 -15.8094
-0.13 170.611 -24.0059
-0.129 144.708 -27.9632
-0.128 129.006 -27.4816
-0.127 127.518 -23.4654
-0.126 139.386 -17.534
-0.125 159.206 -11.5265
-0.124 178.854 -6.86662
-0.123 190.275 -4.14187
-0.122 188.525 -3.03251
-0.121 173.444 -2.6095
-0.12 149.662 -1.87956
-0.119 125.07 -0.262026
-0.118 107.946 2.01645
-0.117 103.991 4.14841
-0.116 114.252 5.03227
-0.115 134.938 3.55182
-0.114 158.907 -0.723101
-0.113 178.305 -7.23769
-0.112 187.433 -14.6671
-0.111 184.589 -21.2746
-0.11 172.487 -25.3807
-0.109 156.884 -25.8316
-0.108 144.313 -22.451
-0.107 139.781 -16.094
-0.106 144.896 -8.40136
-0.105 157.643 -1.32157
-0.104 173.757 3.59416
-0.103 188.336 5.46825
-0.102 197.664 4.19868
-0.101 200.489 0.603892
-0.1 197.764 -3.91836
-0.099 191.699 -7.87495
-0.098 184.957 -10.1497
-0.097 179.406 -10.41
-0.096 175.651 -9.02569
-0.095 173.652 -6.90582
-0.094 173.283 -5.19948
-0.093 175.114 -4.80556
-0.092 180.276 -6.01815
-0.091 189.519 -8.23838
-0.09 202.404 -10.1099
-0.089 216.576 -9.97941
-0.088 227.921 -6.44066
-0.087 232.036 1.12436
-0.086 226.204 12.0154
-0.085 210.804 24.2858
-0.084 190.118 35.1492
-0.083 171.436 41.6727
-0.082 162.44 41.7496
-0.081 168.127 34.7962
-0.08 188.069 21.9682
-0.079 215.909 5.80616
-0.078 240.666 -10.3347
-0.077 250.663 -23.3753
-0.076 238.723 -31.6588
-0.075 205.131 -35.1779
-0.074 158.606 -35.6653
-0.073 114.032 -35.8112
-0.072 87.0326 -37.8426
-0.071 87.9603 -42.7422
-0.07 117.48 -49.6002
-0.069 165.482 -55.7197
-0.068 213.977 -57.5873
-0.067 243.517 -52.1819
-0.066 240.686 -38.2997
-0.065 203.768 -17.4239
-0.064 144.368 6.5818
-0.063 83.4667 28.4962
-0.062 43.9466 43.4359
-0.061 41.9388 48.4965
-0.06 80.1346 43.4847
-0.059 146.212 31.1496
-0.058 216.78 16.1939
-0.057 265.907 3.47458
-0.056 274.969 -3.71468
-0.055 240.186 -4.68824
-0.054 174.572 -1.69695
-0.053 103.423 1.14083
-0.052 55.187 -0.198932
-0.051 50.6272 -8.09073
-0.05 94.5535 -21.9931
-0.049 173.556 -38.4936
-0.048 260.562 -52.4219
-0.047 325.214 -58.6422
-0.046 345.105 -54.1
-0.045 314.26 -39.0097
-0.044 245.812 -16.9802
-0.043 166.925 6.15928
-0.042 108.58 24.3583
-0.041 93.9748 33.5063
-0.04 129.611 32.8054
-0.039 202.547 24.8103
-0.038 285.363 14.3344
-0.037 346.793 6.56403
-0.036 363.825 4.99386
-0.035 330.226 10.0507
-0.034 258.503 19.1175
-0.033 175.125 27.6045
-0.032 110.562 30.6826
-0.031 87.3715 25.4282
-0.03 111.715 12.1556
-0.029 171.321 -5.72633
-0.028 240.387 -23.0363
-0.027 290.118 -34.6302
-0.026 300.002 -37.3474
-0.025 265.412 -31.2403
-0.024 198.522 -19.3533
-0.023 123.308 -6.56891
-0.022 66.2835 2.26176
-0.021 46.2325 4.16705
-0.02 67.3262 -0.938359
-0.019 117.579 -10.2834
-0.018 174.367 -19.4977
-0.017 214.427 -24.581
-0.016 222.952 -23.3765
-0.015 198.788 -16.509
-0.014 154.237 -7.01633
-0.013 109.179 1.10588
-0.012 83.2795 4.34126
-0.011 87.8754 1.11008
-0.01 121.133 -7.42512
-0.009 169.656 -17.9024
-0.008 214.214 -26.1664
-0.007 238.203 -28.953
-0.006 234.828 -25.2616
-0.005 208.971 -16.5606
-0.004 174.325 -6.03695
-0.003 147.59 2.57849
-0.002 141.403 6.61617
-0.001 158.589 5.62406
0 191.126 1.33479
0.001 223.755 -3.01766
0.002 240.895 -4.10559
0.003 234.632 -0.0878234
0.004 208.032 8.52926
0.005 173.347 19.0956
0.006 147.411 27.8809
0.007 144.02 31.538
0.008 168.008 28.6878
0.009 212.505 20.3908
0.01 260.898 9.90417
0.011 294.072 1.34061
0.012 298.476 -1.95784
0.013 272.419 1.2428
0.014 227.205 9.36563
0.015 182.474 18.8566
0.016 158.2 25.6875
0.017 166.514 26.8721
0.018 206.406 21.7716
0.019 263.114 12.535
0.02 313.249 3.22345
0.021 334.257 -1.86712
0.022 314.115 0.0227524
0.023 256.94 8.82266
0.024 181.568 21.5145
0.025 114.534 33.3105
0.026 79.8454 39.3693
0.027 89.6352 36.6375
0.028 139.216 25.0434
0.029 208.129 7.70998
0.03 267.656 -10.1902
0.031 291.935 -23.4382
0.032 268.57 -28.7017
0.033 203.859 -25.6972
0.034 120.451 -17.2147
0.035 48.6119 -8.14028
0.036 14.8529 -3.10949
0.037 31.794 -4.64983
0.038 93.1313 -12.3828
0.039 175.789 -22.8188
0.04 248.568 -30.7359
0.041 284.046 -31.3738
0.042 269.245 -22.2
0.043 210.61 -3.9627
0.044 131.41 19.2025
0.045 62.8294 41.2244
0.046 32.004 56.2995
0.047 51.8979 60.851
0.048 116.588 54.6771
0.049 203.565 40.7914
0.05 282.341 24.2298
0.051 326.03 10.2271
0.052 321.259 2.25657
0.053 272.881 0.863886
0.054 201.544 3.66808
0.055 135.685 6.55641
0.056 100.738 5.50949
0.057 109.671 -1.64572
0.058 158.714 -14.3806
0.059 229.185 -29.3966
0.06 294.941 -41.8178
0.061 332.725 -46.9404
0.062 330.453 -41.923
0.063 290.788 -26.9612
0.064 229.705 -5.05599
0.065 170.13 18.9446
0.066 133.003 39.8093
0.067 129.85 53.653
0.068 159.139 59.0566
0.069 207.38 57.1748
0.07 255.151 51.0093
0.071 284.412 44.0842
0.072 285.008 39.0889
0.073 257.652 37.0151
0.074 212.82 36.8687
0.075 166.036 36.2739
0.076 132.154 32.7284
0.077 119.946 24.5037
0.078 129.759 11.492
0.079 154.239 -4.58265
0.08 181.801 -20.7485
0.081 201.529 -33.6191
0.082 206.962 -40.5195
0.083 197.713 -40.3697
0.084 178.747 -33.8122
0.085 157.797 -22.9346
0.086 142.093 -10.5986
0.087 135.93 0.371385
0.088 139.904 7.97339
0.089 151.077 11.5357
0.09 164.975 11.6572
0.091 177.671 9.72136
0.092 186.623 7.45455
0.093 191.461 6.1802
0.094 193.11 6.50721
0.095 192.577 8.1718
0.096 190.26 10.2871
0.097 186.184 11.7344
0.098 180.242 11.4628
0.099 173.157 9.15356
0.1 166.823 5.25013
0.101 163.783 0.745334
0.102 166.322 -2.84633
0.103 175.38 -4.09735
0.104 189.627 -2.18782
0.105 205.438 2.75587
0.106 217.919 9.87218
0.107 222.625 17.543
0.108 217.773 23.8614
0.109 204.869 27.2227
0.11 188.899 26.7329
0.111 176.475 22.5804
0.112 173.354 15.9077
0.113 182.244 8.47465
0.114 201.356 1.99449
0.115 225.041 -2.24573
0.116 245.489 -3.74042
0.117 255.442 -2.88541
0.118 251.083 -0.712368
0.119 233.546 1.54632
0.12 208.555 3.04673
0.121 184.353 3.63256
0.122 168.83 3.94994
0.123 166.775 5.02246
0.124 178.005 7.7334
0.125 197.464 12.3842
0.126 217.044 18.3833
0.127 228.656 24.3399
0.128 226.907 28.3621
0.129 210.928 28.7636
0.13 184.669 24.729
0.131 155.42 16.4515
0.132 131.363 5.25652
0.133 118.822 -6.79706
0.134 119.943 -17.7639
0.135 132.737 -26.2134
0.136 151.821 -31.6138
0.137 170.157 -34.3078
0.138 181.597 -35.0844
0.139 182.558 -34.6524
0.14 173.425 -33.0715
0.141 157.899 -29.7431
0.142 141.618 -23.7784
0.143 130.596 -14.3529
0.144 129.332 -1.32701
0.145 139.462 14.2039
0.146 159.192 30.1312
0.147 183.88 43.809
0.148 207.597 52.7614
0.149 224.547 55.603
0.15 230.595 52.3578
0.151 224.612 44.446
0.152 209.037 34.0377
0.153 189.143 23.3152
0.154 171.535 13.6963
0.155 162.351 5.30272
0.156 165.279 -2.78391
0.157 180.151 -11.8289
0.158 203.003 -22.5155
0.159 226.815 -34.3192
0.16 243.73 -45.305
0.161 247.796 -52.5531
0.162 236.879 -53.1284
0.163 214.066 -45.2583
0.164 186.744 -29.2646
0.165 164.299 -7.69214
0.166 154.842 15.3884
0.167 162.098 35.5309
0.168 184.268 49.4592
0.169 213.728 56.013
0.17 239.735 56.4296
0.171 252.221 53.6296
0.172 245.257 50.9391
0.173 219.621 50.5648
0.174 182.789 52.6314
0.175 146.41 55.0469
0.176 122.335 54.3553
0.177 118.254 47.373
0.178 134.898 32.574
0.179 165.656 10.9798
0.18 198.781 -13.7337
0.181 221.421 -36.3488
0.182 224.769 -51.8737
0.183 206.97 -57.3501
0.184 174.076 -52.8607
0.185 137.931 -41.4372
0.186 111.736 -28.0643
0.187 105.12 -17.7185
0.188 120.531 -13.5675
0.189 152.43 -15.768
0.19 189.187 -21.573
0.191 217.518 -26.4612
0.192 227.119 -26.0488
0.193 214.771 -17.9598
0.194 185.384 -2.82702
0.195 150.041 15.6899
0.196 121.714 32.4085
0.197 110.681 42.527
0.198 120.782 43.2889
0.199 148.112 35.1902
0.2 182.55 21.89
0.201 212.078 8.72806
0.202 226.85 0.631025
0.203 222.918 0.305106
0.204 203.611 7.22963
0.205 177.638 17.9034
0.206 155.717 27.2967
0.207 146.463 30.7287
0.208 153.138 25.781
0.209 172.977 13.2725
0.21 198.23 -3.08921
0.211 219.613 -18.0371
0.212 229.691 -26.7999
0.213 225.637 -26.8286
0.214 210.107 -18.5658
0.215 189.632 -5.33269
0.216 171.829 8.16368
0.217 162.675 17.6893
0.218 164.45 21.0294
0.219 174.968 18.8501
0.22 189.159 14.1495
0.221 201.328 10.9911
0.222 207.145 12.6951
0.223 205.416 20.402
0.224 197.971 32.693
0.225 188.674 45.8937
0.226 181.306 55.5656
0.227 177.935 58.1606
0.228 178.337 52.2285
0.229 180.346 39.0712
0.23 181.084 22.068
0.231 178.452 5.34903
0.232 172.107 -7.63706
0.233 163.608 -15.3074
0.234 155.58 -18.2093
0.235 150.363 -18.4906
0.236 148.754 -18.8522
0.237 149.633 -21.1802
0.238 150.495 -25.594
0.239 148.808 -30.5309
0.24 143.35 -33.5178
0.241 134.976 -32.1071
0.242 126.642 -25.0137
0.243 122.143 -12.9459
0.244 124.394 1.75666
0.245 134.284 15.9441
0.246 149.683 26.5912
0.247 165.789 31.956
0.248 177.414 31.967
0.249 180.798 28.0418
0.25 175.319 22.3782
0.251 163.724 16.8695
0.252 151.416 12.4562
0.253 144.362 8.7777
0.254 146.531 4.64065
0.255 158.253 -1.31362
0.256 175.72 -9.82401
0.257 192.63 -20.2905
0.258 202.445 -30.837
0.259 201.082 -38.9656
0.26 188.369 -42.478
0.261 168.432 -40.257
0.262 148.217 -32.7005
0.263 134.974 -21.5664
0.264 133.457 -9.36725
0.265 143.825 1.62987
0.266 161.77 10.0575
0.267 180.118 15.9663
0.268 191.57 20.4967
0.269 191.708 25.1354
0.27 180.3 31.107
0.271 161.619 38.4569
0.272 142.817 45.9059
0.273 131.05 51.3891
0.274 130.785 52.8457
0.275 142.103 49.0527
0.276 160.858 40.0694
0.277 180.077 27.5031
0.278 192.803 13.9003
0.279 194.734 1.81302
0.28 185.529 -6.89479
0.281 168.983 -11.7262
0.282 151.298 -13.5695
0.283 138.592 -14.1161
0.284 134.842 -15.1943
0.285 140.293 -17.9103
0.286 151.583 -22.2251
0.287 163.112 -26.8781
0.288 169.55 -30.0238
0.289 167.692 -30.019
0.29 157.597 -25.9176
0.291 142.568 -18.0624
0.292 127.578 -7.90844
0.293 117.434 2.48348
0.294 114.853 11.0601
0.295 119.705 16.5133
0.296 129.265 18.5628
0.297 139.541 17.9352
0.298 146.688 15.9075
0.299 148.54 13.81
0.3 145.401 12.5248
0.301 139.525 12.1905
0.302 134.044 12.2722
0.303 131.629 11.8004
0.304 133.194 9.72841
0.305 137.875 5.49391
0.306 143.598 -0.790132
0.307 147.851 -8.44684
0.308 148.91 -16.3488
0.309 146.498 -23.3066
0.31 141.928 -28.3135
0.311 137.359 -30.7018
0.312 134.662 -30.2882
0.313 134.813 -27.3277
0.314 137.465 -22.4566
0.315 141.074 -16.5079
0.316 143.761 -10.2442
0.317 144.306 -4.34403
0.318 142.678 0.72668
0.319 140.006 4.84912
0.32 138.123 8.21791
0.321 138.77 11.2422
0.322 142.596 14.4078
0.323 148.765 17.9932
0.324 155.309 21.9085
0.325 159.837 25.5706
0.326 160.455 27.9615
0.327 156.615 28.0824
0.328 149.539 25.1723
0.329 141.795 19.1395
0.33 136.197 10.753
0.331 134.547 1.44665
0.332 137.189 -6.94639
0.333 142.667 -12.8033
0.334 148.029 -15.2129
0.335 150.378 -14.3485
0.336 147.932 -11.3966
0.337 140.655 -8.04672
0.338 130.444 -5.97023
0.339 120.506 -6.10546
0.34 114.057 -8.20919
0.341 113.062 -11.0145
0.342 117.555 -12.6955
0.343 125.54 -11.5574
0.344 133.626 -6.8065
0.345 138.58 0.980731
0.346 138.461 10.0745
0.347 133.387 18.1303
0.348 125.485 22.9408
0.349 118.075 23.3209
0.35 114.447 19.5357
0.351 116.465 13.2541
0.352 123.92 6.78081
0.353 134.614 2.2466
0.354 145.181 0.846791
0.355 152.286 2.38412
0.356 153.84 5.30558
0.357 149.796 7.39112
0.358 142.129 6.71649
0.359 133.908 2.39464
0.36 128.057 -4.96383
0.361 126.245 -13.5018
0.362 128.304 -20.6839
0.363 132.454 -24.357
0.364 135.952 -23.4291
0.365 136.286 -18.244
0.366 132.198 -10.5101
0.367 124.284 -2.44541
0.368 114.748 4.02987
0.369 106.475 7.92716
0.37 102.066 9.5131
0.371 102.95 10.0771
0.372 108.543 11.2749
0.373 116.815 14.314
0.374 125.169 19.304
0.375 131.391 25.2701
0.376 134.458 30.4333
0.377 134.788 32.9088
0.378 133.943 31.4414
0.379 133.913 25.8582
0.38 136.23 17.1645
0.381 141.009 7.16067
0.382 146.805 -2.22178
0.383 151.407 -9.66295
0.384 152.693 -14.79
0.385 149.31 -18.0066
0.386 141.434 -20.2439
0.387 130.895 -22.3037
0.388 120.368 -24.3237
0.389 112.385 -25.7782
0.39 108.268 -25.6171
0.391 107.919 -22.7985
0.392 109.766 -16.8568
0.393 111.473 -8.20145
0.394 110.924 1.84707
0.395 107.213 11.435
0.396 101.339 18.8803
0.397 95.6488 23.1898
0.398 92.918 24.3486
0.399 95.1968 23.2389
0.4 102.893 21.1318
0.401 114.35 19.0837
0.402 126.373 17.4792
0.403 135.421 15.897
0.404 138.836 13.3247
0.405 135.816 8.73785
0.406 127.926 1.83723
0.407 118.449 -6.74102
0.408 111.071 -15.4218
0.409 108.753 -22.0558
0.41 112.287 -24.8403
0.411 119.897 -22.8998
0.412 128.11 -16.6917
0.413 132.931 -7.96638
0.414 131.571 0.888675
0.415 123.644 7.75464
0.416 111.318 11.4661
0.417 98.6915 12.1564
0.418 90.2218 11.0867
0.419 89.1962 10.0168
0.42 96.2878 10.4179
0.421 109.202 12.708
0.422 123.528 16.1185
0.423 134.299 18.9943
0.424 137.784 19.4641
0.425 133.056 16.2341
0.426 122.21 9.23089
0.427 109.554 -0.148209
0.428 100.141 -9.5136
0.429 97.6918 -16.3507
0.43 103.227 -18.8872
0.431 114.674 -16.7057
0.432 127.45 -10.8125
0.433 136.377 -3.33861
0.434 137.674 3.31793
0.435 130.237 7.37924
0.436 116.05 8.20312
0.437 99.7018 6.44637
0.438 86.5256 3.6571
0.439 80.499 1.53368
0.44 83.0078 1.17661
0.441 92.3278 2.63063
0.442 104.226 4.92798
0.443 113.573 6.50838
0.444 116.407 5.93624
0.445 111.415 2.46264
0.446 100.273 -3.53065
0.447 87.1704 -10.6406
0.448 77.046 -17.0028
0.449 73.6258 -20.9232
0.45 78.2869 -21.5007
0.451 89.3811 -18.8217
0.452 103.092 -13.9166
0.453 114.786 -8.2473
0.454 120.723 -3.14682
0.455 119.407 0.529865
0.456 112.093 2.6705
0.457 102.134 3.76907
0.458 93.6142 4.49861
0.459 89.6165 5.30818
0.46 91.2852 6.20425
0.461 97.5129 6.76919
0.462 105.223 6.4005
0.463 110.915 4.68404
0.464 112.019 1.56745
0.465 107.814 -2.42011
0.466 99.5741 -6.37316
0.467 90.1415 -9.37089
0.468 82.7132 -10.7804
0.469 79.577 -10.5125
0.47 81.3176 -8.91996
0.471 86.7799 -6.59276
0.472 93.6756 -4.12789
0.473 99.5252 -1.73161
0.474 102.772 0.767297
0.475 103.164 3.77481
0.476 101.755 7.62291
0.477 100.415 12.2391
0.478 100.69 16.9797
0.479 103.144 20.7187
0.48 107.212 22.2376
0.481 111.374 20.6963
0.482 113.916 15.9965
0.483 113.665 8.96324
0.484 110.443 1.05139
0.485 105.207 -6.04769
0.486 99.7193 -10.9879
0.487 95.6035 -13.2767
0.488 93.5216 -13.3744
0.489 93.0998 -12.4577
0.49 93.0858 -11.8074
0.491 91.7957 -12.2537
0.492 88.0397 -13.7858
0.493 81.8477 -15.5294
0.494 74.548 -16.0541
0.495 68.2677 -14.0454
0.496 65.1556 -8.92387
0.497 66.4489 -1.22788
0.498 71.901 7.47341
0.499 79.6795 15.1061
0.5 87.0293 19.7187
0.501 91.3951 20.2166
0.502 91.4409 16.8235
0.503 87.6096 10.9219
0.504 81.8841 4.52923
0.505 77.2222 -0.445551
0.506 76.2857 -2.88328
0.507 80.2524 -2.80343
0.508 88.3522 -1.26715
0.509 97.9568 0.154263
0.51 105.628 0.0337487
0.511 108.302 -2.2838
0.512 104.633 -6.3469
0.513 95.4762 -10.7914
0.514 83.647 -13.8979
0.515 73.0138 -14.306
0.516 67.0201 -11.5757
0.517 67.2821 -6.41027
0.518 73.215 -0.338265
0.519 82.144 4.82727
0.52 90.2622 7.63028
0.521 94.1992 7.50318
0.522 92.3123 4.91917
0.523 85.2414 1.20452
0.524 75.7461 -2.04229
0.525 67.6658 -3.62291
0.526 64.4592 -3.09492
0.527 67.816 -0.879265
0.528 77.1769 1.96098
0.529 89.7698 4.24549
0.53 101.701 5.16864
0.531 109.316 4.63292
0.532 110.396 3.2928
0.533 105.022 2.1575
0.534 95.4097 2.12166
0.535 85.0601 3.6151
0.536 77.3624 6.36806
0.537 74.4764 9.48534
0.538 76.6345 11.8711
0.539 82.1224 12.6498
0.54 87.9105 11.4897
0.541 90.9415 8.75527
0.542 89.3078 5.29765
0.543 82.7745 2.09906
0.544 72.9765 -0.179749
0.545 62.7539 -1.39618
0.546 55.13 -1.91587
0.547 52.2813 -2.38087
0.548 54.8768 -3.35655
0.549 61.8977 -5.00812
0.55 71.0598 -6.96246
0.551 79.6242 -8.42453
0.552 85.3129 -8.53057
0.553 86.9936 -6.76342
0.554 84.9934 -3.20546
0.555 80.7365 1.39009
0.556 76.2407 5.9037
0.557 73.3561 9.23678
0.558 73.0916 10.7259
0.559 75.4921 10.3524
0.56 79.5636 8.76609
0.561 83.6923 7.00651
0.562 86.2428 6.02426
0.563 86.0741 6.2634
0.564 82.856 7.43774
0.565 77.2227 8.67165
0.566 70.5075 8.92854
0.567 64.3258 7.38266
0.568 60.1666 3.83476
0.569 58.9499 -1.05642
0.57 60.7693 -6.08381
0.571 64.9265 -9.83322
0.572 70.1294 -11.2416
0.573 74.9396 -10.0656
0.574 78.0833 -6.84588
0.575 78.9024 -2.79145
0.576 77.4791 0.65716
0.577 74.5577 2.46429
0.578 71.4476 2.31343
0.579 69.4409 0.719553
0.58 69.3786 -1.21025
0.581 71.4232 -2.24411
0.582 74.9842 -1.54522
0.583 78.8017 0.991262
0.584 81.4497 4.66582
0.585 81.7685 8.20354
0.586 79.3039 10.3247
0.587 74.4243 10.178
0.588 68.2534 7.65663
0.589 62.3825 3.46239
0.59 58.3073 -1.14891
0.591 56.8762 -4.85498
0.592 58.0394 -6.75883
0.593 60.9209 -6.64084
0.594 64.1304 -5.01656
0.595 66.3288 -2.88265
0.596 66.5859 -1.25528
0.597 64.711 -0.824864
0.598 61.3548 -1.69364
0.599 57.7326 -3.34088
0.6 55.1481 -4.84433
0.601 54.5705 -5.29171
0.602 56.2949 -4.10685
0.603 59.8756 -1.29624
0.604 64.3072 2.55099
0.605 68.3533 6.57223
0.606 71.013 9.80979
0.607 71.8281 11.5905
0.608 70.9355 11.746
0.609 68.9247 10.5464
0.61 66.7182 8.56669
0.611 65.0422 6.46166
0.612 64.3177 4.68682
0.613 64.5494 3.39423
0.614 65.3689 2.4134
0.615 66.2999 1.42717
0.616 66.7945 0.111389
0.617 66.5381 -1.70581
0.618 65.4303 -3.94454
0.619 63.5866 -6.32
0.62 61.251 -8.42449
0.621 58.6735 -9.87676
0.622 56.2313 -10.4363
0.623 54.3392 -9.99985
0.624 53.31 -8.652
0.625 53.4081 -6.61692
0.626 54.7684 -4.13545
0.627 57.1868 -1.45214
0.628 60.1875 1.1779
0.629 63.0784 3.52353
0.63 65.0564 5.44273
0.631 65.5077 6.79652
0.632 64.2629 7.48064
0.633 61.6841 7.4851
0.634 58.6187 6.92472
0.635 56.1522 5.97179
0.636 55.1635 4.80033
0.637 56.0249 3.54478
0.638 58.3132 2.2536
0.639 60.9568 0.900072
0.64 62.52 -0.624783
0.641 61.8104 -2.41903
0.642 58.3372 -4.44425
0.643 52.5781 -6.5379
0.644 45.9432 -8.41249
0.645 40.3264 -9.69495
0.646 37.4078 -10.0926
0.647 38.0623 -9.49398
0.648 41.9916 -8.00303
0.649 47.7761 -5.94344
0.65 53.3295 -3.7831
0.651 56.6748 -1.93065
0.652 56.6825 -0.647464
0.653 53.4796 0.0527313
0.654 48.4397 0.396993
0.655 43.7496 0.690222
0.656 41.4679 1.21545
0.657 42.7657 2.10755
0.658 47.5305 3.28458
0.659 54.3015 4.46733
0.66 60.7764 5.32111
0.661 64.6736 5.56484
0.662 64.5601 5.05902
0.663 60.4317 3.94074
0.664 53.6907 2.50996
0.665 46.6443 1.10196
0.666 41.6883 -0.00394439
0.667 40.3394 -0.702229
0.668 42.7783 -1.06275
0.669 47.7999 -1.27311
0.67 53.2446 -1.56842
0.671 56.8506 -2.10154
0.672 57.1344 -2.86038
0.673 53.8716 -3.70641
0.674 48.1695 -4.40394
0.675 42.0623 -4.73475
0.676 37.6583 -4.58706
0.677 36.4726 -3.96146
0.678 38.7776 -3.01003
0.679 43.5701 -1.93096
0.68 49.0571 -0.856569
0.681 53.2816 0.158237
0.682 54.8378 1.14547
0.683 53.3354 2.1797
0.684 49.5388 3.2874
0.685 44.9327 4.38457
0.686 41.1667 5.29507
0.687 39.4125 5.78786
0.688 39.967 5.64454
0.689 42.2165 4.78921
0.69 44.9472 3.33052
0.691 46.8544 1.53902
0.692 47.0114 -0.245671
0.693 45.1633 -1.72786
0.694 41.8366 -2.7571
0.695 38.0271 -3.38503
0.696 34.7662 -3.81789
0.697 32.8046 -4.27808
0.698 32.3491 -4.89111
0.699 33.1258 -5.59427
0.7 34.5287 -6.12368
0.701 35.9423 -6.10337
0.702 36.9573 -5.20153
0.703 37.499 -3.29852
0.704 37.7434 -0.559511
0.705 37.9495 2.55663
0.706 38.3006 5.41416
0.707 38.7982 7.41286
0.708 39.3163 8.20382
0.709 39.6368 7.79623
0.71 39.6085 6.52034
0.711 39.312 4.92859
0.712 38.9478 3.5342
0.713 38.7703 2.61714
0.714 38.9279 2.15806
0.715 39.2965 1.83724
0.716 39.5496 1.20238
0.717 39.231 -0.125343
0.718 37.9802 -2.22953
0.719 35.7738 -4.83419
0.72 32.9965 -7.36803
0.721 30.3186 -9.16125
0.722 28.5479 -9.67881
0.723 28.2922 -8.70846
0.724 29.6455 -6.47645
0.725 32.1756 -3.57677
0.726 35.0067 -0.744154
0.727 37.1171 1.40095
0.728 37.7507 2.54655
0.729 36.6668 2.77977
0.73 34.3187 2.49526
0.731 31.6651 2.24219
0.732 29.7663 2.46923
0.733 29.4358 3.31525
0.734 30.8658 4.57385
0.735 33.5498 5.77514
0.736 36.4404 6.36716
0.737 38.3103 5.96601
0.738 38.3008 4.52548
0.739 36.1678 2.3547
0.74 32.4317 0.00990951
0.741 28.2241 -1.89386
0.742 24.8254 -2.92743
0.743 23.2238 -2.95628
0.744 23.7587 -2.19159
0.745 25.9938 -1.11224
0.746 28.8924 -0.232602
0.747 31.2611 0.0829877
0.748 32.1062 -0.238753
0.749 31.0375 -0.987167
0.75 28.4123 -1.76332
0.751 25.1406 -2.15222
0.752 22.363 -1.90239
0.753 21.0179 -1.01508
0.754 21.4933 0.248606
0.755 23.5273 1.49939
0.756 26.3005 2.36544
0.757 28.7933 2.63395
0.758 30.169 2.35234
0.759 29.9938 1.7704
0.76 28.4154 1.23585
0.761 26.0796 1.03254
0.762 23.85 1.27333
0.763 22.4811 1.86562
0.764 22.3512 2.5317
0.765 23.3971 2.94358
0.766 25.13 2.86386
0.767 26.8528 2.22278
0.768 27.9202 1.15774
0.769 27.9388 -0.0610088
0.77 26.8751 -1.14391
0.771 25.0312 -1.87471
0.772 22.9155 -2.20427
0.773 21.0365 -2.25419
0.774 19.7478 -2.22006
0.775 19.1845 -2.283
0.776 19.2725 -2.52351
0.777 19.759 -2.86898
0.778 20.3203 -3.1281
0.779 20.7189 -3.06644
0.78 20.8077 -2.53231
0.781 20.5431 -1.52988
0.782 20.0163 -0.218752
0.783 19.3816 1.12396
0.784 18.8138 2.19976
0.785 18.4821 2.80755
0.786 18.5186 2.88475
0.787 18.9689 2.53694
0.788 19.785 1.98655
0.789 20.8179 1.45292
0.79 21.8302 1.08548
0.791 22.5358 0.887838
0.792 22.6901 0.738796
0.793 22.1642 0.461952
0.794 21.0085 -0.088948
0.795 19.4553 -0.930902
0.796 17.854 -1.93644
0.797 16.5964 -2.8673
0.798 15.9756 -3.44255
0.799 16.072 -3.45478
0.8 16.7207 -2.84766
0.801 17.5737 -1.73412
0.802 18.2047 -0.366833
0.803 18.2676 0.952294
0.804 17.6387 1.97758
0.805 16.457 2.58945
0.806 15.0977 2.82012
0.807 14.0388 2.81535
0.808 13.68 2.75068
0.809 14.1782 2.76086
0.81 15.4105 2.88116
0.811 16.985 3.01759
0.812 18.3605 2.99253
0.813 19.0639 2.63614
0.814 18.8379 1.8659
0.815 17.7359 0.724235
0.816 16.0905 -0.62252
0.817 14.4053 -1.92493
0.818 13.1703 -2.93561
0.819 12.6932 -3.49107
0.82 12.9902 -3.55557
0.821 13.7927 -3.21293
0.822 14.6668 -2.63909
0.823 15.1678 -2.02354
0.824 14.9995 -1.505
0.825 14.1251 -1.13375
0.826 12.774 -0.872256
0.827 11.3507 -0.624626
0.828 10.2797 -0.286684
0.829 9.8525 0.191099
0.83 10.1496 0.777718
0.831 11.0216 1.37293
0.832 12.135 1.84456
0.833 13.0979 2.0785
0.834 13.6068 2.01862
0.835 13.5374 1.68311
0.836 12.9523 1.15864
0.837 12.0743 0.573521
0.838 11.2029 0.0469067
0.839 10.5989 -0.339292
0.84 10.4111 -0.561824
0.841 10.6253 -0.65087
0.842 11.086 -0.670523
0.843 11.5726 -0.68417
0.844 11.8628 -0.732204
0.845 11.8092 -0.819524
0.846 11.3822 -0.921698
0.847 10.6568 -0.990779
0.848 9.78986 -0.991532
0.849 8.98325 -0.906765
0.85 8.40276 -0.744626
0.851 8.14263 -0.538522
0.852 8.22098 -0.323142
0.853 8.56713 -0.133693
0.854 9.04646 0.0108768
0.855 9.49596 0.110186
0.856 9.78278 0.175614
0.857 9.83581 0.225408
0.858 9.65274 0.275728
0.859 9.30268 0.338168
0.86 8.91083 0.416042
0.861 8.61149 0.503439
0.862 8.51439 0.588452
0.863 8.6602 0.659292
0.864 8.99962 0.706424
0.865 9.41093 0.721163
0.866 9.73527 0.69632
0.867 9.81993 0.629781
0.868 9.57802 0.521021
0.869 9.01278 0.374142
0.87 8.22368 0.199803
0.871 7.38303 0.0148556
0.872 6.67195 -0.160641
0.873 6.22808 -0.310466
0.874 6.10496 -0.425775
0.875 6.24599 -0.505988
0.876 6.51251 -0.557031
0.877 6.73451 -0.584578
0.878 6.77453 -0.593095
0.879 6.56708 -0.584238
0.88 6.14233 -0.554832
0.881 5.62667 -0.496881
0.882 5.18341 -0.402195
0.883 4.95186 -0.272042
0.884 5.00965 -0.118954
0.885 5.33028 0.0381048
0.886 5.79915 0.178525
0.887 6.25961 0.283341
0.888 6.55966 0.34413
0.889 6.60252 0.36111
0.89 6.38141 0.345433
0.891 5.9768 0.31191
0.892 5.51533 0.271091
0.893 5.12938 0.229
0.894 4.9134 0.186121
0.895 4.88775 0.138582
0.896 5.00158 0.0800962
0.897 5.15889 0.011562
0.898 5.25382 -0.0577413
0.899 5.20647 -0.116148
0.9 4.99094 -0.150809
0.901 4.64045 -0.154221
0.902 4.22821 -0.126754
0.903 3.84352 -0.0793038
0.904 3.56103 -0.0271113
0.905 3.41953 0.0162671
0.906 3.41228 0.0435809
0.907 3.49912 0.0540596
0.908 3.62009 0.0558383
0.909 3.71564 0.0602235
0.91 3.74593 0.0749439
0.911 3.6984 0.100873
0.912 3.58496 0.128237
0.913 3.43886 0.143558
0.914 3.29929 0.133138
0.915 3.19862 0.0910386
0.916 3.15753 0.0200943
0.917 3.17381 -0.0661203
0.918 3.23083 -0.146729
0.919 3.30148 -0.204396
0.92 3.35052 -0.228759
0.921 3.34678 -0.2216
0.922 3.27052 -0.194742
0.923 3.11643 -0.16478
0.924 2.89787 -0.147108
0.925 2.64686 -0.14776
0.926 2.40357 -0.160864
0.927 2.20629 -0.172643
0.928 2.08083 -0.167254
0.929 2.03191 -0.132562
0.93 2.04186 -0.0665831
0.931 2.07565 0.0205904
0.932 2.09461 0.109624
0.933 2.06884 0.179952
0.934 1.98751 0.21729
0.935 1.86167 0.216774
0.936 1.72334 0.186157
0.937 1.61252 0.141261
0.938 1.56223 0.0993643
0.939 1.58337 0.0726832
0.94 1.66259 0.0635099
0.941 1.76573 0.0656729
0.942 1.84805 0.0664952
0.943 1.87023 0.0532673
0.944 1.81259 0.0202173
0.945 1.6807 -0.0295728
0.946 1.50386 -0.085426
0.947 1.3224 -0.132273
0.948 1.17448 -0.156711
0.949 1.08328 -0.152457
0.95 1.04984 -0.122269
0.951 1.05488 -0.0761488
0.952 1.06785 -0.0274724
0.953 1.05982 0.0116234
0.954 1.01399 0.0346477
0.955 0.931103 0.0417935
0.956 0.827181 0.0397735
0.957 0.72745 0.0370116
0.958 0.65593 0.0397406
0.959 0.626179 0.0502086
0.96 0.636403 0.06556
0.961 0.672045 0.0793823
0.962 0.711358 0.0847644
0.963 0.733242 0.0775601
0.964 0.724852 0.058263
0.965 0.685138 0.0313459
0.966 0.623061 0.00353468
0.967 0.552995 -0.0184285
0.968 0.489108 -0.0304558
0.969 0.440358 -0.0322373
0.97 0.408398 -0.0267657
0.971 0.388212 -0.0186933
0.972 0.371964 -0.0123052
0.973 0.351951 -0.00997894
0.974 0.323885 -0.0115296
0.975 0.28834 -0.0149593
0.976 0.249442 -0.0175764
0.977 0.212503 -0.0174044
0.978 0.181995 -0.0139718
0.979 0.160114 -0.00831407
0.98 0.146057 -0.00253971
0.981 0.13732 0.00138484
0.982 0.130719 0.00244536
0.983 0.123673 0.000813226
0.984 0.11491 -0.00231745
0.985 0.104389 -0.00537369
0.986 0.092898 -0.0071268
0.987 0.0813922 -0.00705342
0.988 0.070504 -0.00544428
0.989 0.060406 -0.00312292
0.99 0.0509815 -0.000962656
0.991 0.0420602 0.000463029
0.992 0.0336158 0.00104036
0.993 0.0258355 0.00100467
0.994 0.0189254 0.000712684
0.995 0.0130555 0.000449349
0.996 0.00830127 0.000305596
0.997 0.00464694 0.000230355
0.998 0.00205405 0.000148345
0.999 0.000507799 5.02435e-05
0.12 369.91 0.853427
0.24 368.868 0.851353
0.36 367.138 0.847911
0.48 364.726 0.843121
0.6 361.645 0.837012
0.72 357.907 0.82962
0.84 353.529 0.82099
0.96 348.532 0.811173
1.08 342.936 0.800226
1.2 336.768 0.788215
1.32 330.055 0.77521
1.44 322.825 0.761287
1.56 315.11 0.746526
1.68 306.944 0.731011
1.8 298.362 0.714833
1.92 289.4 0.69808
2.04 280.095 0.680848
2.16 270.487 0.663231
2.28 260.615 0.645325
2.4 250.518 0.627225
2.52 240.237 0.609029
2.64 229.812 0.590829
2.76 219.284 0.572719
2.88 208.692 0.554788
3 198.075 0.537123
3.12 187.473 0.519808
3.24 176.921 0.502922
3.36 166.457 0.486539
3.48 156.115 0.470727
3.6 145.929 0.455551
3.72 135.931 0.441068
3.84 126.149 0.427329
3.96 116.612 0.414379
4.08 107.346 0.402256
4.2 98.3744 0.390991
4.32 89.7181 0.380607
4.44 81.3963 0.371122
4.56 73.4257 0.362546
4.68 65.8207 0.354882
4.8 58.5929 0.348126
4.92 51.7521 0.342269
5.04 45.3051 0.337293
5.16 39.2569 0.333175
5.28 33.6099 0.329887
5.4 28.3644 0.327396
5.52 23.5185 0.325662
5.64 19.0682 0.324641
5.76 15.0077 0.324287
5.88 11.3291 0.324548
6 8.02316 0.325369
6.12 5.07871 0.326694
6.24 2.48326 0.328463
6.36 0.223003 0.330616
6.48 -1.71705 0.333091
6.6 -3.3529 0.335826
6.72 -4.70143 0.33876
6.84 -5.78022 0.341829
6.96 -6.60743 0.344974
7.08 -7.20162 0.348135
7.2 -7.58164 0.351255
7.32 -7.76643 0.354279
7.44 -7.77497 0.357155
7.56 -7.62603 0.359833
7.68 -7.33817 0.362267
7.8 -6.92951 0.364415
7.92 -6.41771 0.366239
8.04 -5.81979 0.367704
8.16 -5.15211 0.36878
8.28 -4.43024 0.36944
8.4 -3.66888 0.369663
8.52 -2.88186 0.369433
8.64 -2.082 0.368735
8.76 -1.28115 0.367562
8.88 -0.490089 0.365909
9 0.281438 0.363776
9.12 1.02477 0.361167
9.24 1.73233 0.358089
9.36 2.39758 0.354554
9.48 3.01507 0.350577
9.6 3.58035 0.346174
9.72 4.08998 0.341367
9.84 4.54146 0.336178
9.96 4.93323 0.330633
10.08 5.26456 0.324758
10.2 5.53555 0.318583
10.32 5.74703 0.312137
10.44 5.90051 0.305451
10.56 5.99812 0.298557
10.68 6.04254 0.291487
10.8 6.03691 0.284272
10.92 5.9848 0.276945
11.04 5.8901 0.269536
11.16 5.75696 0.262076
11.28 5.58975 0.254595
11.4 5.39295 0.24712
11.52 5.17113 0.239678
11.64 4.92885 0.232296
11.76 4.67065 0.224995
11.88 4.40095 0.217799
12 4.12402 0.210726
12.12 3.84396 0.203795
12.24 3.56462 0.197021
12.36 3.28959 0.190419
12.48 3.02219 0.184
12.6 2.76538 0.177774
12.72 2.52183 0.171749
12.84 2.29384 0.16593
12.96 2.08335 0.160323
13.08 1.89195 0.154928
13.2 1.72086 0.149748
13.32 1.57095 0.144781
13.44 1.44275 0.140026
13.56 1.33644 0.135479
13.68 1.25191 0.131137
13.8 1.18872 0.126995
13.92 1.14617 0.123047
14.04 1.12333 0.119287
14.16 1.119 0.115709
14.28 1.13182 0.112306
14.4 1.16025 0.109072
14.52 1.2026 0.105999
14.64 1.25708 0.103082
14.76 1.32183 0.100315
14.88 1.39491 0.0976915
15 1.47438 0.0952074
15.12 1.5583 0.0928581
15.24 1.64476 0.09064
15.36 1.7319 0.0885501
15.48 1.81795 0.0865866
15.6 1.90123 0.084748
15.72 1.98016 0.0830341
15.84 2.05332 0.0814453
15.96 2.11941 0.0799828
16.08 2.17732 0.0786485
16.2 2.22606 0.0774453
16.32 2.26484 0.0763764
16.44 2.29304 0.0754459
16.56 2.31021 0.0746582
16.68 2.31607 0.074018
16.8 2.31053 0.0735307
16.92 2.29364 0.0732015
17.04 2.26562 0.073036
17.16 2.22683 0.0730394
17.28 2.17777 0.0732171
17.4 2.11907 0.0735741
17.52 2.05147 0.0741151
17.64 1.97579 0.0748441
17.76 1.89296 0.0757647
17.88 1.80395 0.0768798
18 1.70979 0.0781913
18.12 1.61155 0.0797005
18.24 1.51031 0.0814075
18.36 1.40717 0.0833115
18.48 1.30319 0.0854104
18.6 1.19944 0.0877012
18.72 1.09692 0.0901795
18.84 0.996606 0.0928398
18.96 0.899387 0.0956753
19.08 0.806097 0.098678
19.2 0.717486 0.101839
19.32 0.634219 0.105147
19.44 0.556863 0.108591
19.56 0.485894 0.112158
19.68 0.421683 0.115834
19.8 0.364503 0.119606
19.92 0.314524 0.123456
20.04 0.271818 0.127368
20.16 0.236358 0.131325
20.28 0.208025 0.135309
20.4 0.186611 0.139302
20.52 0.171826 0.143285
20.64 0.163305 0.147238
20.76 0.160615 0.151143
20.88 0.163264 0.154979
21 0.170709 0.158728
21.12 0.182366 0.162369
21.24 0.197619 0.165885
21.36 0.215832 0.169257
21.48 0.236353 0.172467
21.6 0.258529 0.175498
21.72 0.281713 0.178332
21.84 0.305272 0.180955
21.96 0.328596 0.183352
22.08 0.351107 0.185508
22.2 0.372262 0.187412
22.32 0.391566 0.189051
22.44 0.40857 0.190416
22.56 0.422881 0.191497
22.68 0.434164 0.192287
22.8 0.442144 0.19278
22.92 0.446608 0.19297
23.04 0.447409 0.192854
23.16 0.444461 0.192431
23.28 0.437744 0.191698
23.4 0.427297 0.190658
23.52 0.413217 0.189311
23.64 0.395661 0.187662
23.76 0.374833 0.185714
23.88 0.350988 0.183475
24 0.324421 0.18095
24.12 0.295467 0.178149
24.24 0.264489 0.17508
24.36 0.231878 0.171754
24.48 0.198041 0.168184
24.6 0.163402 0.16438
24.72 0.128388 0.160356
24.84 0.0934265 0.156126
24.96 0.0589411 0.151705
25.08 0.025342 0.147108
25.2 -0.00697716 0.14235
25.32 -0.0376453 0.137449
25.44 -0.0663181 0.13242
25.56 -0.0926827 0.12728
25.68 -0.116461 0.122047
25.8 -0.137412 0.116738
25.92 -0.155338 0.11137
26.04 -0.170079 0.10596
26.16 -0.181523 0.100526
26.28 -0.1896 0.0950841
26.4 -0.194284 0.0896519
26.52 -0.195593 0.0842457
26.64 -0.193588 0.0788818
26.76 -0.188369 0.073576
26.88 -0.180077 0.0683436
27 -0.168887 0.0631995
27.12 -0.155007 0.0581578
27.24 -0.138673 0.0532324
27.36 -0.120149 0.0484361
27.48 -0.0997183 0.0437813
27.6 -0.0776812 0.0392795
27.72 -0.0543515 0.0349414
27.84 -0.0300508 0.0307769
27.96 -0.00510477 0.0267952
28.08 0.0201616 0.0230043
28.2 0.0454281 0.0194115
28.32 0.0703834 0.0160232
28.44 0.094729 0.0128448
28.56 0.118183 0.00988052
28.68 0.140482 0.00713388
28.8 0.161388 0.00460724
28.92 0.180685 0.00230198
29.04 0.198185 0.000218471
29.16 0.213732 -0.00164393
29.28 0.227197 -0.0032869
29.4 0.238483 -0.00471308
29.52 0.247527 -0.00592613
29.64 0.254294 -0.00693069
29.76 0.258784 -0.00773233
29.88 0.261025 -0.00833757
30 0.261074 -0.00875381
30.12 0.259017 -0.00898933
30.24 0.254965 -0.00905324
30.36 0.249053 -0.0089554
30.48 0.241435 -0.00870643
30.6 0.232286 -0.00831762
30.72 0.221793 -0.00780088
30.84 0.210157 -0.00716867
30.96 0.197589 -0.00643395
31.08 0.184306 -0.00561009
31.2 0.170524 -0.00471082
31.32 0.156465 -0.00375013
31.44 0.142342 -0.00274219
31.56 0.128364 -0.00170129
31.68 0.114733 -0.000641721
31.8 0.101636 0.000422272
31.92 0.0892493 0.00147662
32.04 0.0777308 0.00250748
32.16 0.0672221 0.00350137
32.28 0.0578455 0.00444519
32.4 0.0497026 0.00532639
32.52 0.042874 0.00613298
32.64 0.0374184 0.00685365
32.76 0.0333724 0.00747786
32.88 0.0307508 0.00799588
33 0.0295466 0.00839888
33.12 0.0297321 0.00867901
33.24 0.0312593 0.00882942
33.36 0.0340619 0.00884435
33.48 0.0380558 0.00871915
33.6 0.0431417 0.00845036
33.72 0.0492062 0.00803567
33.84 0.0561241 0.00747403
33.96 0.0637607 0.00676557
34.08 0.0719736 0.00591171
34.2 0.0806151 0.00491506
34.32 0.0895346 0.00377947
34.44 0.0985808 0.00250998
34.56 0.107604 0.00111281
34.68 0.116457 -0.00040471
34.8 0.125 -0.00203415
34.92 0.133101 -0.00376605
35.04 0.140634 -0.00559003
35.16 0.147489 -0.00749477
35.28 0.153563 -0.00946819
35.4 0.158772 -0.0114975
35.52 0.163042 -0.0135691
35.64 0.166316 -0.0156692
35.76 0.168553 -0.0177833
35.88 0.169729 -0.0198967
36 0.169834 -0.0219944
36.12 0.168874 -0.0240614
36.24 0.166873 -0.0260826
36.36 0.163867 -0.0280432
36.48 0.159907 -0.0299286
36.6 0.155057 -0.0317243
36.72 0.149394 -0.0334165
36.84 0.143003 -0.0349919
36.96 0.135979 -0.036438
37.08 0.128426 -0.0377428
37.2 0.120452 -0.0388953
37.32 0.112169 -0.0398855
37.44 0.103693 -0.0407042
37.56 0.0951386 -0.0413436
37.68 0.0866218 -0.0417968
37.8 0.0782542 -0.0420582
37.92 0.0701437 -0.0421234
38.04 0.0623925 -0.0419892
38.16 0.0550958 -0.0416538
38.28 0.0483403 -0.0411167
38.4 0.0422034 -0.0403788
38.52 0.0367521 -0.0394419
38.64 0.0320421 -0.0383097
38.76 0.0281175 -0.0369866
38.88 0.0250099 -0.0354786
39 0.0227388 -0.0337925
39.12 0.0213108 -0.0319367
39.24 0.0207202 -0.0299201
39.36 0.0209493 -0.0277531
39.48 0.0219685 -0.0254466
39.6 0.0237374 -0.0230125
39.72 0.0262051 -0.0204634
39.84 0.0293114 -0.0178125
39.96 0.0329879 -0.0150735
40.08 0.0371586 -0.0122607
40.2 0.041742 -0.00938845
40.32 0.0466513 -0.00647148
40.44 0.0517968 -0.00352457
40.56 0.0570864 -0.000562508
40.68 0.0624275 0.00240004
40.8 0.0677281 0.00534861
40.92 0.0728982 0.00826905
41.04 0.077851 0.0111476
41.16 0.0825042 0.0139712
41.28 0.0867811 0.0167269
41.4 0.0906118 0.019403
41.52 0.0939335 0.0219882
41.64 0.0966921 0.024472
41.76 0.0988424 0.0268449
41.88 0.100349 0.0290982
42 0.101185 0.0312244
42.12 0.101337 0.0332167
42.24 0.100797 0.0350695
42.36 0.0995721 0.0367781
42.48 0.0976758 0.0383391
42.6 0.095133 0.0397498
42.72 0.0919774 0.0410088
42.84 0.0882511 0.0421157
42.96 0.0840042 0.043071
43.08 0.079294 0.0438762
43.2 0.0741838 0.0445337
43.32 0.068742 0.0450468
43.44 0.0630414 0.0454197
43.56 0.0571576 0.0456572
43.68 0.0511683 0.0457649
43.8 0.045152 0.0457491
43.92 0.039187 0.0456166
44.04 0.0333498 0.0453746
44.16 0.027715 0.0450309
44.28 0.0223532 0.0445935
44.4 0.017331 0.0440707
44.52 0.0127091 0.0434711
44.64 0.00854265 0.0428033
44.76 0.00487949 0.0420759
44.88 0.00176022 0.0412976
45 -0.000782569 0.0404768
45.12 -0.00272458 0.039622
45.24 -0.00405012 0.0387413
45.36 -0.00475218 0.0378425
45.48 -0.00483248 0.036933
45.6 -0.00430135 0.0360201
45.72 -0.0031775 0.0351103
45.84 -0.00148768 0.0342099
45.96 0.000733779 0.0333245
46.08 0.00344549 0.0324593
46.2 0.00659966 0.031619
46.32 0.0101428 0.0308075
46.44 0.0140165 0.0300283
46.56 0.0181584 0.0292845
46.68 0.0225027 0.0285783
46.8 0.0269817 0.0279114
46.92 0.031526 0.0272853
47.04 0.0360662 0.0267005
47.16 0.0405332 0.0261573
47.28 0.0448595 0.0256555
47.4 0.0489799 0.0251944
47.52 0.0528326 0.0247728
47.64 0.0563595 0.0243894
47.76 0.0595075 0.0240423
47.88 0.0622287 0.0237295
48 0.0644812 0.0234486
48.12 0.0662296 0.0231972
48.24 0.0674451 0.0229725
48.36 0.0681062 0.0227718
48.48 0.0681985 0.0225923
48.6 0.0677152 0.0224311
48.72 0.0666567 0.0222853
48.84 0.0650307 0.0221521
48.96 0.0628519 0.0220288
49.08 0.0601418 0.0219128
49.2 0.0569282 0.0218016
49.32 0.053245 0.0216931
49.44 0.0491312 0.0215851
49.56 0.0446309 0.0214759
49.68 0.0397919 0.0213638
49.8 0.0346658 0.0212475
49.92 0.0293068 0.0211259
50.04 0.023771 0.0209984
50.16 0.0181157 0.0208643
50.28 0.0123987 0.0207234
50.4 0.00667732 0.0205757
50.52 0.00100802 0.0204216
50.64 -0.00455469 0.0202614
50.76 -0.00995867 0.0200961
50.88 -0.0151549 0.0199266
51 -0.020098 0.019754
51.12 -0.0247467 0.0195796
51.24 -0.0290644 0.019405
51.36 -0.0330193 0.0192318
51.48 -0.0365852 0.0190617
51.6 -0.039741 0.0188965
51.72 -0.0424714 0.018738
51.84 -0.0447668 0.0185879
51.96 -0.0466232 0.0184483
52.08 -0.048042 0.0183208
52.2 -0.0490302 0.0182072
52.32 -0.0495998 0.0181091
52.44 -0.0497676 0.0180281
52.56 -0.0495548 0.0179654
52.68 -0.0489866 0.0179225
52.8 -0.0480919 0.0179003
52.92 -0.0469022 0.0178997
53.04 -0.045452 0.0179214
53.16 -0.0437773 0.0179659
53.28 -0.0419155 0.0180334
53.4 -0.0399047 0.0181239
53.52 -0.0377834 0.0182373
53.64 -0.0355893 0.0183732
53.76 -0.0333594 0.0185308
53.88 -0.031129 0.0187094
54 -0.0289315 0.018908
54.12 -0.0267979 0.0191252
54.24 -0.0247562 0.0193596
54.36 -0.0228313 0.0196096
54.48 -0.0210447 0.0198735
54.6 -0.0194139 0.0201494
54.72 -0.0179528 0.0204354
54.84 -0.016671 0.0207292
54.96 -0.0155743 0.0210288
55.08 -0.0146642 0.021332
55.2 -0.0139385 0.0216366
55.32 -0.013391 0.0219403
55.44 -0.0130118 0.022241
55.56 -0.0127879 0.0225364
55.68 -0.012703 0.0228247
55.8 -0.0127381 0.0231036
55.92 -0.0128718 0.0233714
56.04 -0.0130808 0.0236264
56.16 -0.0133404 0.0238669
56.28 -0.0136247 0.0240915
56.4 -0.0139071 0.0242989
56.52 -0.0141611 0.024488
56.64 -0.0143604 0.0246581
56.76 -0.0144796 0.0248083
56.88 -0.0144943 0.0249383
57 -0.014382 0.0250477
57.12 -0.0141221 0.0251366
57.24 -0.0136963 0.0252051
57.36 -0.0130891 0.0252535
57.48 -0.0122879 0.0252824
57.6 -0.0112834 0.0252926
57.72 -0.0100692 0.025285
57.84 -0.00864292 0.0252607
57.96 -0.00700525 0.0252209
58.08 -0.00516058 0.025167
58.2 -0.00311672 0.0251005
58.32 -0.000884847 0.0250229
58.44 0.00152066 0.0249359
58.56 0.00408241 0.0248413
58.68 0.00678024 0.0247406
58.8 0.00959154 0.0246357
58.92 0.0124915 0.0245283
59.04 0.0154536 0.0244201
59.16 0.0184497 0.0243128
59.28 0.021451 0.0242078
59.4 0.0244277 0.0241066
59.52 0.02735 0.0240105
59.64 0.0301886 0.0239209
59.76 0.0329144 0.0238386
59.88 0.0354998 0.0237645
60 0.0379185 0.0236994
60.12 0.0401461 0.0236437
60.24 0.0421603 0.0235977
60.36 0.0439416 0.0235615
60.48 0.045473 0.0235349
60.6 0.0467408 0.0235176
60.72 0.0477344 0.023509
60.84 0.0484467 0.0235083
60.96 0.048874 0.0235144
61.08 0.0490163 0.0235262
61.2 0.048877 0.0235422
61.32 0.0484632 0.0235609
61.44 0.0477851 0.0235803
61.56 0.0468567 0.0235987
61.68 0.0456945 0.0236139
61.8 0.0443184 0.0236238
61.92 0.0427506 0.023626
62.04 0.0410157 0.0236182
62.16 0.0391402 0.0235979
62.28 0.0371523 0.0235627
62.4 0.0350813 0.0235101
62.52 0.0329576 0.0234377
62.64 0.0308119 0.0233431
62.76 0.0286747 0.0232239
62.88 0.0265764 0.023078
63 0.0245467 0.0229031
63.12 0.0226138 0.0226974
63.24 0.0208046 0.0224591
63.36 0.0191442 0.0221865
63.48 0.0176552 0.0218783
63.6 0.0163579 0.0215333
63.72 0.0152699 0.0211505
63.84 0.0144058 0.0207295
63.96 0.0137771 0.0202697
64.08 0.0133918 0.0197711
64.2 0.0132549 0.0192339
64.32 0.0133677 0.0186587
64.44 0.0137284 0.0180462
64.56 0.0143317 0.0173977
64.68 0.015169 0.0167146
64.8 0.0162287 0.0159985
64.92 0.0174963 0.0152517
65.04 0.0189545 0.0144764
65.16 0.0205835 0.0136752
65.28 0.0223614 0.0128511
65.4 0.0242644 0.012007
65.52 0.0262672 0.0111465
65.64 0.0283432 0.0102729
65.76 0.0304649 0.00939016
65.88 0.0326046 0.00850204
66 0.0347341 0.00761258
66.12 0.0368259 0.0067259
66.24 0.0388528 0.00584618
66.36 0.0407888 0.00497767
66.48 0.042609 0.00412461
66.6 0.0442904 0.00329121
66.72 0.0458116 0.00248164
66.84 0.0471538 0.00170001
66.96 0.0483002 0.000950285
67.08 0.0492369 0.000236291
67.2 0.0499526 -0.000438311
67.32 0.0504391 -0.00107007
67.44 0.0506911 -0.00165576
67.56 0.0507061 -0.00219241
67.68 0.0504851 -0.00267733
67.8 0.0500316 -0.00310815
67.92 0.0493523 -0.0034828
68.04 0.0484568 -0.00379956
68.16 0.047357 -0.00405706
68.28 0.0460676 -0.00425431
68.4 0.0446055 -0.00439069
68.52 0.0429896 -0.00446598
68.64 0.0412404 -0.00448033
68.76 0.0393802 -0.0044343
68.88 0.0374323 -0.00432884
69 0.0354209 -0.00416528
69.12 0.0333708 -0.00394535
69.24 0.031307 -0.00367114
69.36 0.0292544 -0.00334509
69.48 0.0272377 -0.00297001
69.6 0.0252806 -0.00254901
69.72 0.0234062 -0.00208554
69.84 0.0216359 -0.00158329
69.96 0.01999 -0.00104626
70.08 0.0184868 -0.000478644
70.2 0.0171427 0.000115126
70.32 0.0159721 0.00073046
70.44 0.014987 0.00136261
70.56 0.0141971 0.00200673
70.68 0.0136097 0.00265788
70.8 0.0132293 0.00331106
70.92 0.0130581 0.00396127
71.04 0.013096 0.00460353
71.16 0.0133399 0.00523291
71.28 0.0137848 0.00584455
71.4 0.0144232 0.00643374
71.52 0.0152456 0.00699588
71.64 0.0162402 0.00752657
71.76 0.0173939 0.00802162
71.88 0.0186917 0.00847707
72 0.0201172 0.00888923
72.12 0.0216529 0.00925468
72.24 0.0232806 0.00957031
72.36 0.0249812 0.00983336
72.48 0.0267353 0.0100414
72.6 0.0285233 0.0101923
72.72 0.0303256 0.0102844
72.84 0.0321232 0.0103164
72.96 0.0338974 0.0102874
73.08 0.0356303 0.0101967
73.2 0.037305 0.0100442
73.32 0.0389057 0.00983019
73.44 0.0404179 0.00955526
73.56 0.0418286 0.00922041
73.68 0.0431261 0.008827
73.8 0.0443006 0.00837675
73.92 0.0453438 0.00787173
74.04 0.0462493 0.00731433
74.16 0.0470122 0.00670724
74.28 0.0476296 0.00605345
74.4 0.0481 0.00535619
74.52 0.0484237 0.00461895
74.64 0.0486025 0.00384543
74.76 0.0486396 0.00303949
74.88 0.0485398 0.00220516
75 0.0483086 0.00134661
75.12 0.0479531 0.000468079
75.24 0.0474808 -0.000426109
75.36 0.0469003 -0.0013316
75.48 0.0462206 -0.00224405
75.6 0.0454511 -0.00315913
75.72 0.0446015 -0.00407256
75.84 0.0436815 -0.00498016
75.96 0.0427007 -0.00587788
76.08 0.0416684 -0.00676177
76.2 0.0405937 -0.0076281
76.32 0.039485 -0.0084733
76.44 0.03835 -0.00929404
76.56 0.0371959 -0.0100872
76.68 0.0360287 -0.01085
76.8 0.034854 -0.0115798
76.92 0.0336761 -0.0122744
77.04 0.0324983 -0.0129318
77.16 0.0313232 -0.0135504
77.28 0.0301523 -0.0141289
77.4 0.0289862 -0.0146663
77.52 0.0278244 -0.015162
77.64 0.0266659 -0.0156156
77.76 0.0255089 -0.0160274
77.88 0.0243506 -0.0163975
78 0.0231882 -0.0167268
78.12 0.022018 -0.0170164
78.24 0.0208363 -0.0172675
78.36 0.019639 -0.0174818
78.48 0.0184221 -0.0176613
78.6 0.0171817 -0.0178083
78.72 0.015914 -0.0179251
78.84 0.0146157 -0.0180146
78.96 0.0132838 -0.0180796
79.08 0.0119161 -0.0181232
79.2 0.0105109 -0.0181487
79.32 0.00906747 -0.0181596
79.44 0.00758582 -0.0181593
79.56 0.00606701 -0.0181514
79.68 0.00451307 -0.0181396
79.8 0.00292709 -0.0181277
79.92 0.0013132 -0.0181192
80.04 -0.00032338 -0.0181178
80.16 -0.00197639 -0.0181271
80.28 -0.00363853 -0.0181506
80.4 -0.00530156 -0.0181917
80.52 -0.00695631 -0.0182536
80.64 -0.00859279 -0.0183395
80.76 -0.0102003 -0.0184521
80.88 -0.0117675 -0.0185941
81 -0.0132826 -0.018768
81.12 -0.0147333 -0.0189759
81.24 -0.0161073 -0.0192197
81.36 -0.017392 -0.019501
81.48 -0.0185751 -0.019821
81.6 -0.0196444 -0.0201807
81.72 -0.0205879 -0.0205806
81.84 -0.0213945 -0.021021
81.96 -0.0220534 -0.0215019
82.08 -0.0225549 -0.0220228
82.2 -0.02289 -0.0225828
82.32 -0.0230509 -0.0231808
82.44 -0.023031 -0.0238153
82.56 -0.0228249 -0.0244845
82.68 -0.0224284 -0.025186
82.8 -0.0218389 -0.0259174
82.92 -0.0210552 -0.0266759
83.04 -0.0200775 -0.0274583
83.16 -0.0189076 -0.0282611
83.28 -0.0175487 -0.0290808
83.4 -0.0160054 -0.0299132
83.52 -0.014284 -0.0307544
83.64 -0.0123919 -0.0316
83.76 -0.0103377 -0.0324454
83.88 -0.00813155 -0.033286
84 -0.00578435 -0.0341172
84.12 -0.00330813 -0.0349339
84.24 -0.000715765 -0.0357314
84.36 0.00197919 -0.0365048
84.48 0.00476259 -0.0372492
84.6 0.00761988 -0.0379598
84.72 0.0105362 -0.0386317
84.84 0.0134967 -0.0392604
84.96 0.0164863 -0.0398414
85.08 0.0194904 -0.0403703
85.2 0.0224946 -0.040843
85.32 0.0254849 -0.0412556
85.44 0.0284479 -0.0416045
85.56 0.031371 -0.0418862
85.68 0.0342425 -0.0420978
85.8 0.0370513 -0.0422364
85.92 0.0397876 -0.0422998
86.04 0.0424425 -0.0422859
86.16 0.0450083 -0.0421929
86.28 0.0474785 -0.0420197
86.4 0.0498475 -0.0417655
86.52 0.0521111 -0.0414296
86.64 0.0542662 -0.0410122
86.76 0.0563109 -0.0405135
86.88 0.0582443 -0.0399343
87 0.0600666 -0.0392759
87.12 0.0617788 -0.0385397
87.24 0.0633829 -0.0377278
87.36 0.0648817 -0.0368426
87.48 0.0662787 -0.0358867
87.6 0.067578 -0.0348631
87.72 0.0687841 -0.0337753
87.84 0.0699019 -0.032627
87.96 0.0709364 -0.031422
88.08 0.0718931 -0.0301647
88.2 0.0727771 -0.0288595
88.32 0.0735936 -0.0275109
88.44 0.0743475 -0.0261238
88.56 0.0750436 -0.024703
88.68 0.0756862 -0.0232537
88.8 0.0762789 -0.021781
88.92 0.076825 -0.0202898
89.04 0.0773273 -0.0187854
89.16 0.0777877 -0.0172728
89.28 0.0782074 -0.015757
89.4 0.0785872 -0.0142429
89.52 0.078927 -0.0127354
89.64 0.0792258 -0.011239
89.76 0.0794824 -0.00975807
89.88 0.0796946 -0.0082969
90 0.0798596 -0.00685941
90.12 0.0799744 -0.00544926
90.24 0.0800351 -0.00406987
90.36 0.0800377 -0.0027243
90.48 0.0799779 -0.00141531
90.6 0.079851 -0.000145332
90.72 0.0796523 0.00108357
90.84 0.0793773 0.00226969
90.96 0.0790212 0.00341165
91.08 0.0785797 0.00450848
91.2 0.0780488 0.00555952
91.32 0.0774248 0.0065645
91.44 0.0767046 0.00752349
91.56 0.0758855 0.00843688
91.68 0.0749658 0.00930542
91.8 0.0739443 0.0101301
91.92 0.0728208 0.0109123
92.04 0.0715959 0.0116536
92.16 0.0702709 0.0123558
92.28 0.0688485 0.013021
92.4 0.067332 0.0136514
92.52 0.0657258 0.0142495
92.64 0.0640352 0.0148177
92.76 0.0622664 0.0153588
92.88 0.0604266 0.0158754
93 0.0585237 0.0163703
93.12 0.0565664 0.0168464
93.24 0.0545643 0.0173063
93.36 0.0525272 0.0177526
93.48 0.0504658 0.0181881
93.6 0.0483909 0.0186152
93.72 0.0463138 0.0190362
93.84 0.044246 0.0194532
93.96 0.0421988 0.0198682
94.08 0.0401836 0.020283
94.2 0.0382117 0.020699
94.32 0.036294 0.0211174
94.44 0.0344409 0.0215391
94.56 0.0326624 0.0219647
94.68 0.0309677 0.0223946
94.8 0.0293653 0.0228287
94.92 0.0278629 0.0232667
95.04 0.0264671 0.0237079
95.16 0.0251838 0.0241514
95.28 0.0240176 0.0245957
95.4 0.0229719 0.0250393
95.52 0.0220491 0.0254803
95.64 0.0212506 0.0259163
95.76 0.0205762 0.0263449
95.88 0.0200249 0.0267633
96 0.0195943 0.0271684
96.12 0.019281 0.0275572
96.24 0.0190806 0.0279261
96.36 0.0189875 0.0282715
96.48 0.0189954 0.0285899
96.6 0.0190969 0.0288774
96.72 0.0192841 0.02913
96.84 0.0195482 0.0293441
96.96 0.01988 0.0295155
97.08 0.0202697 0.0296406
97.2 0.0207075 0.0297155
97.32 0.021183 0.0297366
97.44 0.0216861 0.0297004
97.56 0.0222064 0.0296034
97.68 0.0227339 0.0294427
97.8 0.0232587 0.0292153
97.92 0.0237715 0.0289185
98.04 0.0242633 0.0285502
98.16 0.0247258 0.0281083
98.28 0.0251512 0.0275912
98.4 0.0255327 0.0269977
98.52 0.025864 0.0263269
98.64 0.0261401 0.0255783
98.76 0.0263564 0.024752
98.88 0.0265096 0.0238483
99 0.0265973 0.0228681
99.12 0.026618 0.0218128
99.24 0.0265712 0.020684
99.36 0.0264572 0.0194839
99.48 0.0262774 0.0182151
99.6 0.0260341 0.0168808
99.72 0.0257301 0.0154843
99.84 0.0253693 0.0140295
99.96 0.0249561 0.0125206
100.08 0.0244954 0.0109623
100.2 0.0239929 0.00935939
100.32 0.0234545 0.00771722
100.44 0.0228864 0.00604125
100.56 0.0222953 0.00433725
100.68 0.0216878 0.0026112
100.8 0.0210705 0.000869262
100.92 0.0204502 -0.000882262
101.04 0.0198333 -0.00263695
101.16 0.0192261 -0.00438832
101.28 0.0186345 -0.00612985
101.4 0.0180642 -0.00785501
101.52 0.0175203 -0.00955733
101.64 0.0170072 -0.0112304
101.76 0.0165291 -0.012868
101.88 0.0160893 -0.0144638
102 0.0156905 -0.0160121
102.12 0.015335 -0.017507
102.24 0.0150241 -0.0189431
102.36 0.0147585 -0.0203152
102.48 0.0145383 -0.0216184
102.6 0.014363 -0.0228482
102.72 0.0142313 -0.0240003
102.84 0.0141414 -0.0250709
102.96 0.0140911 -0.0260567
103.08 0.0140775 -0.0269547
103.2 0.0140974 -0.0277622
103.32 0.0141472 -0.0284772
103.44 0.0142231 -0.029098
103.56 0.0143208 -0.0296233
103.68 0.0144362 -0.0300523
103.8 0.0145648 -0.0303847
103.92 0.0147025 -0.0306206
104.04 0.0148449 -0.0307605
104.16 0.0149879 -0.0308054
104.28 0.0151276 -0.0307567
104.4 0.0152603 -0.0306162
104.52 0.0153828 -0.0303859
104.64 0.0154921 -0.0300685
104.76 0.0155858 -0.0296667
104.88 0.0156618 -0.0291838
105 0.0157185 -0.0286232
105.12 0.0157548 -0.0279886
105.24 0.0157704 -0.027284
105.36 0.015765 -0.0265137
105.48 0.0157393 -0.0256819
105.6 0.0156942 -0.0247931
105.72 0.0156312 -0.023852
105.84 0.0155522 -0.0228633
105.96 0.0154596 -0.0218319
106.08 0.015356 -0.0207624
106.2 0.0152443 -0.0196597
106.32 0.0151279 -0.0185287
106.44 0.0150102 -0.017374
106.56 0.0148947 -0.0162003
106.68 0.0147851 -0.0150121
106.8 0.014685 -0.0138139
106.92 0.014598 -0.0126099
107.04 0.0145275 -0.0114042
107.16 0.0144769 -0.0102008
107.28 0.014449 -0.00900319
107.4 0.0144466 -0.00781499
107.52 0.0144721 -0.00663936
107.64 0.0145273 -0.0054793
107.76 0.0146138 -0.00433751
107.88 0.0147325 -0.00321645
108 0.014884 -0.00211829
108.12 0.0150683 -0.00104492
108.24 0.0152848 2.0181e-06
108.36 0.0155326 0.00102118
108.48 0.0158101 0.0020115
108.6 0.0161151 0.00297215
108.72 0.0164452 0.00390261
108.84 0.0167974 0.00480257
108.96 0.0171682 0.005672
109.08 0.017554 0.00651107
109.2 0.0179508 0.00732022
109.32 0.0183541 0.00810004
109.44 0.0187595 0.00885137
109.56 0.0191624 0.00957518
109.68 0.0195581 0.0102727
109.8 0.0199421 0.0109451
109.92 0.0203096 0.0115939
110.04 0.0206563 0.0122206
110.16 0.020978 0.0128269
110.28 0.0212708 0.0134145
110.4 0.021531 0.0139852
110.52 0.0217556 0.0145407
110.64 0.0219418 0.0150829
110.76 0.0220875 0.0156136
110.88 0.0221909 0.0161347
111 0.0222509 0.0166479
111.12 0.0222671 0.0171551
111.24 0.0222396 0.0176579
111.36 0.0221691 0.0181579
111.48 0.0220569 0.0186567
111.6 0.0219051 0.0191557
111.72 0.0217161 0.0196563
111.84 0.021493 0.0201598
111.96 0.0212396 0.0206672
112.08 0.0209599 0.0211795
112.2 0.0206585 0.0216976
112.32 0.0203403 0.0222222
112.44 0.0200106 0.0227538
112.56 0.0196749 0.0232929
112.68 0.0193389 0.0238398
112.8 0.0190082 0.0243946
112.92 0.0186888 0.0249573
113.04 0.0183865 0.0255278
113.16 0.0181068 0.0261057
113.28 0.0178551 0.0266908
113.4 0.0176368 0.0272823
113.52 0.0174565 0.0278798
113.64 0.0173187 0.0284823
113.76 0.0172273 0.0290891
113.88 0.0171857 0.0296991
114 0.0171968 0.0303113
114.12 0.0172627 0.0309246
114.24 0.0173851 0.0315377
114.36 0.0175647 0.0321493
114.48 0.0178018 0.0327582
114.6 0.0180959 0.0333629
114.72 0.0184457 0.0339621
114.84 0.0188492 0.0345543
114.96 0.019304 0.0351382
115.08 0.0198067 0.0357123
115.2 0.0203534 0.0362751
115.32 0.0209399 0.0368253
115.44 0.021561 0.0373616
115.56 0.0222114 0.0378825
115.68 0.0228854 0.0383867
115.8 0.0235766 0.0388731
115.92 0.0242789 0.0393405
116.04 0.0249855 0.0397877
116.16 0.0256899 0.0402136
116.28 0.0263852 0.0406173
116.4 0.027065 0.040998
116.52 0.0277226 0.0413546
116.64 0.0283519 0.0416866
116.76 0.0289467 0.0419933
116.88 0.0295014 0.0422741
117 0.0300109 0.0425285
117.12 0.0304704 0.0427562
117.24 0.0308757 0.0429569
117.36 0.0312232 0.0431304
117.48 0.0315099 0.0432765
117.6 0.0317336 0.0433952
117.72 0.0318925 0.0434866
117.84 0.0319859 0.0435508
117.96 0.0320135 0.0435881
118.08 0.0319758 0.0435987
118.2 0.0318741 0.043583
118.32 0.0317102 0.0435415
118.44 0.0314868 0.0434745
118.56 0.0312069 0.0433828
118.68 0.0308745 0.0432668
118.8 0.0304939 0.0431273
118.92 0.0300698 0.0429649
119.04 0.0296075 0.0427804
119.16 0.0291126 0.0425746
119.28 0.0285912 0.0423484
119.4 0.0280493 0.0421025
119.52 0.0274933 0.0418378
119.64 0.0269296 0.0415552
119.76 0.0263646 0.0412557
119.88 0.0258049 0.0409402
120 0.0252567 0.0406096
