-0.999 -1.51918e-06 -2.41564e-06
-0.998 -9.06696e-06 -1.18656e-05
-0.997 -2.64297e-05 -2.88483e-05
-0.996 -5.43725e-05 -4.92279e-05
-0.995 -8.94752e-05 -6.67326e-05
-0.994 -0.000125012 -7.84915e-05
-0.993 -0.000153622 -9.01196e-05
-0.992 -0.000171435 -0.000116126
-0.991 -0.000182254 -0.000173493
-0.99 -0.000198453 -0.000270738
-0.989 -0.000235848 -0.000398665
-0.988 -0.000304238 -0.000529119
-0.987 -0.000399514 -0.000624064
-0.986 -0.000502812 -0.000652066
-0.985 -0.000587813 -0.000605831
-0.984 -0.000632926 -0.000512758
-0.983 -0.000634399 -0.000430885
-0.982 -0.000616984 -0.000427807
-0.981 -0.000636512 -0.000549827
-0.98 -0.000766588 -0.000796184
-0.979 -0.0010671 -0.00111223
-0.978 -0.00154455 -0.00140643
-0.977 -0.00212511 -0.00158512
-0.976 -0.00266111 -0.00159214
-0.975 -0.0029759 -0.00143834
-0.974 -0.00292918 -0.00120665
-0.973 -0.00247485 -0.00102435
-0.972 -0.00169069 -0.00101004
-0.971 -0.000769108 -0.00121896
-0.97 3.45752e-05 -0.001613
-0.969 0.000491653 -0.00206897
-0.968 0.000503647 -0.00242264
-0.967 0.000170714 -0.00253336
-0.966 -0.000229577 -0.0023476
-0.965 -0.000364621 -0.00193558
-0.964 -1.43114e-05 -0.0014776
-0.963 0.00080293 -0.00119612
-0.962 0.0018033 -0.00126163
-0.961 0.00251553 -0.00171831
-0.96 0.00243656 -0.00246164
-0.959 0.00122871 -0.00327165
-0.958 -0.0010939 -0.00388776
-0.957 -0.00407773 -0.00410467
-0.956 -0.00692936 -0.003861
-0.955 -0.0088004 -0.00328035
-0.954 -0.0091323 -0.00263048
-0.953 -0.00789153 -0.00220857
-0.952 -0.00559487 -0.00221168
-0.951 -0.00313358 -0.00265988
-0.95 -0.00146848 -0.00339903
-0.949 -0.00127825 -0.00416809
-0.948 -0.00266268 -0.00470365
-0.947 -0.00504192 -0.00485763
-0.946 -0.00735944 -0.00469237
-0.945 -0.00853699 -0.00449718
-0.944 -0.00796262 -0.00468852
-0.943 -0.00577506 -0.00562701
-0.942 -0.00283883 -0.00744679
-0.941 -0.000450263 -0.00998182
-0.94 0.000123985 -0.0128086
-0.939 -0.00183912 -0.0153744
-0.938 -0.00612107 -0.0171692
-0.937 -0.0115025 -0.0179035
-0.936 -0.0161614 -0.0176284
-0.935 -0.0183778 -0.0167249
-0.934 -0.017193 -0.0157301
-0.933 -0.0127337 -0.0150818
-0.932 -0.00614512 -0.0149167
-0.931 0.000770753 -0.0150154
-0.93 0.00612285 -0.0149003
-0.929 0.00861341 -0.0140394
-0.928 0.00809217 -0.0120917
-0.927 0.00562888 -0.00912207
-0.926 0.00295821 -0.00568609
-0.925 0.00159079 -0.00269851
-0.924 0.00212286 -0.001107
-0.923 0.00405944 -0.00152305
-0.922 0.0060613 -0.00398509
-0.921 0.00638798 -0.00793895
-0.92 0.00347514 -0.0124197
-0.919 -0.00336376 -0.0163671
-0.918 -0.0133869 -0.0189874
-0.917 -0.0244884 -0.0200476
-0.916 -0.0340225 -0.0199658
-0.915 -0.0399176 -0.019611
-0.914 -0.041367 -0.0198858
-0.913 -0.0388043 -0.0213008
-0.912 -0.0334721 -0.0237341
-0.911 -0.0269688 -0.0264478
-0.91 -0.020787 -0.0283343
-0.909 -0.0157404 -0.0283115
-0.908 -0.0115328 -0.0257587
-0.907 -0.00695702 -0.0208426
-0.906 -0.000801753 -0.0145658
-0.905 0.00715891 -0.00846269
-0.904 0.0158702 -0.00405336
-0.903 0.02353 -0.00230081
-0.902 0.0283807 -0.00328433
-0.901 0.0292414 -0.00618974
-0.9 0.0258073 -0.00960727
-0.899 0.0188847 -0.012041
-0.898 0.0103575 -0.0124674
-0.897 0.0025332 -0.010742
-0.896 -0.00297663 -0.00767493
-0.895 -0.00607315 -0.0047161
-0.894 -0.00801118 -0.00338252
-0.893 -0.010439 -0.00466647
-0.892 -0.0144352 -0.00864685
-0.891 -0.0200436 -0.0144413
-0.89 -0.0261903 -0.0205242
-0.889 -0.0308445 -0.0252996
-0.888 -0.0316271 -0.0277123
-0.887 -0.0269716 -0.0276592
-0.886 -0.0172999 -0.0260373
-0.885 -0.00530103 -0.0244078
-0.884 0.0050675 -0.0244127
-0.883 0.0102176 -0.0271529
-0.882 0.0082207 -0.0327386
-0.881 -0.000624 -0.0401897
-0.88 -0.0137652 -0.0477569
-0.879 -0.0269346 -0.0535426
-0.878 -0.0355102 -0.0561679
-0.877 -0.0364877 -0.0552283
-0.876 -0.0300188 -0.051388
-0.875 -0.0194151 -0.0461067
-0.874 -0.00956124 -0.0411132
-0.873 -0.0048151 -0.037811
-0.872 -0.00747255 -0.036826
-0.871 -0.0170122 -0.0378806
-0.87 -0.0299675 -0.0400322
-0.869 -0.0406897 -0.0421401
-0.868 -0.0433472 -0.0433455
-0.867 -0.0346176 -0.043395
-0.866 -0.0155714 -0.0427134
-0.865 0.00851226 -0.0422013
-0.864 0.0302153 -0.0428312
-0.863 0.0426085 -0.0452167
-0.862 0.0413539 -0.0493582
-0.861 0.026066 -0.0546601
-0.86 0.00084539 -0.0601334
-0.859 -0.0265568 -0.0646317
-0.858 -0.047283 -0.0670679
-0.857 -0.0548253 -0.0666428
-0.856 -0.0476301 -0.0630564
-0.855 -0.0294845 -0.056573
-0.854 -0.00780868 -0.0478802
-0.853 0.00899115 -0.0378739
-0.852 0.0141793 -0.0275597
-0.851 0.00495641 -0.0180657
-0.85 -0.0162014 -0.0105642
-0.849 -0.0419637 -0.00599867
-0.848 -0.0626669 -0.00479121
-0.847 -0.0700766 -0.00678118
-0.846 -0.0606619 -0.0114201
-0.845 -0.0369579 -0.0180073
-0.844 -0.00675851 -0.0258071
-0.843 0.0192827 -0.0341405
-0.842 0.0309908 -0.04258
-0.841 0.0222053 -0.0511247
-0.84 -0.00663526 -0.0600913
-0.839 -0.0480582 -0.0696896
-0.838 -0.0897252 -0.0795577
-0.837 -0.1185 -0.0885804
-0.836 -0.124865 -0.0950745
-0.835 -0.10611 -0.0971904
-0.834 -0.0673585 -0.093386
-0.833 -0.0201201 -0.0829513
-0.832 0.0214041 -0.0664868
-0.831 0.045246 -0.0460542
-0.83 0.0460248 -0.0247817
-0.829 0.0269821 -0.00604085
-0.828 -0.0011366 0.00746524
-0.827 -0.0239864 0.0143783
-0.826 -0.0289583 0.0149386
-0.825 -0.0101182 0.0107443
-0.824 0.0289481 0.00402828
-0.823 0.0755661 -0.00336557
-0.822 0.111923 -0.0108404
-0.821 0.121366 -0.0192509
-0.82 0.0947207 -0.0303716
-0.819 0.0341801 -0.0459791
-0.818 -0.0467269 -0.0669383
-0.817 -0.127254 -0.0925265
-0.816 -0.186301 -0.120175
-0.815 -0.209642 -0.145861
-0.814 -0.194958 -0.16526
-0.813 -0.152783 -0.175301
-0.812 -0.102781 -0.175324
-0.811 -0.0664538 -0.167171
-0.81 -0.0589259 -0.154295
-0.809 -0.0829134 -0.140491
-0.808 -0.127345 -0.128735
-0.807 -0.171402 -0.120344
-0.806 -0.192515 -0.114583
-0.805 -0.175175 -0.109016
-0.804 -0.117243 -0.100726
-0.803 -0.0315076 -0.0879643
-0.802 0.0581637 -0.0712487
-0.801 0.124954 -0.0532568
-0.8 0.148817 -0.0377192
-0.799 0.124169 -0.0280638
-0.798 0.0622583 -0.0263508
-0.797 -0.0130943 -0.0326625
-0.796 -0.0746655 -0.0450231
-0.795 -0.101987 -0.0599993
-0.794 -0.0885989 -0.0739695
-0.793 -0.0440795 -0.0845718
-0.792 0.00964317 -0.091515
-0.791 0.0465579 -0.0963214
-0.79 0.046698 -0.10131
-0.789 0.00432466 -0.108435
-0.788 -0.0694538 -0.118413
-0.787 -0.15105 -0.130327
-0.786 -0.213764 -0.141828
-0.785 -0.237937 -0.149908
-0.784 -0.217959 -0.15202
-0.783 -0.163945 -0.147032
-0.782 -0.0977556 -0.135561
-0.781 -0.0447355 -0.119597
-0.78 -0.0240698 -0.101726
-0.779 -0.0414134 -0.0842671
-0.778 -0.0870272 -0.068573
-0.777 -0.140378 -0.0547725
-0.776 -0.178958 -0.0421588
-0.775 -0.187262 -0.0300423
-0.774 -0.162428 -0.0185801
-0.773 -0.114751 -0.0090829
-0.772 -0.0631207 -0.00364015
-0.771 -0.0272788 -0.00436266
-0.77 -0.0198644 -0.0126342
-0.769 -0.0414289 -0.0285142
-0.768 -0.0806741 -0.050408
-0.767 -0.119885 -0.0753113
-0.766 -0.142818 -0.0997551
-0.765 -0.141312 -0.12104
-0.764 -0.118014 -0.13805
-0.763 -0.0844349 -0.15116
-0.762 -0.0553826 -0.161373
-0.761 -0.0422042 -0.169302
-0.76 -0.0476561 -0.174571
-0.759 -0.0646079 -0.175698
-0.758 -0.0795278 -0.170471
-0.757 -0.0794179 -0.156878
-0.756 -0.0586834 -0.134377
-0.755 -0.0223909 -0.104894
-0.754 0.0155781 -0.0728615
-0.753 0.0385286 -0.0440995
-0.752 0.0343519 -0.0239822
-0.751 0.00110112 -0.0157857
-0.75 -0.0514806 -0.0198788
-0.749 -0.105267 -0.0339246
-0.748 -0.141222 -0.0539822
-0.747 -0.148329 -0.076184
-0.746 -0.129673 -0.0983064
-0.745 -0.102148 -0.120494
-0.744 -0.0894538 -0.144793
-0.743 -0.111446 -0.17368
-0.742 -0.174702 -0.208247
-0.741 -0.268291 -0.246872
-0.74 -0.36627 -0.284972
-0.739 -0.436187 -0.31601
-0.738 -0.451207 -0.333565
-0.737 -0.401661 -0.333696
-0.736 -0.300816 -0.316496
-0.735 -0.181293 -0.286076
-0.734 -0.0828486 -0.249113
-0.733 -0.036627 -0.212611
-0.732 -0.0527315 -0.181708
-0.731 -0.115964 -0.158197
-0.73 -0.191016 -0.140255
-0.729 -0.235437 -0.12363
-0.728 -0.21642 -0.104062
-0.727 -0.125392 -0.0798493
-0.726 0.0160504 -0.0531314
-0.725 0.162528 -0.0292239
-0.724 0.261646 -0.0145137
-0.723 0.274052 -0.0139563
-0.722 0.188596 -0.0291223
-0.721 0.027309 -0.0573498
-0.72 -0.161223 -0.0922329
-0.719 -0.31843 -0.125509
-0.718 -0.397312 -0.149935
-0.717 -0.380992 -0.161962
-0.716 -0.289978 -0.162869
-0.715 -0.174219 -0.157808
-0.714 -0.0933322 -0.153304
-0.713 -0.0937014 -0.154395
-0.712 -0.191086 -0.16258
-0.711 -0.363867 -0.175279
-0.71 -0.5589 -0.186792
-0.709 -0.709209 -0.190428
-0.708 -0.758586 -0.181176
-0.707 -0.683669 -0.157901
-0.706 -0.503418 -0.124095
-0.705 -0.27155 -0.0867977
-0.704 -0.0561359 -0.0540057
-0.703 0.084288 -0.0317183
-0.702 0.119835 -0.021978
-0.701 0.0588487 -0.0227301
-0.7 -0.0548332 -0.0293051
-0.699 -0.157649 -0.0366832
-0.698 -0.191005 -0.0416087
-0.697 -0.125143 -0.0438746
-0.696 0.0287666 -0.046453
-0.695 0.223398 -0.054388
-0.694 0.393279 -0.0726934
-0.693 0.477582 -0.104054
-0.692 0.440195 -0.147452
-0.691 0.282083 -0.198406
-0.69 0.0422083 -0.250566
-0.689 -0.214768 -0.297716
-0.688 -0.420929 -0.335246
-0.687 -0.528995 -0.360735
-0.686 -0.527489 -0.373785
-0.685 -0.441709 -0.375402
-0.684 -0.322109 -0.367208
-0.683 -0.225661 -0.350758
-0.682 -0.196249 -0.327234
-0.681 -0.249671 -0.297684
-0.68 -0.36827 -0.263615
-0.679 -0.507782 -0.227482
-0.678 -0.614191 -0.192657
-0.677 -0.643724 -0.162808
-0.676 -0.578193 -0.140963
-0.675 -0.43092 -0.12878
-0.674 -0.242353 -0.126555
-0.673 -0.0670355 -0.13398
-0.672 0.0442567 -0.151069
-0.671 0.0611234 -0.178531
-0.67 -0.0173138 -0.217292
-0.669 -0.163715 -0.267435
-0.668 -0.332585 -0.327195
-0.667 -0.474562 -0.392262
-0.666 -0.550609 -0.455418
-0.665 -0.54302 -0.506927
-0.664 -0.460338 -0.536417
-0.663 -0.333644 -0.53616
-0.662 -0.204874 -0.504227
-0.661 -0.112034 -0.445546
-0.66 -0.0775031 -0.370099
-0.659 -0.102819 -0.289342
-0.658 -0.169771 -0.212783
-0.657 -0.246269 -0.145717
-0.656 -0.296101 -0.0881554
-0.655 -0.291112 -0.0352854
-0.654 -0.221963 0.0197583
-0.653 -0.102649 0.0812028
-0.652 0.0333593 0.146338
-0.651 0.143478 0.204475
-0.65 0.188894 0.240181
-0.649 0.146337 0.239001
-0.648 0.0160359 0.192887
-0.647 -0.176525 0.103613
-0.646 -0.386651 -0.0163852
-0.645 -0.563263 -0.146393
-0.644 -0.664372 -0.263272
-0.643 -0.670057 -0.349247
-0.642 -0.588846 -0.398111
-0.641 -0.455156 -0.416616
-0.64 -0.317871 -0.420478
-0.639 -0.223383 -0.427312
-0.638 -0.199313 -0.449492
-0.637 -0.245368 -0.489011
-0.636 -0.334458 -0.535889
-0.635 -0.42242 -0.571407
-0.634 -0.46261 -0.575822
-0.633 -0.421947 -0.537465
-0.632 -0.294236 -0.458661
-0.631 -0.105097 -0.355578
-0.63 0.0955411 -0.252734
-0.629 0.251423 -0.17499
-0.628 0.320292 -0.139522
-0.627 0.287547 -0.149696
-0.626 0.169348 -0.193218
-0.625 0.00692363 -0.246627
-0.624 -0.145406 -0.28521
-0.623 -0.237039 -0.293643
-0.622 -0.238989 -0.271833
-0.621 -0.155417 -0.233718
-0.62 -0.0223523 -0.201095
-0.619 0.106179 -0.195749
-0.618 0.17749 -0.231779
-0.617 0.156553 -0.309593
-0.616 0.0351644 -0.41422
-0.615 -0.166227 -0.520183
-0.614 -0.40421 -0.601726
-0.613 -0.62574 -0.64319
-0.612 -0.785508 -0.643931
-0.611 -0.860147 -0.61632
-0.61 -0.853426 -0.579665
-0.609 -0.791612 -0.553213
-0.608 -0.712457 -0.549447
-0.607 -0.65215 -0.568806
-0.606 -0.633398 -0.59846
-0.605 -0.657672 -0.617277
-0.604 -0.704855 -0.605529
-0.603 -0.740816 -0.554062
-0.602 -0.729022 -0.46786
-0.601 -0.641396 -0.363379
-0.6 -0.466519 -0.262697
-0.599 -0.214904 -0.187002
-0.598 0.0802221 -0.150207
-0.597 0.369059 -0.154147
-0.596 0.597976 -0.188024
-0.595 0.723925 -0.233573
-0.594 0.724505 -0.273699
-0.593 0.60204 -0.299433
-0.592 0.383867 -0.311556
-0.591 0.118896 -0.317761
-0.59 -0.132788 -0.328344
-0.589 -0.317636 -0.351701
-0.588 -0.406903 -0.389808
-0.587 -0.405839 -0.435386
-0.586 -0.349634 -0.473571
-0.585 -0.28984 -0.488562
-0.584 -0.277444 -0.471634
-0.583 -0.345455 -0.425196
-0.582 -0.493127 -0.360908
-0.581 -0.678469 -0.294727
-0.58 -0.827407 -0.242227
-0.579 -0.860227 -0.214649
-0.578 -0.724374 -0.215335
-0.577 -0.418468 -0.238444
-0.576 0.00163675 -0.272457
-0.575 0.43522 -0.307792
-0.574 0.763856 -0.343398
-0.573 0.888207 -0.387114
-0.572 0.764683 -0.449856
-0.571 0.426599 -0.53874
-0.57 -0.0228663 -0.653138
-0.569 -0.445364 -0.783397
-0.568 -0.71527 -0.911017
-0.567 -0.762235 -1.01153
-0.566 -0.594942 -1.06174
-0.565 -0.299174 -1.04942
-0.564 -0.0085679 -0.979346
-0.563 0.145623 -0.870869
-0.562 0.0881535 -0.748826
-0.561 -0.166946 -0.634112
-0.56 -0.519345 -0.538309
-0.559 -0.819511 -0.46194
-0.558 -0.923527 -0.395158
-0.557 -0.746532 -0.321939
-0.556 -0.298913 -0.228815
-0.555 0.307862 -0.114988
-0.554 0.893088 0.00291783
-0.553 1.2695 0.0957382
-0.552 1.31265 0.133361
-0.551 1.00669 0.0959894
-0.55 0.448073 -0.0192799
-0.549 -0.189804 -0.196475
-0.548 -0.714915 -0.402871
-0.547 -0.979957 -0.596629
-0.546 -0.933321 -0.74014
-0.545 -0.638985 -0.814166
-0.544 -0.252415 -0.824734
-0.543 0.0420082 -0.798596
-0.542 0.105325 -0.770684
-0.541 -0.103315 -0.770643
-0.54 -0.515191 -0.812832
-0.539 -0.979749 -0.890761
-0.538 -1.31763 -0.977257
-0.537 -1.3837 -1.03288
-0.536 -1.12239 -1.02203
-0.535 -0.594153 -0.929844
-0.534 0.0428416 -0.770663
-0.533 0.591213 -0.58349
-0.532 0.887476 -0.418079
-0.531 0.857629 -0.318498
-0.53 0.536447 -0.309031
-0.529 0.0506712 -0.384881
-0.528 -0.424276 -0.510957
-0.527 -0.722472 -0.632146
-0.526 -0.744237 -0.693615
-0.525 -0.489984 -0.662618
-0.524 -0.0554064 -0.541258
-0.523 0.409986 -0.365041
-0.522 0.76074 -0.189736
-0.521 0.904327 -0.0727026
-0.52 0.825614 -0.0539507
-0.519 0.584814 -0.141397
-0.518 0.292618 -0.305953
-0.517 0.0690343 -0.491022
-0.516 -0.00115735 -0.634381
-0.515 0.101232 -0.692843
-0.514 0.325972 -0.658432
-0.513 0.57551 -0.560233
-0.512 0.740835 -0.453134
-0.511 0.736289 -0.398302
-0.51 0.524122 -0.440732
-0.509 0.125005 -0.590281
-0.508 -0.3878 -0.814169
-0.507 -0.909867 -1.04633
-0.506 -1.33518 -1.21102
-0.505 -1.58278 -1.25051
-0.504 -1.613 -1.14521
-0.503 -1.43185 -0.919867
-0.502 -1.08626 -0.635284
-0.501 -0.652134 -0.368711
-0.5 -0.216129 -0.187903
-0.499 0.146055 -0.127098
-0.498 0.388121 -0.175042
-0.497 0.502526 -0.281351
-0.496 0.519403 -0.378568
-0.495 0.496441 -0.409653
-0.494 0.501107 -0.349523
-0.493 0.587511 -0.213696
-0.492 0.773353 -0.052528
-0.491 1.0259 0.0669342
-0.49 1.26545 0.086448
-0.489 1.3882 -0.0195447
-0.488 1.30164 -0.232067
-0.487 0.960294 -0.493749
-0.486 0.389842 -0.730348
-0.485 -0.309813 -0.877972
-0.484 -0.986073 -0.904807
-0.483 -1.47581 -0.820144
-0.482 -1.65653 -0.669048
-0.481 -1.48986 -0.515206
-0.48 -1.03997 -0.417473
-0.479 -0.457008 -0.408475
-0.478 0.071618 -0.483967
-0.477 0.385056 -0.607602
-0.476 0.404414 -0.728727
-0.475 0.159189 -0.804607
-0.474 -0.224339 -0.816933
-0.473 -0.568187 -0.776508
-0.472 -0.706843 -0.716065
-0.471 -0.550615 -0.675277
-0.47 -0.125513 -0.683903
-0.469 0.429041 -0.74932
-0.468 0.908217 -0.853358
-0.467 1.11808 -0.960121
-0.466 0.949157 -1.03174
-0.465 0.418659 -1.04456
-0.464 -0.331739 -0.997655
-0.463 -1.07863 -0.910123
-0.462 -1.58676 -0.809879
-0.461 -1.68727 -0.720263
-0.46 -1.33912 -0.6504
-0.459 -0.647377 -0.592958
-0.458 0.17314 -0.52995
-0.457 0.874727 -0.444579
-0.456 1.26168 -0.334145
-0.455 1.25123 -0.216751
-0.454 0.894035 -0.126517
-0.453 0.353304 -0.0986154
-0.452 -0.151053 -0.151643
-0.451 -0.419831 -0.276113
-0.45 -0.348483 -0.434413
-0.449 0.0335538 -0.572524
-0.448 0.57604 -0.639654
-0.447 1.06557 -0.609327
-0.446 1.30094 -0.493435
-0.445 1.15901 -0.34108
-0.444 0.634639 -0.219948
-0.443 -0.153411 -0.187452
-0.442 -0.995375 -0.264936
-0.441 -1.65757 -0.426456
-0.44 -1.96139 -0.606488
-0.439 -1.84139 -0.723601
-0.438 -1.36069 -0.712368
-0.437 -0.68465 -0.553007
-0.436 -0.0283363 -0.286481
-0.435 0.406612 -0.0053055
-0.434 0.492916 0.179737
-0.433 0.220115 0.183629
-0.432 -0.300386 -0.0176746
-0.431 -0.874818 -0.37536
-0.43 -1.29499 -0.782628
-0.429 -1.40516 -1.11038
-0.428 -1.1463 -1.25259
-0.427 -0.57184 -1.16683
-0.426 0.164656 -0.89398
-0.425 0.851473 -0.545114
-0.424 1.28571 -0.25813
-0.423 1.34409 -0.142415
-0.422 1.0267 -0.236062
-0.421 0.45471 -0.492072
-0.42 -0.171569 -0.796231
-0.419 -0.634276 -1.00908
-0.418 -0.762817 -1.01876
-0.417 -0.490976 -0.787452
-0.416 0.109819 -0.372027
-0.415 0.841607 0.0930038
-0.414 1.44167 0.445615
-0.413 1.67316 0.557567
-0.412 1.40585 0.380839
-0.411 0.658114 -0.0369896
-0.41 -0.406473 -0.570643
-0.409 -1.5221 -1.06094
-0.408 -2.39633 -1.37099
-0.407 -2.80436 -1.43599
-0.406 -2.67065 -1.28625
-0.405 -2.09956 -1.03187
-0.404 -1.33669 -0.815402
-0.403 -0.678711 -0.754364
-0.402 -0.371148 -0.897751
-0.401 -0.528512 -1.21027
-0.4 -1.09477 -1.58619
-0.399 -1.85388 -1.88718
-0.398 -2.49513 -1.99265
-0.397 -2.72123 -1.8451
-0.396 -2.36106 -1.47167
-0.395 -1.43813 -0.971623
-0.394 -0.165383 -0.476727
-0.393 1.12568 -0.103519
-0.392 2.08958 0.0828575
-0.391 2.4721 0.0836003
-0.39 2.19056 -0.0408903
-0.389 1.36549 -0.196684
-0.388 0.285708 -0.292922
-0.387 -0.689835 -0.276339
-0.386 -1.25858 -0.14908
-0.385 -1.278 0.0377358
-0.384 -0.807514 0.2094
-0.383 -0.0809445 0.297545
-0.382 0.573862 0.261814
-0.381 0.843197 0.098984
-0.38 0.534997 -0.15906
-0.379 -0.347739 -0.456575
-0.378 -1.59778 -0.731861
-0.377 -2.86801 -0.935885
-0.376 -3.78706 -1.04371
-0.375 -4.08168 -1.05441
-0.374 -3.66271 -0.982874
-0.373 -2.65091 -0.851466
-0.372 -1.33974 -0.686428
-0.371 -0.105247 -0.51669
-0.37 0.712914 -0.370828
-0.369 0.921921 -0.271603
-0.368 0.537952 -0.230807
-0.367 -0.223889 -0.246436
-0.366 -1.02755 -0.302162
-0.365 -1.53201 -0.369143
-0.364 -1.50568 -0.412312
-0.363 -0.9055 -0.403214
-0.362 0.102575 -0.335913
-0.361 1.19151 -0.23669
-0.36 1.97873 -0.15958
-0.359 2.15556 -0.167957
-0.358 1.59482 -0.309646
-0.357 0.398282 -0.595105
-0.356 -1.13124 -0.9862
-0.355 -2.58151 -1.40009
-0.354 -3.55679 -1.72993
-0.353 -3.80212 -1.87923
-0.352 -3.2881 -1.79847
-0.351 -2.22419 -1.50714
-0.35 -0.989916 -1.08975
-0.349 -0.00568489 -0.66669
-0.348 0.409705 -0.352492
-0.347 0.143115 -0.216984
-0.346 -0.680257 -0.26196
-0.345 -1.74112 -0.42093
-0.344 -2.63204 -0.584013
-0.343 -2.99669 -0.64213
-0.342 -2.66045 -0.534291
-0.341 -1.70318 -0.276582
-0.34 -0.439343 0.0408375
-0.339 0.690331 0.286488
-0.338 1.2722 0.335392
-0.337 1.05875 0.114173
-0.336 0.0491494 -0.370726
-0.335 -1.5066 -1.03032
-0.334 -3.1793 -1.71865
-0.333 -4.49333 -2.28051
-0.332 -5.08428 -2.60411
-0.331 -4.82326 -2.65608
-0.33 -3.85482 -2.4852
-0.329 -2.53417 -2.19659
-0.328 -1.29665 -1.90988
-0.327 -0.514091 -1.7172
-0.326 -0.382312 -1.65326
-0.325 -0.864431 -1.68606
-0.324 -1.70391 -1.7316
-0.323 -2.5116 -1.68871
-0.322 -2.90573 -1.4798
-0.321 -2.65199 -1.08002
-0.32 -1.74494 -0.524795
-0.319 -0.402959 0.103082
-0.318 1.00859 0.698803
-0.317 2.0905 1.16454
-0.316 2.52734 1.43455
-0.315 2.1841 1.48987
-0.314 1.15423 1.35848
-0.313 -0.265786 1.10149
-0.312 -1.67393 0.792489
-0.311 -2.69413 0.498087
-0.31 -3.08902 0.263739
-0.309 -2.82071 0.105026
-0.308 -2.05341 0.00505631
-0.307 -1.10372 -0.0801818
-0.306 -0.346323 -0.208582
-0.305 -0.0941044 -0.434057
-0.304 -0.491584 -0.788902
-0.303 -1.46511 -1.27006
-0.302 -2.74834 -1.83166
-0.301 -3.96605 -2.38744
-0.3 -4.74408 -2.82764
-0.299 -4.81963 -3.04978
-0.298 -4.1288 -2.99328
-0.297 -2.84178 -2.66369
-0.296 -1.32046 -2.1362
-0.295 -0.00369892 -1.53697
-0.294 0.736766 -1.00724
-0.293 0.714872 -0.658863
-0.292 -0.0114654 -0.533837
-0.291 -1.15144 -0.584289
-0.29 -2.26156 -0.686996
-0.289 -2.88645 -0.692116
-0.288 -2.72446 -0.487107
-0.287 -1.753 -0.0486323
-0.286 -0.253737 0.538042
-0.285 1.27559 1.09884
-0.284 2.28333 1.42447
-0.283 2.34165 1.34341
-0.282 1.2917 0.791287
-0.281 -0.68203 -0.151759
-0.28 -3.08393 -1.27717
-0.279 -5.25853 -2.31601
-0.278 -6.61694 -3.03195
-0.277 -6.84597 -3.30162
-0.276 -6.01121 -3.15295
-0.275 -4.5213 -2.74962
-0.274 -2.9797 -2.32725
-0.273 -1.97757 -2.10175
-0.272 -1.88477 -2.18169
-0.271 -2.70353 -2.52096
-0.27 -4.04981 -2.93473
-0.269 -5.28951 -3.17436
-0.268 -5.7829 -3.02977
-0.267 -5.13296 -2.41746
-0.266 -3.33701 -1.42099
-0.265 -0.794669 -0.269826
-0.264 1.81734 0.736131
-0.263 3.76141 1.33044
-0.262 4.48469 1.37462
-0.261 3.81318 0.90607
-0.26 2.01406 0.11958
-0.259 -0.306828 -0.708975
-0.258 -2.42867 -1.32484
-0.257 -3.76536 -1.58254
-0.256 -4.04917 -1.48839
-0.255 -3.3963 -1.18377
-0.254 -2.24315 -0.877417
-0.253 -1.17436 -0.754044
-0.252 -0.697447 -0.896314
-0.251 -1.0493 -1.25204
-0.25 -2.11513 -1.65866
-0.249 -3.48781 -1.912
-0.248 -4.62916 -1.84935
-0.247 -5.06291 -1.41419
-0.246 -4.53646 -0.67897
-0.245 -3.10789 0.181269
-0.244 -1.12972 0.953318
-0.243 0.87292 1.46178
-0.242 2.38614 1.62546
-0.241 3.07313 1.47191
-0.24 2.85411 1.10761
-0.239 1.88849 0.661605
-0.238 0.494476 0.22957
-0.237 -0.955205 -0.158203
-0.236 -2.14044 -0.534427
-0.235 -2.88244 -0.962516
-0.234 -3.17964 -1.49076
-0.233 -3.17016 -2.11483
-0.232 -3.04523 -2.76701
-0.231 -2.97115 -3.33889
-0.23 -3.05702 -3.72725
-0.229 -3.35485 -3.88067
-0.228 -3.85735 -3.82251
-0.227 -4.48665 -3.63752
-0.226 -5.09857 -3.42819
-0.225 -5.51722 -3.26265
-0.224 -5.58189 -3.13946
-0.223 -5.182 -2.98634
-0.222 -4.28131 -2.69471
-0.221 -2.9486 -2.17684
-0.22 -1.38791 -1.42242
-0.219 0.0722427 -0.527949
-0.218 1.06212 0.320091
-0.217 1.30402 0.909021
-0.216 0.72975 1.08648
-0.215 -0.473038 0.830234
-0.214 -1.90055 0.267052
-0.213 -3.04466 -0.37013
-0.212 -3.45343 -0.830384
-0.211 -2.90286 -0.943779
-0.21 -1.51636 -0.693788
-0.209 0.236872 -0.234032
-0.208 1.68899 0.163147
-0.207 2.21606 0.213628
-0.206 1.47864 -0.256063
-0.205 -0.430923 -1.22376
-0.204 -2.98803 -2.46388
-0.203 -5.39171 -3.62309
-0.202 -6.83863 -4.34961
-0.201 -6.82529 -4.42492
-0.2 -5.35782 -3.84852
-0.199 -2.97265 -2.84363
-0.198 -0.551582 -1.77824
-0.197 0.996563 -1.0266
-0.196 1.07071 -0.822726
-0.195 -0.384817 -1.16518
-0.194 -2.8262 -1.8141
-0.193 -5.27822 -2.38422
-0.192 -6.68558 -2.49775
-0.191 -6.32044 -1.93684
-0.19 -4.07726 -0.737011
-0.189 -0.530661 0.813943
-0.188 3.25883 2.27214
-0.187 6.107 3.19466
-0.186 7.10982 3.29905
-0.185 5.96249 2.56546
-0.184 3.08272 1.24225
-0.183 -0.527167 -0.248115
-0.182 -3.65017 -1.46727
-0.181 -5.31601 -2.12196
-0.18 -5.15957 -2.1654
-0.179 -3.53289 -1.80114
-0.178 -1.34675 -1.39037
-0.177 0.278394 -1.30145
-0.176 0.427646 -1.76049
-0.175 -1.25895 -2.75834
-0.174 -4.42503 -4.04721
-0.173 -8.10169 -5.22831
-0.172 -11.0554 -5.89837
-0.171 -12.2454 -5.79908
-0.17 -11.2004 -4.91149
-0.169 -8.17175 -3.45962
-0.168 -4.02621 -1.82575
-0.167 0.0601136 -0.414792
-0.166 2.99661 0.478951
-0.165 4.13368 0.756579
-0.164 3.45895 0.525441
-0.163 1.56125 0.0370789
-0.162 -0.623138 -0.42141
-0.161 -2.176 -0.639808
-0.16 -2.52707 -0.557865
-0.159 -1.63149 -0.273314
-0.158 0.0505386 0.0125655
-0.157 1.74855 0.0843464
-0.156 2.67598 -0.200508
-0.155 2.31821 -0.858356
-0.154 0.61145 -1.77539
-0.153 -2.04582 -2.74898
-0.152 -4.93913 -3.55441
-0.151 -7.27482 -4.01156
-0.15 -8.42308 -4.03013
-0.149 -8.09743 -3.6229
-0.148 -6.42319 -2.88809
-0.147 -3.87548 -1.97128
-0.146 -1.11102 -1.02247
-0.145 1.23747 -0.164002
-0.144 2.7265 0.522542
-0.143 3.18331 0.994248
-0.142 2.70846 1.24123
-0.141 1.62325 1.28394
-0.14 0.373745 1.16992
-0.139 -0.602328 0.96295
-0.138 -1.01337 0.723858
-0.137 -0.801164 0.490846
-0.136 -0.142877 0.267384
-0.135 0.617354 0.0193994
-0.134 1.06685 -0.319119
-0.133 0.829546 -0.82804
-0.132 -0.321177 -1.56638
-0.131 -2.3551 -2.52979
-0.13 -4.93528 -3.62348
-0.129 -7.48115 -4.67212
-0.128 -9.34159 -5.46832
-0.127 -10.0076 -5.83959
-0.126 -9.2793 -5.70667
-0.125 -7.34043 -5.11516
-0.124 -4.72869 -4.23171
-0.123 -2.2039 -3.30082
-0.122 -0.524721 -2.56766
-0.121 -0.187046 -2.19131
-0.12 -1.22591 -2.1848
-0.119 -3.18022 -2.41123
-0.118 -5.2491 -2.63949
-0.117 -6.57808 -2.6359
-0.116 -6.56414 -2.25612
-0.115 -5.07333 -1.50443
-0.114 -2.49995 -0.538729
-0.113 0.357883 0.383944
-0.112 2.57324 1.0028
-0.111 3.42243 1.15147
-0.11 2.65164 0.819635
-0.109 0.57681 0.156232
-0.108 -2.02296 -0.584896
-0.107 -4.18333 -1.13699
-0.106 -5.10669 -1.31847
-0.105 -4.45713 -1.09983
-0.104 -2.47946 -0.608548
-0.103 0.106289 -0.0683188
-0.102 2.37996 0.296018
-0.101 3.54399 0.340915
-0.1 3.1793 0.0437991
-0.099 1.36956 -0.502365
-0.098 -1.32957 -1.12757
-0.097 -4.07286 -1.6441
-0.096 -6.01559 -1.91217
-0.095 -6.60788 -1.88676
-0.094 -5.76239 -1.6195
-0.093 -3.82524 -1.21488
-0.092 -1.39761 -0.773067
-0.091 0.877954 -0.358032
-0.09 2.48491 -0.00145099
-0.089 3.13987 0.277113
-0.088 2.84777 0.457565
-0.087 1.88858 0.51976
-0.086 0.712234 0.449352
-0.085 -0.230557 0.245808
-0.084 -0.636381 -0.064267
-0.083 -0.407794 -0.414701
-0.082 0.364973 -0.707298
-0.081 1.4387 -0.851595
-0.08 2.44028 -0.822706
-0.079 2.91011 -0.701521
-0.078 2.40723 -0.665404
-0.077 0.665013 -0.92462
-0.076 -2.272 -1.62913
-0.075 -5.99933 -2.7845
-0.074 -9.81514 -4.21367
-0.073 -12.8775 -5.58753
-0.072 -14.4233 -6.52215
-0.071 -14.0054 -6.71358
-0.07 -11.6851 -6.06355
-0.069 -8.09893 -4.74633
-0.068 -4.33215 -3.18011
-0.067 -1.59053 -1.8957
-0.066 -0.762324 -1.33886
-0.065 -2.041 -1.68273
-0.064 -4.78783 -2.73788
-0.063 -7.72233 -4.00988
-0.062 -9.37874 -4.88402
-0.061 -8.65443 -4.86224
-0.06 -5.25848 -3.76512
-0.059 0.0895511 -1.82905
-0.058 5.80432 0.343713
-0.057 9.93165 1.98543
-0.056 10.8711 2.45833
-0.055 8.05375 1.53013
-0.054 2.2615 -0.499319
-0.053 -4.5899 -2.88708
-0.052 -10.1256 -4.71584
-0.051 -12.3688 -5.23193
-0.05 -10.4638 -4.12773
-0.049 -5.01967 -1.67051
-0.048 2.0558 1.37508
-0.047 8.21446 4.0194
-0.046 11.2145 5.4241
-0.045 9.99716 5.23161
-0.044 5.12611 3.70646
-0.043 -1.40454 1.63058
-0.042 -6.91829 -0.00183716
-0.041 -9.07212 -0.372492
-0.04 -6.76308 0.831986
-0.039 -0.582987 3.27743
-0.038 7.37341 6.09444
-0.037 14.2919 8.21249
-0.036 17.6994 8.7775
-0.035 16.3729 7.4756
-0.034 10.7645 4.64214
-0.033 2.82641 1.13438
-0.032 -4.69003 -1.97743
-0.031 -9.24072 -3.80104
-0.03 -9.45771 -3.96184
-0.029 -5.68264 -2.74814
-0.028 0.205883 -0.978417
-0.027 5.6061 0.35895
-0.026 8.24417 0.517427
-0.025 6.98836 -0.732059
-0.024 2.17002 -3.04779
-0.023 -4.59487 -5.66414
-0.022 -10.9857 -7.67367
-0.021 -14.8207 -8.36762
-0.02 -14.9103 -7.52556
-0.019 -11.5416 -5.51891
-0.018 -6.30251 -3.14936
-0.017 -1.32007 -1.29069
-0.016 1.64787 -0.525516
-0.015 1.81703 -0.950568
-0.014 -0.485723 -2.19618
-0.013 -4.05952 -3.60326
-0.012 -7.30641 -4.48096
-0.011 -8.84032 -4.37616
-0.01 -8.05232 -3.26669
-0.009 -5.35659 -1.57596
-0.008 -1.93346 0.0276524
-0.007 0.896898 0.950684
-0.006 2.28449 0.936362
-0.005 2.12886 0.144848
-0.004 0.984501 -0.949658
-0.003 -0.270423 -1.77077
-0.002 -0.848721 -1.8792
-0.001 -0.41889 -1.16345
0 0.735398 0.0994697
0.001 1.88643 1.36708
0.002 2.30628 2.09571
0.003 1.71098 2.00585
0.004 0.43288 1.20511
0.005 -0.738443 0.12836
0.006 -0.921354 -0.651773
0.007 0.442316 -0.663003
0.008 3.25502 0.255538
0.009 6.66755 1.85061
0.01 9.35737 3.53431
0.011 10.1392 4.64387
0.012 8.5941 4.75854
0.013 5.32919 3.89831
0.014 1.73343 2.50949
0.015 -0.588885 1.27411
0.016 -0.42933 0.843831
0.017 2.54518 1.58521
0.018 7.55242 3.40476
0.019 12.8303 5.72965
0.02 16.2411 7.70003
0.021 16.1838 8.52682
0.022 12.3611 7.84363
0.023 5.95958 5.86524
0.024 -0.83358 3.28599
0.025 -5.68649 0.995906
0.026 -6.96959 -0.253251
0.027 -4.34008 -0.124847
0.028 1.07473 1.15872
0.029 6.99506 2.86873
0.03 10.8041 4.04004
0.031 10.605 3.87294
0.032 6.0432 2.08425
0.033 -1.51566 -0.962961
0.034 -9.51856 -4.39991
0.035 -15.1968 -7.18233
0.036 -16.5776 -8.47171
0.037 -13.1916 -7.93692
0.038 -6.25562 -5.87882
0.039 1.74864 -3.1246
0.04 7.98637 -0.714062
0.041 10.3388 0.504595
0.042 8.19671 0.198853
0.043 2.65864 -1.33707
0.044 -3.9226 -3.31731
0.045 -8.85011 -4.78106
0.046 -10.1056 -4.96849
0.047 -7.10651 -3.61745
0.048 -0.906475 -1.06641
0.049 6.24091 1.88055
0.05 11.7633 4.26965
0.051 13.7265 5.35887
0.052 11.5033 4.88127
0.053 5.94642 3.12339
0.054 -0.954588 0.805724
0.055 -6.80141 -1.18646
0.056 -9.65332 -2.12874
0.057 -8.71237 -1.71853
0.058 -4.54719 -0.164111
0.059 1.22597 1.93314
0.06 6.62795 3.83929
0.061 10.0496 4.96887
0.062 10.7579 5.07839
0.063 9.04572 4.31963
0.064 6.03232 3.15332
0.065 3.20784 2.16064
0.066 1.8751 1.81801
0.067 2.68415 2.3188
0.068 5.43825 3.51458
0.069 9.23437 4.99523
0.07 12.8476 6.26117
0.071 15.1768 6.90766
0.072 15.5779 6.7515
0.073 13.9933 5.86545
0.074 10.8834 4.52314
0.075 7.02911 3.08576
0.076 3.2868 1.87604
0.077 0.36316 1.0842
0.078 -1.34319 0.733437
0.079 -1.80075 0.706797
0.08 -1.29122 0.816718
0.081 -0.268201 0.88826
0.082 0.801292 0.82274
0.083 1.54426 0.616088
0.084 1.72543 0.331008
0.085 1.2679 0.0493693
0.086 0.282769 -0.162398
0.087 -0.917791 -0.261766
0.088 -1.88211 -0.224802
0.089 -2.16661 -0.0444999
0.09 -1.50232 0.266308
0.091 0.103802 0.676995
0.092 2.35946 1.14508
0.093 4.74585 1.61459
0.094 6.62658 2.00669
0.095 7.41387 2.2219
0.096 6.77781 2.17211
0.097 4.81854 1.83167
0.098 2.08981 1.27085
0.099 -0.571092 0.642772
0.1 -2.33534 0.130353
0.101 -2.66651 -0.116689
0.102 -1.4956 -0.0312437
0.103 0.75375 0.344391
0.104 3.29118 0.861143
0.105 5.21305 1.3048
0.106 5.8196 1.47429
0.107 4.88246 1.26778
0.108 2.74291 0.732193
0.109 0.189425 0.049078
0.11 -1.83399 -0.533859
0.111 -2.57085 -0.793081
0.112 -1.72019 -0.607951
0.113 0.46286 -0.00336699
0.114 3.26684 0.858526
0.115 5.7857 1.73809
0.116 7.24339 2.40914
0.117 7.26066 2.74353
0.118 5.97289 2.75372
0.119 3.969 2.57966
0.12 2.07859 2.4305
0.121 1.07695 2.50372
0.122 1.4091 2.9084
0.123 3.03932 3.62042
0.124 5.48607 4.48926
0.125 8.01469 5.29408
0.126 9.89081 5.82228
0.127 10.5948 5.93526
0.128 9.94678 5.59965
0.129 8.13337 4.88406
0.13 5.63851 3.93079
0.131 3.08562 2.9104
0.132 1.03566 1.97011
0.133 -0.178542 1.19506
0.134 -0.513118 0.600477
0.135 -0.167216 0.154886
0.136 0.515223 -0.185884
0.137 1.14606 -0.456484
0.138 1.38756 -0.676831
0.139 1.04702 -0.852775
0.14 0.150617 -0.974029
0.141 -1.04662 -1.01313
0.142 -2.13443 -0.931769
0.143 -2.67469 -0.692152
0.144 -2.33013 -0.266064
0.145 -0.964485 0.359242
0.146 1.29238 1.17081
0.147 4.02945 2.11224
0.148 6.62157 3.07022
0.149 8.39078 3.88382
0.15 8.821 4.38268
0.151 7.74297 4.44095
0.152 5.41287 4.02465
0.153 2.45486 3.21436
0.154 -0.315435 2.19414
0.155 -2.14097 1.20549
0.156 -2.57648 0.474903
0.157 -1.65485 0.13711
0.158 0.110027 0.185627
0.159 1.90208 0.475512
0.16 2.90477 0.781489
0.161 2.61464 0.890395
0.162 1.05181 0.693245
0.163 -1.21182 0.241416
0.164 -3.23115 -0.258394
0.165 -4.02769 -0.515172
0.166 -2.97204 -0.268156
0.167 -0.0550912 0.599442
0.168 4.06696 1.99521
0.169 8.27369 3.62911
0.17 11.3515 5.09944
0.171 12.4054 6.02377
0.172 11.1755 6.1707
0.173 8.14631 5.54499
0.174 4.38846 4.38975
0.175 1.16971 3.09834
0.176 -0.516891 2.06719
0.177 -0.312122 1.54884
0.178 1.40446 1.56425
0.179 3.68538 1.90601
0.18 5.37937 2.22677
0.181 5.55836 2.17902
0.182 3.87157 1.55745
0.183 0.702389 0.392076
0.184 -2.95122 -1.04716
0.185 -5.84779 -2.34244
0.186 -6.9765 -3.08301
0.187 -5.93241 -3.01995
0.188 -3.04826 -2.15829
0.189 0.742445 -0.753593
0.19 4.23762 0.780192
0.191 6.37723 2.01595
0.192 6.60596 2.66112
0.193 5.06276 2.65619
0.194 2.51184 2.18643
0.195 0.0319375 1.59997
0.196 -1.40393 1.26399
0.197 -1.27959 1.41796
0.198 0.310272 2.08298
0.199 2.73315 3.05942
0.2 5.06911 4.00786
0.201 6.4486 4.57957
0.202 6.36672 4.54722
0.203 4.8585 3.88813
0.204 2.46223 2.78949
0.205 -0.00841422 1.57465
0.206 -1.77587 0.580854
0.207 -2.36446 0.0374
0.208 -1.73453 -0.00850361
0.209 -0.259664 0.307152
0.21 1.43232 0.733036
0.211 2.69969 1.00964
0.212 3.12047 0.972198
0.213 2.62335 0.60938
0.214 1.46792 0.0581139
0.215 0.107367 -0.457934
0.216 -0.985699 -0.717935
0.217 -1.46373 -0.585712
0.218 -1.19088 -0.0545614
0.219 -0.262254 0.75842
0.22 1.05111 1.6635
0.221 2.41788 2.47298
0.222 3.56807 3.06688
0.223 4.35556 3.42194
0.224 4.74458 3.59588
0.225 4.76479 3.68147
0.226 4.48491 3.75594
0.227 4.00877 3.84713
0.228 3.46332 3.92608
0.229 2.96688 3.92451
0.23 2.60077 3.76933
0.231 2.40446 3.42065
0.232 2.37712 2.89459
0.233 2.45962 2.25791
0.234 2.51147 1.59733
0.235 2.33154 0.982685
0.236 1.74323 0.444743
0.237 0.699581 -0.0226422
0.238 -0.661902 -0.442011
0.239 -2.04539 -0.826167
0.24 -3.08019 -1.15749
0.241 -3.42586 -1.38133
0.242 -2.88232 -1.42037
0.243 -1.48656 -1.20913
0.244 0.450741 -0.734226
0.245 2.41647 -0.0583196
0.246 3.86649 0.688139
0.247 4.42197 1.34586
0.248 4.001 1.77931
0.249 2.84037 1.92213
0.25 1.41321 1.79979
0.251 0.270319 1.52042
0.252 -0.156378 1.23324
0.253 0.273518 1.0674
0.254 1.33801 1.07683
0.255 2.52992 1.21725
0.256 3.25445 1.36644
0.257 3.06024 1.37791
0.258 1.8145 1.14502
0.259 -0.23094 0.652301
0.26 -2.50146 -0.00397406
0.261 -4.28048 -0.636828
0.262 -4.96048 -1.02949
0.263 -4.27074 -1.01572
0.264 -2.38127 -0.545522
0.265 0.161517 0.29327
0.266 2.63029 1.30479
0.267 4.35968 2.25103
0.268 4.95774 2.92821
0.269 4.42892 3.23016
0.27 3.16718 3.17939
0.271 1.80603 2.91267
0.272 0.970968 2.62199
0.273 1.03753 2.47332
0.274 2.00036 2.53919
0.275 3.49643 2.77405
0.276 4.95021 3.03788
0.277 5.77589 3.15265
0.278 5.57713 2.96951
0.279 4.29092 2.42645
0.28 2.22175 1.5787
0.281 -0.0608479 0.587979
0.282 -1.92754 -0.329528
0.283 -2.90756 -0.976754
0.284 -2.83058 -1.2393
0.285 -1.85388 -1.11466
0.286 -0.389736 -0.702155
0.287 1.03348 -0.163337
0.288 1.94155 0.332426
0.289 2.06944 0.662346
0.29 1.44343 0.787681
0.291 0.354557 0.75949
0.292 -0.76127 0.689844
0.293 -1.4789 0.702233
0.294 -1.51687 0.88337
0.295 -0.815764 1.25315
0.296 0.448487 1.7583
0.297 1.92028 2.28836
0.298 3.17933 2.7096
0.299 3.87812 2.90769
0.3 3.849 2.82422
0.301 3.14447 2.47279
0.302 2.00843 1.93019
0.303 0.797937 1.30983
0.304 -0.122616 0.728659
0.305 -0.493045 0.276364
0.306 -0.242431 -0.00712765
0.307 0.487658 -0.139449
0.308 1.39439 -0.184746
0.309 2.11605 -0.227051
0.31 2.34512 -0.339001
0.311 1.92072 -0.557334
0.312 0.882703 -0.870935
0.313 -0.527587 -1.22216
0.314 -1.93149 -1.52101
0.315 -2.93194 -1.6708
0.316 -3.24504 -1.59903
0.317 -2.79051 -1.28248
0.318 -1.71054 -0.756258
0.319 -0.321356 -0.104434
0.32 0.981362 0.5629
0.321 1.84099 1.13884
0.322 2.05533 1.54852
0.323 1.64936 1.76994
0.324 0.869192 1.83857
0.325 0.0915375 1.83158
0.326 -0.314846 1.83682
0.327 -0.11947 1.91878
0.328 0.691863 2.09447
0.329 1.90917 2.32651
0.33 3.15986 2.53454
0.331 4.02652 2.62185
0.332 4.18942 2.51036
0.333 3.54392 2.17216
0.334 2.24412 1.64455
0.335 0.653283 1.02176
0.336 -0.777905 0.426602
0.337 -1.65782 -0.0266699
0.338 -1.77564 -0.265352
0.339 -1.16296 -0.277442
0.34 -0.0783183 -0.111931
0.341 1.08225 0.14034
0.342 1.92108 0.379602
0.343 2.174 0.531569
0.344 1.79615 0.570066
0.345 0.968794 0.52056
0.346 0.0279107 0.445374
0.347 -0.657402 0.41739
0.348 -0.813339 0.491711
0.349 -0.354126 0.684292
0.35 0.589781 0.964499
0.351 1.71573 1.26455
0.352 2.6493 1.50219
0.353 3.06711 1.60715
0.354 2.80223 1.54226
0.355 1.89801 1.31358
0.356 0.59281 0.967732
0.357 -0.758303 0.577784
0.358 -1.7964 0.222177
0.359 -2.26812 -0.0364439
0.36 -2.09827 -0.165892
0.361 -1.4052 -0.168945
0.362 -0.456232 -0.0783984
0.363 0.421975 0.0544691
0.364 0.9501 0.175559
0.365 0.985292 0.244486
0.366 0.563315 0.246502
0.367 -0.118596 0.195213
0.368 -0.769577 0.126145
0.369 -1.10133 0.0847724
0.37 -0.924191 0.112619
0.371 -0.213312 0.2335
0.372 0.877682 0.442435
0.373 2.06191 0.702061
0.374 3.00852 0.950956
0.375 3.44587 1.12209
0.376 3.24529 1.1633
0.377 2.46165 1.05242
0.378 1.31926 0.804643
0.379 0.144395 0.471871
0.38 -0.738939 0.132002
0.381 -1.11541 -0.133106
0.382 -0.947191 -0.265248
0.383 -0.380354 -0.250566
0.384 0.309933 -0.122762
0.385 0.813208 0.0512658
0.386 0.886923 0.195084
0.387 0.440724 0.247847
0.388 -0.424299 0.186355
0.389 -1.4411 0.0381019
0.39 -2.26559 -0.123243
0.391 -2.59715 -0.203462
0.392 -2.2825 -0.125493
0.393 -1.36582 0.138781
0.394 -0.0736928 0.556696
0.395 1.25457 1.0446
0.396 2.271 1.49255
0.397 2.73047 1.79679
0.398 2.57369 1.89351
0.399 1.94583 1.78251
0.4 1.13845 1.52814
0.401 0.479639 1.23353
0.402 0.219194 0.999627
0.403 0.448738 0.888668
0.404 1.07613 0.905782
0.405 1.85719 1.00123
0.406 2.47768 1.08947
0.407 2.66441 1.08069
0.408 2.28695 0.917167
0.409 1.40666 0.600296
0.41 0.252691 0.193425
0.411 -0.860035 -0.201935
0.412 -1.63406 -0.483892
0.413 -1.8802 -0.584186
0.414 -1.57348 -0.487673
0.415 -0.859637 -0.235192
0.416 -0.00609485 0.0895121
0.417 0.690945 0.387604
0.418 1.00893 0.58042
0.419 0.869151 0.636843
0.42 0.351046 0.578826
0.421 -0.345348 0.464432
0.422 -0.968813 0.360631
0.423 -1.2974 0.319142
0.424 -1.20991 0.361033
0.425 -0.726451 0.47081
0.426 -0.000363414 0.601872
0.427 0.73861 0.695
0.428 1.26615 0.704031
0.429 1.43653 0.615217
0.43 1.22384 0.449913
0.431 0.72504 0.25245
0.432 0.127835 0.0732759
0.433 -0.349178 -0.0450807
0.434 -0.528672 -0.078077
0.435 -0.33485 -0.0252536
0.436 0.182098 0.0906251
0.437 0.866072 0.233646
0.438 1.50804 0.369509
0.439 1.91039 0.475765
0.44 1.9446 0.542812
0.441 1.58909 0.56952
0.442 0.93672 0.559743
0.443 0.165941 0.521095
0.444 -0.516903 0.463526
0.445 -0.943318 0.396915
0.446 -1.03193 0.32998
0.447 -0.806628 0.27156
0.448 -0.382982 0.231171
0.449 0.070241 0.215472
0.45 0.385626 0.222629
0.451 0.453622 0.240613
0.452 0.26108 0.252342
0.453 -0.104699 0.244237
0.454 -0.488565 0.212953
0.455 -0.722804 0.168152
0.456 -0.683932 0.131729
0.457 -0.334094 0.132927
0.458 0.262169 0.197944
0.459 0.951349 0.336099
0.46 1.53546 0.530054
0.461 1.83643 0.737599
0.462 1.75687 0.905381
0.463 1.31308 0.987548
0.464 0.628668 0.961288
0.465 -0.10609 0.834991
0.466 -0.692868 0.647569
0.467 -0.984091 0.457971
0.468 -0.926844 0.325719
0.469 -0.578179 0.288468
0.47 -0.0833432 0.347061
0.471 0.377915 0.466048
0.472 0.65675 0.589122
0.473 0.686567 0.661621
0.474 0.501546 0.650956
0.475 0.218425 0.558613
0.476 -0.00864964 0.420291
0.477 -0.0441106 0.29334
0.478 0.178948 0.234514
0.479 0.630609 0.27618
0.48 1.1893 0.411519
0.481 1.68046 0.595532
0.482 1.93523 0.761041
0.483 1.84761 0.842742
0.484 1.40916 0.800369
0.485 0.710348 0.633046
0.486 -0.0888627 0.379882
0.487 -0.807571 0.106345
0.488 -1.29632 -0.118709
0.489 -1.478 -0.246447
0.49 -1.36524 -0.262924
0.491 -1.04911 -0.190553
0.492 -0.663416 -0.0766632
0.493 -0.336854 0.0262023
0.494 -0.150165 0.080908
0.495 -0.113373 0.0793596
0.496 -0.169218 0.0437661
0.497 -0.219007 0.0154916
0.498 -0.160653 0.0368465
0.499 0.073479 0.133548
0.5 0.489996 0.304163
0.501 1.02691 0.519598
0.502 1.56854 0.732538
0.503 1.97981 0.893579
0.504 2.14878 0.967982
0.505 2.02215 0.946414
0.506 1.62179 0.84579
0.507 1.03855 0.700926
0.508 0.406351 0.551351
0.509 -0.135054 0.428526
0.51 -0.478893 0.347473
0.511 -0.580584 0.305064
0.512 -0.467763 0.285195
0.513 -0.227154 0.26818
0.514 0.0267412 0.239767
0.515 0.189924 0.195966
0.516 0.202053 0.142677
0.517 0.0647671 0.0916881
0.518 -0.160536 0.0553504
0.519 -0.375316 0.0417741
0.52 -0.479921 0.0518776
0.521 -0.41035 0.0796015
0.522 -0.162389 0.115375
0.523 0.20458 0.150594
0.524 0.584126 0.180153
0.525 0.855006 0.202095
0.526 0.921289 0.215951
0.527 0.748139 0.221871
0.528 0.378774 0.221175
0.529 -0.0765178 0.217144
0.53 -0.47615 0.215064
0.531 -0.693163 0.221981
0.532 -0.65426 0.246511
0.533 -0.361519 0.297505
0.534 0.107013 0.380429
0.535 0.619287 0.492659
0.536 1.0313 0.621005
0.537 1.23711 0.744113
0.538 1.20613 0.839055
0.539 0.990358 0.888461
0.54 0.699322 0.885066
0.541 0.456817 0.833116
0.542 0.357627 0.746984
0.543 0.436207 0.646678
0.544 0.653651 0.550499
0.545 0.908394 0.467457
0.546 1.07219 0.393781
0.547 1.0411 0.316228
0.548 0.779427 0.220511
0.549 0.335607 0.0998927
0.55 -0.175512 -0.0399126
0.551 -0.612331 -0.180465
0.552 -0.851243 -0.294536
0.553 -0.824156 -0.353784
0.554 -0.540599 -0.338656
0.555 -0.0866013 -0.246879
0.556 0.40341 -0.0958933
0.557 0.793739 0.0828841
0.558 0.993901 0.255143
0.559 0.984575 0.394458
0.56 0.815534 0.488743
0.561 0.581409 0.541334
0.562 0.386369 0.567152
0.563 0.308051 0.585001
0.564 0.370722 0.608232
0.565 0.537377 0.637645
0.566 0.725496 0.6607
0.567 0.840613 0.657938
0.568 0.813039 0.612905
0.569 0.623231 0.520243
0.57 0.308672 0.388823
0.571 -0.0477911 0.23971
0.572 -0.344049 0.100198
0.573 -0.491645 -0.00439678
0.574 -0.444686 -0.0589342
0.575 -0.214034 -0.0633896
0.576 0.13832 -0.031582
0.577 0.520974 0.0160536
0.578 0.841431 0.0615761
0.579 1.03201 0.0957529
0.58 1.06716 0.119221
0.581 0.967627 0.13945
0.582 0.789557 0.165694
0.583 0.602073 0.203734
0.584 0.462218 0.251836
0.585 0.397243 0.299882
0.586 0.399791 0.333129
0.587 0.434772 0.339243
0.588 0.453425 0.314541
0.589 0.410562 0.265818
0.59 0.281211 0.207196
0.591 0.0714655 0.154352
0.592 -0.181064 0.119094
0.593 -0.418027 0.105846
0.594 -0.578364 0.110576
0.595 -0.616547 0.122952
0.596 -0.514985 0.131826
0.597 -0.288305 0.131671
0.598 0.0202857 0.126146
0.599 0.349756 0.126461
0.6 0.63711 0.145605
0.601 0.83445 0.191864
0.602 0.922278 0.264683
0.603 0.914177 0.353857
0.604 0.850361 0.442001
0.605 0.782463 0.510193
0.606 0.7556 0.545386
0.607 0.793844 0.546138
0.608 0.892969 0.523256
0.609 1.02178 0.494666
0.61 1.13141 0.477184
0.611 1.17115 0.479317
0.612 1.10717 0.497811
0.613 0.937214 0.518552
0.614 0.693521 0.521568
0.615 0.432142 0.489168
0.616 0.213865 0.414301
0.617 0.0849571 0.304954
0.618 0.0639681 0.181943
0.619 0.136957 0.0709827
0.62 0.261405 -0.00707256
0.621 0.37908 -0.0434635
0.622 0.436019 -0.0438828
0.623 0.402537 -0.0256142
0.624 0.283961 -0.0101673
0.625 0.117489 -0.0135749
0.626 -0.0420442 -0.038485
0.627 -0.140603 -0.0722133
0.628 -0.141308 -0.0920436
0.629 -0.0353064 -0.07525
0.63 0.154814 -0.00910042
0.631 0.38121 0.103279
0.632 0.58628 0.242899
0.633 0.721894 0.380543
0.634 0.76433 0.486536
0.635 0.719741 0.541354
0.636 0.619697 0.542379
0.637 0.509508 0.503496
0.638 0.433198 0.447827
0.639 0.419109 0.39728
0.64 0.470417 0.36366
0.641 0.564321 0.344639
0.642 0.660454 0.325552
0.643 0.714936 0.286341
0.644 0.69499 0.211476
0.645 0.590008 0.0987752
0.646 0.416017 -0.0373221
0.647 0.211808 -0.169956
0.648 0.0274077 -0.269476
0.649 -0.091369 -0.314017
0.65 -0.11671 -0.296743
0.651 -0.0463109 -0.2276
0.652 0.0967923 -0.129369
0.653 0.270967 -0.0291705
0.654 0.427625 0.0518343
0.655 0.525375 0.106171
0.656 0.542628 0.141393
0.657 0.48398 0.174468
0.658 0.377816 0.222334
0.659 0.266266 0.293239
0.66 0.191475 0.382319
0.661 0.182531 0.472538
0.662 0.24624 0.540463
0.663 0.364207 0.565135
0.664 0.497857 0.536952
0.665 0.600779 0.462527
0.666 0.634659 0.362815
0.667 0.583255 0.265118
0.668 0.459494 0.192826
0.669 0.303064 0.157449
0.67 0.168762 0.155807
0.671 0.108729 0.172735
0.672 0.154248 0.187966
0.673 0.303754 0.184858
0.674 0.521619 0.157757
0.675 0.748217 0.114743
0.676 0.918081 0.0741458
0.677 0.980873 0.0562253
0.678 0.918796 0.0739492
0.679 0.753956 0.127075
0.68 0.54152 0.201825
0.681 0.350032 0.275872
0.682 0.236601 0.326521
0.683 0.227055 0.339131
0.684 0.307995 0.312656
0.685 0.432199 0.259972
0.686 0.534991 0.202508
0.687 0.557155 0.161259
0.688 0.467746 0.148156
0.689 0.278088 0.161565
0.69 0.0396922 0.187647
0.691 -0.174301 0.206601
0.692 -0.29614 0.201047
0.693 -0.287448 0.163227
0.694 -0.15183 0.0983993
0.695 0.0665473 0.0230867
0.696 0.297098 -0.0413025
0.697 0.466143 -0.077018
0.698 0.522897 -0.0770257
0.699 0.458453 -0.0474658
0.7 0.308844 -0.00452549
0.701 0.140328 0.0326884
0.702 0.023745 0.0500606
0.703 0.00895307 0.0439904
0.704 0.108218 0.022616
0.705 0.292763 0.00238311
0.706 0.502805 0.00113225
0.707 0.668527 0.0303299
0.708 0.735742 0.0897657
0.709 0.686361 0.167187
0.71 0.544539 0.243042
0.711 0.366026 0.298023
0.712 0.216156 0.32003
0.713 0.145814 0.307954
0.714 0.173798 0.271309
0.715 0.280777 0.226073
0.716 0.416609 0.188119
0.717 0.519182 0.166692
0.718 0.538408 0.160808
0.719 0.455547 0.16049
0.72 0.289627 0.152186
0.721 0.089098 0.125514
0.722 -0.0866542 0.0781344
0.723 -0.188339 0.0171346
0.724 -0.193087 -0.0430745
0.725 -0.111005 -0.0855501
0.726 0.0201771 -0.0969571
0.727 0.150745 -0.0728735
0.728 0.238798 -0.0196999
0.729 0.265614 0.0481165
0.73 0.240286 0.114165
0.731 0.193027 0.166196
0.732 0.161232 0.199596
0.733 0.174205 0.217526
0.734 0.241831 0.228448
0.735 0.350818 0.241966
0.736 0.469871 0.264072
0.737 0.562128 0.293578
0.738 0.599702 0.32182
0.739 0.573837 0.336328
0.74 0.496533 0.326599
0.741 0.39398 0.288783
0.742 0.295548 0.227248
0.743 0.223106 0.153088
0.744 0.184389 0.0807382
0.745 0.172265 0.0236441
0.746 0.16989 -0.0100344
0.747 0.159672 -0.0201316
0.748 0.132047 -0.0139412
0.749 0.0899117 -0.0022902
0.75 0.0467367 0.00566965
0.751 0.019588 0.00611951
0.752 0.0206984 0.00131085
0.753 0.0516184 -0.00212051
0.754 0.102273 0.00384057
0.755 0.154962 0.0250888
0.756 0.191604 0.0622863
0.757 0.201321 0.10952
0.758 0.1851 0.155901
0.759 0.155337 0.189697
0.76 0.130228 0.202845
0.761 0.125281 0.193581
0.762 0.145808 0.166464
0.763 0.183982 0.130447
0.764 0.221829 0.0958527
0.765 0.238854 0.0709466
0.766 0.221211 0.0590535
0.767 0.16859 0.0575853
0.768 0.0957465 0.0597776
0.769 0.0277544 0.0583057
0.77 -0.00949206 0.0487294
0.771 0.000100582 0.0311455
0.772 0.0555884 0.0098597
0.773 0.13847 -0.00825212
0.774 0.219265 -0.0161321
0.775 0.268643 -0.00922853
0.776 0.268817 0.012428
0.777 0.220765 0.0439652
0.778 0.144334 0.0776341
0.779 0.0709274 0.105944
0.78 0.0312682 0.124223
0.781 0.0429423 0.131595
0.782 0.102972 0.130532
0.783 0.188669 0.125607
0.784 0.266299 0.121784
0.785 0.303927 0.122482
0.786 0.283524 0.128112
0.787 0.207994 0.135958
0.788 0.100613 0.141619
0.789 -0.00320385 0.141098
0.79 -0.0691396 0.132335
0.791 -0.0772079 0.115625
0.792 -0.0293418 0.0932183
0.793 0.0518747 0.0685959
0.794 0.13241 0.0455833
0.795 0.179782 0.0273101
0.796 0.174887 0.0153338
0.797 0.118783 0.00943921
0.798 0.0323748 0.00824584
0.799 -0.0510807 0.0101558
0.8 -0.0984052 0.0140266
0.801 -0.0892357 0.0193451
0.802 -0.0237459 0.0261115
0.803 0.077827 0.0346973
0.804 0.18322 0.0456994
0.805 0.260063 0.0596632
0.806 0.287065 0.0767022
0.807 0.260812 0.0962287
0.808 0.196257 0.116928
0.809 0.120816 0.136926
0.81 0.0639396 0.154039
0.811 0.0459697 0.166055
0.812 0.0706756 0.171075
0.813 0.124441 0.167916
0.814 0.182165 0.156514
0.815 0.217209 0.138106
0.816 0.211354 0.115019
0.817 0.161184 0.0901272
0.818 0.0789998 0.0661369
0.819 -0.0116853 0.0449688
0.82 -0.0844484 0.0274423
0.821 -0.119175 0.0133326
0.822 -0.108886 0.00175446
0.823 -0.0616441 -0.00821672
0.824 0.00310844 -0.0168857
0.825 0.062179 -0.023563
0.826 0.0970099 -0.0267017
0.827 0.0996191 -0.024507
0.828 0.0743143 -0.0157546
0.829 0.0351147 -0.000480024
0.83 5.4211e-05 0.019717
0.831 -0.0156312 0.0418564
0.832 -0.00501795 0.0622502
0.833 0.0283153 0.0775369
0.834 0.0721606 0.085714
0.835 0.110658 0.0866936
0.836 0.130205 0.0821308
0.837 0.124065 0.074668
0.838 0.0943237 0.0669682
0.839 0.0508409 0.0608715
0.84 0.00760764 0.0568689
0.841 -0.0222097 0.054041
0.842 -0.030657 0.0505908
0.843 -0.0171603 0.0448615
0.844 0.0120618 0.0363451
0.845 0.0466845 0.0260957
0.846 0.0758351 0.0163503
0.847 0.091432 0.00965766
0.848 0.0905134 0.00797616
0.849 0.0758517 0.0120147
0.85 0.0544425 0.0208973
0.851 0.0344251 0.0322803
0.852 0.0219542 0.0430757
0.853 0.019431 0.0506146
0.854 0.0254242 0.053668
0.855 0.0356889 0.0527529
0.856 0.0446487 0.0496365
0.857 0.0471605 0.0464463
0.858 0.0404178 0.0448614
0.859 0.0252596 0.045587
0.86 0.00591918 0.0481302
0.861 -0.0118225 0.0509788
0.862 -0.0229104 0.0522845
0.863 -0.0244561 0.0508177
0.864 -0.0160827 0.046643
0.865 0.000269188 0.041091
0.866 0.0207196 0.036096
0.867 0.0403056 0.0333596
0.868 0.0545483 0.0337502
0.869 0.0610768 0.0370391
0.87 0.0602058 0.0419403
0.871 0.0541568 0.0465073
0.872 0.0457343 0.0488856
0.873 0.0374132 0.048123
0.874 0.0309821 0.044565
0.875 0.027294 0.0395953
0.876 0.0259859 0.0349292
0.877 0.0256088 0.0318988
0.878 0.0244487 0.0310251
0.879 0.0215365 0.0319036
0.88 0.0170652 0.0333699
0.881 0.0120546 0.0339625
0.882 0.00778871 0.032595
0.883 0.00548004 0.0291196
0.884 0.00607625 0.0244249
0.885 0.00994438 0.0199907
0.886 0.0165573 0.0171859
0.887 0.0245776 0.0167028
0.888 0.0323745 0.0183229
0.889 0.0385184 0.0209988
0.89 0.0419184 0.0232024
0.891 0.0417899 0.0234914
0.892 0.0377862 0.0211275
0.893 0.0302406 0.0164402
0.894 0.020155 0.0106959
0.895 0.00883365 0.0055274
0.896 -0.00247826 0.00225594
0.897 -0.0126324 0.00143922
0.898 -0.0204874 0.00276415
0.899 -0.025102 0.00523635
0.9 -0.0261764 0.00759283
0.901 -0.0242446 0.00884049
0.902 -0.0203194 0.00872337
0.903 -0.0153143 0.0078632
0.904 -0.00978137 0.00744981
0.905 -0.00403649 0.00863931
0.906 0.00173212 0.0119982
0.907 0.00759823 0.0172493
0.908 0.0139703 0.0233586
0.909 0.0212397 0.028871
0.91 0.0291897 0.0323931
0.911 0.036759 0.0330966
0.912 0.0424404 0.031053
0.913 0.0449445 0.027205
0.914 0.043588 0.0229443
0.915 0.0383242 0.0195131
0.916 0.0297287 0.017542
0.917 0.0190754 0.0169109
0.918 0.00823914 0.0169161
0.919 -0.000820797 0.0166206
0.92 -0.00678179 0.0152647
0.921 -0.0093684 0.0126211
0.922 -0.00921095 0.00915152
0.923 -0.00740082 0.00585376
0.924 -0.00510314 0.00383496
0.925 -0.00329776 0.0038219
0.926 -0.00252588 0.00585719
0.927 -0.00266738 0.00930013
0.928 -0.0029685 0.0130838
0.929 -0.00243374 0.0160939
0.93 -0.000371998 0.017537
0.931 0.00325885 0.0171932
0.932 0.00785793 0.0154654
0.933 0.0124108 0.0131854
0.934 0.0157848 0.0112468
0.935 0.0170579 0.0102319
0.936 0.0158508 0.0102039
0.937 0.0125249 0.0107414
0.938 0.00808671 0.0111673
0.939 0.00381264 0.0108562
0.94 0.000797676 0.00949682
0.941 -0.000351197 0.00722202
0.942 0.000383279 0.00456221
0.943 0.00247916 0.00223889
0.944 0.0050542 0.000879675
0.945 0.00717438 0.000775481
0.946 0.00820367 0.00178099
0.947 0.00801821 0.00339192
0.948 0.00696839 0.00495452
0.949 0.00564224 0.00591392
0.95 0.00459698 0.00600476
0.951 0.00418158 0.00531682
0.952 0.00445495 0.00421964
0.953 0.00517141 0.00318579
0.954 0.00585698 0.00259185
0.955 0.00599831 0.00257926
0.956 0.00527326 0.00302516
0.957 0.00368994 0.00362277
0.958 0.00156018 0.00402664
0.959 -0.00064731 0.00399918
0.96 -0.00246929 0.00350123
0.961 -0.0035629 0.00269407
0.962 -0.0037773 0.00185809
0.963 -0.00319027 0.00126886
0.964 -0.0020824 0.00108729
0.965 -0.0008315 0.00130864
0.966 0.000229568 0.00178453
0.967 0.000915839 0.0022986
0.968 0.0012117 0.00265673
0.969 0.00122676 0.00275488
0.97 0.00112832 0.00260261
0.971 0.00107746 0.00229939
0.972 0.00117492 0.00197904
0.973 0.00142671 0.00174886
0.974 0.00174827 0.00164936
0.975 0.00200975 0.00164944
0.976 0.00209711 0.00167474
0.977 0.00195767 0.00165062
0.978 0.00161477 0.00153713
0.979 0.00115379 0.00134109
0.98 0.000689065 0.00110501
0.981 0.00032357 0.000882506
0.982 0.00011527 0.000713875
0.983 6.38871e-05 0.000611928
0.984 0.000122763 0.000561647
0.985 0.0002258 0.000531825
0.986 0.000313592 0.000492258
0.987 0.000349956 0.000427752
0.988 0.000327673 0.000342262
0.989 0.000263904 0.000252531
0.99 0.000187197 0.000176557
0.991 0.000122112 0.000124172
0.992 7.95754e-05 9.42464e-05
0.993 5.7085e-05 7.81545e-05
0.994 4.56683e-05 6.59671e-05
0.995 3.70029e-05 5.16095e-05
0.996 2.69651e-05 3.46782e-05
0.997 1.58585e-05 1.86489e-05
0.998 6.50315e-06 7.21066e-06
0.999 1.27676e-06 1.47551e-06
0.12 0.20447 0.0146781
0.24 0.203941 0.0152546
0.36 0.203063 0.0162121
0.48 0.201845 0.0175458
0.6 0.200298 0.0192491
0.72 0.198436 0.0213134
0.84 0.196275 0.0237282
0.96 0.193836 0.0264814
1.08 0.19114 0.0295593
1.2 0.188213 0.0329463
1.32 0.185081 0.0366254
1.44 0.181773 0.0405783
1.56 0.178321 0.0447852
1.68 0.174758 0.049225
1.8 0.171117 0.0538756
1.92 0.167434 0.0587138
2.04 0.163745 0.0637156
2.16 0.160089 0.0688561
2.28 0.156501 0.0741098
2.4 0.153021 0.0794507
2.52 0.149686 0.0848525
2.64 0.146533 0.0902885
2.76 0.143599 0.0957321
2.88 0.140921 0.101156
3 0.138532 0.106535
3.12 0.136467 0.111842
3.24 0.134758 0.117051
3.36 0.133435 0.122137
3.48 0.132525 0.127075
3.6 0.132055 0.131842
3.72 0.132048 0.136414
3.84 0.132526 0.14077
3.96 0.133507 0.144889
4.08 0.135005 0.148752
4.2 0.137034 0.152339
4.32 0.139604 0.155634
4.44 0.142719 0.158621
4.56 0.146385 0.161287
4.68 0.150599 0.163619
4.8 0.155361 0.165606
4.92 0.160662 0.167239
5.04 0.166495 0.168509
5.16 0.172845 0.169412
5.28 0.179698 0.169943
5.4 0.187034 0.170099
5.52 0.194833 0.16988
5.64 0.203071 0.169286
5.76 0.21172 0.16832
5.88 0.220751 0.166986
6 0.230134 0.165288
6.12 0.239835 0.163236
6.24 0.249819 0.160836
6.36 0.260048 0.158099
6.48 0.270486 0.155036
6.6 0.281091 0.15166
6.72 0.291824 0.147984
6.84 0.302643 0.144024
6.96 0.313506 0.139794
7.08 0.324371 0.135312
7.2 0.335197 0.130596
7.32 0.34594 0.125663
7.44 0.356559 0.120533
7.56 0.367014 0.115225
7.68 0.377262 0.109758
7.8 0.387266 0.104154
7.92 0.396987 0.0984324
8.04 0.406388 0.0926137
8.16 0.415433 0.0867188
8.28 0.42409 0.0807682
8.4 0.432326 0.0747824
8.52 0.440112 0.0687815
8.64 0.44742 0.0627854
8.76 0.454224 0.0568136
8.88 0.460502 0.0508851
9 0.466232 0.0450182
9.12 0.471396 0.0392309
9.24 0.475979 0.0335401
9.36 0.479966 0.0279623
9.48 0.483348 0.0225129
9.6 0.486115 0.0172067
9.72 0.488261 0.0120575
9.84 0.489783 0.00707797
9.96 0.490681 0.00228011
10.08 0.490955 -0.00232526
10.2 0.490609 -0.00672832
10.32 0.489649 -0.0109203
10.44 0.488082 -0.0148934
10.56 0.48592 -0.018641
10.68 0.483173 -0.0221576
10.8 0.479855 -0.0254385
10.92 0.475982 -0.0284802
11.04 0.471571 -0.0312804
11.16 0.466639 -0.0338375
11.28 0.461207 -0.0361513
11.4 0.455295 -0.0382221
11.52 0.448926 -0.0400515
11.64 0.442121 -0.0416419
11.76 0.434904 -0.0429967
11.88 0.4273 -0.0441199
12 0.419332 -0.0450164
12.12 0.411025 -0.045692
12.24 0.402405 -0.0461531
12.36 0.393496 -0.0464067
12.48 0.384324 -0.0464605
12.6 0.374913 -0.0463227
12.72 0.365288 -0.0460023
12.84 0.355474 -0.0455083
12.96 0.345493 -0.0448504
13.08 0.335371 -0.0440387
13.2 0.325129 -0.0430836
13.32 0.314789 -0.0419955
13.44 0.304374 -0.0407853
13.56 0.293903 -0.039464
13.68 0.283397 -0.0380426
13.8 0.272874 -0.0365323
13.92 0.262352 -0.0349442
14.04 0.251849 -0.0332895
14.16 0.241381 -0.0315792
14.28 0.230964 -0.0298242
14.4 0.220612 -0.0280353
14.52 0.210338 -0.0262231
14.64 0.200155 -0.0243979
14.76 0.190075 -0.0225698
14.88 0.180109 -0.0207484
15 0.170266 -0.0189433
15.12 0.160557 -0.0171635
15.24 0.15099 -0.0154176
15.36 0.141573 -0.0137139
15.48 0.132312 -0.0120601
15.6 0.123214 -0.0104636
15.72 0.114285 -0.00893122
15.84 0.105531 -0.00746928
15.96 0.0969548 -0.00608361
16.08 0.0885623 -0.00477953
16.2 0.0803567 -0.00356179
16.32 0.0723413 -0.00243461
16.44 0.0645193 -0.00140167
16.56 0.0568931 -0.000466093
16.68 0.0494651 0.000369566
16.8 0.0422375 0.00110329
16.92 0.0352119 0.00173361
17.04 0.0283901 0.00225961
17.16 0.0217733 0.00268091
17.28 0.0153629 0.00299767
17.4 0.00915985 0.00321055
17.52 0.00316518 0.00332072
17.64 -0.00262033 0.00332986
17.76 -0.00819597 0.00324011
17.88 -0.0135611 0.00305407
18 -0.0187154 0.00277481
18.12 -0.0236582 0.00240578
18.24 -0.0283894 0.00195085
18.36 -0.0329088 0.00141428
18.48 -0.0372161 0.000800641
18.6 -0.0413116 0.000114873
18.72 -0.0451952 -0.000637803
18.84 -0.0488673 -0.00145189
18.96 -0.0523282 -0.00232165
19.08 -0.0555785 -0.00324113
19.2 -0.0586188 -0.00420417
19.32 -0.06145 -0.00520448
19.44 -0.0640732 -0.00623564
19.56 -0.0664895 -0.00729112
19.68 -0.0687003 -0.00836434
19.8 -0.0707073 -0.00944869
19.92 -0.0725124 -0.0105375
20.04 -0.0741176 -0.0116243
20.16 -0.0755252 -0.0127024
20.28 -0.0767378 -0.0137655
20.4 -0.0777582 -0.0148073
20.52 -0.0785894 -0.0158215
20.64 -0.0792348 -0.0168021
20.76 -0.0796979 -0.0177434
20.88 -0.0799826 -0.0186399
21 -0.0800929 -0.0194861
21.12 -0.0800332 -0.0202771
21.24 -0.079808 -0.0210082
21.36 -0.0794223 -0.021675
21.48 -0.0788809 -0.0222733
21.6 -0.0781893 -0.0227996
21.72 -0.0773529 -0.0232504
21.84 -0.0763774 -0.0236228
21.96 -0.0752687 -0.0239144
22.08 -0.0740329 -0.0241229
22.2 -0.072676 -0.0242467
22.32 -0.0712046 -0.0242844
22.44 -0.069625 -0.0242353
22.56 -0.0679439 -0.0240989
22.68 -0.0661678 -0.0238752
22.8 -0.0643037 -0.0235647
22.92 -0.0623581 -0.0231682
23.04 -0.0603381 -0.022687
23.16 -0.0582503 -0.0221229
23.28 -0.0561017 -0.0214778
23.4 -0.053899 -0.0207542
23.52 -0.0516491 -0.0199551
23.64 -0.0493586 -0.0190836
23.76 -0.0470341 -0.0181432
23.88 -0.0446823 -0.0171379
24 -0.0423096 -0.0160717
24.12 -0.0399222 -0.0149491
24.24 -0.0375264 -0.0137748
24.36 -0.0351282 -0.0125536
24.48 -0.0327335 -0.0112908
24.6 -0.0303479 -0.00999145
24.72 -0.027977 -0.00866109
24.84 -0.0256261 -0.00730524
24.96 -0.0233003 -0.00592952
25.08 -0.0210046 -0.00453961
25.2 -0.0187435 -0.00314123
25.32 -0.0165217 -0.00174009
25.44 -0.0143432 -0.000341885
25.56 -0.0122122 0.00104776
25.68 -0.0101324 0.0024233
25.8 -0.00810736 0.00377929
25.92 -0.0061403 0.00511044
26.04 -0.00423431 0.00641161
26.16 -0.00239219 0.00767786
26.28 -0.000616502 0.00890444
26.4 0.00109044 0.0100869
26.52 0.00272657 0.0112209
26.64 0.00429004 0.0123025
26.76 0.00577926 0.013328
26.88 0.00719287 0.014294
27 0.00852974 0.0151975
27.12 0.00978898 0.0160358
27.24 0.0109699 0.0168064
27.36 0.0120721 0.0175072
27.48 0.0130953 0.0181367
27.6 0.0140395 0.0186935
27.72 0.0149049 0.0191765
27.84 0.0156918 0.0195853
27.96 0.016401 0.0199195
28.08 0.0170331 0.0201793
28.2 0.0175891 0.0203652
28.32 0.0180703 0.0204778
28.44 0.0184778 0.0205185
28.56 0.0188132 0.0204885
28.68 0.0190782 0.0203898
28.8 0.0192745 0.0202244
28.92 0.0194041 0.0199946
29.04 0.0194691 0.0197031
29.16 0.0194716 0.0193527
29.28 0.019414 0.0189466
29.4 0.0192987 0.0184879
29.52 0.0191282 0.0179803
29.64 0.0189052 0.0174273
29.76 0.0186323 0.0168328
29.88 0.0183123 0.0162007
30 0.017948 0.0155349
30.12 0.0175424 0.0148396
30.24 0.0170982 0.014119
30.36 0.0166185 0.0133771
30.48 0.0161063 0.0126182
30.6 0.0155643 0.0118465
30.72 0.0149957 0.0110659
30.84 0.0144034 0.0102807
30.96 0.0137902 0.00949476
31.08 0.0131591 0.00871196
31.2 0.0125128 0.00793607
31.32 0.0118542 0.00717072
31.44 0.0111859 0.00641936
31.56 0.0105107 0.00568529
31.68 0.00983096 0.00497163
31.8 0.00914923 0.00428129
31.92 0.00846785 0.00361697
32.04 0.00778907 0.00298118
32.16 0.00711503 0.00237615
32.28 0.00644774 0.00180393
32.4 0.0057891 0.00126629
32.52 0.00514087 0.000764776
32.64 0.00450468 0.000300679
32.76 0.00388204 -0.000124957
32.88 0.00327431 -0.000511337
33 0.00268271 -0.000857914
33.12 0.00210833 -0.00116439
33.24 0.00155212 -0.00143069
33.36 0.00101489 -0.00165699
33.48 0.00049734 -0.00184369
33.6 4.91374e-09 -0.0019914
33.72 -0.000476687 -0.00210096
33.84 -0.000932433 -0.00217339
33.96 -0.00136705 -0.00220991
34.08 -0.00178047 -0.0022119
34.2 -0.00217272 -0.00218093
34.32 -0.00254393 -0.00211871
34.44 -0.00289434 -0.00202707
34.56 -0.00322424 -0.00190799
34.68 -0.00353404 -0.00176355
34.8 -0.00382417 -0.00159591
34.92 -0.00409515 -0.00140731
35.04 -0.00434756 -0.00120007
35.16 -0.00458201 -0.000976536
35.28 -0.00479914 -0.000739098
35.4 -0.00499962 -0.000490157
35.52 -0.00518416 -0.000232118
35.64 -0.00535345 3.26277e-05
35.76 -0.00550822 0.000301715
35.88 -0.00564916 0.000572817
36 -0.00577699 0.000843663
36.12 -0.00589238 0.00111205
36.24 -0.005996 0.00137583
36.36 -0.0060885 0.00163298
36.48 -0.00617048 0.00188154
36.6 -0.00624252 0.00211967
36.72 -0.00630517 0.00234564
36.84 -0.00635893 0.00255786
36.96 -0.00640425 0.00275484
37.08 -0.00644157 0.00293524
37.2 -0.00647126 0.00309785
37.32 -0.00649365 0.0032416
37.44 -0.00650905 0.00336559
37.56 -0.0065177 0.00346902
37.68 -0.00651983 0.00355127
37.8 -0.00651562 0.00361185
37.92 -0.00650522 0.00365043
38.04 -0.00648875 0.00366681
38.16 -0.0064663 0.00366093
38.28 -0.00643794 0.00363287
38.4 -0.00640374 0.00358284
38.52 -0.00636371 0.00351119
38.64 -0.00631791 0.00341837
38.76 -0.00626635 0.00330496
38.88 -0.00620906 0.00317165
39 -0.00614607 0.00301922
39.12 -0.00607742 0.00284857
39.24 -0.00600316 0.00266066
39.36 -0.00592335 0.00245654
39.48 -0.00583808 0.00223733
39.6 -0.00574747 0.00200421
39.72 -0.00565164 0.00175842
39.84 -0.00555076 0.00150124
39.96 -0.00544504 0.00123399
40.08 -0.00533469 0.000958017
40.2 -0.00521998 0.000674679
40.32 -0.0051012 0.000385357
40.44 -0.00497869 9.14282e-05
40.56 -0.00485281 -0.000205731
40.68 -0.00472396 -0.000504758
40.8 -0.00459255 -0.000804309
40.92 -0.00445907 -0.00110307
41.04 -0.00432398 -0.00139975
41.16 -0.0041878 -0.0016931
41.28 -0.00405106 -0.00198194
41.4 -0.00391431 -0.00226509
41.52 -0.00377812 -0.00254146
41.64 -0.00364307 -0.00281002
41.76 -0.00350972 -0.00306978
41.88 -0.00337868 -0.00331983
42 -0.0032505 -0.00355932
42.12 -0.00312578 -0.00378749
42.24 -0.00300506 -0.00400362
42.36 -0.00288888 -0.00420709
42.48 -0.00277777 -0.00439734
42.6 -0.00267221 -0.00457389
42.72 -0.00257268 -0.00473633
42.84 -0.00247959 -0.00488434
42.96 -0.00239334 -0.00501765
43.08 -0.00231426 -0.00513607
43.2 -0.00224267 -0.00523948
43.32 -0.00217881 -0.00532785
43.44 -0.00212289 -0.00540118
43.56 -0.00207505 -0.00545956
43.68 -0.0020354 -0.00550313
43.8 -0.00200397 -0.0055321
43.92 -0.00198074 -0.00554672
44.04 -0.00196566 -0.0055473
44.16 -0.0019586 -0.00553419
44.28 -0.00195939 -0.00550781
44.4 -0.00196779 -0.00546859
44.52 -0.00198352 -0.00541703
44.64 -0.00200627 -0.00535362
44.76 -0.00203567 -0.00527893
44.88 -0.0020713 -0.00519353
45 -0.00211271 -0.00509802
45.12 -0.00215942 -0.004993
45.24 -0.00221093 -0.00487912
45.36 -0.00226669 -0.00475702
45.48 -0.00232615 -0.00462736
45.6 -0.00238873 -0.0044908
45.72 -0.00245385 -0.00434799
45.84 -0.00252092 -0.00419961
45.96 -0.00258934 -0.00404631
46.08 -0.00265854 -0.00388875
46.2 -0.00272794 -0.00372757
46.32 -0.00279696 -0.00356341
46.44 -0.00286505 -0.00339689
46.56 -0.00293171 -0.00322861
46.68 -0.00299641 -0.00305916
46.8 -0.00305869 -0.00288911
46.92 -0.00311812 -0.00271902
47.04 -0.00317429 -0.0025494
47.16 -0.00322684 -0.00238076
47.28 -0.00327544 -0.00221359
47.4 -0.00331982 -0.00204832
47.52 -0.00335973 -0.00188539
47.64 -0.00339499 -0.00172521
47.76 -0.00342544 -0.00156813
47.88 -0.003451 -0.00141452
48 -0.00347159 -0.00126468
48.12 -0.00348721 -0.0011189
48.24 -0.0034979 -0.000977458
48.36 -0.00350371 -0.000840573
48.48 -0.00350478 -0.000708456
48.6 -0.00350124 -0.000581287
48.72 -0.00349328 -0.000459221
48.84 -0.00348113 -0.000342384
48.96 -0.00346502 -0.00023088
49.08 -0.00344524 -0.000124786
49.2 -0.00342208 -2.41585e-05
49.32 -0.00339585 7.0971e-05
49.44 -0.00336688 0.000160591
49.56 -0.00333552 0.000244712
49.68 -0.00330212 0.000323362
49.8 -0.00326704 0.000396588
49.92 -0.00323063 0.000464455
50.04 -0.00319324 0.000527043
50.16 -0.00315523 0.000584446
50.28 -0.00311692 0.000636771
50.4 -0.00307866 0.00068414
50.52 -0.00304075 0.000726684
50.64 -0.00300347 0.000764541
50.76 -0.00296712 0.000797863
50.88 -0.00293193 0.000826803
51 -0.00289813 0.000851525
51.12 -0.00286593 0.000872195
51.24 -0.0028355 0.000888983
51.36 -0.00280697 0.000902061
51.48 -0.00278048 0.000911604
51.6 -0.00275611 0.000917786
51.72 -0.00273392 0.00092078
51.84 -0.00271393 0.00092076
51.96 -0.00269616 0.000917894
52.08 -0.00268057 0.000912351
52.2 -0.00266712 0.000904292
52.32 -0.00265573 0.000893877
52.44 -0.0026463 0.000881258
52.56 -0.00263871 0.000866585
52.68 -0.00263282 0.000849998
52.8 -0.00262846 0.000831634
52.92 -0.00262547 0.000811622
53.04 -0.00262364 0.000790083
53.16 -0.00262279 0.000767135
53.28 -0.0026227 0.000742884
53.4 -0.00262315 0.000717434
53.52 -0.00262392 0.000690878
53.64 -0.00262479 0.000663306
53.76 -0.00262554 0.000634799
53.88 -0.00262593 0.000605433
54 -0.00262576 0.000575277
54.12 -0.00262481 0.000544397
54.24 -0.00262287 0.000512852
54.36 -0.00261976 0.000480696
54.48 -0.00261528 0.000447982
54.6 -0.00260926 0.000414756
54.72 -0.00260156 0.000381062
54.84 -0.00259201 0.000346943
54.96 -0.0025805 0.000312439
55.08 -0.00256691 0.000277589
55.2 -0.00255115 0.000242429
55.32 -0.00253314 0.000206999
55.44 -0.00251281 0.000171336
55.56 -0.00249013 0.000135478
55.68 -0.00246506 9.94663e-05
55.8 -0.0024376 6.33412e-05
55.92 -0.00240774 2.71465e-05
56.04 -0.00237551 -9.07183e-06
56.16 -0.00234094 -4.52652e-05
56.28 -0.00230409 -8.1382e-05
56.4 -0.00226501 -0.000117368
56.52 -0.00222378 -0.000153164
56.64 -0.00218049 -0.00018871
56.76 -0.00213523 -0.00022394
56.88 -0.00208811 -0.000258787
57 -0.00203924 -0.000293178
57.12 -0.00198873 -0.000327039
57.24 -0.00193673 -0.000360292
57.36 -0.00188335 -0.000392855
57.48 -0.00182874 -0.000424646
57.6 -0.00177303 -0.000455578
57.72 -0.00171636 -0.000485563
57.84 -0.00165887 -0.000514513
57.96 -0.00160071 -0.000542337
58.08 -0.00154201 -0.000568944
58.2 -0.00148291 -0.000594242
58.32 -0.00142355 -0.00061814
58.44 -0.00136407 -0.000640548
58.56 -0.0013046 -0.000661377
58.68 -0.00124527 -0.000680541
58.8 -0.0011862 -0.000697953
58.92 -0.00112751 -0.000713532
59.04 -0.00106933 -0.0007272
59.16 -0.00101176 -0.000738882
59.28 -0.00095492 -0.000748508
59.4 -0.000898904 -0.000756013
59.52 -0.000843816 -0.000761336
59.64 -0.000789749 -0.000764424
59.76 -0.000736795 -0.000765228
59.88 -0.000685038 -0.000763707
60 -0.000634559 -0.000759826
60.12 -0.000585434 -0.000753558
60.24 -0.000537733 -0.000744882
60.36 -0.000491525 -0.000733786
60.48 -0.000446869 -0.000720266
60.6 -0.000403823 -0.000704325
60.72 -0.00036244 -0.000685974
60.84 -0.000322766 -0.000665234
60.96 -0.000284844 -0.000642132
61.08 -0.00024871 -0.000616706
61.2 -0.000214396 -0.000588999
61.32 -0.000181928 -0.000559064
61.44 -0.000151327 -0.000526964
61.56 -0.000122606 -0.000492768
61.68 -9.57743e-05 -0.000456552
61.8 -7.08325e-05 -0.000418402
61.92 -4.77759e-05 -0.00037841
62.04 -2.65921e-05 -0.000336678
62.16 -7.26181e-06 -0.000293312
62.28 1.0242e-05 -0.000248428
62.4 2.5954e-05 -0.000202145
62.52 3.99168e-05 -0.000154591
62.64 5.21812e-05 -0.000105901
62.76 6.28059e-05 -5.62122e-05
62.88 7.18581e-05 -5.67017e-06
63 7.94133e-05 4.55758e-05
63.12 8.55552e-05 9.73719e-05
63.24 9.03754e-05 0.00014956
63.36 9.39738e-05 0.000201979
63.48 9.64576e-05 0.000254463
63.6 9.79416e-05 0.000306845
63.72 9.85473e-05 0.000358957
63.84 9.84027e-05 0.000410627
63.96 9.76416e-05 0.000461683
64.08 9.64026e-05 0.000511953
64.2 9.48291e-05 0.000561267
64.32 9.30676e-05 0.000609452
64.44 9.12674e-05 0.000656341
64.56 8.95792e-05 0.000701768
64.68 8.81544e-05 0.000745568
64.8 8.71437e-05 0.000787584
64.92 8.6696e-05 0.000827661
65.04 8.69574e-05 0.00086565
65.16 8.80697e-05 0.00090141
65.28 9.01691e-05 0.000934805
65.4 9.33855e-05 0.000965709
65.52 9.78405e-05 0.000994003
65.64 0.000103647 0.00101958
65.76 0.000110906 0.00104234
65.88 0.000119709 0.0010622
66 0.000130133 0.00107908
66.12 0.000142244 0.00109292
66.24 0.000156089 0.00110367
66.36 0.000171703 0.00111129
66.48 0.000189104 0.00111578
66.6 0.000208291 0.00111711
66.72 0.000229249 0.0011153
66.84 0.000251941 0.00111037
66.96 0.000276315 0.00110237
67.08 0.0003023 0.00109134
67.2 0.000329805 0.00107737
67.32 0.000358723 0.00106054
67.44 0.000388929 0.00104095
67.56 0.000420279 0.00101872
67.68 0.000452616 0.000993977
67.8 0.000485763 0.000966876
67.92 0.000519531 0.000937574
68.04 0.000553717 0.000906241
68.16 0.000588105 0.000873061
68.28 0.000622469 0.000838227
68.4 0.000656574 0.000801942
68.52 0.000690174 0.000764414
68.64 0.000723022 0.00072586
68.76 0.000754862 0.0006865
68.88 0.000785438 0.000646558
69 0.000814494 0.000606258
69.12 0.000841775 0.000565824
69.24 0.00086703 0.000525477
69.36 0.000890011 0.000485435
69.48 0.000910482 0.000445908
69.6 0.000928215 0.000407101
69.72 0.000942991 0.000369206
69.84 0.000954607 0.000332406
69.96 0.000962877 0.000296867
70.08 0.000967627 0.000262744
70.2 0.000968707 0.000230173
70.32 0.000965983 0.000199271
70.44 0.000959346 0.000170138
70.56 0.000948705 0.000142851
70.68 0.000933998 0.000117465
70.8 0.000915184 9.40138e-05
70.92 0.000892249 7.25069e-05
71.04 0.000865205 5.29295e-05
71.16 0.000834088 3.52427e-05
71.28 0.000798963 1.93835e-05
71.4 0.00075992 5.26418e-06
71.52 0.000717076 -7.22642e-06
71.64 0.000670572 -1.82228e-05
71.76 0.000620577 -2.7882e-05
71.88 0.000567282 -3.6382e-05
72 0.000510902 -4.3921e-05
72.12 0.000451675 -5.07156e-05
72.24 0.000389859 -5.6999e-05
72.36 0.000325732 -6.30192e-05
72.48 0.00025959 -6.90369e-05
72.6 0.000191746 -7.53228e-05
72.72 0.000122528 -8.21558e-05
72.84 5.22758e-05 -8.98198e-05
72.96 -1.86598e-05 -9.86013e-05
73.08 -8.99187e-05 -0.000108787
73.2 -0.000161134 -0.000120659
73.32 -0.000231934 -0.000134496
73.44 -0.000301945 -0.000150567
73.56 -0.00037079 -0.000169126
73.68 -0.000438098 -0.000190418
73.8 -0.000503498 -0.000214667
73.92 -0.000566624 -0.000242078
74.04 -0.000627121 -0.000272834
74.16 -0.000684639 -0.000307092
74.28 -0.000738841 -0.000344984
74.4 -0.000789405 -0.000386611
74.52 -0.000836018 -0.000432046
74.64 -0.000878387 -0.000481326
74.76 -0.000916235 -0.000534458
74.88 -0.000949302 -0.000591413
75 -0.00097735 -0.000652128
75.12 -0.00100016 -0.000716502
75.24 -0.00101753 -0.000784402
75.36 -0.00102929 -0.000855658
75.48 -0.00103529 -0.000930065
75.6 -0.00103539 -0.00100738
75.72 -0.00102949 -0.00108735
75.84 -0.00101751 -0.00116965
75.96 -0.000999386 -0.00125395
76.08 -0.000975087 -0.00133991
76.2 -0.000944602 -0.00142713
76.32 -0.000907946 -0.0015152
76.44 -0.000865154 -0.00160371
76.56 -0.000816289 -0.0016922
76.68 -0.000761434 -0.00178021
76.8 -0.000700696 -0.00186728
76.92 -0.000634203 -0.00195293
77.04 -0.000562106 -0.00203667
77.16 -0.000484577 -0.00211803
77.28 -0.000401809 -0.00219651
77.4 -0.000314015 -0.00227165
77.52 -0.000221427 -0.00234298
77.64 -0.000124295 -0.00241004
77.76 -2.28911e-05 -0.00247239
77.88 8.24988e-05 -0.0025296
78 0.00019157 -0.00258128
78.12 0.000304001 -0.00262705
78.24 0.000419456 -0.00266655
78.36 0.000537583 -0.00269945
78.48 0.000658015 -0.00272545
78.6 0.000780375 -0.00274429
78.72 0.000904268 -0.00275573
78.84 0.00102929 -0.00275956
78.96 0.00115503 -0.00275563
79.08 0.00128105 -0.00274379
79.2 0.00140693 -0.00272394
79.32 0.00153222 -0.00269601
79.44 0.00165647 -0.00265998
79.56 0.00177923 -0.00261584
79.68 0.00190003 -0.00256363
79.8 0.00201841 -0.00250341
79.92 0.0021339 -0.00243528
80.04 0.00224606 -0.00235936
80.16 0.0023544 -0.0022758
80.28 0.00245847 -0.00218479
80.4 0.00255782 -0.00208652
80.52 0.002652 -0.00198122
80.64 0.00274058 -0.00186914
80.76 0.00282314 -0.00175054
80.88 0.00289927 -0.00162572
81 0.00296857 -0.00149498
81.12 0.00303069 -0.00135862
81.24 0.00308528 -0.00121698
81.36 0.00313201 -0.00107041
81.48 0.00317059 -0.000919255
81.6 0.00320077 -0.000763883
81.72 0.00322232 -0.000604669
81.84 0.00323504 -0.000441996
81.96 0.00323879 -0.000276256
82.08 0.00323347 -0.000107848
82.2 0.00321901 6.28176e-05
82.32 0.0031954 0.000235325
82.44 0.00316267 0.00040925
82.56 0.00312091 0.000584157
82.68 0.00307027 0.000759605
82.8 0.00301095 0.00093514
82.92 0.00294318 0.0011103
83.04 0.00286729 0.00128461
83.16 0.00278364 0.00145759
83.28 0.00269267 0.00162875
83.4 0.00259484 0.00179757
83.52 0.00249071 0.00196353
83.64 0.00238088 0.00212611
83.76 0.00226598 0.00228476
83.88 0.00214673 0.00243892
84 0.00202389 0.00258803
84.12 0.00189824 0.00273151
84.24 0.00177063 0.00286878
84.36 0.00164194 0.00299924
84.48 0.00151309 0.0031223
84.6 0.00138502 0.00323736
84.72 0.0012587 0.00334381
84.84 0.0011351 0.00344107
84.96 0.00101523 0.00352855
85.08 0.000900078 0.00360566
85.2 0.000790642 0.00367186
85.32 0.000687904 0.0037266
85.44 0.000592829 0.00376938
85.56 0.000506354 0.00379971
85.68 0.000429382 0.00381715
85.8 0.000362773 0.00382133
85.92 0.000307334 0.00381188
86.04 0.000263815 0.00378853
86.16 0.000232897 0.00375107
86.28 0.000215186 0.00369934
86.4 0.000211205 0.00363329
86.52 0.000221387 0.00355293
86.64 0.00024607 0.00345837
86.76 0.000285486 0.00334983
86.88 0.000339759 0.00322763
87 0.000408901 0.00309219
87.12 0.000492803 0.00294404
87.24 0.000591236 0.00278386
87.36 0.000703845 0.00261241
87.48 0.000830151 0.00243062
87.6 0.000969544 0.0022395
87.72 0.00112129 0.00204023
87.84 0.00128453 0.00183408
87.96 0.00145827 0.00162247
88.08 0.00164142 0.00140693
88.2 0.00183274 0.00118912
88.32 0.0020309 0.000970802
88.44 0.00223447 0.000753853
88.56 0.00244192 0.000540246
88.68 0.00265161 0.000332047
88.8 0.00286185 0.000131402
88.92 0.00307087 -5.94729e-05
89.04 0.00327685 -0.000238305
89.16 0.00347791 -0.000402779
89.28 0.00367215 -0.000550551
89.4 0.00385767 -0.000679263
89.52 0.00403253 -0.000786564
89.64 0.00419485 -0.000870123
89.76 0.00434274 -0.000927649
89.88 0.00447436 -0.00095691
90 0.00458796 -0.000955752
90.12 0.00468184 -0.00092212
90.24 0.00475439 -0.000854074
90.36 0.00480413 -0.000749812
90.48 0.00482968 -0.000607689
90.6 0.00482981 -0.000426234
90.72 0.00480346 -0.000204172
90.84 0.00474972 5.95637e-05
90.96 0.00466785 0.000365808
91.08 0.00455733 0.000715151
91.2 0.00441782 0.00110793
91.32 0.0042492 0.0015442
91.44 0.00405159 0.00202374
91.56 0.0038253 0.00254603
91.68 0.00357092 0.00311025
91.8 0.00328923 0.00371528
91.92 0.00298129 0.00435968
92.04 0.00264837 0.0050417
92.16 0.00229201 0.00575927
92.28 0.00191394 0.00651002
92.4 0.00151617 0.00729127
92.52 0.00110089 0.00810005
92.64 0.000670544 0.00893309
92.76 0.000227745 0.00978686
92.88 -0.000224684 0.0106576
93 -0.000683748 0.0115412
93.12 -0.00114629 0.0124334
93.24 -0.00160901 0.0133298
93.36 -0.00206848 0.0142258
93.48 -0.00252117 0.0151166
93.6 -0.00296348 0.0159972
93.72 -0.00339172 0.0168626
93.84 -0.00380219 0.0177079
93.96 -0.00419117 0.0185278
94.08 -0.00455496 0.0193174
94.2 -0.00488989 0.0200715
94.32 -0.00519235 0.0207852
94.44 -0.00545884 0.0214536
94.56 -0.00568597 0.0220719
94.68 -0.00587049 0.0226356
94.8 -0.00600933 0.0231402
94.92 -0.0060996 0.0235818
95.04 -0.00613863 0.0239563
95.16 -0.00612401 0.0242602
95.28 -0.00605357 0.0244903
95.4 -0.00592544 0.0246438
95.52 -0.00573805 0.024718
95.64 -0.00549012 0.0247109
95.76 -0.00518076 0.0246208
95.88 -0.00480938 0.0244466
96 -0.00437576 0.0241872
96.12 -0.00388007 0.0238426
96.24 -0.00332282 0.0234127
96.36 -0.00270492 0.0228983
96.48 -0.00202765 0.0223003
96.6 -0.00129267 0.0216205
96.72 -0.000502019 0.0208607
96.84 0.000341906 0.0200236
96.96 0.00123634 0.0191121
97.08 0.00217819 0.0181296
97.2 0.00316399 0.0170798
97.32 0.00419001 0.0159671
97.44 0.00525217 0.0147959
97.56 0.00634616 0.0135711
97.68 0.00746737 0.0122981
97.8 0.00861101 0.0109822
97.92 0.00977205 0.00962934
98.04 0.0109453 0.00824535
98.16 0.0121254 0.00683639
98.28 0.013307 0.00540873
98.4 0.0144845 0.00396871
98.52 0.0156523 0.00252273
98.64 0.016805 0.00107718
98.76 0.0179368 -0.000361568
98.88 0.0190423 -0.00178723
99 0.0201162 -0.00319363
99.12 0.0211531 -0.00457478
99.24 0.022148 -0.00592486
99.36 0.0230958 -0.00723832
99.48 0.023992 -0.00850986
99.6 0.024832 -0.0097345
99.72 0.0256117 -0.0109076
99.84 0.0263273 -0.0120249
99.96 0.0269753 -0.0130825
100.08 0.0275525 -0.014077
100.2 0.0280561 -0.0150054
100.32 0.0284839 -0.0158652
100.44 0.0288339 -0.0166542
100.56 0.0291045 -0.0173709
100.68 0.0292948 -0.0180143
100.8 0.029404 -0.0185837
100.92 0.0294322 -0.019079
101.04 0.0293796 -0.0195006
101.16 0.029247 -0.0198494
101.28 0.0290355 -0.0201268
101.4 0.028747 -0.0203346
101.52 0.0283835 -0.020475
101.64 0.0279476 -0.0205507
101.76 0.0274422 -0.0205646
101.88 0.0268707 -0.0205204
102 0.0262369 -0.0204216
102.12 0.0255448 -0.0202724
102.24 0.0247989 -0.0200771
102.36 0.0240039 -0.0198401
102.48 0.0231647 -0.0195663
102.6 0.0222866 -0.0192606
102.72 0.0213751 -0.0189278
102.84 0.0204357 -0.0185732
102.96 0.0194742 -0.0182018
103.08 0.0184964 -0.0178186
103.2 0.0175082 -0.0174288
103.32 0.0165156 -0.0170371
103.44 0.0155246 -0.0166485
103.56 0.0145409 -0.0162674
103.68 0.0135704 -0.0158984
103.8 0.0126188 -0.0155456
103.92 0.0116916 -0.0152128
104.04 0.0107942 -0.0149037
104.16 0.00993156 -0.0146213
104.28 0.0091087 -0.0143686
104.4 0.00833014 -0.014148
104.52 0.00760017 -0.0139617
104.64 0.00692271 -0.0138111
104.76 0.00630134 -0.0136975
104.88 0.00573926 -0.0136216
105 0.00523924 -0.0135838
105.12 0.00480367 -0.0135838
105.24 0.00443449 -0.013621
105.36 0.0041332 -0.0136944
105.48 0.00390086 -0.0138023
105.6 0.00373807 -0.0139429
105.72 0.00364497 -0.0141138
105.84 0.00362124 -0.0143121
105.96 0.00366612 -0.0145348
106.08 0.0037784 -0.0147783
106.2 0.00395644 -0.0150387
106.32 0.00419816 -0.0153119
106.44 0.00450108 -0.0155936
106.56 0.00486232 -0.0158789
106.68 0.00527863 -0.0161631
106.8 0.00574642 -0.0164412
106.92 0.00626174 -0.0167079
107.04 0.00682037 -0.016958
107.16 0.00741779 -0.0171863
107.28 0.00804924 -0.0173874
107.4 0.00870975 -0.0175561
107.52 0.00939416 -0.017687
107.64 0.0100971 -0.0177752
107.76 0.0108133 -0.0178157
107.88 0.011537 -0.0178036
108 0.0122628 -0.0177345
108.12 0.012985 -0.0176039
108.24 0.0136981 -0.0174081
108.36 0.0143965 -0.0171431
108.48 0.0150747 -0.0168058
108.6 0.0157275 -0.0163931
108.72 0.0163496 -0.0159025
108.84 0.016936 -0.0153319
108.96 0.0174819 -0.0146796
109.08 0.0179827 -0.0139444
109.2 0.018434 -0.0131255
109.32 0.0188319 -0.0122227
109.44 0.0191725 -0.0112363
109.56 0.0194524 -0.010167
109.68 0.0196686 -0.00901597
109.8 0.0198183 -0.00778506
109.92 0.0198992 -0.00647649
110.04 0.0199093 -0.00509299
110.16 0.019847 -0.00363778
110.28 0.0197112 -0.00211455
110.4 0.019501 -0.000527409
110.52 0.0192161 0.00111907
110.64 0.0188565 0.00281991
110.76 0.0184228 0.00456977
110.88 0.0179156 0.00636293
111 0.0173363 0.00819334
111.12 0.0166864 0.0100547
111.24 0.015968 0.0119403
111.36 0.0151833 0.0138433
111.48 0.0143351 0.0157567
111.6 0.0134263 0.0176733
111.72 0.0124602 0.0195858
111.84 0.0114406 0.0214866
111.96 0.0103711 0.0233683
112.08 0.00925598 0.0252234
112.2 0.00809949 0.0270444
112.32 0.00690616 0.028824
112.44 0.00568068 0.0305547
112.56 0.00442787 0.0322294
112.68 0.00315269 0.0338412
112.8 0.00186017 0.0353832
112.92 0.000555419 0.0368489
113.04 -0.000756436 0.0382321
113.16 -0.00207024 0.0395267
113.28 -0.00338086 0.0407272
113.4 -0.0046832 0.0418284
113.52 -0.00597223 0.0428254
113.64 -0.00724302 0.0437138
113.76 -0.00849074 0.0444897
113.88 -0.00971071 0.0451494
114 -0.0108984 0.0456901
114.12 -0.0120494 0.0461092
114.24 -0.0131596 0.0464047
114.36 -0.0142251 0.0465751
114.48 -0.0152421 0.0466195
114.6 -0.0162071 0.0465373
114.72 -0.017117 0.0463288
114.84 -0.0179688 0.0459946
114.96 -0.0187597 0.0455359
115.08 -0.0194875 0.0449544
115.2 -0.02015 0.0442522
115.32 -0.0207454 0.0434323
115.44 -0.0212723 0.0424977
115.56 -0.0217293 0.0414522
115.68 -0.0221157 0.0403
115.8 -0.0224308 0.0390457
115.92 -0.0226744 0.0376943
116.04 -0.0228463 0.0362513
116.16 -0.022947 0.0347225
116.28 -0.0229769 0.0331139
116.4 -0.0229369 0.0314321
116.52 -0.0228281 0.0296837
116.64 -0.0226518 0.0278757
116.76 -0.0224097 0.0260154
116.88 -0.0221035 0.02411
117 -0.0217353 0.0221671
117.12 -0.0213073 0.0201943
117.24 -0.020822 0.0181993
117.36 -0.0202819 0.0161898
117.48 -0.0196898 0.0141735
117.6 -0.0190486 0.0121582
117.72 -0.0183614 0.0101514
117.84 -0.0176312 0.00816062
117.96 -0.0168613 0.00619326
118.08 -0.0160551 0.00425652
118.2 -0.0152159 0.00235738
118.32 -0.0143471 0.00050258
118.44 -0.0134522 -0.00130138
118.56 -0.0125347 -0.00304833
118.68 -0.0115981 -0.00473238
118.8 -0.0106458 -0.00634802
118.92 -0.0096814 -0.00789009
119.04 -0.00870823 -0.00935384
119.16 -0.00772969 -0.0107349
119.28 -0.00674912 -0.0120293
119.4 -0.00576976 -0.0132336
119.52 -0.00479481 -0.0143448
119.64 -0.00382735 -0.0153601
119.76 -0.00287038 -0.0162776
119.88 -0.0019268 -0.0170955
120 -0.000999402 -0.0178127
