-0.999 -0.000195571 -0.000177095
-0.998 -0.000792112 -0.00072658
-0.997 -0.00174046 -0.00161949
-0.996 -0.00297286 -0.00278006
-0.995 -0.00447549 -0.0041313
-0.994 -0.00630286 -0.00562156
-0.993 -0.00851242 -0.00720768
-0.992 -0.0110429 -0.00879406
-0.991 -0.0135995 -0.010162
-0.99 -0.0156202 -0.0109559
-0.989 -0.0163687 -0.0107836
-0.988 -0.0151541 -0.00942279
-0.987 -0.0116407 -0.00704421
-0.986 -0.00616991 -0.00433775
-0.985 2.97261e-05 -0.00247289
-0.984 0.00488469 -0.00287886
-0.983 0.00583672 -0.00687187
-0.982 0.000464377 -0.0152211
-0.981 -0.0127964 -0.0278326
-0.98 -0.0340318 -0.0437443
-0.979 -0.0615289 -0.0614796
-0.978 -0.0919572 -0.0795784
-0.977 -0.121176 -0.0970239
-0.976 -0.14551 -0.11339
-0.975 -0.16299 -0.128703
-0.974 -0.173986 -0.143082
-0.973 -0.180892 -0.156218
-0.972 -0.186941 -0.166905
-0.971 -0.1945 -0.172923
-0.97 -0.203356 -0.171557
-0.969 -0.209621 -0.160604
-0.968 -0.206028 -0.139393
-0.967 -0.184041 -0.109334
-0.966 -0.137368 -0.0738431
-0.965 -0.0654945 -0.0377764
-0.964 0.0243585 -0.00648699
-0.963 0.117815 0.0153964
-0.962 0.19651 0.0251274
-0.961 0.243085 0.0223897
-0.96 0.246695 0.00890154
-0.959 0.207285 -0.0126507
-0.958 0.136698 -0.039656
-0.957 0.0554287 -0.0701283
-0.956 -0.0143339 -0.102818
-0.955 -0.0569083 -0.137106
-0.954 -0.0694078 -0.172696
-0.953 -0.0636373 -0.209054
-0.952 -0.0626009 -0.244916
-0.951 -0.092375 -0.278345
-0.95 -0.171757 -0.307474
-0.949 -0.303306 -0.331418
-0.948 -0.469551 -0.350638
-0.947 -0.636659 -0.366662
-0.946 -0.76497 -0.381631
-0.945 -0.822968 -0.398027
-0.944 -0.799705 -0.418429
-0.943 -0.710876 -0.445118
-0.942 -0.595483 -0.479683
-0.941 -0.503237 -0.522907
-0.94 -0.476556 -0.574784
-0.939 -0.533612 -0.634119
-0.938 -0.659068 -0.697508
-0.937 -0.806511 -0.758399
-0.936 -0.912368 -0.807235
-0.935 -0.917154 -0.833004
-0.934 -0.787306 -0.825688
-0.933 -0.529979 -0.778935
-0.932 -0.194514 -0.692451
-0.931 0.141447 -0.573429
-0.93 0.397083 -0.436082
-0.929 0.515576 -0.298691
-0.928 0.483006 -0.178893
-0.927 0.332086 -0.0892065
-0.926 0.129703 -0.034723
-0.925 -0.0474597 -0.0136538
-0.924 -0.141573 -0.0202442
-0.923 -0.137057 -0.0491
-0.922 -0.0695003 -0.0995068
-0.921 -0.0147975 -0.177761
-0.92 -0.0608289 -0.295657
-0.919 -0.271973 -0.464807
-0.918 -0.660441 -0.688891
-0.917 -1.17541 -0.957417
-0.916 -1.71352 -1.24395
-0.915 -2.14717 -1.5098
-0.914 -2.36239 -1.71241
-0.913 -2.29531 -1.81648
-0.912 -1.955 -1.80456
-0.911 -1.42326 -1.68315
-0.91 -0.829065 -1.48112
-0.909 -0.306489 -1.24053
-0.908 0.0482358 -1.00318
-0.907 0.204626 -0.79833
-0.906 0.202185 -0.635654
-0.905 0.131036 -0.505808
-0.904 0.0959583 -0.388197
-0.903 0.17527 -0.263501
-0.902 0.38818 -0.126153
-0.901 0.682927 0.0088076
-0.9 0.951842 0.108165
-0.899 1.0694 0.131855
-0.898 0.939595 0.048845
-0.897 0.534925 -0.148571
-0.896 -0.0870994 -0.437403
-0.895 -0.79563 -0.766627
-0.894 -1.4223 -1.07002
-0.893 -1.80982 -1.2856
-0.892 -1.85863 -1.37497
-0.891 -1.55752 -1.33509
-0.89 -0.988549 -1.19824
-0.889 -0.303209 -1.02044
-0.888 0.323169 -0.862897
-0.887 0.744199 -0.772736
-0.886 0.884229 -0.769314
-0.885 0.754941 -0.840802
-0.884 0.442565 -0.952657
-0.883 0.0724933 -1.06475
-0.882 -0.235769 -1.14973
-0.881 -0.409933 -1.20487
-0.88 -0.45098 -1.2531
-0.879 -0.435325 -1.33375
-0.878 -0.48989 -1.48674
-0.877 -0.74584 -1.73536
-0.876 -1.28656 -2.07354
-0.875 -2.10981 -2.46268
-0.874 -3.11813 -2.84069
-0.873 -4.13922 -3.14021
-0.872 -4.96848 -3.30885
-0.871 -5.42236 -3.32363
-0.87 -5.38963 -3.19583
-0.869 -4.86724 -2.96603
-0.868 -3.96748 -2.69152
-0.867 -2.8898 -2.42961
-0.866 -1.86347 -2.2215
-0.865 -1.08014 -2.08229
-0.864 -0.639247 -2.00066
-0.863 -0.522782 -1.94743
-0.862 -0.605621 -1.88806
-0.861 -0.698082 -1.79428
-0.86 -0.60951 -1.65209
-0.859 -0.216102 -1.46499
-0.858 0.487439 -1.25235
-0.857 1.37232 -1.04309
-0.856 2.20661 -0.86671
-0.855 2.72626 -0.744527
-0.854 2.72359 -0.684509
-0.853 2.12226 -0.680561
-0.852 1.01162 -0.715817
-0.851 -0.371514 -0.769074
-0.85 -1.70824 -0.823271
-0.849 -2.6926 -0.874084
-0.848 -3.13093 -0.935981
-0.847 -3.01442 -1.04308
-0.846 -2.53481 -1.24318
-0.845 -2.02839 -1.58518
-0.844 -1.86028 -2.10232
-0.843 -2.28986 -2.79554
-0.842 -3.36778 -3.62283
-0.841 -4.90106 -4.49966
-0.84 -6.49641 -5.31216
-0.839 -7.67043 -5.94026
-0.838 -7.99894 -6.28471
-0.837 -7.2624 -6.29024
-0.836 -5.53648 -5.95746
-0.835 -3.18637 -5.33907
-0.834 -0.757402 -4.52024
-0.833 1.20194 -3.58995
-0.832 2.32001 -2.61422
-0.831 2.52205 -1.62226
-0.83 2.05073 -0.611122
-0.829 1.37823 0.433358
-0.828 1.03378 1.50756
-0.827 1.39996 2.56458
-0.826 2.54892 3.50288
-0.825 4.18273 4.17603
-0.824 5.70836 4.42419
-0.823 6.42831 4.11895
-0.822 5.78478 3.20647
-0.821 3.57348 1.73278
-0.82 0.0489568 -0.159317
-0.819 -4.12313 -2.26172
-0.818 -8.05795 -4.35026
-0.817 -10.9247 -6.23546
-0.816 -12.2088 -7.79862
-0.815 -11.8741 -9.00274
-0.814 -10.3719 -9.87628
-0.813 -8.48644 -10.477
-0.812 -7.06031 -10.8503
-0.811 -6.68945 -10.9982
-0.81 -7.50037 -10.8724
-0.809 -9.10097 -10.3955
-0.808 -10.7271 -9.50022
-0.807 -11.5264 -8.17117
-0.806 -10.874 -6.47196
-0.805 -8.61228 -4.54734
-0.804 -5.14203 -2.60069
-0.803 -1.32846 -0.853506
-0.802 1.76311 0.502012
-0.801 3.22631 1.34432
-0.8 2.63782 1.64418
-0.799 0.215549 1.45917
-0.798 -3.25304 0.904189
-0.797 -6.67729 0.111768
-0.796 -9.02026 -0.802427
-0.795 -9.62858 -1.75929
-0.794 -8.44012 -2.72068
-0.793 -6.00539 -3.68187
-0.792 -3.30182 -4.65505
-0.791 -1.38816 -5.64773
-0.79 -1.02129 -6.64338
-0.789 -2.38556 -7.59237
-0.788 -5.03657 -8.41637
-0.787 -8.06657 -9.02206
-0.786 -10.4185 -9.318
-0.785 -11.2419 -9.23206
-0.784 -10.1834 -8.73
-0.783 -7.52269 -7.83289
-0.782 -4.09627 -6.62609
-0.781 -1.02412 -5.25247
-0.78 0.665824 -3.88904
-0.779 0.37813 -2.71205
-0.778 -1.86188 -1.8583
-0.777 -5.42507 -1.39181
-0.776 -9.28541 -1.28741
-0.775 -12.351 -1.44172
-0.774 -13.8169 -1.71305
-0.773 -13.4236 -1.97821
-0.772 -11.5307 -2.18518
-0.771 -8.98421 -2.38149
-0.77 -6.83128 -2.70626
-0.769 -5.9785 -3.34324
-0.768 -6.89532 -4.44381
-0.767 -9.44825 -6.04393
-0.766 -12.923 -8.01032
-0.765 -16.2402 -10.0457
-0.764 -18.2983 -11.7578
-0.763 -18.3208 -12.7696
-0.762 -16.0913 -12.832
-0.761 -12.0174 -11.9043
-0.76 -7.01934 -10.1744
-0.759 -2.27601 -8.00766
-0.758 1.11769 -5.83083
-0.757 2.48869 -3.98814
-0.756 1.79905 -2.62766
-0.755 -0.357039 -1.66963
-0.754 -2.97412 -0.870095
-0.753 -4.98502 0.0480047
-0.752 -5.61925 1.24846
-0.751 -4.67313 2.67312
-0.75 -2.62153 4.01079
-0.749 -0.522101 4.76383
-0.748 0.294367 4.40353
-0.747 -1.32761 2.56503
-0.746 -5.93673 -0.795376
-0.745 -13.2273 -5.348
-0.744 -22.0675 -10.4652
-0.743 -30.7879 -15.3949
-0.742 -37.6437 -19.4699
-0.741 -41.3202 -22.2837
-0.74 -41.3361 -23.7779
-0.739 -38.2029 -24.2088
-0.738 -33.2604 -24.003
-0.737 -28.2233 -23.5554
-0.736 -24.5911 -23.0538
-0.735 -23.1334 -22.4013
-0.734 -23.6263 -21.2634
-0.733 -24.9343 -19.2201
-0.732 -25.419 -15.9632
-0.731 -23.553 -11.4685
-0.73 -18.5296 -6.07677
-0.729 -10.6494 -0.447242
-0.728 -1.33193 4.60857
-0.727 7.26903 8.35053
-0.726 12.9248 10.309
-0.725 14.055 10.3931
-0.724 10.2738 8.87928
-0.723 2.55855 6.29001
-0.722 -7.03763 3.20659
-0.721 -16.0456 0.0814591
-0.72 -22.3799 -2.88117
-0.719 -25.0004 -5.73243
-0.718 -24.2161 -8.67907
-0.717 -21.5364 -11.9301
-0.716 -19.1183 -15.5561
-0.715 -18.9794 -19.4093
-0.714 -22.2402 -23.126
-0.713 -28.6743 -26.2096
-0.712 -36.7425 -28.1686
-0.711 -44.0988 -28.6608
-0.71 -48.3828 -27.5897
-0.709 -48.0187 -25.1172
-0.708 -42.7627 -21.5991
-0.707 -33.8223 -17.4814
-0.706 -23.501 -13.198
-0.705 -14.466 -9.09479
-0.704 -8.88357 -5.39243
-0.703 -7.72632 -2.1925
-0.702 -10.4928 0.48327
-0.701 -15.4211 2.64173
-0.7 -20.1122 4.27997
-0.699 -22.3528 5.37135
-0.698 -20.8752 5.8679
-0.697 -15.8057 5.70535
-0.696 -8.64298 4.80895
-0.695 -1.76992 3.1057
-0.694 2.3317 0.54589
-0.693 1.89349 -2.86717
-0.692 -3.55418 -7.04171
-0.691 -12.9991 -11.7623
-0.69 -24.2294 -16.6698
-0.689 -34.5039 -21.2811
-0.688 -41.4034 -25.0625
-0.687 -43.5769 -27.5472
-0.686 -41.1327 -28.4546
-0.685 -35.5587 -27.7703
-0.684 -29.2238 -25.7573
-0.683 -24.6204 -22.8898
-0.682 -23.5597 -19.7205
-0.681 -26.563 -16.7141
-0.68 -32.6654 -14.1084
-0.679 -39.7269 -11.8677
-0.678 -45.1571 -9.75678
-0.677 -46.801 -7.50844
-0.676 -43.6888 -5.01241
-0.675 -36.4225 -2.451
-0.674 -27.0919 -0.327992
-0.673 -18.7125 0.632243
-0.672 -14.3066 -0.298774
-0.671 -15.9008 -3.58346
-0.67 -23.7925 -9.19566
-0.669 -36.3655 -16.5438
-0.668 -50.5253 -24.5814
-0.667 -62.6078 -32.0684
-0.666 -69.4779 -37.8935
-0.665 -69.4964 -41.3556
-0.664 -63.0571 -42.3178
-0.663 -52.4766 -41.1787
-0.662 -41.2165 -38.6632
-0.661 -32.6821 -35.5081
-0.66 -29.0304 -32.1714
-0.659 -30.4171 -28.6827
-0.658 -34.9405 -24.6877
-0.657 -39.2998 -19.6594
-0.656 -39.9712 -13.1976
-0.655 -34.5399 -5.31045
-0.654 -22.7321 3.4272
-0.653 -6.73565 11.9188
-0.652 9.36289 18.8005
-0.651 20.8537 22.8192
-0.65 23.946 23.1946
-0.649 17.0521 19.8393
-0.648 1.38585 13.374
-0.647 -19.3347 4.94244
-0.646 -40.0231 -4.11639
-0.645 -55.853 -12.639
-0.644 -63.8235 -19.9256
-0.643 -63.689 -25.8388
-0.642 -57.9154 -30.6871
-0.641 -50.697 -34.9583
-0.64 -46.3954 -39.022
-0.639 -47.9328 -42.9078
-0.638 -55.684 -46.226
-0.637 -67.2589 -48.2587
-0.636 -78.2911 -48.1956
-0.635 -83.9816 -45.4399
-0.634 -80.8454 -39.8646
-0.633 -68.0215 -31.9168
-0.632 -47.6811 -22.5363
-0.631 -24.412 -12.9331
-0.63 -3.79424 -4.2996
-0.629 9.37149 2.46256
-0.628 12.6013 6.93098
-0.627 6.50322 9.20736
-0.626 -5.49773 9.80141
-0.625 -18.3946 9.39915
-0.624 -27.3459 8.6074
-0.623 -29.3152 7.76231
-0.622 -24.0583 6.8455
-0.621 -14.1578 5.51299
-0.62 -4.11616 3.22599
-0.619 1.20014 -0.544454
-0.618 -1.75157 -6.099
-0.617 -13.9492 -13.3567
-0.616 -33.444 -21.823
-0.615 -55.9896 -30.6831
-0.614 -76.4141 -38.9798
-0.613 -90.2536 -45.8281
-0.612 -95.1157 -50.6197
-0.611 -91.3606 -53.165
-0.61 -81.8901 -53.7162
-0.609 -71.1101 -52.8495
-0.608 -63.4034 -51.2413
-0.607 -61.6355 -49.4212
-0.606 -66.1941 -47.5845
-0.605 -74.8694 -45.5221
-0.604 -83.5824 -42.6903
-0.603 -87.7187 -38.4174
-0.602 -83.663 -32.1978
-0.601 -70.0678 -23.977
-0.6 -48.4419 -14.3118
-0.599 -22.8388 -4.33197
-0.598 1.27182 4.4955
-0.597 18.5888 10.7279
-0.596 25.5219 13.3317
-0.595 21.2292 11.9786
-0.594 7.84541 7.14931
-0.593 -10.1842 -0.00792512
-0.592 -27.4989 -8.02986
-0.591 -39.5254 -15.5781
-0.59 -43.9217 -21.8051
-0.589 -41.2657 -26.5225
-0.588 -34.7587 -30.1282
-0.587 -29.0469 -33.3218
-0.586 -28.5357 -36.7028
-0.585 -35.7206 -40.397
-0.584 -50.0917 -43.869
-0.583 -68.0396 -46.0211
-0.582 -83.8855 -45.5564
-0.581 -91.7329 -41.4729
-0.58 -87.5071 -33.5046
-0.579 -70.4805 -22.3561
-0.578 -43.7669 -9.64702
-0.577 -13.597 2.43919
-0.576 12.4518 11.7132
-0.575 27.7609 16.5692
-0.574 28.7638 16.3966
-0.573 16.0794 11.6697
-0.572 -5.74628 3.70193
-0.571 -29.7991 -5.82393
-0.57 -49.102 -15.3784
-0.569 -58.893 -23.9939
-0.568 -58.1416 -31.4333
-0.567 -49.7954 -38.0619
-0.566 -39.6239 -44.4735
-0.565 -34.0095 -51.0288
-0.564 -37.4651 -57.5073
-0.563 -50.8066 -63.0162
-0.562 -70.6549 -66.1869
-0.561 -90.4268 -65.585
-0.56 -102.467 -60.1979
-0.559 -100.64 -49.8445
-0.558 -82.5581 -35.3686
-0.557 -50.664 -18.53
-0.556 -11.7268 -1.61801
-0.555 25.1555 13.0809
-0.554 51.3512 23.783
-0.553 61.3101 29.5318
-0.552 54.1499 30.282
-0.551 33.7653 26.7492
-0.55 7.45604 20.0907
-0.549 -16.5133 11.5196
-0.548 -31.6634 1.9762
-0.547 -35.4157 -8.03678
-0.546 -29.803 -18.4187
-0.545 -20.539 -29.2836
-0.544 -14.8483 -40.711
-0.543 -18.8476 -52.5241
-0.542 -35.3206 -64.1588
-0.541 -62.5532 -74.6625
-0.54 -94.6217 -82.834
-0.539 -123.128 -87.4841
-0.538 -139.871 -87.7471
-0.537 -139.551 -83.3463
-0.536 -121.544 -74.733
-0.535 -90.1881 -63.0597
-0.534 -53.535 -49.9875
-0.533 -20.9898 -37.3584
-0.532 -0.494356 -26.796
-0.531 3.93073 -19.3254
-0.53 -6.5111 -15.127
-0.529 -25.7556 -13.5181
-0.528 -44.8504 -13.1916
-0.527 -54.8894 -12.6483
-0.526 -49.9391 -10.6953
-0.525 -29.0444 -6.85789
-0.524 3.2981 -1.56825
-0.523 38.3921 3.9437
-0.522 66.0286 8.04547
-0.521 77.8213 9.2746
-0.52 70.0812 6.89698
-0.519 45.1999 1.23433
-0.518 11.0084 -6.38404
-0.517 -21.7174 -14.05
-0.516 -42.8218 -19.9479
-0.515 -46.2641 -23.0351
-0.514 -32.371 -23.4832
-0.513 -7.98969 -22.7024
-0.512 15.6609 -22.8963
-0.511 26.8215 -26.2603
-0.51 17.4205 -34.0914
-0.509 -13.7846 -46.1451
-0.508 -60.2893 -60.506
-0.507 -109.552 -74.0488
-0.506 -146.867 -83.3543
-0.505 -160.19 -85.782
-0.504 -144.28 -80.3388
-0.503 -102.68 -68.0378
-0.502 -46.7355 -51.5969
-0.501 8.08006 -34.5513
-0.5 47.2897 -20.0917
-0.499 62.2205 -10.0587
-0.498 52.8378 -4.46568
-0.497 27.6062 -1.70579
-0.496 0.361096 0.646948
-0.495 -14.7858 4.73685
-0.494 -8.73449 11.4224
-0.493 19.0406 19.7513
-0.492 60.0052 27.1513
-0.491 99.393 30.3082
-0.49 121.362 26.4107
-0.489 114.664 14.2793
-0.488 76.8587 -5.04409
-0.487 15.5864 -28.4476
-0.486 -53.5985 -51.5814
-0.485 -112.167 -70.1059
-0.484 -144.676 -80.9608
-0.483 -143.839 -83.2273
-0.482 -112.809 -78.2659
-0.481 -63.8647 -69.0783
-0.48 -14.0356 -59.1623
-0.479 20.7296 -51.3193
-0.478 30.8357 -46.8404
-0.477 15.9886 -45.3
-0.476 -15.1171 -44.9605
-0.475 -48.2144 -43.6239
-0.474 -68.7702 -39.6334
-0.473 -67.2875 -32.6565
-0.472 -42.6984 -23.9313
-0.471 -2.67577 -15.8725
-0.47 39.1349 -11.2136
-0.469 67.8676 -12.0475
-0.468 72.486 -19.1098
-0.467 49.4598 -31.502
-0.466 3.92767 -46.8966
-0.465 -51.9554 -62.1517
-0.464 -102.883 -74.1537
-0.463 -135.149 -80.6252
-0.462 -140.7 -80.6322
-0.461 -119.224 -74.6531
-0.46 -77.773 -64.2593
-0.459 -28.2274 -51.5859
-0.458 16.4638 -38.774
-0.457 46.0781 -27.5099
-0.456 55.8609 -18.7353
-0.455 47.4973 -12.5786
-0.454 28.1521 -8.50438
-0.453 7.9726 -5.61592
-0.452 -3.15375 -3.00955
-0.451 1.33561 -0.0949285
-0.45 22.618 3.1717
-0.449 55.988 6.18692
-0.448 92.0808 7.78803
-0.447 119.512 6.55832
-0.446 128.216 1.29813
-0.445 112.575 -8.47182
-0.444 73.4404 -22.1396
-0.443 18.4424 -37.9069
-0.442 -39.6859 -53.0564
-0.441 -86.5099 -64.5797
-0.44 -110.175 -70.0384
-0.439 -105.262 -68.3978
-0.438 -74.8601 -60.5069
-0.437 -30.0191 -48.9917
-0.436 13.4061 -37.5407
-0.435 39.6541 -29.7849
-0.434 38.2619 -28.1226
-0.433 7.94874 -32.8706
-0.432 -42.2524 -42.0614
-0.431 -95.347 -52.03
-0.43 -131.766 -58.6672
-0.429 -136.1 -58.9233
-0.428 -102.78 -51.9887
-0.427 -38.5963 -39.6747
-0.426 38.972 -25.8264
-0.425 107.162 -14.9687
-0.424 145.415 -10.662
-0.423 142.556 -14.1355
-0.422 101.128 -23.7
-0.421 37.1157 -35.2081
-0.42 -25.2474 -43.4824
-0.419 -61.9682 -44.241
-0.418 -58.0521 -35.8041
-0.417 -13.2889 -19.9073
-0.416 57.0894 -1.28801
-0.415 127.197 13.8198
-0.414 169.203 19.7496
-0.413 163.09 13.3222
-0.412 104.135 -5.02969
-0.411 5.30063 -31.3326
-0.41 -106.574 -59.3567
-0.409 -199.67 -82.6962
-0.408 -248.031 -96.9017
-0.407 -240.424 -100.87
-0.406 -184.047 -96.9907
-0.405 -101.835 -90.0289
-0.404 -24.3413 -85.2148
-0.403 20.9805 -86.2322
-0.402 19.4154 -93.8103
-0.401 -25.8555 -105.392
-0.4 -94.9538 -115.999
-0.399 -158.484 -120.001
-0.398 -188.117 -113.172
-0.397 -166.765 -94.2778
-0.396 -94.7635 -65.6278
-0.395 10.0601 -32.4157
-0.394 118.328 -1.13313
-0.393 198.941 22.3771
-0.392 229.367 34.5782
-0.391 202.903 35.1013
-0.39 130.535 26.5866
-0.389 36.9176 13.6033
-0.388 -48.0349 1.04063
-0.387 -99.0388 -7.48509
-0.386 -103.51 -10.6861
-0.385 -65.1609 -9.81187
-0.384 -2.04415 -8.00008
-0.383 60.0676 -9.04034
-0.382 96.5466 -15.9903
-0.381 91.9894 -30.0805
-0.38 45.0022 -50.2096
-0.379 -31.5897 -73.1396
-0.378 -114.975 -94.3195
-0.377 -179.678 -109.116
-0.376 -205.692 -114.115
-0.375 -184.825 -108.12
-0.374 -123.174 -92.5283
-0.373 -39.0173 -70.9689
-0.372 42.9834 -48.315
-0.371 99.2868 -29.3708
-0.37 114.416 -17.5776
-0.369 85.481 -14.0793
-0.368 23.0639 -17.4231
-0.367 -51.9282 -24.0545
-0.366 -114.728 -29.5376
-0.365 -144.594 -30.1507
-0.364 -131.535 -24.3088
-0.363 -79.6577 -13.2897
-0.362 -6.0475 -0.986559
-0.361 64.3833 7.26809
-0.36 106.573 6.46571
-0.359 103.351 -6.25199
-0.358 51.4822 -30.3083
-0.357 -36.3858 -61.4593
-0.356 -134.934 -92.8181
-0.355 -213.898 -116.888
-0.354 -247.914 -127.937
-0.353 -225.151 -123.882
-0.352 -151.67 -106.988
-0.351 -49.9688 -83.1239
-0.35 47.9654 -59.7893
-0.349 110.969 -43.5711
-0.348 119.156 -37.9017
-0.347 70.9962 -41.9204
-0.346 -15.6459 -50.8864
-0.345 -109.268 -58.0457
-0.344 -175.616 -57.3151
-0.343 -189.956 -45.8021
-0.342 -146.257 -25.197
-0.341 -59.8431 -1.46589
-0.34 37.5121 17.0786
-0.339 108.388 22.6404
-0.338 122.703 10.7018
-0.337 68.4477 -18.2922
-0.336 -43.5506 -58.9099
-0.335 -182.665 -102.387
-0.334 -308.525 -139.408
-0.333 -384.711 -163.062
-0.332 -391.156 -170.898
-0.331 -330.669 -165.328
-0.33 -227.296 -152.293
-0.329 -117.34 -138.763
-0.328 -36.5402 -130.084
-0.327 -7.98001 -128.124
-0.326 -34.7078 -130.811
-0.325 -99.3731 -133.131
-0.324 -170.912 -129.173
-0.323 -215.965 -114.476
-0.322 -210.946 -87.8075
-0.321 -150.347 -51.7323
-0.32 -48.3257 -11.8092
-0.319 66.6493 25.1943
-0.318 161.689 53.3428
-0.317 210.144 69.0975
-0.316 199.587 71.9648
-0.315 134.935 64.1662
-0.314 36.1169 49.5874
-0.313 -68.7533 32.4378
-0.312 -152.412 16.0635
-0.311 -196.65 2.23804
-0.31 -196.971 -8.94855
-0.309 -162.494 -18.693
-0.308 -111.784 -28.8211
-0.307 -66.5456 -41.1446
-0.306 -45.2815 -56.999
-0.305 -58.42 -76.9547
-0.304 -105.75 -100.599
-0.303 -176.585 -126.345
-0.302 -252.649 -151.391
-0.301 -313.036 -172.02
-0.3 -339.917 -184.335
-0.299 -323.462 -185.276
-0.298 -264.765 -173.635
-0.297 -176.154 -150.703
-0.296 -78.7363 -120.322
-0.295 2.61969 -88.1402
-0.294 46.0918 -60.1068
-0.293 39.9076 -40.5539
-0.292 -12.7899 -30.5768
-0.291 -93.415 -27.4995
-0.29 -172.719 -25.837
-0.289 -219.901 -19.5115
-0.288 -213.288 -4.5191
-0.287 -148.943 18.9538
-0.286 -44.0035 45.7863
-0.285 66.9929 66.9788
-0.284 142.364 72.3882
-0.283 147.339 54.3722
-0.282 67.3402 11.0345
-0.281 -84.595 -52.2904
-0.28 -269.83 -124.095
-0.279 -435.891 -190.084
-0.278 -534.286 -237.706
-0.277 -537.936 -260.21
-0.276 -451.602 -258.729
-0.275 -311.181 -241.569
-0.274 -171.704 -220.862
-0.273 -87.8493 -207.721
-0.272 -93.5624 -207.705
-0.271 -188.191 -218.397
-0.27 -334.943 -230.145
-0.269 -473.269 -229.827
-0.268 -541.236 -206.279
-0.267 -499.454 -155.305
-0.266 -347.193 -82.2813
-0.265 -124.342 -1.2261
-0.264 101.549 69.4365
-0.263 258.507 112.893
-0.262 295.525 119.559
-0.261 201.182 90.2674
-0.26 8.49703 35.8888
-0.259 -216.399 -26.5346
-0.258 -398.112 -79.76
-0.257 -479.396 -112.221
-0.256 -441.483 -121.567
-0.255 -309.644 -114.545
-0.254 -142.334 -103.388
-0.253 -8.52186 -100.315
-0.252 38.2054 -112.3
-0.251 -20.5072 -138.082
-0.25 -161.076 -168.419
-0.249 -326.964 -189.505
-0.248 -450.17 -188.306
-0.247 -477.083 -157.818
-0.246 -388.683 -100.16
-0.245 -207.392 -26.2593
-0.244 11.6109 47.6787
-0.243 200.665 105.428
-0.242 303.489 135.718
-0.241 293.884 135.221
-0.24 182.95 108.715
-0.239 12.8449 66.5391
-0.238 -160.012 20.4139
-0.237 -285.707 -20.7741
-0.236 -337.765 -53.5959
-0.235 -320.164 -80.2045
-0.234 -262.415 -106.159
-0.233 -205.474 -137.083
-0.232 -184.751 -175.649
-0.231 -217.089 -220.055
-0.23 -296.278 -264.472
-0.229 -397.685 -301.124
-0.228 -488.997 -323.064
-0.227 -542.308 -326.475
-0.226 -543.147 -311.64
-0.225 -493.683 -282.359
-0.224 -409.623 -244.262
-0.223 -312.703 -202.851
-0.222 -222.441 -162.09
-0.221 -150.92 -124.047
-0.22 -102.376 -89.569
-0.219 -76.4019 -59.4453
-0.218 -71.5997 -35.2222
-0.217 -87.021 -19.0799
-0.216 -120.902 -12.8106
-0.215 -168.224 -16.5587
-0.214 -219.136 -28.1173
-0.213 -259.672 -43.2459
-0.212 -275.28 -56.9876
-0.211 -256.593 -65.5715
-0.21 -205.478 -68.2044
-0.209 -138.102 -67.8993
-0.208 -81.9825 -70.6487
-0.207 -66.4859 -82.9414
-0.206 -110.13 -108.572
-0.205 -210.499 -146.261
-0.204 -341.896 -189.294
-0.203 -462.519 -227.456
-0.202 -528.929 -250.549
-0.201 -512.688 -252.195
-0.2 -413.067 -232.522
-0.199 -260.482 -198.598
-0.198 -108.016 -162.163
-0.197 -12.7288 -135.207
-0.196 -13.2053 -125.075
-0.195 -112.422 -131.157
-0.194 -273.689 -144.687
-0.193 -432.299 -151.885
-0.192 -518.98 -139.315
-0.191 -486.312 -99.4293
-0.19 -328.055 -34.2099
-0.189 -83.9392 44.5525
-0.188 172.392 118.599
-0.187 358.594 169.091
-0.186 413.321 182.966
-0.185 319.433 157.409
-0.184 111.395 100.724
-0.183 -136.874 29.1702
-0.182 -339.617 -39.1063
-0.181 -431.632 -90.6989
-0.18 -392.631 -121.509
-0.179 -254.26 -137.516
-0.178 -87.5188 -151.584
-0.177 24.3296 -177.669
-0.176 17.4478 -224.62
-0.175 -127.57 -291.787
-0.174 -376.654 -368.117
-0.173 -653.244 -435.258
-0.172 -865.877 -473.75
-0.171 -941.877 -469.981
-0.17 -853.727 -421.105
-0.169 -628.002 -336.07
-0.168 -334.424 -232.607
-0.167 -60.4572 -131.613
-0.166 118.713 -50.9681
-0.165 164.514 -0.731826
-0.164 85.8419 18.8637
-0.163 -67.0465 16.0083
-0.162 -223.305 3.04792
-0.161 -318.934 -8.88971
-0.16 -320.009 -14.1373
-0.159 -232.846 -14.0186
-0.158 -98.3818 -15.4469
-0.157 25.3722 -27.5356
-0.156 85.0946 -57.6268
-0.155 50.3773 -108.05
-0.154 -76.9398 -174.586
-0.153 -264.421 -247.101
-0.152 -460.435 -312.135
-0.151 -611.078 -356.504
-0.15 -676.632 -370.691
-0.149 -642.088 -351.052
-0.148 -518.912 -300.394
-0.147 -338.862 -227.001
-0.146 -143.355 -142.508
-0.145 27.5125 -59.3098
-0.144 143.502 11.8437
-0.143 189.389 63.6467
-0.142 166.907 93.2548
-0.141 93.589 102.425
-0.14 -1.74046 96.5942
-0.139 -86.5897 82.8677
-0.138 -133.914 67.4344
-0.137 -130.056 53.3664
-0.136 -79.2663 39.6224
-0.135 -3.80299 21.4749
-0.134 60.6428 -7.85636
-0.133 74.3274 -54.6566
-0.132 6.8024 -121.657
-0.131 -149.271 -205.391
-0.13 -370.011 -295.371
-0.129 -603.476 -376.105
-0.128 -784.79 -431.551
-0.127 -857.966 -450.298
-0.126 -796.181 -429.476
-0.125 -613.372 -376.139
-0.124 -363.144 -305.729
-0.123 -124.15 -237.822
-0.122 25.2664 -190.047
-0.121 35.6951 -172.034
-0.12 -92.5871 -181.878
-0.119 -306.777 -206.927
-0.118 -519.558 -228.82
-0.117 -641.481 -230.739
-0.116 -614.934 -204.016
-0.115 -436.658 -151.676
-0.114 -160.506 -87.6669
-0.113 120.81 -31.9567
-0.112 309.009 -3.10312
-0.111 336.937 -11.0202
-0.11 194.953 -52.7916
-0.109 -63.7266 -113.293
-0.108 -341.837 -170.523
-0.107 -534.603 -203.709
-0.106 -569.936 -201.132
-0.105 -436.038 -164.548
-0.104 -185.154 -108.369
-0.103 87.5589 -53.9231
-0.102 280.601 -21.3071
-0.101 323.348 -22.1441
-0.1 200.584 -55.8171
-0.099 -43.2455 -110.129
-0.098 -321.002 -165.92
-0.097 -535.478 -204.1
-0.096 -615.951 -212.594
-0.095 -543.727 -190.385
-0.094 -355.566 -146.822
-0.093 -124.498 -96.7403
-0.092 71.344 -54.0753
-0.091 177.316 -26.998
-0.09 178.07 -16.1498
-0.089 97.7596 -15.8481
-0.088 -13.1194 -17.3075
-0.087 -99.3382 -12.7274
-0.086 -123.331 1.16644
-0.085 -78.9984 21.6944
-0.084 9.55327 41.7149
-0.083 102.798 53.1809
-0.082 165.011 50.6463
-0.081 177.609 32.8616
-0.08 141.554 2.02934
-0.079 70.4199 -38.3703
-0.078 -20.5361 -85.7935
-0.077 -123.338 -139.712
-0.076 -239.609 -200.927
-0.075 -374.758 -269.343
-0.074 -527.34 -341.397
-0.073 -680.477 -408.843
-0.072 -801.439 -459.952
-0.071 -851.133 -482.954
-0.07 -800.663 -470.597
-0.069 -648.878 -424.192
-0.068 -432.597 -355.256
-0.067 -221.109 -283.111
-0.066 -92.0294 -228.231
-0.065 -96.7555 -203.759
-0.064 -233.135 -209.442
-0.063 -440.788 -231.335
-0.062 -621.834 -247.395
-0.061 -677.571 -236.377
-0.06 -547.726 -186.818
-0.059 -240.186 -103.319
-0.058 160.459 -7.57299
-0.057 515.285 67.8324
-0.056 683.09 92.034
-0.055 582.26 49.9008
-0.054 231.651 -49.6424
-0.053 -250.801 -175.313
-0.052 -690.279 -284.19
-0.051 -918.885 -336.747
-0.05 -837.885 -310.943
-0.049 -458.705 -210.998
-0.048 93.1717 -67.3826
-0.047 619.382 73.5132
-0.046 924.781 167.217
-0.045 897.269 189.043
-0.044 554.673 143.823
-0.043 38.6081 63.5087
-0.042 -439.659 -5.67967
-0.041 -679.072 -21.37
-0.04 -566.309 37.8594
-0.039 -123.494 162.554
-0.038 495.068 314.302
-0.037 1060.85 439.939
-0.036 1361.18 492.317
-0.035 1281.62 448.403
-0.034 847.165 317.471
-0.033 210.87 137.42
-0.032 -402.434 -38.6345
-0.031 -778.636 -161.245
-0.03 -796.687 -203.017
-0.029 -478.19 -169.156
-0.028 21.9351 -94.4654
-0.027 482.91 -27.4616
-0.026 710.014 -9.69547
-0.025 607.072 -60.1264
-0.024 204.574 -169.685
-0.023 -356.998 -305.675
-0.022 -878.514 -423.595
-0.021 -1175.44 -483.573
-0.02 -1151.46 -466.536
-0.019 -839.592 -382.721
-0.018 -384.489 -266.826
-0.017 27.1669 -161.855
-0.016 247.61 -101.019
-0.015 219.569 -96.6698
-0.014 -14.8015 -138.815
-0.013 -338.433 -200.91
-0.012 -605.083 -250.208
-0.011 -696.381 -260.536
-0.01 -572.809 -223.577
-0.009 -291.507 -152.613
-0.008 25.1914 -75.1814
-0.007 253.394 -18.6871
-0.006 323.716 2.07384
-0.005 242.236 -10.6161
-0.004 76.7752 -40.6946
-0.003 -76.9684 -66.0817
-0.002 -136.754 -68.0946
-0.001 -71.5015 -40.0386
0 81.2177 8.82263
0.001 233.882 57.6336
0.002 298.978 85.5367
0.003 238.961 83.2703
0.004 84.9437 57.537
0.005 -80.8041 27.0379
0.006 -162.565 13.8822
0.007 -92.5175 34.1691
0.008 135.395 90.2157
0.009 451.74 167.248
0.01 732.565 237.864
0.011 855.495 274.513
0.012 763.386 263.893
0.013 495.819 214.302
0.014 171.25 151.912
0.015 -63.9918 109.483
0.016 -92.7829 113.595
0.017 127.04 174.277
0.018 538.166 279.195
0.019 992.756 395.136
0.02 1304.04 479.071
0.021 1327.33 496.263
0.022 1029.62 436.439
0.023 507.334 318.64
0.024 -54.8755 182.72
0.025 -457.781 73.1844
0.026 -560.865 22.7601
0.027 -333.683 40.5458
0.028 127.471 107.591
0.029 627.71 182.331
0.03 946.106 216.229
0.031 927.666 174.481
0.032 550.834 51.8977
0.033 -63.2036 -124.106
0.034 -700.171 -304.069
0.035 -1135.11 -434.87
0.036 -1214.93 -478.607
0.037 -914.69 -426.03
0.038 -348.996 -300.23
0.039 269.272 -148.423
0.04 711.418 -23.8172
0.041 823.09 35.2138
0.042 582.267 19.316
0.043 102.494 -49.9715
0.044 -414.919 -130.194
0.045 -758.512 -175.114
0.046 -786.608 -152.835
0.047 -481.472 -58.6587
0.048 44.5641 82.5544
0.049 596.076 226.176
0.05 974.496 325.769
0.051 1054.3 350.974
0.052 824.231 297.805
0.053 383.285 188.565
0.054 -100.346 62.9592
0.055 -451.654 -36.0683
0.056 -552.693 -77.392
0.057 -384.795 -52.3884
0.058 -29.8956 23.4687
0.059 370.482 119.076
0.06 677.236 201.829
0.061 805.807 250.266
0.062 748.519 260.177
0.063 565.93 243.423
0.064 356.992 221.502
0.065 219.69 216.461
0.066 214.322 241.976
0.067 342.796 297.835
0.068 553.414 370.421
0.069 768.358 438.979
0.07 918.323 484.232
0.071 966.67 495.008
0.072 914.819 470.499
0.073 791.903 418.424
0.074 637.136 350.829
0.075 483.221 279.421
0.076 346.879 212.108
0.077 229.353 151.92
0.078 125.094 98.4334
0.079 32.476 50.5652
0.08 -40.3715 8.925
0.081 -77.9709 -23.5513
0.082 -66.582 -42.8514
0.083 -5.21859 -46.2943
0.084 87.4063 -34.8592
0.085 175.346 -14.0203
0.086 218.854 7.8486
0.087 193.697 23.0919
0.088 106.004 28.5324
0.089 -6.47579 27.1716
0.09 -88.2477 26.8686
0.091 -88.593 36.7486
0.092 16.7087 62.9552
0.093 212.17 105.252
0.094 442.868 155.68
0.095 630.378 200.247
0.096 701.488 223.811
0.097 619.445 216.576
0.098 403.142 179.151
0.099 123.636 123.405
0.1 -121.514 68.4926
0.101 -244.946 33.8567
0.102 -202.24 32.0669
0.103 -8.8937 64.0629
0.104 264.051 118.385
0.105 514.713 174.89
0.106 647.729 212.018
0.107 610.882 215.054
0.108 416.213 181.999
0.109 136.189 124.498
0.11 -124.043 63.4246
0.111 -267.009 20.9818
0.112 -239.564 12.5049
0.113 -51.6901 41.0501
0.114 229.006 96.7251
0.115 503.879 160.867
0.116 680.082 213.325
0.117 703.895 239.985
0.118 578.927 237.772
0.119 363.253 215.438
0.12 146.75 189.963
0.121 16.9595 179.839
0.122 26.6125 197.759
0.123 175.653 245.574
0.124 414.248 313.536
0.125 663.742 383.886
0.126 845.394 436.96
0.127 905.733 457.327
0.128 831.101 438.061
0.129 648.634 382.24
0.13 414.538 301.445
0.131 193.705 211.75
0.132 37.8588 128.51
0.133 -29.4869 61.9715
0.134 -16.0161 15.3655
0.135 47.6473 -14.1861
0.136 121.798 -32.9706
0.137 170.937 -47.6164
0.138 173.042 -62.5856
0.139 124.051 -78.6387
0.14 37.6963 -92.5322
0.141 -59.0415 -98.1013
0.142 -133.831 -88.452
0.143 -157.998 -58.4511
0.144 -114.032 -6.60421
0.145 -0.0507694 64.127
0.146 168.974 146.51
0.147 363.033 230.034
0.148 542.133 302.622
0.149 664.798 352.91
0.15 699.075 372.732
0.151 633.249 359.192
0.152 482.121 315.684
0.153 285.348 251.417
0.154 96.9699 179.336
0.155 -31.0992 112.81
0.156 -66.1397 62.0639
0.157 -6.18616 31.5409
0.158 118.238 19.171
0.159 253.487 17.7942
0.16 341.136 18.3228
0.161 339.898 13.7073
0.162 243.295 2.39277
0.163 85.3693 -10.1741
0.164 -69.5123 -12.9867
0.165 -150.008 6.31602
0.166 -105.443 56.055
0.167 73.23 136.185
0.168 347.259 236.809
0.169 641.011 340.117
0.17 866.509 425.164
0.171 953.651 474.08
0.172 875.777 477.777
0.173 660.657 439.035
0.174 381.475 371.516
0.175 130.277 294.806
0.176 -15.9454 227.387
0.177 -23.015 180.385
0.178 89.3918 154.421
0.179 256.9 140.537
0.18 395.664 124.626
0.181 434.297 93.6888
0.182 341.103 41.7099
0.183 136.657 -27.1142
0.184 -113.335 -99.1667
0.185 -322.603 -156.08
0.186 -416.902 -181.482
0.187 -361.772 -167.133
0.188 -174.681 -116.071
0.189 82.4951 -41.6504
0.19 326.906 37.0501
0.191 484.622 101.675
0.192 515.944 140.535
0.193 427.419 151.937
0.194 266.915 143.805
0.195 104.118 129.886
0.196 3.95986 124.053
0.197 3.09313 134.893
0.198 98.2886 162.632
0.199 250.635 199.502
0.2 402.831 233.227
0.201 501.749 252.04
0.202 517.121 249.12
0.203 449.941 224.797
0.204 328.915 185.936
0.205 197.649 143.055
0.206 97.923 106.366
0.207 55.2273 82.2387
0.208 71.6749 71.4022
0.209 128.488 69.5188
0.21 196.196 69.7819
0.211 247.342 66.2303
0.212 265.895 56.2282
0.213 250.109 41.1485
0.214 209.39 25.3081
0.215 158.234 13.9419
0.216 110.461 11.1793
0.217 75.7423 18.7733
0.218 58.9723 35.9735
0.219 61.9616 60.4764
0.22 85.9183 89.8904
0.221 132.626 122.852
0.222 202.833 159.098
0.223 292.454 198.452
0.224 389.336 239.383
0.225 473.72 278.108
0.226 523.558 308.877
0.227 522.858 325.499
0.228 469.319 323.539
0.229 377.52 302.255
0.23 275.708 265.353
0.231 196.614 220.058
0.232 165.134 174.701
0.233 187.426 135.71
0.234 246.281 105.257
0.235 305.74 80.6418
0.236 324.305 55.8171
0.237 272.113 24.5866
0.238 145.167 -15.7938
0.239 -29.6921 -62.204
0.24 -201.905 -105.665
0.241 -314.385 -134.001
0.242 -324.575 -136.234
0.243 -221.411 -107.034
0.244 -31.525 -49.4861
0.245 188.158 24.9813
0.246 369.38 99.6583
0.247 456.656 157.741
0.248 427.707 187.852
0.249 302.145 187.772
0.25 134.402 164.813
0.251 -6.81655 132.615
0.252 -64.6963 105.629
0.253 -15.914 93.5115
0.254 120.487 97.5372
0.255 290.06 110.341
0.256 423.096 119.065
0.257 460.806 110.828
0.258 378.132 78.4904
0.259 194.546 24.4258
0.26 -31.8024 -39.3556
0.261 -224.823 -94.9368
0.262 -318.178 -124.668
0.263 -279.178 -117.401
0.264 -119.955 -72.4659
0.265 107.655 0.0195135
0.266 331.018 82.5436
0.267 482.342 156.086
0.268 522.046 206.375
0.269 451.625 228.245
0.27 311.366 226.496
0.271 163.862 213.052
0.272 69.8284 201.637
0.273 65.7264 202.105
0.274 151.534 216.621
0.275 292.533 239.024
0.276 433.433 257.488
0.277 518.987 259.324
0.278 513.59 236.049
0.279 413.178 186.819
0.28 245.638 119.022
0.281 60.0537 45.9344
0.282 -90.9433 -17.6294
0.283 -169.019 -60.0406
0.284 -161.775 -76.2666
0.285 -84.5501 -68.807
0.286 27.2677 -45.9854
0.287 131.762 -18.4475
0.288 194.646 4.67938
0.289 199.405 18.5721
0.29 150.708 23.6333
0.291 70.7727 24.4914
0.292 -9.43511 27.6315
0.293 -60.9248 38.5872
0.294 -65.6951 59.7257
0.295 -21.2924 89.4056
0.296 59.9994 122.711
0.297 156.251 153.286
0.298 242.94 175.415
0.299 299.617 185.545
0.3 314.655 182.907
0.301 287.456 169.251
0.302 227.986 147.994
0.303 153.8 123.098
0.304 85.2214 98.0566
0.305 39.854 75.2683
0.306 27.9056 55.8886
0.307 49.49 40.0344
0.308 94.4591 27.083
0.309 144.791 15.9043
0.31 179.242 5.06125
0.311 179.512 -6.88071
0.312 136.46 -20.8635
0.313 54.2677 -36.7718
0.314 -49.3664 -53.0361
0.315 -147.679 -66.6558
0.316 -212.812 -73.779
0.317 -224.734 -70.7699
0.318 -178.139 -55.4785
0.319 -84.9611 -28.2766
0.32 28.5664 7.57058
0.321 129.788 46.4598
0.322 190.248 81.8968
0.323 195.577 108.437
0.324 150.942 123.445
0.325 79.6159 127.947
0.326 14.8429 126.165
0.327 -12.181 123.82
0.328 16.1835 125.841
0.329 97.1774 134.345
0.33 207.886 147.633
0.331 312.562 160.604
0.332 374.715 166.502
0.333 369.972 159.473
0.334 295.16 137.011
0.335 170.091 101.337
0.336 31.1495 59.0668
0.337 -81.1087 19.2499
0.338 -135.754 -9.51277
0.339 -121.676 -21.7947
0.34 -50.7283 -16.9835
0.341 46.9793 0.689621
0.342 133.817 23.7242
0.343 177.703 43.9987
0.344 163.05 55.5695
0.345 95.8123 56.6036
0.346 0.891096 49.7405
0.347 -87.1069 40.7933
0.348 -136.276 36.3416
0.349 -128.446 41.1416
0.35 -65.0615 56.2754
0.351 33.809 78.6583
0.352 136.599 102.041
0.353 210.856 119.131
0.354 233.767 124.054
0.355 199.244 114.322
0.356 119.389 91.6181
0.357 20.0054 61.2268
0.358 -68.2094 30.3212
0.359 -119.671 5.73683
0.36 -121.738 -8.03284
0.361 -77.9414 -9.9681
0.362 -5.9396 -2.4675
0.363 68.7124 9.77206
0.364 120.82 21.4738
0.365 133.345 28.5115
0.366 102.525 29.1422
0.367 38.8216 24.4152
0.368 -36.6004 17.6697
0.369 -98.7543 13.2942
0.37 -126.782 15.1659
0.371 -110.407 25.2999
0.372 -52.9711 43.1322
0.373 29.6208 65.6017
0.374 113.609 87.9454
0.375 174.412 104.966
0.376 194.086 112.451
0.377 166.982 108.365
0.378 101.683 93.4689
0.379 18.4041 71.1263
0.38 -57.4094 46.3408
0.381 -103.199 24.3134
0.382 -106.526 8.96473
0.383 -69.1607 1.85227
0.384 -6.73668 1.80406
0.385 56.1151 5.40461
0.386 93.8255 8.22902
0.387 88.655 6.4696
0.388 37.1933 -1.57561
0.389 -47.799 -14.6866
0.39 -141.046 -28.9098
0.391 -212.817 -38.7449
0.392 -238.74 -38.976
0.393 -208.097 -26.5429
0.394 -127.741 -1.79628
0.395 -20.1876 31.3335
0.396 83.6371 66.3608
0.397 154.623 96.1557
0.398 175.216 115.128
0.399 145.275 120.951
0.4 81.9338 115.215
0.401 13.4177 102.752
0.402 -31.0714 89.8248
0.403 -31.8524 81.8329
0.404 14.1171 81.385
0.405 92.0614 87.4276
0.406 174.535 95.7274
0.407 231.039 100.512
0.408 238.717 96.6916
0.409 190.448 81.8791
0.41 97.5043 57.4834
0.411 -14.1705 28.4273
0.412 -112.798 1.56254
0.413 -171.579 -16.643
0.414 -177.578 -22.2796
0.415 -135.557 -15.2502
0.416 -65.5921 0.799289
0.417 4.42432 19.7994
0.418 48.5945 35.3438
0.419 51.7563 42.8206
0.42 14.2611 40.8516
0.421 -48.7284 31.5435
0.422 -113.071 19.4937
0.423 -154.445 9.96946
0.424 -156.864 6.97073
0.425 -117.898 11.8809
0.426 -48.9409 23.1366
0.427 29.2039 36.9589
0.428 93.6031 48.8233
0.429 126.766 55.1154
0.43 122.056 54.377
0.431 85.2863 47.7178
0.432 32.1061 38.2861
0.433 -17.7708 30.0452
0.434 -47.3557 26.3388
0.435 -47.7815 28.7687
0.436 -20.6062 36.744
0.437 23.4196 47.7955
0.438 68.3556 58.4692
0.439 98.3552 65.4493
0.44 102.558 66.5265
0.441 78.1676 61.128
0.442 30.8827 50.3012
0.443 -27.2785 36.232
0.444 -81.8908 21.5178
0.445 -120.398 8.46398
0.446 -135.443 -1.38926
0.447 -126.439 -7.42456
0.448 -99.1652 -9.83703
0.449 -63.6754 -9.36593
0.45 -31.1863 -6.97947
0.451 -10.7969 -3.59232
0.452 -6.94684 0.137637
0.453 -18.2946 3.91714
0.454 -38.2809 7.83662
0.455 -57.1843 12.3148
0.456 -65.1075 17.9685
0.457 -55.1101 25.3931
0.458 -25.6176 34.8651
0.459 18.6498 46.0457
0.46 67.6277 57.8159
0.461 108.592 68.3556
0.462 129.875 75.5014
0.463 124.537 77.3217
0.464 92.8411 72.7631
0.465 42.6443 62.1622
0.466 -12.6052 47.4002
0.467 -57.8071 31.5589
0.468 -80.8802 18.1238
0.469 -76.6159 9.9812
0.47 -48.3734 8.56438
0.471 -6.98257 13.4447
0.472 32.8636 22.5093
0.473 57.5946 32.6857
0.474 59.481 41.006
0.475 39.4252 45.654
0.476 6.73079 46.5904
0.477 -24.193 45.4711
0.478 -39.0765 44.8704
0.479 -29.1099 47.1255
0.48 5.57017 53.2644
0.481 55.4891 62.4114
0.482 104.734 71.8818
0.483 136.213 77.9686
0.484 137.514 77.2041
0.485 105.321 67.6733
0.486 46.7934 49.8657
0.487 -22.6553 26.6945
0.488 -84.4028 2.65813
0.489 -122.716 -17.5263
0.49 -129.779 -30.3205
0.491 -107.938 -34.3398
0.492 -68.4659 -30.6194
0.493 -27.3154 -22.0871
0.494 0.613944 -12.4079
0.495 6.68838 -4.61028
0.496 -8.59758 -0.0285651
0.497 -36.0876 2.02572
0.498 -61.5311 3.78042
0.499 -70.9219 7.95554
0.5 -55.6798 16.5711
0.501 -15.8529 30.0264
0.502 39.7367 46.7611
0.503 96.3943 63.6357
0.504 138.449 76.9252
0.505 154.437 83.5694
0.506 140.799 82.1974
0.507 102.865 73.5439
0.508 52.8582 60.1505
0.509 5.69961 45.5084
0.51 -25.9068 32.9551
0.511 -35.4176 24.6782
0.512 -24.1617 21.1431
0.513 -0.361197 21.1317
0.514 24.0838 22.364
0.515 37.8708 22.4402
0.516 34.1475 19.724
0.517 12.6743 13.8579
0.518 -20.34 5.79246
0.519 -54.5536 -2.62025
0.52 -79.0784 -9.3055
0.521 -86.1039 -12.6891
0.522 -73.3795 -12.2139
0.523 -44.7932 -8.46305
0.524 -8.92813 -2.85934
0.525 23.8541 2.90459
0.526 44.7863 7.46354
0.527 49.4183 10.2034
0.528 38.8621 11.4147
0.529 19.2453 12.1617
0.53 -0.389118 13.9096
0.531 -11.0559 18.0206
0.532 -6.73681 25.2798
0.533 13.6958 35.6145
0.534 46.1425 48.0868
0.535 82.5918 61.124
0.536 113.613 72.8808
0.537 131.213 81.6328
0.538 131.195 86.1282
0.539 114.329 85.8298
0.54 85.9882 80.9819
0.541 54.3471 72.482
0.542 27.7286 61.5989
0.543 11.9699 49.6383
0.544 8.68872 37.6599
0.545 14.9907 26.3089
0.546 24.6666 15.7867
0.547 30.4679 5.96738
0.548 26.7298 -3.36547
0.549 11.4878 -12.2352
0.55 -12.644 -20.2542
0.551 -39.1787 -26.5707
0.552 -59.8319 -30.0234
0.553 -67.2581 -29.4611
0.554 -57.5263 -24.126
0.555 -31.5227 -13.9871
0.556 5.17057 0.0885609
0.557 43.9006 16.4023
0.558 75.5704 32.7425
0.559 93.4143 46.8757
0.56 94.9853 57.0621
0.561 82.6881 62.4322
0.562 62.7179 63.1072
0.563 42.8152 60.0371
0.564 29.6181 54.6197
0.565 26.4907 48.2228
0.566 32.5438 41.7713
0.567 43.1677 35.5455
0.568 51.8852 29.2619
0.569 52.8496 22.3901
0.57 43.0813 14.5705
0.571 23.6544 5.95841
0.572 -0.553043 -2.63624
0.573 -22.4288 -9.87054
0.574 -34.9746 -14.222
0.575 -33.6446 -14.4705
0.576 -17.8882 -10.1436
0.577 8.62477 -1.74957
0.578 39.1639 9.29945
0.579 66.0605 21.0494
0.58 83.054 31.5151
0.581 87.0865 39.169
0.582 79.002 43.2664
0.583 62.9831 43.9293
0.584 44.9688 41.9704
0.585 30.6095 38.5174
0.586 23.4527 34.5768
0.587 23.9474 30.7111
0.588 29.5504 26.9446
0.589 35.8366 22.9051
0.59 38.1904 18.1092
0.591 33.4968 12.2732
0.592 21.2819 5.54473
0.593 3.94827 -1.41727
0.594 -13.9462 -7.55373
0.595 -27.1107 -11.6846
0.596 -31.1744 -12.8568
0.597 -24.0498 -10.6269
0.598 -6.59653 -5.18205
0.599 17.6054 2.71956
0.6 43.2939 11.949
0.601 65.0543 21.2836
0.602 78.8643 29.6887
0.603 83.1827 36.5266
0.604 79.2569 41.6261
0.605 70.5806 45.2034
0.606 61.6886 47.6817
0.607 56.661 49.488
0.608 57.7896 50.886
0.609 64.8244 51.8781
0.61 75.0571 52.1974
0.611 84.2305 51.4019
0.612 87.9838 49.0415
0.613 83.3517 44.8362
0.614 69.8239 38.796
0.615 49.6228 31.2559
0.616 27.1033 22.8329
0.617 7.44072 14.3217
0.618 -4.99877 6.53434
0.619 -8.0729 0.114603
0.62 -2.56677 -4.61053
0.621 8.08417 -7.67518
0.622 18.9729 -9.39909
0.623 25.3996 -10.2343
0.624 24.4843 -10.5911
0.625 16.1847 -10.6837
0.626 3.37364 -10.4269
0.627 -9.07853 -9.42741
0.628 -15.9495 -7.10631
0.629 -13.4893 -2.93142
0.63 -0.778612 3.33122
0.631 19.8732 11.4534
0.632 43.6291 20.7249
0.633 64.6721 30.0756
0.634 78.0742 38.3026
0.635 81.3662 44.3552
0.636 75.282 47.6011
0.637 63.4077 47.9767
0.638 50.8397 45.9494
0.639 42.3264 42.3024
0.64 40.5761 37.8364
0.641 45.3384 33.107
0.642 53.5605 28.2817
0.643 60.5401 23.1565
0.644 61.6655 17.3274
0.645 54.1446 10.466
0.646 38.1129 2.59586
0.647 16.7112 -5.75379
0.648 -4.90769 -13.5959
0.649 -21.2756 -19.7205
0.65 -28.3881 -23.028
0.651 -24.9545 -22.8503
0.652 -12.7293 -19.1606
0.653 4.15613 -12.6034
0.654 20.6225 -4.3209
0.655 32.341 4.37608
0.656 37.1034 12.3711
0.657 35.385 19.0027
0.658 29.9381 24.1392
0.659 24.6299 28.0671
0.66 22.9835 31.256
0.661 26.9201 34.0865
0.662 36.095 36.631
0.663 48.0354 38.5747
0.664 59.0307 39.3198
0.665 65.4557 38.2367
0.666 65.0339 34.9534
0.667 57.5887 29.5582
0.668 45.0573 22.6439
0.669 30.8335 15.1874
0.67 18.6992 8.31365
0.671 11.6744 3.00921
0.672 11.1301 -0.127536
0.673 16.4481 -1.01425
0.674 25.3396 -0.0404196
0.675 34.6852 2.12509
0.676 41.5687 4.78695
0.677 44.1416 7.43471
0.678 42.0786 9.84668
0.679 36.5482 12.0729
0.68 29.7457 14.3215
0.681 24.1253 16.793
0.682 21.5706 19.5266
0.683 22.7869 22.3195
0.684 27.1156 24.7573
0.685 32.8014 26.3378
0.686 37.5809 26.6321
0.687 39.3914 25.4162
0.688 37.0043 22.7334
0.689 30.4199 18.8742
0.69 20.9014 14.2935
0.691 10.6144 9.49474
0.692 1.98174 4.92146
0.693 -3.03052 0.890158
0.694 -3.47723 -2.42284
0.695 0.307067 -4.95183
0.696 6.81985 -6.69365
0.697 13.8499 -7.66507
0.698 19.1686 -7.88034
0.699 21.2452 -7.35117
0.7 19.7416 -6.10046
0.701 15.6122 -4.17546
0.702 10.7844 -1.64844
0.703 7.52688 1.39423
0.704 7.69282 4.86124
0.705 12.0668 8.65139
0.706 20.0352 12.6347
0.707 29.7232 16.6298
0.708 38.5789 20.3893
0.709 44.2053 23.6053
0.71 45.1389 25.9427
0.711 41.3117 27.1007
0.712 34.06 26.8924
0.713 25.6796 25.3133
0.714 18.6568 22.5627
0.715 14.8157 19.0025
0.716 14.6851 15.0645
0.717 17.3324 11.1389
0.718 20.7356 7.48273
0.719 22.5432 4.17988
0.72 20.9339 1.16685
0.721 15.2853 -1.68134
0.722 6.43794 -4.43492
0.723 -3.52966 -7.01041
0.724 -11.9591 -9.13598
0.725 -16.4888 -10.4021
0.726 -15.8405 -10.3838
0.727 -10.2256 -8.79323
0.728 -1.23685 -5.60725
0.729 8.71437 -1.12025
0.73 17.199 4.10285
0.731 22.5399 9.36278
0.732 24.2984 14.0072
0.733 23.3225 17.5942
0.734 21.3461 19.9811
0.735 20.2929 21.3121
0.736 21.5441 21.9119
0.737 25.4287 22.1235
0.738 31.1048 22.1508
0.739 36.8533 21.9704
0.74 40.6783 21.3468
0.741 41.0031 19.948
0.742 37.2166 17.5102
0.743 29.8779 13.9853
0.744 20.5251 9.61405
0.745 11.1764 4.90114
0.746 3.71114 0.496789
0.747 -0.672357 -2.97895
0.748 -1.76344 -5.11262
0.749 -0.321926 -5.80944
0.75 2.25378 -5.29747
0.751 4.4517 -4.02332
0.752 5.16577 -2.48494
0.753 4.0248 -1.06905
0.754 1.44235 0.0510052
0.755 -1.588 0.931535
0.756 -3.85732 1.79181
0.757 -4.35209 2.8897
0.758 -2.59558 4.3845
0.759 1.18649 6.24063
0.76 6.13804 8.21346
0.761 11.0555 9.92443
0.762 14.7687 10.9916
0.763 16.4814 11.1602
0.764 15.9742 10.3843
0.765 13.6341 8.83934
0.766 10.3224 6.86615
0.767 7.11485 4.86718
0.768 4.97797 3.18864
0.769 4.4787 2.02742
0.77 5.62347 1.39624
0.771 7.87885 1.1575
0.772 10.3578 1.10625
0.773 12.1044 1.06363
0.774 12.3903 0.944517
0.775 10.9437 0.780205
0.776 8.04324 0.695167
0.777 4.44303 0.850682
0.778 1.14217 1.37674
0.779 -0.930298 2.31642
0.78 -1.21233 3.60238
0.781 0.308532 5.07266
0.782 3.08625 6.51648
0.783 6.18717 7.73049
0.784 8.59069 8.56567
0.785 9.52422 8.95204
0.786 8.71774 8.8976
0.787 6.48824 8.46713
0.788 3.62694 7.75176
0.789 1.131 6.84139
0.79 -0.132363 5.80744
0.791 0.275988 4.69819
0.792 2.20545 3.54338
0.793 4.95447 2.36417
0.794 7.50899 1.18503
0.795 8.89986 0.0436997
0.796 8.5456 -1.00433
0.797 6.45471 -1.88801
0.798 3.22442 -2.52755
0.799 -0.151985 -2.84273
0.8 -2.60361 -2.7618
0.801 -3.32967 -2.23366
0.802 -2.067 -1.24394
0.803 0.820286 0.169602
0.804 4.47152 1.91071
0.805 7.83549 3.83265
0.806 10.0317 5.75958
0.807 10.6306 7.51506
0.808 9.76322 8.95043
0.809 8.03913 9.96761
0.81 6.31194 10.5309
0.811 5.3673 10.6628
0.812 5.63463 10.4232
0.813 7.02545 9.87887
0.814 8.96397 9.07648
0.815 10.6003 8.03248
0.816 11.1203 6.74273
0.817 10.0325 5.20648
0.818 7.33449 3.45309
0.819 3.51383 1.56123
0.82 -0.607941 -0.336768
0.821 -4.13429 -2.06933
0.822 -6.37221 -3.45761
0.823 -7.03653 -4.35692
0.824 -6.31021 -4.69371
0.825 -4.7451 -4.48385
0.826 -3.04735 -3.82454
0.827 -1.82958 -2.86359
0.828 -1.41475 -1.75812
0.829 -1.75268 -0.637235
0.83 -2.46973 0.420294
0.831 -3.0273 1.3886
0.832 -2.92896 2.27903
0.833 -1.90188 3.1133
0.834 0.0069107 3.89587
0.835 2.44522 4.59701
0.836 4.87061 5.15411
0.837 6.72552 5.49119
0.838 7.61475 5.54777
0.839 7.42496 5.30459
0.84 6.34566 4.79542
0.841 4.78981 4.10164
0.842 3.24984 3.3325
0.843 2.14309 2.59838
0.844 1.69381 1.985
0.845 1.8803 1.53568
0.846 2.45813 1.24725
0.847 3.05342 1.08041
0.848 3.29713 0.980006
0.849 2.95275 0.896759
0.85 1.99045 0.802065
0.851 0.585757 0.692024
0.852 -0.946909 0.581959
0.853 -2.2556 0.495972
0.854 -3.05497 0.456205
0.855 -3.20698 0.475014
0.856 -2.75689 0.551538
0.857 -1.91108 0.672939
0.858 -0.961893 0.81966
0.859 -0.186462 0.972635
0.86 0.242785 1.11931
0.861 0.305601 1.25597
0.862 0.128474 1.38631
0.863 -0.0662 1.51825
0.864 -0.038632 1.66106
0.865 0.384742 1.82328
0.866 1.24763 2.01026
0.867 2.44165 2.22041
0.868 3.73419 2.44204
0.869 4.83773 2.6528
0.87 5.49699 2.82301
0.871 5.56481 2.92166
0.872 5.04295 2.92357
0.873 4.07666 2.81625
0.874 2.90657 2.60555
0.875 1.79432 2.31761
0.876 0.946434 1.99495
0.877 0.459717 1.68619
0.878 0.303938 1.43285
0.879 0.346059 1.25828
0.88 0.407361 1.1629
0.881 0.333581 1.12697
0.882 0.0531515 1.1197
0.883 -0.397412 1.11142
0.884 -0.889295 1.08463
0.885 -1.25033 1.03984
0.886 -1.32773 0.993573
0.887 -1.04339 0.969173
0.888 -0.425079 0.984176
0.889 0.395841 1.03947
0.89 1.2205 1.11475
0.891 1.84231 1.1727
0.892 2.11058 1.171
0.893 1.97496 1.07793
0.894 1.49533 0.885422
0.895 0.816277 0.614284
0.896 0.118416 0.309575
0.897 -0.435956 0.0279614
0.898 -0.747031 -0.178397
0.899 -0.799793 -0.27636
0.9 -0.658633 -0.260108
0.901 -0.436123 -0.15022
0.902 -0.247024 0.0162679
0.903 -0.165069 0.200795
0.904 -0.198774 0.376778
0.905 -0.293548 0.536191
0.906 -0.356524 0.687406
0.907 -0.293326 0.846471
0.908 -0.0439602 1.02587
0.909 0.393222 1.22492
0.91 0.956609 1.42541
0.911 1.53725 1.59453
0.912 2.01086 1.69487
0.913 2.27534 1.69746
0.914 2.28076 1.59262
0.915 2.04165 1.39394
0.916 1.62877 1.13425
0.917 1.14462 0.855914
0.918 0.692198 0.598981
0.919 0.347145 0.391222
0.92 0.140675 0.242978
0.921 0.0570469 0.14836
0.922 0.0455894 0.0919093
0.923 0.0431421 0.0576173
0.924 -0.000897345 0.0362909
0.925 -0.106054 0.0284019
0.926 -0.255352 0.0419361
0.927 -0.403901 0.0867893
0.928 -0.496772 0.168284
0.929 -0.488949 0.282549
0.93 -0.361088 0.415761
0.931 -0.12699 0.547571
0.932 0.169312 0.657173
0.933 0.466359 0.729443
0.934 0.704108 0.758787
0.935 0.842208 0.749643
0.936 0.870988 0.713901
0.937 0.811669 0.666322
0.938 0.706924 0.619578
0.939 0.605955 0.5808
0.94 0.548954 0.550898
0.941 0.555283 0.526524
0.942 0.618767 0.503212
0.943 0.711543 0.477981
0.944 0.794992 0.450443
0.945 0.833582 0.422483
0.946 0.806541 0.396985
0.947 0.713551 0.376107
0.948 0.573329 0.35975
0.949 0.416264 0.345074
0.95 0.273829 0.327494
0.951 0.168429 0.302675
0.952 0.107235 0.268383
0.953 0.0819009 0.225282
0.954 0.0736104 0.176522
0.955 0.0610761 0.126628
0.956 0.028579 0.0802422
0.957 -0.0284513 0.0410056
0.958 -0.101962 0.0108522
0.959 -0.17439 -0.0099889
0.96 -0.22525 -0.0222794
0.961 -0.238554 -0.0268124
0.962 -0.208067 -0.0238438
0.963 -0.138787 -0.0132303
0.964 -0.0448263 0.0049425
0.965 0.0550297 0.029726
0.966 0.142643 0.0590038
0.967 0.205293 0.0895951
0.968 0.238473 0.117751
0.969 0.245744 0.139971
0.97 0.235853 0.153873
0.971 0.218641 0.158754
0.972 0.201619 0.155549
0.973 0.188244 0.146261
0.974 0.177933 0.133175
0.975 0.167339 0.118222
0.976 0.152379 0.102657
0.977 0.130368 0.0870566
0.978 0.101432 0.0715791
0.979 0.0686152 0.0563637
0.98 0.0366996 0.0418538
0.981 0.0104693 0.028858
0.982 -0.00678096 0.0183168
0.983 -0.0140399 0.0109318
0.984 -0.0126092 0.00687729
0.985 -0.00547885 0.00572646
0.986 0.0037245 0.00658377
0.987 0.0118507 0.0083486
0.988 0.0169949 0.0100201
0.989 0.0186891 0.0109419
0.99 0.0175808 0.0108965
0.991 0.0148585 0.0100245
0.992 0.0116896 0.00863915
0.993 0.00884558 0.00704839
0.994 0.00659329 0.00546075
0.995 0.00483102 0.00398213
0.996 0.00334561 0.00266223
0.997 0.00202774 0.00154534
0.998 0.000938907 0.000693332
0.999 0.000231085 0.000169623
0.12 21.0067 1.47415
0.24 21.0441 1.48545
0.36 21.1064 1.50422
0.48 21.1932 1.53035
0.6 21.3042 1.56369
0.72 21.4388 1.60406
0.84 21.5966 1.65122
0.96 21.7768 1.70492
1.08 21.9786 1.76484
1.2 22.2013 1.83067
1.32 22.4438 1.90203
1.44 22.7051 1.97852
1.56 22.9842 2.05974
1.68 23.2798 2.14522
1.8 23.5908 2.23451
1.92 23.9158 2.32712
2.04 24.2536 2.42256
2.16 24.6026 2.52031
2.28 24.9616 2.61986
2.4 25.329 2.72069
2.52 25.7035 2.82228
2.64 26.0834 2.92409
2.76 26.4674 3.02563
2.88 26.8539 3.12638
3 27.2414 3.22585
3.12 27.6285 3.32355
3.24 28.0138 3.41902
3.36 28.3958 3.51182
3.48 28.7731 3.60153
3.6 29.1443 3.68775
3.72 29.5083 3.7701
3.84 29.8637 3.84826
3.96 30.2094 3.92191
4.08 30.5441 3.99076
4.2 30.867 4.05458
4.32 31.1768 4.11316
4.44 31.4729 4.16631
4.56 31.7542 4.21389
4.68 32.02 4.2558
4.8 32.2696 4.29197
4.92 32.5025 4.32235
5.04 32.7181 4.34695
5.16 32.9159 4.36579
5.28 33.0957 4.37893
5.4 33.257 4.38647
5.52 33.3997 4.38852
5.64 33.5238 4.38525
5.76 33.6291 4.37682
5.88 33.7157 4.36342
6 33.7837 4.34529
6.12 33.8332 4.32266
6.24 33.8646 4.29579
6.36 33.8781 4.26495
6.48 33.8741 4.23042
6.6 33.8529 4.1925
6.72 33.8152 4.15148
6.84 33.7613 4.10768
6.96 33.6919 4.06141
7.08 33.6075 4.01296
7.2 33.5088 3.96265
7.32 33.3964 3.91078
7.44 33.271 3.85764
7.56 33.1333 3.80352
7.68 32.9839 3.74869
7.8 32.8237 3.69342
7.92 32.6533 3.63795
8.04 32.4734 3.58252
8.16 32.2847 3.52735
8.28 32.088 3.47263
8.4 31.8839 3.41854
8.52 31.6731 3.36524
8.64 31.4563 3.31288
8.76 31.2341 3.26157
8.88 31.007 3.21142
9 30.7757 3.1625
9.12 30.5407 3.11488
9.24 30.3025 3.06859
9.36 30.0616 3.02366
9.48 29.8184 2.98008
9.6 29.5734 2.93784
9.72 29.3269 2.89691
9.84 29.0793 2.85725
9.96 28.8309 2.81879
10.08 28.5819 2.78145
10.2 28.3325 2.74515
10.32 28.083 2.7098
10.44 27.8335 2.67529
10.56 27.5842 2.64151
10.68 27.3351 2.60833
10.8 27.0863 2.57566
10.92 26.8378 2.54335
11.04 26.5898 2.51128
11.16 26.342 2.47934
11.28 26.0946 2.4474
11.4 25.8474 2.41536
11.52 25.6005 2.38308
11.64 25.3536 2.35048
11.76 25.1068 2.31746
11.88 24.8598 2.28391
12 24.6127 2.24978
12.12 24.3652 2.21498
12.24 24.1173 2.17946
12.36 23.8688 2.14317
12.48 23.6196 2.10608
12.6 23.3695 2.06817
12.72 23.1185 2.02941
12.84 22.8664 1.98982
12.96 22.6132 1.94941
13.08 22.3586 1.90821
13.2 22.1028 1.86625
13.32 21.8454 1.82358
13.44 21.5866 1.78026
13.56 21.3263 1.73637
13.68 21.0643 1.69197
13.8 20.8007 1.64716
13.92 20.5355 1.60203
14.04 20.2687 1.55669
14.16 20.0003 1.51123
14.28 19.7303 1.46577
14.4 19.4588 1.42043
14.52 19.1858 1.37531
14.64 18.9114 1.33054
14.76 18.6358 1.28624
14.88 18.3589 1.24251
15 18.081 1.19947
15.12 17.802 1.15724
15.24 17.5222 1.11591
15.36 17.2417 1.07559
15.48 16.9607 1.03637
15.6 16.6792 0.998337
15.72 16.3975 0.961568
15.84 16.1157 0.926135
15.96 15.834 0.892098
16.08 15.5524 0.859508
16.2 15.2713 0.828406
16.32 14.9908 0.798823
16.44 14.711 0.77078
16.56 14.4321 0.744286
16.68 14.1543 0.71934
16.8 13.8776 0.69593
16.92 13.6024 0.674034
17.04 13.3287 0.653621
17.16 13.0567 0.634647
17.28 12.7865 0.617063
17.4 12.5182 0.600809
17.52 12.252 0.585815
17.64 11.988 0.572007
17.76 11.7264 0.559303
17.88 11.4671 0.547614
18 11.2104 0.536847
18.12 10.9563 0.526904
18.24 10.7049 0.517684
18.36 10.4563 0.509084
18.48 10.2105 0.500997
18.6 9.9677 0.49332
18.72 9.72787 0.485945
18.84 9.49108 0.478768
18.96 9.25739 0.471687
19.08 9.02684 0.464603
19.2 8.79947 0.457419
19.32 8.57532 0.450043
19.44 8.35442 0.442391
19.56 8.1368 0.43438
19.68 7.92248 0.425937
19.8 7.71149 0.416995
19.92 7.50385 0.407494
20.04 7.29958 0.397383
20.16 7.09869 0.386617
20.28 6.9012 0.375162
20.4 6.70713 0.36299
20.52 6.51648 0.350084
20.64 6.32926 0.336435
20.76 6.1455 0.322042
20.88 5.96519 0.306913
21 5.78835 0.291065
21.12 5.61499 0.274522
21.24 5.44512 0.257316
21.36 5.27874 0.239487
21.48 5.11586 0.221081
21.6 4.9565 0.202152
21.72 4.80065 0.182759
21.84 4.64832 0.162966
21.96 4.49952 0.142842
22.08 4.35424 0.12246
22.2 4.2125 0.101897
22.32 4.07428 0.0812319
22.44 3.93958 0.060546
22.56 3.80841 0.0399221
22.68 3.68075 0.0194433
22.8 3.55658 -0.000807128
22.92 3.43591 -0.0207468
23.04 3.31871 -0.0402946
23.16 3.20497 -0.0593717
23.28 3.09465 -0.0779016
23.4 2.98773 -0.0958113
23.52 2.88419 -0.113032
23.64 2.78399 -0.129497
23.76 2.68709 -0.145148
23.88 2.59344 -0.159929
24 2.50301 -0.17379
24.12 2.41574 -0.186688
24.24 2.33158 -0.198584
24.36 2.25047 -0.209448
24.48 2.17235 -0.219253
24.6 2.09715 -0.227982
24.72 2.02481 -0.235623
24.84 1.95526 -0.242169
24.96 1.88842 -0.247623
25.08 1.82421 -0.25199
25.2 1.76256 -0.255286
25.32 1.70339 -0.257529
25.44 1.64661 -0.258744
25.56 1.59214 -0.258963
25.68 1.53989 -0.25822
25.8 1.48979 -0.256558
25.92 1.44174 -0.25402
26.04 1.39566 -0.250656
26.16 1.35146 -0.246519
26.28 1.30907 -0.241663
26.4 1.26839 -0.236147
26.52 1.22934 -0.230033
26.64 1.19185 -0.22338
26.76 1.15584 -0.216254
26.88 1.12124 -0.208718
27 1.08796 -0.200837
27.12 1.05595 -0.192674
27.24 1.02513 -0.184294
27.36 0.995448 -0.175758
27.48 0.966834 -0.167128
27.6 0.939237 -0.158464
27.72 0.912603 -0.149822
27.84 0.886883 -0.141256
27.96 0.862031 -0.13282
28.08 0.838005 -0.12456
28.2 0.814768 -0.116523
28.32 0.792283 -0.108751
28.44 0.77052 -0.101282
28.56 0.74945 -0.0941502
28.68 0.729049 -0.0873859
28.8 0.709292 -0.0810158
28.92 0.690162 -0.0750622
29.04 0.671641 -0.0695436
29.16 0.653713 -0.0644745
29.28 0.636366 -0.0598652
29.4 0.619588 -0.0557225
29.52 0.603371 -0.052049
29.64 0.587705 -0.0488442
29.76 0.572582 -0.0461037
29.88 0.557997 -0.0438202
30 0.543942 -0.041983
30.12 0.530411 -0.0405788
30.24 0.517398 -0.0395915
30.36 0.504896 -0.0390027
30.48 0.492899 -0.038792
30.6 0.481398 -0.0389368
30.72 0.470384 -0.0394131
30.84 0.459849 -0.0401955
30.96 0.449781 -0.0412576
31.08 0.440168 -0.0425721
31.2 0.430997 -0.0441109
31.32 0.422252 -0.045846
31.44 0.413918 -0.0477489
31.56 0.405977 -0.0497915
31.68 0.398408 -0.051946
31.8 0.391193 -0.0541851
31.92 0.384307 -0.0564823
32.04 0.377729 -0.0588121
32.16 0.371434 -0.0611498
32.28 0.365395 -0.0634724
32.4 0.359587 -0.0657578
32.52 0.353981 -0.0679856
32.64 0.34855 -0.070137
32.76 0.343266 -0.0721946
32.88 0.338099 -0.0741429
33 0.333021 -0.075968
33.12 0.328003 -0.0776578
33.24 0.323017 -0.0792019
33.36 0.318035 -0.0805916
33.48 0.31303 -0.0818199
33.6 0.307977 -0.0828816
33.72 0.302849 -0.083773
33.84 0.297624 -0.0844919
33.96 0.292279 -0.0850377
34.08 0.286794 -0.085411
34.2 0.281151 -0.085614
34.32 0.275332 -0.0856499
34.44 0.269324 -0.0855229
34.56 0.263114 -0.0852383
34.68 0.256692 -0.0848024
34.8 0.25005 -0.0842221
34.92 0.243183 -0.083505
35.04 0.236088 -0.0826591
35.16 0.228765 -0.0816932
35.28 0.221215 -0.080616
35.4 0.213444 -0.0794367
35.52 0.205458 -0.0781645
35.64 0.197266 -0.0768087
35.76 0.188879 -0.0753784
35.88 0.180311 -0.0738826
36 0.171577 -0.0723302
36.12 0.162694 -0.0707297
36.24 0.153682 -0.0690893
36.36 0.14456 -0.0674167
36.48 0.135351 -0.0657194
36.6 0.126078 -0.0640042
36.72 0.116765 -0.0622774
36.84 0.107437 -0.060545
36.96 0.0981191 -0.0588122
37.08 0.0888385 -0.0570839
37.2 0.0796211 -0.0553643
37.32 0.0704936 -0.0536572
37.44 0.0614824 -0.0519657
37.56 0.0526136 -0.0502928
37.68 0.043913 -0.0486406
37.8 0.0354056 -0.0470111
37.92 0.0271157 -0.0454058
38.04 0.0190667 -0.0438259
38.16 0.0112808 -0.0422721
38.28 0.00377907 -0.040745
38.4 -0.0034188 -0.0392451
38.52 -0.0102945 -0.0377724
38.64 -0.0168314 -0.0363271
38.76 -0.0230143 -0.034909
38.88 -0.0288298 -0.033518
39 -0.0342663 -0.032154
39.12 -0.0393138 -0.0308168
39.24 -0.0439641 -0.0295065
39.36 -0.0482111 -0.028223
39.48 -0.0520503 -0.0269664
39.6 -0.0554789 -0.025737
39.72 -0.0584961 -0.0245353
39.84 -0.0611028 -0.0233618
39.96 -0.0633014 -0.0222172
40.08 -0.0650962 -0.0211025
40.2 -0.066493 -0.0200188
40.32 -0.067499 -0.0189675
40.44 -0.0681229 -0.0179499
40.56 -0.0683748 -0.0169677
40.68 -0.068266 -0.0160227
40.8 -0.0678088 -0.0151167
40.92 -0.0670169 -0.0142519
41.04 -0.0659047 -0.0134302
41.16 -0.0644874 -0.0126538
41.28 -0.0627811 -0.0119249
41.4 -0.0608026 -0.0112456
41.52 -0.0585691 -0.010618
41.64 -0.0560982 -0.0100442
41.76 -0.053408 -0.00952606
41.88 -0.0505168 -0.00906538
42 -0.047443 -0.00866378
42.12 -0.0442051 -0.00832267
42.24 -0.0408216 -0.0080432
42.36 -0.0373108 -0.00782629
42.48 -0.033691 -0.00767254
42.6 -0.02998 -0.00758225
42.72 -0.0261955 -0.00755539
42.84 -0.0223548 -0.00759155
42.96 -0.0184746 -0.00768997
43.08 -0.0145713 -0.00784952
43.2 -0.0106606 -0.00806866
43.32 -0.0067578 -0.00834548
43.44 -0.0028775 -0.00867767
43.56 0.000966339 -0.00906255
43.68 0.00476042 -0.00949706
43.8 0.00849214 -0.00997778
43.92 0.0121496 -0.0105009
44.04 0.0157216 -0.0110625
44.16 0.0191977 -0.011658
44.28 0.0225682 -0.0122828
44.4 0.0258241 -0.012932
44.52 0.0289573 -0.0136005
44.64 0.0319603 -0.0142831
44.76 0.0348264 -0.0149743
44.88 0.0375496 -0.0156687
45 0.0401247 -0.0163606
45.12 0.0425471 -0.0170445
45.24 0.0448131 -0.0177149
45.36 0.0469196 -0.0183663
45.48 0.0488641 -0.0189934
45.6 0.050645 -0.019591
45.72 0.0522611 -0.0201541
45.84 0.053712 -0.0206779
45.96 0.0549979 -0.021158
46.08 0.0561195 -0.0215903
46.2 0.0570783 -0.0219709
46.32 0.0578762 -0.0222963
46.44 0.0585155 -0.0225636
46.56 0.0589993 -0.0227701
46.68 0.0593311 -0.0229137
46.8 0.0595148 -0.0229926
46.92 0.0595546 -0.0230057
47.04 0.0594556 -0.0229521
47.16 0.0592226 -0.0228317
47.28 0.0588614 -0.0226446
47.4 0.0583777 -0.0223915
47.52 0.0577776 -0.0220737
47.64 0.0570676 -0.0216928
47.76 0.0562542 -0.0212509
47.88 0.0553443 -0.0207506
48 0.0543448 -0.0201947
48.12 0.0532628 -0.0195866
48.24 0.0521056 -0.0189301
48.36 0.0508803 -0.018229
48.48 0.0495943 -0.0174878
48.6 0.0482548 -0.0167109
48.72 0.046869 -0.0159031
48.84 0.0454441 -0.0150694
48.96 0.0439871 -0.014215
49.08 0.0425048 -0.0133449
49.2 0.0410041 -0.0124644
49.32 0.0394914 -0.0115788
49.44 0.0379729 -0.0106934
49.56 0.0364548 -0.00981336
49.68 0.0349426 -0.00894372
49.8 0.033442 -0.00808945
49.92 0.0319579 -0.00725534
50.04 0.0304952 -0.00644593
50.16 0.0290582 -0.00566558
50.28 0.0276511 -0.00491832
50.4 0.0262774 -0.00420793
50.52 0.0249404 -0.00353785
50.64 0.023643 -0.00291118
50.76 0.0223878 -0.00233069
50.88 0.0211768 -0.00179873
51 0.0200117 -0.00131732
51.12 0.0188939 -0.000888044
51.24 0.0178243 -0.000512121
51.36 0.0168036 -0.00019036
51.48 0.015832 7.68223e-05
51.6 0.0149095 0.000289401
51.72 0.0140357 0.000447732
51.84 0.0132099 0.000552544
51.96 0.0124313 0.000604923
52.08 0.0116987 0.000606298
52.2 0.0110108 0.000558422
52.32 0.010366 0.000463351
52.44 0.00976262 0.000323422
52.56 0.00919882 0.000141229
52.68 0.00867266 -8.04023e-05
52.8 0.00818213 -0.000338441
52.92 0.00772518 -0.000629679
53.04 0.00729972 -0.00095076
53.16 0.00690366 -0.00129821
53.28 0.00653496 -0.00166845
53.4 0.00619162 -0.00205785
53.52 0.00587169 -0.00246276
53.64 0.00557333 -0.00287948
53.76 0.00529483 -0.00330438
53.88 0.00503456 -0.00373383
54 0.00479106 -0.00416431
54.12 0.00456301 -0.00459238
54.24 0.00434924 -0.00501469
54.36 0.00414876 -0.00542808
54.48 0.00396073 -0.00582949
54.6 0.00378448 -0.00621608
54.72 0.00361954 -0.00658515
54.84 0.00346555 -0.00693425
54.96 0.00332236 -0.0072611
55.08 0.00318993 -0.00756366
55.2 0.00306841 -0.0078401
55.32 0.00295802 -0.00808885
55.44 0.00285916 -0.00830855
55.56 0.00277228 -0.00849807
55.68 0.00269795 -0.00865654
55.8 0.00263681 -0.00878331
55.92 0.00258952 -0.00887794
56.04 0.00255681 -0.00894024
56.16 0.00253942 -0.00897022
56.28 0.00253806 -0.0089681
56.4 0.00255347 -0.00893429
56.52 0.00258629 -0.00886939
56.64 0.00263716 -0.00877418
56.76 0.00270661 -0.0086496
56.88 0.00279509 -0.00849674
57 0.00290296 -0.00831681
57.12 0.00303045 -0.00811116
57.24 0.00317766 -0.00788125
57.36 0.00334457 -0.00762864
57.48 0.003531 -0.00735494
57.6 0.00373661 -0.00706187
57.72 0.00396094 -0.00675117
57.84 0.00420332 -0.00642464
57.96 0.00446297 -0.00608411
58.08 0.00473891 -0.0057314
58.2 0.00503005 -0.00536838
58.32 0.00533511 -0.00499688
58.44 0.00565269 -0.00461873
58.56 0.00598127 -0.00423572
58.68 0.00631918 -0.00384963
58.8 0.00666466 -0.00346219
58.92 0.00701586 -0.00307506
59.04 0.00737082 -0.0026899
59.16 0.00772755 -0.00230824
59.28 0.008084 -0.00193161
59.4 0.00843807 -0.00156143
59.52 0.00878768 -0.00119906
59.64 0.00913072 -0.000845798
59.76 0.00946513 -0.000502846
59.88 0.00978889 -0.000171338
60 0.0101 0.000147673
60.12 0.0103966 0.000453217
60.24 0.0106769 0.000744403
60.36 0.0109391 0.00102042
60.48 0.0111818 0.00128054
60.6 0.0114034 0.00152413
60.72 0.0116026 0.00175059
60.84 0.0117784 0.00195947
60.96 0.0119298 0.00215033
61.08 0.0120559 0.00232285
61.2 0.0121561 0.00247678
61.32 0.01223 0.00261193
61.44 0.0122773 0.0027282
61.56 0.012298 0.00282556
61.68 0.0122922 0.00290405
61.8 0.01226 0.00296379
61.92 0.0122021 0.00300496
62.04 0.0121189 0.00302782
62.16 0.0120113 0.00303269
62.28 0.0118802 0.00301998
62.4 0.0117265 0.00299014
62.52 0.0115516 0.0029437
62.64 0.0113566 0.00288126
62.76 0.011143 0.00280349
62.88 0.010912 0.00271111
63 0.0106654 0.0026049
63.12 0.0104045 0.00248571
63.24 0.010131 0.00235446
63.36 0.00984643 0.00221209
63.48 0.00955235 0.00205964
63.6 0.00925032 0.00189817
63.72 0.00894182 0.00172879
63.84 0.00862831 0.00155267
63.96 0.00831117 0.00137101
64.08 0.00799167 0.00118505
64.2 0.00767103 0.000996066
64.32 0.00735032 0.000805345
64.44 0.00703051 0.000614212
64.56 0.00671245 0.000424003
64.68 0.00639684 0.000236062
64.8 0.00608426 5.17377e-05
64.92 0.00577515 -0.000127624
65.04 0.00546978 -0.000300688
65.16 0.00516832 -0.000466139
65.28 0.00487075 -0.000622682
65.4 0.00457696 -0.00076906
65.52 0.00428668 -0.000904051
65.64 0.00399951 -0.00102648
65.76 0.00371496 -0.00113524
65.88 0.0034324 -0.00122927
66 0.00315114 -0.00130758
66.12 0.00287037 -0.00136927
66.24 0.00258923 -0.00141351
66.36 0.00230682 -0.00143957
66.48 0.00202216 -0.00144681
66.6 0.00173428 -0.00143468
66.72 0.00144219 -0.00140277
66.84 0.00114492 -0.00135073
66.96 0.000841502 -0.00127836
67.08 0.000531033 -0.00118556
67.2 0.00021266 -0.00107237
67.32 -0.000114392 -0.000938908
67.44 -0.00045081 -0.000785444
67.56 -0.000797175 -0.000612353
67.68 -0.00115395 -0.000420129
67.8 -0.00152147 -0.000209377
67.92 -0.00189993 1.91839e-05
68.04 -0.00228936 0.000264732
68.16 -0.00268966 0.000526342
68.28 -0.00310054 0.000802997
68.4 -0.00352155 0.00109359
68.52 -0.00395208 0.00139694
68.64 -0.00439134 0.00171178
68.76 -0.00483837 0.0020368
68.88 -0.00529206 0.00237062
69 -0.00575111 0.00271184
69.12 -0.00621409 0.00305901
69.24 -0.00667944 0.00341066
69.36 -0.00714544 0.00376533
69.48 -0.00761029 0.00412155
69.6 -0.00807205 0.00447786
69.72 -0.00852872 0.00483285
69.84 -0.00897824 0.00518513
69.96 -0.00941847 0.00553336
70.08 -0.00984729 0.00587629
70.2 -0.0102625 0.00621271
70.32 -0.0106621 0.00654152
70.44 -0.0110438 0.00686171
70.56 -0.0114057 0.00717236
70.68 -0.0117458 0.00747269
70.8 -0.0120623 0.00776201
70.92 -0.0123535 0.00803978
71.04 -0.0126177 0.00830559
71.16 -0.0128537 0.00855918
71.28 -0.0130602 0.0088004
71.4 -0.0132362 0.00902927
71.52 -0.013381 0.00924596
71.64 -0.0134939 0.00945078
71.76 -0.0135747 0.00964418
71.88 -0.0136234 0.00982676
72 -0.0136402 0.00999926
72.12 -0.0136256 0.0101626
72.24 -0.0135803 0.0103176
72.36 -0.0135053 0.0104656
72.48 -0.013402 0.0106078
72.6 -0.013272 0.0107454
72.72 -0.0131169 0.01088
72.84 -0.012939 0.011013
72.96 -0.0127403 0.0111459
73.08 -0.0125235 0.0112806
73.2 -0.0122911 0.0114185
73.32 -0.012046 0.0115613
73.44 -0.0117911 0.0117109
73.56 -0.0115296 0.0118688
73.68 -0.0112645 0.0120368
73.8 -0.0109992 0.0122164
73.92 -0.0107368 0.0124093
74.04 -0.0104807 0.0126168
74.16 -0.0102341 0.0128404
74.28 -0.0100001 0.0130814
74.4 -0.00978177 0.0133409
74.52 -0.00958212 0.01362
74.64 -0.00940391 0.0139195
74.76 -0.00924976 0.0142401
74.88 -0.00912208 0.0145823
75 -0.00902304 0.0149464
75.12 -0.00895455 0.0153325
75.24 -0.00891827 0.0157406
75.36 -0.00891553 0.0161702
75.48 -0.00894738 0.0166209
75.6 -0.00901453 0.0170917
75.72 -0.00911738 0.0175818
75.84 -0.00925599 0.0180897
75.96 -0.00943008 0.018614
76.08 -0.00963903 0.0191529
76.2 -0.00988192 0.0197043
76.32 -0.0101575 0.020266
76.44 -0.0104642 0.0208356
76.56 -0.0108002 0.0214103
76.68 -0.0111634 0.0219873
76.8 -0.0115515 0.0225633
76.92 -0.0119618 0.0231351
77.04 -0.0123917 0.0236993
77.16 -0.0128381 0.0242523
77.28 -0.0132982 0.0247901
77.4 -0.0137686 0.0253091
77.52 -0.0142464 0.0258051
77.64 -0.0147283 0.0262743
77.76 -0.015211 0.0267124
77.88 -0.0156915 0.0271153
78 -0.0161668 0.0274789
78.12 -0.0166339 0.0277992
78.24 -0.0170901 0.0280721
78.36 -0.0175329 0.0282936
78.48 -0.0179599 0.0284598
78.6 -0.018369 0.028567
78.72 -0.0187585 0.0286117
78.84 -0.0191268 0.0285905
78.96 -0.0194727 0.0285002
79.08 -0.0197953 0.0283378
79.2 -0.0200941 0.0281008
79.32 -0.0203687 0.0277867
79.44 -0.0206193 0.0273934
79.56 -0.0208463 0.0269193
79.68 -0.0210503 0.026363
79.8 -0.0212324 0.0257234
79.92 -0.0213939 0.025
80.04 -0.0215361 0.0241925
80.16 -0.0216608 0.023301
80.28 -0.0217699 0.0223263
80.4 -0.0218653 0.0212694
80.52 -0.0219493 0.0201317
80.64 -0.0220238 0.0189152
80.76 -0.0220911 0.0176221
80.88 -0.0221533 0.0162554
81 -0.0222123 0.0148182
81.12 -0.0222699 0.0133141
81.24 -0.022328 0.0117472
81.36 -0.0223877 0.0101218
81.48 -0.0224502 0.00844272
81.6 -0.0225164 0.00671514
81.72 -0.0225864 0.00494448
81.84 -0.0226603 0.00313647
81.96 -0.0227375 0.00129711
82.08 -0.022817 -0.000567353
82.2 -0.0228973 -0.0024505
82.32 -0.0229763 -0.00434574
82.44 -0.0230513 -0.00624637
82.56 -0.0231192 -0.00814561
82.68 -0.0231763 -0.0100367
82.8 -0.0232183 -0.0119127
82.92 -0.0232404 -0.013767
83.04 -0.0232373 -0.0155929
83.16 -0.0232033 -0.017384
83.28 -0.0231323 -0.019134
83.4 -0.0230176 -0.0208368
83.52 -0.0228525 -0.0224867
83.64 -0.0226299 -0.0240784
83.76 -0.0223426 -0.0256068
83.88 -0.0219831 -0.0270674
84 -0.0215441 -0.0284561
84.12 -0.0210184 -0.0297693
84.24 -0.0203988 -0.031004
84.36 -0.0196786 -0.0321579
84.48 -0.0188512 -0.0332291
84.6 -0.0179106 -0.0342164
84.72 -0.0168515 -0.0351194
84.84 -0.0156691 -0.0359384
84.96 -0.0143593 -0.0366742
85.08 -0.0129191 -0.0373286
85.2 -0.0113463 -0.0379038
85.32 -0.00963974 -0.0384032
85.44 -0.00779937 -0.0388303
85.56 -0.00582635 -0.03919
85.68 -0.00372308 -0.0394873
85.8 -0.00149325 -0.0397284
85.92 0.000858119 -0.0399196
86.04 0.00332463 -0.0400684
86.16 0.00589852 -0.0401824
86.28 0.00857063 -0.0402701
86.4 0.0113304 -0.0403402
86.52 0.0141661 -0.0404022
86.64 0.0170643 -0.0404655
86.76 0.0200107 -0.0405404
86.88 0.0229897 -0.0406369
87 0.0259845 -0.0407656
87.12 0.0289774 -0.0409369
87.24 0.0319496 -0.0411616
87.36 0.0348819 -0.0414501
87.48 0.037754 -0.041813
87.6 0.0405454 -0.0422604
87.72 0.0432352 -0.0428022
87.84 0.0458024 -0.0434482
87.96 0.0482257 -0.0442075
88.08 0.0504843 -0.0450886
88.2 0.0525577 -0.0460997
88.32 0.0544258 -0.0472481
88.44 0.0560695 -0.0485404
88.56 0.0574704 -0.0499823
88.68 0.0586112 -0.0515789
88.8 0.0594763 -0.053334
88.92 0.0600511 -0.0552508
89.04 0.060323 -0.057331
89.16 0.0602811 -0.0595757
89.28 0.0599165 -0.0619845
89.4 0.0592225 -0.0645562
89.52 0.0581945 -0.0672881
89.64 0.0568305 -0.0701766
89.76 0.0551307 -0.0732168
89.88 0.0530981 -0.0764027
90 0.0507382 -0.0797273
90.12 0.048059 -0.0831822
90.24 0.0450714 -0.0867581
90.36 0.0417889 -0.0904447
90.48 0.0382274 -0.0942306
90.6 0.0344057 -0.0981035
90.72 0.030345 -0.10205
90.84 0.0260689 -0.106057
90.96 0.0216032 -0.11011
91.08 0.0169761 -0.114192
91.2 0.0122177 -0.118289
91.32 0.00735987 -0.122384
91.44 0.00243625 -0.126461
91.56 -0.00251814 -0.130504
91.68 -0.00746706 -0.134495
91.8 -0.0123733 -0.138417
91.92 -0.017199 -0.142255
92.04 -0.0219057 -0.145991
92.16 -0.0264549 -0.149611
92.28 -0.030808 -0.153097
92.4 -0.0349272 -0.156435
92.52 -0.0387747 -0.159611
92.64 -0.0423143 -0.162612
92.76 -0.0455106 -0.165424
92.88 -0.0483298 -0.168036
93 -0.0507399 -0.170437
93.12 -0.0527109 -0.172617
93.24 -0.0542149 -0.174569
93.36 -0.0552266 -0.176284
93.48 -0.0557235 -0.177757
93.6 -0.0556858 -0.178982
93.72 -0.0550968 -0.179958
93.84 -0.0539431 -0.18068
93.96 -0.0522146 -0.18115
94.08 -0.0499044 -0.181366
94.2 -0.0470096 -0.181331
94.32 -0.0435304 -0.181047
94.44 -0.039471 -0.180519
94.56 -0.034839 -0.179753
94.68 -0.0296455 -0.178753
94.8 -0.0239053 -0.177528
94.92 -0.0176367 -0.176085
95.04 -0.0108612 -0.174434
95.16 -0.0036036 -0.172583
95.28 0.00410825 -0.170544
95.4 0.0122436 -0.168326
95.52 0.0207689 -0.165941
95.64 0.0296482 -0.163399
95.76 0.0388433 -0.160712
95.88 0.048314 -0.15789
96 0.0580182 -0.154945
96.12 0.0679124 -0.151887
96.24 0.0779521 -0.148726
96.36 0.0880915 -0.145471
96.48 0.0982846 -0.142132
96.6 0.108485 -0.138716
96.72 0.118646 -0.13523
96.84 0.128721 -0.131681
96.96 0.138665 -0.128074
97.08 0.148433 -0.124413
97.2 0.157981 -0.120699
97.32 0.167267 -0.116936
97.44 0.176251 -0.113123
97.56 0.184894 -0.109258
97.68 0.193159 -0.10534
97.8 0.201012 -0.101365
97.92 0.208421 -0.0973276
98.04 0.215359 -0.0932218
98.16 0.221797 -0.08904
98.28 0.227714 -0.0847739
98.4 0.233089 -0.0804138
98.52 0.237906 -0.0759491
98.64 0.24215 -0.0713686
98.76 0.245812 -0.0666601
98.88 0.248885 -0.0618109
99 0.251363 -0.0568079
99.12 0.253248 -0.0516375
99.24 0.254542 -0.0462862
99.36 0.255251 -0.0407403
99.48 0.255383 -0.0349863
99.6 0.254951 -0.029011
99.72 0.25397 -0.0228018
99.84 0.252456 -0.0163465
99.96 0.250431 -0.00963413
100.08 0.247916 -0.00265427
100.2 0.244937 0.00460216
100.32 0.241521 0.012143
100.44 0.237696 0.0199747
100.56 0.233493 0.0281022
100.68 0.228944 0.0365287
100.8 0.224083 0.0452557
100.92 0.218945 0.0542829
101.04 0.213564 0.063608
101.16 0.207977 0.0732268
101.28 0.202222 0.083133
101.4 0.196335 0.0933183
101.52 0.190355 0.103773
101.64 0.184318 0.114483
101.76 0.178262 0.125436
101.88 0.172224 0.136615
102 0.166241 0.148001
102.12 0.160348 0.159575
102.24 0.154581 0.171315
102.36 0.148975 0.183198
102.48 0.143562 0.1952
102.6 0.138374 0.207294
102.72 0.133443 0.219453
102.84 0.128797 0.23165
102.96 0.124466 0.243856
103.08 0.120475 0.256042
103.2 0.116849 0.268178
103.32 0.113611 0.280234
103.44 0.110783 0.292181
103.56 0.108385 0.30399
103.68 0.106433 0.315632
103.8 0.104944 0.327078
103.92 0.103931 0.338302
104.04 0.103407 0.349277
104.16 0.10338 0.359979
104.28 0.103859 0.370384
104.4 0.104849 0.380471
104.52 0.106354 0.390219
104.64 0.108374 0.399611
104.76 0.110909 0.40863
104.88 0.113956 0.417263
105 0.117509 0.425499
105.12 0.121561 0.433326
105.24 0.126103 0.44074
105.36 0.131123 0.447734
105.48 0.136607 0.454307
105.6 0.14254 0.460458
105.72 0.148903 0.46619
105.84 0.155676 0.471505
105.96 0.162839 0.476411
106.08 0.170366 0.480917
106.2 0.178233 0.48503
106.32 0.186412 0.488765
106.44 0.194875 0.492132
106.56 0.20359 0.495148
106.68 0.212526 0.497827
106.8 0.22165 0.500185
106.92 0.230928 0.50224
107.04 0.240323 0.50401
107.16 0.249801 0.505511
107.28 0.259324 0.506761
107.4 0.268854 0.507778
107.52 0.278354 0.508579
107.64 0.287787 0.50918
107.76 0.297114 0.509595
107.88 0.306299 0.509839
108 0.315305 0.509925
108.12 0.324096 0.509864
108.24 0.332637 0.509664
108.36 0.340894 0.509334
108.48 0.348836 0.508879
108.6 0.356433 0.508302
108.72 0.363655 0.507605
108.84 0.370478 0.506786
108.96 0.376878 0.505842
109.08 0.382833 0.504767
109.2 0.388327 0.503554
109.32 0.393343 0.502191
109.44 0.397871 0.500667
109.56 0.401901 0.498966
109.68 0.40543 0.497072
109.8 0.408456 0.494968
109.92 0.410982 0.492631
110.04 0.413014 0.490042
110.16 0.414562 0.487177
110.28 0.41564 0.484012
110.4 0.416267 0.480523
110.52 0.416463 0.476684
110.64 0.416254 0.47247
110.76 0.415669 0.467856
110.88 0.414738 0.462816
111 0.413499 0.457327
111.12 0.411988 0.451365
111.24 0.410247 0.444908
111.36 0.408318 0.437935
111.48 0.406248 0.430428
111.6 0.404082 0.422371
111.72 0.401871 0.413749
111.84 0.399662 0.404552
111.96 0.397507 0.39477
112.08 0.395455 0.3844
112.2 0.393557 0.373438
112.32 0.391862 0.361887
112.44 0.390418 0.349753
112.56 0.389272 0.337044
112.68 0.388468 0.323775
112.8 0.388049 0.309962
112.92 0.388053 0.295628
113.04 0.388517 0.280796
113.16 0.389472 0.265497
113.28 0.390946 0.249763
113.4 0.392963 0.233632
113.52 0.39554 0.217145
113.64 0.398691 0.200346
113.76 0.402424 0.183282
113.88 0.406741 0.166004
114 0.411637 0.148565
114.12 0.417104 0.131022
114.24 0.423126 0.113432
114.36 0.429679 0.0958556
114.48 0.436738 0.0783543
114.6 0.444266 0.0609907
114.72 0.452225 0.0438284
114.84 0.460568 0.0269311
114.96 0.469244 0.0103628
115.08 0.478197 -0.00581331
115.2 0.487364 -0.0215346
115.32 0.49668 -0.0367399
115.44 0.506074 -0.0513695
115.56 0.515471 -0.065366
115.68 0.524796 -0.0786744
115.8 0.533967 -0.0912423
115.92 0.542904 -0.103021
116.04 0.551521 -0.113964
116.16 0.559736 -0.124031
116.28 0.567464 -0.133184
116.4 0.57462 -0.141389
116.52 0.581122 -0.148618
116.64 0.586889 -0.154847
116.76 0.591843 -0.160057
116.88 0.595909 -0.164234
117 0.599014 -0.167371
117.12 0.601093 -0.169462
117.24 0.602084 -0.170511
117.36 0.60193 -0.170524
117.48 0.600583 -0.169514
117.6 0.597999 -0.167498
117.72 0.594143 -0.164498
117.84 0.588987 -0.160542
117.96 0.582512 -0.155661
118.08 0.574705 -0.149892
118.2 0.565564 -0.143274
118.32 0.555094 -0.135853
118.44 0.543312 -0.127675
118.56 0.530239 -0.118792
118.68 0.51591 -0.109258
118.8 0.500365 -0.0991282
118.92 0.483654 -0.0884625
119.04 0.465836 -0.0773205
119.16 0.446979 -0.0657641
119.28 0.427155 -0.0538557
119.4 0.406447 -0.0416586
119.52 0.384944 -0.029236
119.64 0.36274 -0.0166509
119.76 0.339936 -0.00396579
119.88 0.316638 0.00875796
120 0.292955 0.0214604
